{
  "stats": {
    "suites": 1,
    "tests": 1,
    "passes": 1,
    "pending": 0,
    "failures": 0,
    "start": "2025-03-22T09:16:04.772Z",
    "end": "2025-03-22T09:16:09.092Z",
    "duration": 4320,
    "testsRegistered": 1,
    "passPercent": 100,
    "pendingPercent": 0,
    "other": 0,
    "hasOther": false,
    "skipped": 0,
    "hasSkipped": false
  },
  "results": [
    {
      "uuid": "7ba96750-7b34-434a-a0b5-4757ad014ddf",
      "title": "",
      "fullFile": "e2e-testing/cypress/e2e/knowledge-spaced-repetition.cy.ts",
      "file": "e2e-testing/cypress/e2e/knowledge-spaced-repetition.cy.ts",
      "beforeHooks": [],
      "afterHooks": [],
      "tests": [],
      "suites": [
        {
          "uuid": "b92b9ecb-023d-4272-b115-e5a1900f60bb",
          "title": "Knowledge Management - Spaced Repetition",
          "fullFile": "",
          "file": "",
          "beforeHooks": [],
          "afterHooks": [],
          "tests": [
            {
              "title": "should load the test page correctly",
              "fullTitle": "Knowledge Management - Spaced Repetition should load the test page correctly",
              "timedOut": null,
              "duration": 4193,
              "state": "passed",
              "speed": "fast",
              "pass": true,
              "fail": false,
              "pending": false,
              "context": "{\n  \"title\": \"cypress-mochawesome-reporter-screenshots\",\n  \"value\": [\n    [\n      \"/knowledge-spaced-repetition.cy.ts/spaced-repetition-initial-visit.png\",\n      \"/knowledge-spaced-repetition.cy.ts/page-loaded-verification.png\"\n    ]\n  ]\n}",
              "code": "// Check if page has the right structure\ncy.get('body').then(function ($body) {\n    cy.log(\"Body content: \".concat($body.text().substring(0, 100), \"...\"));\n});\ncy.get('h1').should('be.visible');\ncy.screenshot('page-loaded-verification');",
              "err": {},
              "uuid": "11fbf754-5cb7-4f02-9cb5-56e1a808f4ab",
              "parentUUID": "b92b9ecb-023d-4272-b115-e5a1900f60bb",
              "isHook": false,
              "skipped": false
            }
          ],
          "suites": [],
          "passes": [
            "11fbf754-5cb7-4f02-9cb5-56e1a808f4ab"
          ],
          "failures": [],
          "pending": [],
          "skipped": [],
          "duration": 4193,
          "root": false,
          "rootEmpty": false,
          "_timeout": 2000
        }
      ],
      "passes": [],
      "failures": [],
      "pending": [],
      "skipped": [],
      "duration": 0,
      "root": true,
      "rootEmpty": true,
      "_timeout": 2000
    }
  ],
  "meta": {
    "mocha": {
      "version": "7.0.1"
    },
    "mochawesome": {
      "options": {
        "quiet": false,
        "reportFilename": "mochawesome",
        "saveHtml": false,
        "saveJson": true,
        "consoleReporter": "spec",
        "useInlineDiffs": false,
        "code": true
      },
      "version": "7.1.3"
    },
    "marge": {
      "options": {
        "id": "default",
        "reportDir": "e2e-testing/reports/mochawesome/.jsons",
        "charts": true,
        "reportPageTitle": "Learning Platform E2E Tests",
        "embeddedScreenshots": true,
        "inlineAssets": true,
        "overwrite": false,
        "html": false,
        "json": true
      },
      "version": "6.2.0"
    }
  }
}