{
  "stats": {
    "suites": 1,
    "tests": 1,
    "passes": 0,
    "pending": 0,
    "failures": 1,
    "start": "2025-03-23T17:56:22.314Z",
    "end": "2025-03-23T17:57:16.044Z",
    "duration": 53730,
    "testsRegistered": 4,
    "passPercent": 0,
    "pendingPercent": 0,
    "other": 0,
    "hasOther": false,
    "skipped": 3,
    "hasSkipped": true
  },
  "results": [
    {
      "uuid": "bc0eea7c-18a6-4b06-bafd-6ed23d463888",
      "title": "",
      "fullFile": "e2e-testing/cypress/e2e/knowledge-test-page.cy.ts",
      "file": "e2e-testing/cypress/e2e/knowledge-test-page.cy.ts",
      "beforeHooks": [],
      "afterHooks": [],
      "tests": [],
      "suites": [
        {
          "uuid": "0384e300-b81a-43fe-bebe-45afad192f19",
          "title": "Knowledge Test Page",
          "fullFile": "",
          "file": "",
          "beforeHooks": [],
          "afterHooks": [],
          "tests": [
            {
              "title": "should display concepts list and allow navigation between tabs",
              "fullTitle": "Knowledge Test Page should display concepts list and allow navigation between tabs",
              "timedOut": null,
              "duration": 17576,
              "state": "failed",
              "speed": null,
              "pass": false,
              "fail": true,
              "pending": false,
              "context": "{\n  \"title\": \"cypress-mochawesome-reporter-screenshots\",\n  \"value\": [\n    [\n      \"/knowledge-test-page.cy.ts/knowledge-test-page-initial.png\",\n      \"/knowledge-test-page.cy.ts/Knowledge Test Page -- should display concepts list and allow navigation between tabs (failed).png\"\n    ],\n    [\n      \"/knowledge-test-page.cy.ts/knowledge-test-page-initial (attempt 2).png\",\n      \"/knowledge-test-page.cy.ts/Knowledge Test Page -- should display concepts list and allow navigation between tabs (failed) (attempt 2).png\"\n    ],\n    [\n      \"/knowledge-test-page.cy.ts/knowledge-test-page-initial (attempt 3).png\",\n      \"/knowledge-test-page.cy.ts/Knowledge Test Page -- should display concepts list and allow navigation between tabs -- before each hook (failed) (attempt 3).png\"\n    ]\n  ]\n}",
              "code": "// Verify the heading and that we're on the concepts tab by default\ncy.contains('Test Knowledge Management').should('be.visible');\ncy.getByTestId('concepts-list').should('be.visible');\n// Navigate to review tab\ncy.getByTestId('nav-knowledge-review').click();\ncy.getByTestId('review-dashboard').should('be.visible');\n// Navigate to statistics tab\ncy.getByTestId('nav-knowledge-stats').click();\ncy.getByTestId('knowledge-statistics').should('be.visible');\n// Navigate back to concepts tab\ncy.getByTestId('nav-knowledge-concepts').click();\ncy.getByTestId('concepts-list').should('be.visible');",
              "err": {
                "message": "AssertionError: Timed out retrying after 15000ms: Expected to find element: `[data-testid=\"concepts-container\"]`, but never found it.\n\nBecause this error occurred during a `before each` hook we are skipping the remaining tests in the current suite: `Knowledge Test Page`",
                "estack": "AssertionError: Timed out retrying after 15000ms: Expected to find element: `[data-testid=\"concepts-container\"]`, but never found it.\n\nBecause this error occurred during a `before each` hook we are skipping the remaining tests in the current suite: `Knowledge Test Page`\n    at Context.eval (webpack:///./cypress/e2e/knowledge-test-page.cy.ts:15:0)",
                "diff": null
              },
              "uuid": "7a704a2f-2119-4f12-96a8-e618b997689d",
              "parentUUID": "0384e300-b81a-43fe-bebe-45afad192f19",
              "isHook": false,
              "skipped": false
            },
            {
              "title": "should allow creating a new concept",
              "fullTitle": "Knowledge Test Page should allow creating a new concept",
              "timedOut": null,
              "duration": 0,
              "state": "skipped",
              "speed": null,
              "pass": false,
              "fail": false,
              "pending": false,
              "context": null,
              "code": "// Open the concept form\ncy.getByTestId('add-concept-button').click();\ncy.getByTestId('concept-form').should('be.visible');\n// Fill out the form\nvar conceptTitle = \"Test Concept \".concat(Date.now());\ncy.getByTestId('concept-title-input').type(conceptTitle);\ncy.getByTestId('concept-description-input').type('This is a test concept created by Cypress');\ncy.getByTestId('concept-difficulty').select('intermediate');\ncy.getByTestId('concept-topics').type('Testing, Cypress, E2E');\n// Save the concept\ncy.getByTestId('save-concept-button').click();\n// Verify the concept was created\ncy.getByTestId('concept-form').should('not.exist');\ncy.contains(conceptTitle).should('be.visible');",
              "err": {},
              "uuid": "b68a6f79-5a18-4830-9c66-4c91be8fba8c",
              "parentUUID": "0384e300-b81a-43fe-bebe-45afad192f19",
              "isHook": false,
              "skipped": true
            },
            {
              "title": "should allow reviewing concepts",
              "fullTitle": "Knowledge Test Page should allow reviewing concepts",
              "timedOut": null,
              "duration": 0,
              "state": "skipped",
              "speed": null,
              "pass": false,
              "fail": false,
              "pending": false,
              "context": null,
              "code": "// Go to review tab\ncy.getByTestId('nav-knowledge-review').click();\ncy.getByTestId('review-dashboard').should('be.visible');\n// Start a review session\ncy.getByTestId('start-review-button').click();\ncy.getByTestId('review-session').should('be.visible');\n// Verify concept content is visible\ncy.getByTestId('concept-content').should('be.visible');\n// Rate the concept\ncy.getByTestId('recall-rating-4').click();\n// The test might end the review here or show another concept\ncy.get('body').then(function ($body) {\n    // If review is complete\n    if ($body.find('[data-testid=\"review-complete\"]').length > 0) {\n        cy.getByTestId('return-to-dashboard-button').click();\n        cy.getByTestId('nav-knowledge-concepts').should('be.visible');\n    }\n    // If there are more concepts to review\n    else if ($body.find('[data-testid=\"concept-content\"]').length > 0) {\n        cy.getByTestId('concept-content').should('be.visible');\n    }\n});",
              "err": {},
              "uuid": "9d567746-f7eb-4267-af38-fb7c9b9a068a",
              "parentUUID": "0384e300-b81a-43fe-bebe-45afad192f19",
              "isHook": false,
              "skipped": true
            },
            {
              "title": "should display statistics correctly",
              "fullTitle": "Knowledge Test Page should display statistics correctly",
              "timedOut": null,
              "duration": 0,
              "state": "skipped",
              "speed": null,
              "pass": false,
              "fail": false,
              "pending": false,
              "context": null,
              "code": "// Go to statistics tab\ncy.getByTestId('nav-knowledge-stats').click();\ncy.getByTestId('knowledge-statistics').should('be.visible');\n// Verify charts are visible\ncy.getByTestId('review-history-chart').should('be.visible');\ncy.getByTestId('concepts-by-status-chart').should('be.visible');\ncy.getByTestId('recall-performance-chart').should('be.visible');\n// Verify summary statistics are displayed\ncy.contains('Total Concepts').should('be.visible');\ncy.contains('Mastered').should('be.visible');\ncy.contains('Learning').should('be.visible');\ncy.contains('Needs Work').should('be.visible');",
              "err": {},
              "uuid": "021d1749-85ac-4dce-8c9c-2fed204f4ea1",
              "parentUUID": "0384e300-b81a-43fe-bebe-45afad192f19",
              "isHook": false,
              "skipped": true
            }
          ],
          "suites": [],
          "passes": [],
          "failures": [
            "7a704a2f-2119-4f12-96a8-e618b997689d"
          ],
          "pending": [],
          "skipped": [
            "b68a6f79-5a18-4830-9c66-4c91be8fba8c",
            "9d567746-f7eb-4267-af38-fb7c9b9a068a",
            "021d1749-85ac-4dce-8c9c-2fed204f4ea1"
          ],
          "duration": 17576,
          "root": false,
          "rootEmpty": false,
          "_timeout": 2000
        }
      ],
      "passes": [],
      "failures": [],
      "pending": [],
      "skipped": [],
      "duration": 0,
      "root": true,
      "rootEmpty": true,
      "_timeout": 2000
    }
  ],
  "meta": {
    "mocha": {
      "version": "7.0.1"
    },
    "mochawesome": {
      "options": {
        "quiet": false,
        "reportFilename": "mochawesome",
        "saveHtml": false,
        "saveJson": true,
        "consoleReporter": "spec",
        "useInlineDiffs": false,
        "code": true
      },
      "version": "7.1.3"
    },
    "marge": {
      "options": {
        "id": "default",
        "reportDir": "e2e-testing/reports/mochawesome/.jsons",
        "charts": true,
        "reportPageTitle": "Learning Platform E2E Tests",
        "embeddedScreenshots": true,
        "inlineAssets": true,
        "overwrite": false,
        "html": false,
        "json": true
      },
      "version": "6.2.0"
    }
  }
}