{
  "stats": {
    "suites": 1,
    "tests": 6,
    "passes": 1,
    "pending": 0,
    "failures": 5,
    "start": "2025-03-24T12:07:22.813Z",
    "end": "2025-03-24T12:12:34.516Z",
    "duration": 311703,
    "testsRegistered": 6,
    "passPercent": 16.666666666666664,
    "pendingPercent": 0,
    "other": 0,
    "hasOther": false,
    "skipped": 0,
    "hasSkipped": false
  },
  "results": [
    {
      "uuid": "efac8649-4c49-464d-97ed-cfc8d5aa0955",
      "title": "",
      "fullFile": "e2e-testing/cypress/e2e/profile.cy.ts",
      "file": "e2e-testing/cypress/e2e/profile.cy.ts",
      "beforeHooks": [],
      "afterHooks": [],
      "tests": [],
      "suites": [
        {
          "uuid": "3586ca90-eec4-4bf6-96d0-2d8561b83239",
          "title": "User Profile",
          "fullFile": "",
          "file": "",
          "beforeHooks": [],
          "afterHooks": [],
          "tests": [
            {
              "title": "should display user profile information",
              "fullTitle": "User Profile should display user profile information",
              "timedOut": null,
              "duration": 1834,
              "state": "passed",
              "speed": "fast",
              "pass": true,
              "fail": false,
              "pending": false,
              "context": null,
              "code": "cy.get('input[name=\"email\"]').should('have.value', 'test@example.com');\ncy.get('input[name=\"fullName\"]').should('have.value', 'Test User');",
              "err": {},
              "uuid": "c333f46e-2d09-4a94-83c4-68bcdbdf9cf7",
              "parentUUID": "3586ca90-eec4-4bf6-96d0-2d8561b83239",
              "isHook": false,
              "skipped": false
            },
            {
              "title": "should allow updating profile information",
              "fullTitle": "User Profile should allow updating profile information",
              "timedOut": null,
              "duration": 18700,
              "state": "failed",
              "speed": null,
              "pass": false,
              "fail": true,
              "pending": false,
              "context": "{\n  \"title\": \"cypress-mochawesome-reporter-screenshots\",\n  \"value\": [\n    [\n      \"/profile.cy.ts/User Profile -- should allow updating profile information (failed).png\"\n    ],\n    [\n      \"/profile.cy.ts/User Profile -- should allow updating profile information (failed) (attempt 2).png\"\n    ],\n    [\n      \"/profile.cy.ts/User Profile -- should allow updating profile information (failed) (attempt 3).png\"\n    ]\n  ]\n}",
              "code": "cy.get('input[name=\"email\"]').clear().type('new@example.com');\ncy.get('input[name=\"fullName\"]').clear().type('New Name');\ncy.get('form').first().submit();\ncy.get('[data-testid=\"profile-success\"]').should('be.visible');",
              "err": {
                "message": "AssertionError: Timed out retrying after 15000ms: Expected to find element: `[data-testid=\"profile-success\"]`, but never found it.",
                "estack": "AssertionError: Timed out retrying after 15000ms: Expected to find element: `[data-testid=\"profile-success\"]`, but never found it.\n    at Context.eval (webpack:///./cypress/e2e/profile.cy.ts:110:0)",
                "diff": null
              },
              "uuid": "8e45a499-1d8b-4c7a-bd6c-1dcc0c655369",
              "parentUUID": "3586ca90-eec4-4bf6-96d0-2d8561b83239",
              "isHook": false,
              "skipped": false
            },
            {
              "title": "should display account statistics",
              "fullTitle": "User Profile should display account statistics",
              "timedOut": null,
              "duration": 17900,
              "state": "failed",
              "speed": null,
              "pass": false,
              "fail": true,
              "pending": false,
              "context": "{\n  \"title\": \"cypress-mochawesome-reporter-screenshots\",\n  \"value\": [\n    [\n      \"/profile.cy.ts/User Profile -- should display account statistics (failed).png\"\n    ],\n    [\n      \"/profile.cy.ts/User Profile -- should display account statistics (failed) (attempt 2).png\"\n    ],\n    [\n      \"/profile.cy.ts/User Profile -- should display account statistics (failed) (attempt 3).png\"\n    ]\n  ]\n}",
              "code": "cy.get('[data-testid=\"profile-tab\"]').click();\ncy.wait('@getStatistics');\ncy.get('[data-testid=\"account-statistics\"]').should('be.visible');\ncy.get('[data-testid=\"account-statistics\"]').within(function () {\n    cy.contains('Total Courses Enrolled').should('be.visible');\n    cy.contains('Completed Courses').should('be.visible');\n    cy.contains('Average Score').should('be.visible');\n});",
              "err": {
                "message": "AssertionError: Timed out retrying after 15000ms: Expected to find element: `[data-testid=\"account-statistics\"]`, but never found it.",
                "estack": "AssertionError: Timed out retrying after 15000ms: Expected to find element: `[data-testid=\"account-statistics\"]`, but never found it.\n    at Context.eval (webpack:///./cypress/e2e/profile.cy.ts:115:0)",
                "diff": null
              },
              "uuid": "6baead47-5c86-433f-bc39-c6e7d21abe21",
              "parentUUID": "3586ca90-eec4-4bf6-96d0-2d8561b83239",
              "isHook": false,
              "skipped": false
            },
            {
              "title": "should handle notification preferences",
              "fullTitle": "User Profile should handle notification preferences",
              "timedOut": null,
              "duration": 22190,
              "state": "failed",
              "speed": null,
              "pass": false,
              "fail": true,
              "pending": false,
              "context": "{\n  \"title\": \"cypress-mochawesome-reporter-screenshots\",\n  \"value\": [\n    [\n      \"/profile.cy.ts/User Profile -- should handle notification preferences (failed).png\"\n    ],\n    [\n      \"/profile.cy.ts/User Profile -- should handle notification preferences (failed) (attempt 2).png\"\n    ],\n    [\n      \"/profile.cy.ts/User Profile -- should handle notification preferences (failed) (attempt 3).png\"\n    ]\n  ]\n}",
              "code": "cy.get('[data-testid=\"notifications-tab\"]').click();\ncy.wait('@getPreferences');\ncy.get('[data-testid=\"notifications-settings\"]').should('be.visible');\ncy.get('[data-testid=\"email-notifications-toggle\"]').click();\ncy.get('[data-testid=\"success-notification\"]').should('be.visible');",
              "err": {
                "message": "CypressError: Timed out retrying after 20000ms: `cy.wait()` timed out waiting `20000ms` for the 1st request to the route: `getPreferences`. No request ever occurred.\n\nhttps://on.cypress.io/wait",
                "estack": "CypressError: Timed out retrying after 20000ms: `cy.wait()` timed out waiting `20000ms` for the 1st request to the route: `getPreferences`. No request ever occurred.\n\nhttps://on.cypress.io/wait\n    at cypressErr (http://localhost:3000/__cypress/runner/cypress_runner.js:75176:18)\n    at Object.errByPath (http://localhost:3000/__cypress/runner/cypress_runner.js:75230:10)\n    at checkForXhr (http://localhost:3000/__cypress/runner/cypress_runner.js:136105:84)\n    at <unknown> (http://localhost:3000/__cypress/runner/cypress_runner.js:136131:28)\n    at tryCatcher (http://localhost:3000/__cypress/runner/cypress_runner.js:1777:23)\n    at Promise.attempt.Promise.try (http://localhost:3000/__cypress/runner/cypress_runner.js:4285:29)\n    at whenStable (http://localhost:3000/__cypress/runner/cypress_runner.js:144517:68)\n    at <unknown> (http://localhost:3000/__cypress/runner/cypress_runner.js:144458:14)\n    at tryCatcher (http://localhost:3000/__cypress/runner/cypress_runner.js:1777:23)\n    at Promise._settlePromiseFromHandler (http://localhost:3000/__cypress/runner/cypress_runner.js:1489:31)\n    at Promise._settlePromise (http://localhost:3000/__cypress/runner/cypress_runner.js:1546:18)\n    at Promise._settlePromise0 (http://localhost:3000/__cypress/runner/cypress_runner.js:1591:10)\n    at Promise._settlePromises (http://localhost:3000/__cypress/runner/cypress_runner.js:1671:18)\n    at Promise._fulfill (http://localhost:3000/__cypress/runner/cypress_runner.js:1615:18)\n    at <unknown> (http://localhost:3000/__cypress/runner/cypress_runner.js:5420:46)",
                "diff": null
              },
              "uuid": "145d0d19-526a-495f-a536-4143b72471c7",
              "parentUUID": "3586ca90-eec4-4bf6-96d0-2d8561b83239",
              "isHook": false,
              "skipped": false
            },
            {
              "title": "should handle data export",
              "fullTitle": "User Profile should handle data export",
              "timedOut": null,
              "duration": 22365,
              "state": "failed",
              "speed": null,
              "pass": false,
              "fail": true,
              "pending": false,
              "context": "{\n  \"title\": \"cypress-mochawesome-reporter-screenshots\",\n  \"value\": [\n    [\n      \"/profile.cy.ts/User Profile -- should handle data export (failed).png\"\n    ],\n    [\n      \"/profile.cy.ts/User Profile -- should handle data export (failed) (attempt 2).png\"\n    ],\n    [\n      \"/profile.cy.ts/User Profile -- should handle data export (failed) (attempt 3).png\"\n    ]\n  ]\n}",
              "code": "cy.get('[data-testid=\"export-tab\"]').click();\ncy.get('[data-testid=\"data-export\"]').should('be.visible');\ncy.get('[data-testid=\"export-data-button\"]').should('contain', 'Export My Data');\ncy.get('[data-testid=\"export-data-button\"]').click();\ncy.wait('@exportData');\ncy.get('[data-testid=\"export-data-button\"]').should('contain', 'Exporting...');",
              "err": {
                "message": "CypressError: Timed out retrying after 20000ms: `cy.wait()` timed out waiting `20000ms` for the 1st request to the route: `exportData`. No request ever occurred.\n\nhttps://on.cypress.io/wait",
                "estack": "CypressError: Timed out retrying after 20000ms: `cy.wait()` timed out waiting `20000ms` for the 1st request to the route: `exportData`. No request ever occurred.\n\nhttps://on.cypress.io/wait\n    at cypressErr (http://localhost:3000/__cypress/runner/cypress_runner.js:75176:18)\n    at Object.errByPath (http://localhost:3000/__cypress/runner/cypress_runner.js:75230:10)\n    at checkForXhr (http://localhost:3000/__cypress/runner/cypress_runner.js:136105:84)\n    at <unknown> (http://localhost:3000/__cypress/runner/cypress_runner.js:136131:28)\n    at tryCatcher (http://localhost:3000/__cypress/runner/cypress_runner.js:1777:23)\n    at Promise.attempt.Promise.try (http://localhost:3000/__cypress/runner/cypress_runner.js:4285:29)\n    at whenStable (http://localhost:3000/__cypress/runner/cypress_runner.js:144517:68)\n    at <unknown> (http://localhost:3000/__cypress/runner/cypress_runner.js:144458:14)\n    at tryCatcher (http://localhost:3000/__cypress/runner/cypress_runner.js:1777:23)\n    at Promise._settlePromiseFromHandler (http://localhost:3000/__cypress/runner/cypress_runner.js:1489:31)\n    at Promise._settlePromise (http://localhost:3000/__cypress/runner/cypress_runner.js:1546:18)\n    at Promise._settlePromise0 (http://localhost:3000/__cypress/runner/cypress_runner.js:1591:10)\n    at Promise._settlePromises (http://localhost:3000/__cypress/runner/cypress_runner.js:1671:18)\n    at Promise._fulfill (http://localhost:3000/__cypress/runner/cypress_runner.js:1615:18)\n    at <unknown> (http://localhost:3000/__cypress/runner/cypress_runner.js:5420:46)",
                "diff": null
              },
              "uuid": "d12c2f9b-029f-4423-802f-9bd48bae3f90",
              "parentUUID": "3586ca90-eec4-4bf6-96d0-2d8561b83239",
              "isHook": false,
              "skipped": false
            },
            {
              "title": "should handle account deletion flow",
              "fullTitle": "User Profile should handle account deletion flow",
              "timedOut": null,
              "duration": 22379,
              "state": "failed",
              "speed": null,
              "pass": false,
              "fail": true,
              "pending": false,
              "context": "{\n  \"title\": \"cypress-mochawesome-reporter-screenshots\",\n  \"value\": [\n    [\n      \"/profile.cy.ts/User Profile -- should handle account deletion flow (failed).png\"\n    ],\n    [\n      \"/profile.cy.ts/User Profile -- should handle account deletion flow (failed) (attempt 2).png\"\n    ],\n    [\n      \"/profile.cy.ts/User Profile -- should handle account deletion flow (failed) (attempt 3).png\"\n    ]\n  ]\n}",
              "code": "cy.get('[data-testid=\"account-tab\"]').click();\ncy.get('[data-testid=\"delete-account-button\"]').click();\ncy.get('[data-testid=\"confirm-delete-button\"]').click();\ncy.wait('@deleteAccount');\ncy.url().should('include', '/auth/login');",
              "err": {
                "message": "CypressError: Timed out retrying after 20000ms: `cy.wait()` timed out waiting `20000ms` for the 1st request to the route: `deleteAccount`. No request ever occurred.\n\nhttps://on.cypress.io/wait",
                "estack": "CypressError: Timed out retrying after 20000ms: `cy.wait()` timed out waiting `20000ms` for the 1st request to the route: `deleteAccount`. No request ever occurred.\n\nhttps://on.cypress.io/wait\n    at cypressErr (http://localhost:3000/__cypress/runner/cypress_runner.js:75176:18)\n    at Object.errByPath (http://localhost:3000/__cypress/runner/cypress_runner.js:75230:10)\n    at checkForXhr (http://localhost:3000/__cypress/runner/cypress_runner.js:136105:84)\n    at <unknown> (http://localhost:3000/__cypress/runner/cypress_runner.js:136131:28)\n    at tryCatcher (http://localhost:3000/__cypress/runner/cypress_runner.js:1777:23)\n    at Promise.attempt.Promise.try (http://localhost:3000/__cypress/runner/cypress_runner.js:4285:29)\n    at whenStable (http://localhost:3000/__cypress/runner/cypress_runner.js:144517:68)\n    at <unknown> (http://localhost:3000/__cypress/runner/cypress_runner.js:144458:14)\n    at tryCatcher (http://localhost:3000/__cypress/runner/cypress_runner.js:1777:23)\n    at Promise._settlePromiseFromHandler (http://localhost:3000/__cypress/runner/cypress_runner.js:1489:31)\n    at Promise._settlePromise (http://localhost:3000/__cypress/runner/cypress_runner.js:1546:18)\n    at Promise._settlePromise0 (http://localhost:3000/__cypress/runner/cypress_runner.js:1591:10)\n    at Promise._settlePromises (http://localhost:3000/__cypress/runner/cypress_runner.js:1671:18)\n    at Promise._fulfill (http://localhost:3000/__cypress/runner/cypress_runner.js:1615:18)\n    at <unknown> (http://localhost:3000/__cypress/runner/cypress_runner.js:5420:46)",
                "diff": null
              },
              "uuid": "e2f36653-dcc6-428d-ac93-b27d12b40089",
              "parentUUID": "3586ca90-eec4-4bf6-96d0-2d8561b83239",
              "isHook": false,
              "skipped": false
            }
          ],
          "suites": [],
          "passes": [
            "c333f46e-2d09-4a94-83c4-68bcdbdf9cf7"
          ],
          "failures": [
            "8e45a499-1d8b-4c7a-bd6c-1dcc0c655369",
            "6baead47-5c86-433f-bc39-c6e7d21abe21",
            "145d0d19-526a-495f-a536-4143b72471c7",
            "d12c2f9b-029f-4423-802f-9bd48bae3f90",
            "e2f36653-dcc6-428d-ac93-b27d12b40089"
          ],
          "pending": [],
          "skipped": [],
          "duration": 105368,
          "root": false,
          "rootEmpty": false,
          "_timeout": 2000
        }
      ],
      "passes": [],
      "failures": [],
      "pending": [],
      "skipped": [],
      "duration": 0,
      "root": true,
      "rootEmpty": true,
      "_timeout": 2000
    }
  ],
  "meta": {
    "mocha": {
      "version": "7.0.1"
    },
    "mochawesome": {
      "options": {
        "quiet": false,
        "reportFilename": "mochawesome",
        "saveHtml": false,
        "saveJson": true,
        "consoleReporter": "spec",
        "useInlineDiffs": false,
        "code": true
      },
      "version": "7.1.3"
    },
    "marge": {
      "options": {
        "id": "default",
        "reportDir": "e2e-testing/reports/mochawesome/.jsons",
        "charts": true,
        "reportPageTitle": "Learning Platform E2E Tests",
        "embeddedScreenshots": true,
        "inlineAssets": true,
        "overwrite": false,
        "html": false,
        "json": true
      },
      "version": "6.2.0"
    }
  }
}