{
  "stats": {
    "suites": 1,
    "tests": 1,
    "passes": 0,
    "pending": 0,
    "failures": 1,
    "start": "2025-03-24T13:01:34.754Z",
    "end": "2025-03-24T13:01:37.146Z",
    "duration": 2392,
    "testsRegistered": 5,
    "passPercent": 0,
    "pendingPercent": 0,
    "other": 0,
    "hasOther": false,
    "skipped": 4,
    "hasSkipped": true
  },
  "results": [
    {
      "uuid": "47638804-9704-4245-b39e-2ec73d523f7b",
      "title": "",
      "fullFile": "e2e-testing/cypress/e2e/analytics.cy.ts",
      "file": "e2e-testing/cypress/e2e/analytics.cy.ts",
      "beforeHooks": [],
      "afterHooks": [],
      "tests": [],
      "suites": [
        {
          "uuid": "fed2ac92-d145-4122-9229-037a4ebea369",
          "title": "Progress Analytics",
          "fullFile": "",
          "file": "",
          "beforeHooks": [],
          "afterHooks": [],
          "tests": [
            {
              "title": "should display analytics overview",
              "fullTitle": "Progress Analytics should display analytics overview",
              "timedOut": null,
              "duration": 732,
              "state": "failed",
              "speed": null,
              "pass": false,
              "fail": true,
              "pending": false,
              "context": "{\n  \"title\": \"cypress-mochawesome-reporter-screenshots\",\n  \"value\": [\n    [\n      \"/analytics.cy.ts/Progress Analytics -- should display analytics overview (failed).png\"\n    ],\n    [\n      \"/analytics.cy.ts/Progress Analytics -- should display analytics overview (failed) (attempt 2).png\"\n    ],\n    [\n      \"/analytics.cy.ts/Progress Analytics -- should display analytics overview -- before each hook (failed) (attempt 3).png\"\n    ]\n  ]\n}",
              "code": "// Check if analytics page loaded properly\npage_objects_1.analyticsPage.isAnalyticsPageLoaded().then(function (isLoaded) {\n    if (!isLoaded) {\n        cy.log('Analytics page not loaded properly, skipping test');\n        page_objects_1.analyticsPage.takeScreenshot('analytics-not-loaded');\n        return;\n    }\n    // Take screenshot for documentation\n    page_objects_1.analyticsPage.takeScreenshot('analytics-overview');\n    // Verify overview charts are visible\n    page_objects_1.analyticsPage.verifyOverviewChartVisible().then(function (isVisible) {\n        expect(isVisible).to.be.true;\n    });\n    page_objects_1.analyticsPage.verifyUsageChartVisible().then(function (isVisible) {\n        if (!isVisible) {\n            cy.log('Usage chart not visible, could be a feature in development');\n        }\n    });\n    page_objects_1.analyticsPage.verifyProgressChartVisible().then(function (isVisible) {\n        if (!isVisible) {\n            cy.log('Progress chart not visible, could be a feature in development');\n        }\n    });\n});",
              "err": {
                "message": "CypressError: Cypress detected that you returned a promise from a command while also invoking one or more cy commands in that promise.\n\nThe command that returned the promise was:\n\n  > `cy.request()`\n\nThe cy command you invoked inside the promise was:\n\n  > `cy.log()`\n\nBecause Cypress commands are already promise-like, you don't need to wrap them or return your own promise.\n\nCypress will resolve your command with whatever the final Cypress command yields.\n\nThe reason this is an error instead of a warning is because Cypress internally queues commands serially whereas Promises execute as soon as they are invoked. Attempting to reconcile this would prevent Cypress from ever resolving.\n\nThis error occurred while creating the session. Because the session setup failed, we failed the test.\n\nhttps://on.cypress.io/returning-promise-and-commands-in-another-command\n\nBecause this error occurred during a `before each` hook we are skipping the remaining tests in the current suite: `Progress Analytics`",
                "estack": "CypressError: Cypress detected that you returned a promise from a command while also invoking one or more cy commands in that promise.\n\nThe command that returned the promise was:\n\n  > `cy.request()`\n\nThe cy command you invoked inside the promise was:\n\n  > `cy.log()`\n\nBecause Cypress commands are already promise-like, you don't need to wrap them or return your own promise.\n\nCypress will resolve your command with whatever the final Cypress command yields.\n\nThe reason this is an error instead of a warning is because Cypress internally queues commands serially whereas Promises execute as soon as they are invoked. Attempting to reconcile this would prevent Cypress from ever resolving.\n\nThis error occurred while creating the session. Because the session setup failed, we failed the test.\n\nhttps://on.cypress.io/returning-promise-and-commands-in-another-command\n\nBecause this error occurred during a `before each` hook we are skipping the remaining tests in the current suite: `Progress Analytics`\n    at cy.<computed> [as log] (http://localhost:3000/__cypress/runner/cypress_runner.js:138922:64)\n    at eval (webpack:///./cypress/support/e2e.js:157:11)\n    at tryCatcher (http://localhost:3000/__cypress/runner/cypress_runner.js:1777:23)\n    at Promise._settlePromiseFromHandler (http://localhost:3000/__cypress/runner/cypress_runner.js:1489:31)\n    at Promise._settlePromise (http://localhost:3000/__cypress/runner/cypress_runner.js:1546:18)\n    at Promise._settlePromise0 (http://localhost:3000/__cypress/runner/cypress_runner.js:1591:10)\n    at Promise._settlePromises (http://localhost:3000/__cypress/runner/cypress_runner.js:1671:18)\n    at _drainQueueStep (http://localhost:3000/__cypress/runner/cypress_runner.js:2377:12)\n    at _drainQueue (http://localhost:3000/__cypress/runner/cypress_runner.js:2370:9)\n    at Async._drainQueues (http://localhost:3000/__cypress/runner/cypress_runner.js:2386:5)\n    at Async.drainQueues (http://localhost:3000/__cypress/runner/cypress_runner.js:2256:14)",
                "diff": null
              },
              "uuid": "2ef22099-7759-4b6e-9eb7-8a727a146217",
              "parentUUID": "fed2ac92-d145-4122-9229-037a4ebea369",
              "isHook": false,
              "skipped": false
            },
            {
              "title": "should allow filtering analytics by date range",
              "fullTitle": "Progress Analytics should allow filtering analytics by date range",
              "timedOut": null,
              "duration": 0,
              "state": "skipped",
              "speed": null,
              "pass": false,
              "fail": false,
              "pending": false,
              "context": null,
              "code": "// Check if analytics page loaded properly\npage_objects_1.analyticsPage.isAnalyticsPageLoaded().then(function (isLoaded) {\n    if (!isLoaded) {\n        cy.log('Analytics page not loaded properly, skipping test');\n        page_objects_1.analyticsPage.takeScreenshot('analytics-not-loaded');\n        return;\n    }\n    // Set custom date range\n    var endDate = new Date().toISOString().split('T')[0];\n    var startDate = new Date();\n    startDate.setMonth(startDate.getMonth() - 3);\n    var formattedStartDate = startDate.toISOString().split('T')[0];\n    // Set date range using page object\n    page_objects_1.analyticsPage.setDateRange(formattedStartDate, endDate);\n    // Take screenshot after filter applied\n    page_objects_1.analyticsPage.takeScreenshot('analytics-filtered');\n    // Verify charts are updated after filtering\n    page_objects_1.analyticsPage.verifyOverviewChartVisible().then(function (isVisible) {\n        expect(isVisible).to.be.true;\n    });\n    // Reset filters\n    page_objects_1.analyticsPage.resetFilters();\n    page_objects_1.analyticsPage.takeScreenshot('analytics-filters-reset');\n});",
              "err": {},
              "uuid": "9791f063-cc03-46b6-a2a2-6fdbfaca7d28",
              "parentUUID": "fed2ac92-d145-4122-9229-037a4ebea369",
              "isHook": false,
              "skipped": true
            },
            {
              "title": "should display various analytics tabs",
              "fullTitle": "Progress Analytics should display various analytics tabs",
              "timedOut": null,
              "duration": 0,
              "state": "skipped",
              "speed": null,
              "pass": false,
              "fail": false,
              "pending": false,
              "context": null,
              "code": "// Check if analytics page loaded properly\npage_objects_1.analyticsPage.isAnalyticsPageLoaded().then(function (isLoaded) {\n    if (!isLoaded) {\n        cy.log('Analytics page not loaded properly, skipping test');\n        page_objects_1.analyticsPage.takeScreenshot('analytics-not-loaded');\n        return;\n    }\n    // Switch to resources tab\n    page_objects_1.analyticsPage.switchToTab('resources');\n    page_objects_1.analyticsPage.verifyResourceStatsVisible().then(function (isVisible) {\n        if (isVisible) {\n            page_objects_1.analyticsPage.takeScreenshot('resources-analytics');\n        }\n        else {\n            cy.log('Resource stats not visible, could be a feature in development');\n        }\n    });\n    // Switch to concepts tab\n    page_objects_1.analyticsPage.switchToTab('concepts');\n    page_objects_1.analyticsPage.verifyConceptStatsVisible().then(function (isVisible) {\n        if (isVisible) {\n            page_objects_1.analyticsPage.takeScreenshot('concepts-analytics');\n        }\n        else {\n            cy.log('Concept stats not visible, could be a feature in development');\n        }\n    });\n    // Switch back to overview tab\n    page_objects_1.analyticsPage.switchToTab('overview');\n    page_objects_1.analyticsPage.verifyOverviewChartVisible().then(function (isVisible) {\n        expect(isVisible).to.be.true;\n    });\n});",
              "err": {},
              "uuid": "e06cf1ef-638c-4b96-add6-7c28f3d937f7",
              "parentUUID": "fed2ac92-d145-4122-9229-037a4ebea369",
              "isHook": false,
              "skipped": true
            },
            {
              "title": "should allow exporting analytics data",
              "fullTitle": "Progress Analytics should allow exporting analytics data",
              "timedOut": null,
              "duration": 0,
              "state": "skipped",
              "speed": null,
              "pass": false,
              "fail": false,
              "pending": false,
              "context": null,
              "code": "// Check if analytics page loaded properly\npage_objects_1.analyticsPage.isAnalyticsPageLoaded().then(function (isLoaded) {\n    if (!isLoaded) {\n        cy.log('Analytics page not loaded properly, skipping test');\n        page_objects_1.analyticsPage.takeScreenshot('analytics-not-loaded');\n        return;\n    }\n    // Try exporting as CSV if available\n    cy.get('body').then(function ($body) {\n        var hasExportButton = $body.find('[data-testid=\"export-button\"]').length > 0;\n        if (hasExportButton) {\n            page_objects_1.analyticsPage.exportAsCSV();\n            page_objects_1.analyticsPage.takeScreenshot('export-csv-attempted');\n        }\n        else {\n            cy.log('Export functionality not available');\n            page_objects_1.analyticsPage.takeScreenshot('export-not-available');\n        }\n    });\n});",
              "err": {},
              "uuid": "b565ba4b-f3f4-498c-820f-824b2994f3c8",
              "parentUUID": "fed2ac92-d145-4122-9229-037a4ebea369",
              "isHook": false,
              "skipped": true
            },
            {
              "title": "should capture all analytics charts for documentation",
              "fullTitle": "Progress Analytics should capture all analytics charts for documentation",
              "timedOut": null,
              "duration": 0,
              "state": "skipped",
              "speed": null,
              "pass": false,
              "fail": false,
              "pending": false,
              "context": null,
              "code": "// Check if analytics page loaded properly\npage_objects_1.analyticsPage.isAnalyticsPageLoaded().then(function (isLoaded) {\n    if (!isLoaded) {\n        cy.log('Analytics page not loaded properly, skipping test');\n        page_objects_1.analyticsPage.takeScreenshot('analytics-not-loaded');\n        return;\n    }\n    // Capture all charts\n    page_objects_1.analyticsPage.captureAllCharts();\n    // Return to dashboard to verify navigation\n    page_objects_1.dashboardPage.visitDashboard();\n    page_objects_1.dashboardPage.isDashboardLoaded().then(function (isDashboardLoaded) {\n        expect(isDashboardLoaded).to.be.true;\n        page_objects_1.dashboardPage.takeScreenshot('return-to-dashboard');\n    });\n});",
              "err": {},
              "uuid": "1351da76-e5e4-449a-80a5-5cfd0cfd2003",
              "parentUUID": "fed2ac92-d145-4122-9229-037a4ebea369",
              "isHook": false,
              "skipped": true
            }
          ],
          "suites": [],
          "passes": [],
          "failures": [
            "2ef22099-7759-4b6e-9eb7-8a727a146217"
          ],
          "pending": [],
          "skipped": [
            "9791f063-cc03-46b6-a2a2-6fdbfaca7d28",
            "e06cf1ef-638c-4b96-add6-7c28f3d937f7",
            "b565ba4b-f3f4-498c-820f-824b2994f3c8",
            "1351da76-e5e4-449a-80a5-5cfd0cfd2003"
          ],
          "duration": 732,
          "root": false,
          "rootEmpty": false,
          "_timeout": 2000
        }
      ],
      "passes": [],
      "failures": [],
      "pending": [],
      "skipped": [],
      "duration": 0,
      "root": true,
      "rootEmpty": true,
      "_timeout": 2000
    }
  ],
  "meta": {
    "mocha": {
      "version": "7.0.1"
    },
    "mochawesome": {
      "options": {
        "quiet": false,
        "reportFilename": "mochawesome",
        "saveHtml": false,
        "saveJson": true,
        "consoleReporter": "spec",
        "useInlineDiffs": false,
        "code": true
      },
      "version": "7.1.3"
    },
    "marge": {
      "options": {
        "id": "default",
        "reportDir": "e2e-testing/reports/mochawesome/.jsons",
        "charts": true,
        "reportPageTitle": "Learning Platform E2E Tests",
        "embeddedScreenshots": true,
        "inlineAssets": true,
        "overwrite": false,
        "html": false,
        "json": true
      },
      "version": "6.2.0"
    }
  }
}