{
  "stats": {
    "suites": 1,
    "tests": 1,
    "passes": 0,
    "pending": 0,
    "failures": 1,
    "start": "2025-03-31T14:38:35.851Z",
    "end": "2025-03-31T14:38:39.927Z",
    "duration": 4076,
    "testsRegistered": 5,
    "passPercent": 0,
    "pendingPercent": 0,
    "other": 0,
    "hasOther": false,
    "skipped": 4,
    "hasSkipped": true
  },
  "results": [
    {
      "uuid": "14004bf8-ddfc-4193-8255-27dc1048f522",
      "title": "",
      "fullFile": "e2e-testing/cypress/e2e/analytics-visualization.cy.ts",
      "file": "e2e-testing/cypress/e2e/analytics-visualization.cy.ts",
      "beforeHooks": [],
      "afterHooks": [],
      "tests": [],
      "suites": [
        {
          "uuid": "69c13fae-422f-42be-af8a-7f359c958da2",
          "title": "Progress Analytics - Data Visualization",
          "fullFile": "",
          "file": "",
          "beforeHooks": [],
          "afterHooks": [],
          "tests": [
            {
              "title": "should display the analytics dashboard with charts",
              "fullTitle": "Progress Analytics - Data Visualization should display the analytics dashboard with charts",
              "timedOut": null,
              "duration": 1080,
              "state": "failed",
              "speed": null,
              "pass": false,
              "fail": true,
              "pending": false,
              "context": "{\n  \"title\": \"cypress-mochawesome-reporter-screenshots\",\n  \"value\": [\n    [\n      \"/analytics-visualization.cy.ts/Progress Analytics - Data Visualization -- should display the analytics dashboard with charts (failed).png\"\n    ],\n    [\n      \"/analytics-visualization.cy.ts/Progress Analytics - Data Visualization -- should display the analytics dashboard with charts (failed) (attempt 2).png\"\n    ],\n    [\n      \"/analytics-visualization.cy.ts/Progress Analytics - Data Visualization -- should display the analytics dashboard with charts -- before each hook (failed) (attempt 3).png\"\n    ]\n  ]\n}",
              "code": "// Check if analytics page loaded properly\npage_objects_1.analyticsPage.isAnalyticsPageLoaded().then(function (isLoaded) {\n    if (!isLoaded) {\n        cy.log('Analytics dashboard not loaded properly, skipping test');\n        page_objects_1.analyticsPage.takeScreenshot('analytics-dashboard-not-loaded');\n        return;\n    }\n    // Take screenshot for documentation\n    page_objects_1.analyticsPage.takeScreenshot('analytics-dashboard');\n    // Verify charts are visible\n    page_objects_1.analyticsPage.verifyOverviewChartVisible().then(function (isVisible) {\n        if (isVisible) {\n            cy.log('Overview chart is visible');\n        }\n        else {\n            cy.log('Overview chart not visible');\n        }\n    });\n    page_objects_1.analyticsPage.verifyUsageChartVisible().then(function (isVisible) {\n        if (isVisible) {\n            cy.log('Usage chart is visible');\n        }\n        else {\n            cy.log('Usage chart not visible');\n        }\n    });\n    page_objects_1.analyticsPage.verifyProgressChartVisible().then(function (isVisible) {\n        if (isVisible) {\n            cy.log('Progress chart is visible');\n        }\n        else {\n            cy.log('Progress chart not visible');\n        }\n    });\n});",
              "err": {
                "message": "CypressError: The following error originated from your test code, not from Cypress.\n\n  > Cypress detected that you returned a promise from a command while also invoking one or more cy commands in that promise.\n\nThe command that returned the promise was:\n\n  > `cy.visit()`\n\nThe cy command you invoked inside the promise was:\n\n  > `cy.log()`\n\nBecause Cypress commands are already promise-like, you don't need to wrap them or return your own promise.\n\nCypress will resolve your command with whatever the final Cypress command yields.\n\nThe reason this is an error instead of a warning is because Cypress internally queues commands serially whereas Promises execute as soon as they are invoked. Attempting to reconcile this would prevent Cypress from ever resolving.\n\nWhen Cypress detects uncaught errors originating from your test code it will automatically fail the current test.\n\nhttps://on.cypress.io/returning-promise-and-commands-in-another-command\n\nBecause this error occurred during a `before each` hook we are skipping the remaining tests in the current suite: `Progress Analytics - Data V...`",
                "estack": "CypressError: The following error originated from your test code, not from Cypress.\n\n  > Cypress detected that you returned a promise from a command while also invoking one or more cy commands in that promise.\n\nThe command that returned the promise was:\n\n  > `cy.visit()`\n\nThe cy command you invoked inside the promise was:\n\n  > `cy.log()`\n\nBecause Cypress commands are already promise-like, you don't need to wrap them or return your own promise.\n\nCypress will resolve your command with whatever the final Cypress command yields.\n\nThe reason this is an error instead of a warning is because Cypress internally queues commands serially whereas Promises execute as soon as they are invoked. Attempting to reconcile this would prevent Cypress from ever resolving.\n\nWhen Cypress detects uncaught errors originating from your test code it will automatically fail the current test.\n\nhttps://on.cypress.io/returning-promise-and-commands-in-another-command\n\nBecause this error occurred during a `before each` hook we are skipping the remaining tests in the current suite: `Progress Analytics - Data V...`\n    at cy.<computed> [as log] (http://localhost:3000/__cypress/runner/cypress_runner.js:138922:64)\n    at $Cy.eval (webpack:///./cypress/e2e/analytics-visualization.cy.ts:17:0)\n    at listener (http://localhost:3000/__cypress/runner/cypress_runner.js:140914:19)\n    at arrayMap (http://localhost:3000/__cypress/runner/cypress_runner.js:18631:23)\n    at map (http://localhost:3000/__cypress/runner/cypress_runner.js:27600:14)\n    at $Cy.emitMap (http://localhost:3000/__cypress/runner/cypress_runner.js:140916:14)\n    at parent.<computed> [as emitMap] (http://localhost:3000/__cypress/runner/cypress_runner.js:140879:32)\n    at $Cypress.action (http://localhost:3000/__cypress/runner/cypress_runner.js:41667:21)\n    at $Cy.onUncaughtException (http://localhost:3000/__cypress/runner/cypress_runner.js:139049:38)\n    at <unknown> (http://localhost:3000/__cypress/runner/cypress_runner.js:139225:28)\n    at onUncaughtError (http://localhost:3000/_next/static/chunks/node_modules_next_dist_client_43e3ffb8._.js:1850:50)\n    at onCaughtError (http://localhost:3000/_next/static/chunks/node_modules_next_dist_client_43e3ffb8._.js:1806:16)\n    at logCaughtError (http://localhost:3000/_next/static/chunks/node_modules_next_dist_compiled_2ce9398a._.js:6961:13)\n    at runWithFiberInDEV (http://localhost:3000/_next/static/chunks/node_modules_next_dist_compiled_2ce9398a._.js:3501:74)\n    at inst.componentDidCatch.update.callback (http://localhost:3000/_next/static/chunks/node_modules_next_dist_compiled_2ce9398a._.js:7002:13)\n    at callCallback (http://localhost:3000/_next/static/chunks/node_modules_next_dist_compiled_2ce9398a._.js:5206:18)\n    at commitCallbacks (http://localhost:3000/_next/static/chunks/node_modules_next_dist_compiled_2ce9398a._.js:5214:130)\n    at runWithFiberInDEV (http://localhost:3000/_next/static/chunks/node_modules_next_dist_compiled_2ce9398a._.js:3501:74)\n    at commitClassCallbacks (http://localhost:3000/_next/static/chunks/node_modules_next_dist_compiled_2ce9398a._.js:7935:17)\n    at commitLayoutEffectOnFiber (http://localhost:3000/_next/static/chunks/node_modules_next_dist_compiled_2ce9398a._.js:8243:31)\n    at recursivelyTraverseLayoutEffects (http://localhost:3000/_next/static/chunks/node_modules_next_dist_compiled_2ce9398a._.js:8700:105)\n    at commitLayoutEffectOnFiber (http://localhost:3000/_next/static/chunks/node_modules_next_dist_compiled_2ce9398a._.js:8231:17)\nFrom Your Spec Code:\n    at Context.eval (webpack:///./cypress/support/commands.ts:234:0)\n    at wrapped (http://localhost:3000/__cypress/runner/cypress_runner.js:138854:43)\nFrom Your Spec Code:\n    at Context.eval (webpack:///./cypress/support/commands.ts:234:0)\n    at wrapped (http://localhost:3000/__cypress/runner/cypress_runner.js:138854:43)",
                "diff": null
              },
              "uuid": "aaeb4892-2fb7-4e50-a394-453680f9ea1d",
              "parentUUID": "69c13fae-422f-42be-af8a-7f359c958da2",
              "isHook": false,
              "skipped": false
            },
            {
              "title": "should allow filtering analytics by date range",
              "fullTitle": "Progress Analytics - Data Visualization should allow filtering analytics by date range",
              "timedOut": null,
              "duration": 0,
              "state": "skipped",
              "speed": null,
              "pass": false,
              "fail": false,
              "pending": false,
              "context": null,
              "code": "// Check if analytics page loaded properly\npage_objects_1.analyticsPage.isAnalyticsPageLoaded().then(function (isLoaded) {\n    if (!isLoaded) {\n        cy.log('Analytics dashboard not loaded properly, skipping test');\n        page_objects_1.analyticsPage.takeScreenshot('analytics-dashboard-not-loaded');\n        return;\n    }\n    // Set custom date range for last 7 days\n    var endDate = new Date().toISOString().split('T')[0];\n    var startDate = new Date();\n    startDate.setDate(startDate.getDate() - 7);\n    var formattedStartDate = startDate.toISOString().split('T')[0];\n    // Apply date filter\n    page_objects_1.analyticsPage.setDateRange(formattedStartDate, endDate);\n    page_objects_1.analyticsPage.takeScreenshot('analytics-7-day-filter');\n    // Verify URL contains filter parameters\n    cy.url().then(function (url) {\n        var hasDateParams = url.includes('start=') || url.includes('range=') || url.includes('period=');\n        if (!hasDateParams) {\n            cy.log('URL does not contain expected date parameters');\n        }\n    });\n    // Verify charts are updated\n    page_objects_1.analyticsPage.verifyOverviewChartVisible();\n});",
              "err": {},
              "uuid": "9d86f11f-4260-4036-9817-150a8854f16c",
              "parentUUID": "69c13fae-422f-42be-af8a-7f359c958da2",
              "isHook": false,
              "skipped": true
            },
            {
              "title": "should allow toggling between different chart types",
              "fullTitle": "Progress Analytics - Data Visualization should allow toggling between different chart types",
              "timedOut": null,
              "duration": 0,
              "state": "skipped",
              "speed": null,
              "pass": false,
              "fail": false,
              "pending": false,
              "context": null,
              "code": "// Check if analytics page loaded properly\npage_objects_1.analyticsPage.isAnalyticsPageLoaded().then(function (isLoaded) {\n    if (!isLoaded) {\n        cy.log('Analytics dashboard not loaded properly, skipping test');\n        page_objects_1.analyticsPage.takeScreenshot('analytics-dashboard-not-loaded');\n        return;\n    }\n    // Check if chart type selector exists\n    cy.get('body').then(function ($body) {\n        var hasChartTypeSelector = $body.find('[data-testid=\"chart-type-toggle\"]').length > 0 ||\n            $body.find('[data-testid=\"chart-type-selector\"]').length > 0;\n        if (hasChartTypeSelector) {\n            // Try clicking on different chart types\n            if ($body.find('[data-testid=\"chart-type-bar\"]').length > 0) {\n                cy.get('[data-testid=\"chart-type-bar\"]').click();\n                page_objects_1.analyticsPage.takeScreenshot('bar-chart-type');\n            }\n            if ($body.find('[data-testid=\"chart-type-line\"]').length > 0) {\n                cy.get('[data-testid=\"chart-type-line\"]').click();\n                page_objects_1.analyticsPage.takeScreenshot('line-chart-type');\n            }\n        }\n        else {\n            cy.log('Chart type selector not available');\n            page_objects_1.analyticsPage.takeScreenshot('no-chart-type-selector');\n        }\n    });\n});",
              "err": {},
              "uuid": "b99ab8ac-d816-4652-a610-c3614ff8a14b",
              "parentUUID": "69c13fae-422f-42be-af8a-7f359c958da2",
              "isHook": false,
              "skipped": true
            },
            {
              "title": "should allow exporting analytics data if available",
              "fullTitle": "Progress Analytics - Data Visualization should allow exporting analytics data if available",
              "timedOut": null,
              "duration": 0,
              "state": "skipped",
              "speed": null,
              "pass": false,
              "fail": false,
              "pending": false,
              "context": null,
              "code": "// Check if analytics page loaded properly\npage_objects_1.analyticsPage.isAnalyticsPageLoaded().then(function (isLoaded) {\n    if (!isLoaded) {\n        cy.log('Analytics dashboard not loaded properly, skipping test');\n        page_objects_1.analyticsPage.takeScreenshot('analytics-dashboard-not-loaded');\n        return;\n    }\n    // Check if export functionality exists\n    cy.get('body').then(function ($body) {\n        var hasExportButton = $body.find('[data-testid=\"export-button\"]').length > 0 ||\n            $body.find('[data-testid=\"export-data-button\"]').length > 0;\n        if (hasExportButton) {\n            // Use the page object method to export if available\n            page_objects_1.analyticsPage.exportAsCSV();\n            page_objects_1.analyticsPage.takeScreenshot('export-csv-attempted');\n            // Check for export options\n            cy.get('body').then(function ($updatedBody) {\n                var hasExportOptions = $updatedBody.find('[data-testid=\"export-options\"]').length > 0;\n                if (hasExportOptions) {\n                    cy.log('Export options displayed successfully');\n                }\n            });\n        }\n        else {\n            cy.log('Export functionality not available');\n            page_objects_1.analyticsPage.takeScreenshot('export-not-available');\n        }\n    });\n});",
              "err": {},
              "uuid": "c3f55f9b-9390-4636-9976-7ab9cd7fe361",
              "parentUUID": "69c13fae-422f-42be-af8a-7f359c958da2",
              "isHook": false,
              "skipped": true
            },
            {
              "title": "should navigate between different analytics sections",
              "fullTitle": "Progress Analytics - Data Visualization should navigate between different analytics sections",
              "timedOut": null,
              "duration": 0,
              "state": "skipped",
              "speed": null,
              "pass": false,
              "fail": false,
              "pending": false,
              "context": null,
              "code": "// Check if analytics page loaded properly\npage_objects_1.analyticsPage.isAnalyticsPageLoaded().then(function (isLoaded) {\n    if (!isLoaded) {\n        cy.log('Analytics dashboard not loaded properly, skipping test');\n        page_objects_1.analyticsPage.takeScreenshot('analytics-dashboard-not-loaded');\n        return;\n    }\n    // Navigate through available tabs\n    ['overview', 'resources', 'concepts', 'users'].forEach(function (tab) {\n        page_objects_1.analyticsPage.switchToTab(tab);\n        page_objects_1.analyticsPage.takeScreenshot(\"analytics-\".concat(tab, \"-tab\"));\n        cy.wait(500); // Small wait to allow charts to render\n    });\n    // Return to dashboard\n    page_objects_1.dashboardPage.visitDashboard();\n    page_objects_1.dashboardPage.takeScreenshot('return-to-dashboard');\n});",
              "err": {},
              "uuid": "f31b60dd-6ca6-4df1-954c-9131e37dfe5b",
              "parentUUID": "69c13fae-422f-42be-af8a-7f359c958da2",
              "isHook": false,
              "skipped": true
            }
          ],
          "suites": [],
          "passes": [],
          "failures": [
            "aaeb4892-2fb7-4e50-a394-453680f9ea1d"
          ],
          "pending": [],
          "skipped": [
            "9d86f11f-4260-4036-9817-150a8854f16c",
            "b99ab8ac-d816-4652-a610-c3614ff8a14b",
            "c3f55f9b-9390-4636-9976-7ab9cd7fe361",
            "f31b60dd-6ca6-4df1-954c-9131e37dfe5b"
          ],
          "duration": 1080,
          "root": false,
          "rootEmpty": false,
          "_timeout": 2000
        }
      ],
      "passes": [],
      "failures": [],
      "pending": [],
      "skipped": [],
      "duration": 0,
      "root": true,
      "rootEmpty": true,
      "_timeout": 2000
    }
  ],
  "meta": {
    "mocha": {
      "version": "7.0.1"
    },
    "mochawesome": {
      "options": {
        "quiet": false,
        "reportFilename": "mochawesome",
        "saveHtml": false,
        "saveJson": true,
        "consoleReporter": "spec",
        "useInlineDiffs": false,
        "code": true
      },
      "version": "7.1.3"
    },
    "marge": {
      "options": {
        "id": "default",
        "reportDir": "e2e-testing/reports/mochawesome/.jsons",
        "charts": true,
        "reportPageTitle": "Learning Platform E2E Tests",
        "embeddedScreenshots": true,
        "inlineAssets": true,
        "overwrite": false,
        "html": false,
        "json": true
      },
      "version": "6.2.0"
    }
  }
}