{
  "stats": {
    "suites": 1,
    "tests": 1,
    "passes": 1,
    "pending": 0,
    "failures": 0,
    "start": "2025-03-22T09:28:04.331Z",
    "end": "2025-03-22T09:28:05.883Z",
    "duration": 1552,
    "testsRegistered": 1,
    "passPercent": 100,
    "pendingPercent": 0,
    "other": 0,
    "hasOther": false,
    "skipped": 0,
    "hasSkipped": false
  },
  "results": [
    {
      "uuid": "aa4d4d38-4b10-462e-bd58-024c3360d463",
      "title": "",
      "fullFile": "e2e-testing/cypress/e2e/knowledge-spaced-repetition.cy.ts",
      "file": "e2e-testing/cypress/e2e/knowledge-spaced-repetition.cy.ts",
      "beforeHooks": [],
      "afterHooks": [],
      "tests": [],
      "suites": [
        {
          "uuid": "7be81c36-bdb2-4085-9941-d95647d35118",
          "title": "Knowledge Management - Spaced Repetition",
          "fullFile": "",
          "file": "",
          "beforeHooks": [],
          "afterHooks": [],
          "tests": [
            {
              "title": "should have basic HTML elements",
              "fullTitle": "Knowledge Management - Spaced Repetition should have basic HTML elements",
              "timedOut": null,
              "duration": 1514,
              "state": "passed",
              "speed": "fast",
              "pass": true,
              "fail": false,
              "pending": false,
              "context": "{\n  \"title\": \"cypress-mochawesome-reporter-screenshots\",\n  \"value\": [\n    [\n      \"/knowledge-spaced-repetition.cy.ts/spaced-repetition-initial-page.png\"\n    ]\n  ]\n}",
              "code": "// Check for basic elements and output to console for debugging\ncy.get('html').should('exist');\ncy.get('body').should('exist').then(function ($body) {\n    console.log(\"BODY TEXT: \".concat($body.text().substring(0, 300), \"...\"));\n    console.log(\"BODY HTML: \".concat($body.html().substring(0, 300), \"...\"));\n});\n// Check for headings\ncy.get('h1, h2, h3').then(function ($headings) {\n    console.log(\"FOUND \".concat($headings.length, \" HEADINGS\"));\n    if ($headings.length > 0) {\n        $headings.each(function (index, heading) {\n            console.log(\"HEADING \".concat(index, \": \").concat(Cypress.$(heading).text()));\n        });\n    }\n});\n// Look for any buttons\ncy.get('button').then(function ($buttons) {\n    console.log(\"FOUND \".concat($buttons.length, \" BUTTONS\"));\n    if ($buttons.length > 0) {\n        $buttons.each(function (index, button) {\n            console.log(\"BUTTON \".concat(index, \": \").concat(Cypress.$(button).text()));\n        });\n    }\n});\n// Look for common data-testid attributes\n['review-dashboard', 'concepts-list', 'start-review-button', 'nav-knowledge-stats', 'nav-concepts'].forEach(function (testId) {\n    cy.get(\"body\").then(function ($body) {\n        var hasElement = $body.find(\"[data-testid=\\\"\".concat(testId, \"\\\"]\")).length > 0;\n        console.log(\"HAS [data-testid=\\\"\".concat(testId, \"\\\"]: \").concat(hasElement));\n    });\n});",
              "err": {},
              "uuid": "806471fb-3d76-4690-a315-de7d1199937b",
              "parentUUID": "7be81c36-bdb2-4085-9941-d95647d35118",
              "isHook": false,
              "skipped": false
            }
          ],
          "suites": [],
          "passes": [
            "806471fb-3d76-4690-a315-de7d1199937b"
          ],
          "failures": [],
          "pending": [],
          "skipped": [],
          "duration": 1514,
          "root": false,
          "rootEmpty": false,
          "_timeout": 2000
        }
      ],
      "passes": [],
      "failures": [],
      "pending": [],
      "skipped": [],
      "duration": 0,
      "root": true,
      "rootEmpty": true,
      "_timeout": 2000
    }
  ],
  "meta": {
    "mocha": {
      "version": "7.0.1"
    },
    "mochawesome": {
      "options": {
        "quiet": false,
        "reportFilename": "mochawesome",
        "saveHtml": false,
        "saveJson": true,
        "consoleReporter": "spec",
        "useInlineDiffs": false,
        "code": true
      },
      "version": "7.1.3"
    },
    "marge": {
      "options": {
        "id": "default",
        "reportDir": "e2e-testing/reports/mochawesome/.jsons",
        "charts": true,
        "reportPageTitle": "Learning Platform E2E Tests",
        "embeddedScreenshots": true,
        "inlineAssets": true,
        "overwrite": false,
        "html": false,
        "json": true
      },
      "version": "6.2.0"
    }
  }
}