{
  "stats": {
    "suites": 1,
    "tests": 1,
    "passes": 0,
    "pending": 0,
    "failures": 1,
    "start": "2025-03-22T09:33:11.544Z",
    "end": "2025-03-22T09:34:00.566Z",
    "duration": 49022,
    "testsRegistered": 3,
    "passPercent": 0,
    "pendingPercent": 0,
    "other": 0,
    "hasOther": false,
    "skipped": 2,
    "hasSkipped": true
  },
  "results": [
    {
      "uuid": "a41b1577-7943-472d-b7da-805356a44693",
      "title": "",
      "fullFile": "e2e-testing/cypress/e2e/knowledge-spaced-repetition.cy.ts",
      "file": "e2e-testing/cypress/e2e/knowledge-spaced-repetition.cy.ts",
      "beforeHooks": [],
      "afterHooks": [],
      "tests": [],
      "suites": [
        {
          "uuid": "13886fd5-7c81-498f-b075-bd89d8a869d8",
          "title": "Knowledge Management - Spaced Repetition E2E Flow",
          "fullFile": "",
          "file": "",
          "beforeHooks": [],
          "afterHooks": [],
          "tests": [
            {
              "title": "should navigate to and use spaced repetition features",
              "fullTitle": "Knowledge Management - Spaced Repetition E2E Flow should navigate to and use spaced repetition features",
              "timedOut": null,
              "duration": 16228,
              "state": "failed",
              "speed": null,
              "pass": false,
              "fail": true,
              "pending": false,
              "context": "{\n  \"title\": \"cypress-mochawesome-reporter-screenshots\",\n  \"value\": [\n    [\n      \"/knowledge-spaced-repetition.cy.ts/Knowledge Management - Spaced Repetition E2E Flow -- should navigate to and use spaced repetition features (failed).png\"\n    ],\n    [\n      \"/knowledge-spaced-repetition.cy.ts/Knowledge Management - Spaced Repetition E2E Flow -- should navigate to and use spaced repetition features (failed) (attempt 2).png\"\n    ],\n    [\n      \"/knowledge-spaced-repetition.cy.ts/Knowledge Management - Spaced Repetition E2E Flow -- should navigate to and use spaced repetition features -- before each hook (failed) (attempt 3).png\"\n    ]\n  ]\n}",
              "code": "// Navigate to the review section\ncy.contains('Review').click();\n// Verify we're on the review page\ncy.url().should('include', '/knowledge/review');\ncy.contains('Concepts Due for Review').should('be.visible');\n// If there are concepts to review, start a review session\ncy.get('body').then(function ($body) {\n    if ($body.text().includes('You have concepts due for review')) {\n        // Start a review session\n        cy.contains('Start Review').click();\n        // Rate a concept if there's an active review\n        cy.get('body').then(function ($reviewBody) {\n            if ($reviewBody.text().includes('How well did you recall this?')) {\n                // Rate as \"Medium\" difficulty\n                cy.contains('Medium').click();\n                // Verify review was submitted\n                cy.contains('Review Complete', { timeout: 5000 }).should('be.visible');\n            }\n            else {\n                cy.log('No active review found');\n            }\n        });\n    }\n    else {\n        cy.log('No concepts due for review');\n    }\n});",
              "err": {
                "message": "AssertionError: Timed out retrying after 15000ms: Expected to find content: 'Knowledge Management' but never did.\n\nBecause this error occurred during a `before each` hook we are skipping the remaining tests in the current suite: `Knowledge Management - Spac...`",
                "estack": "AssertionError: Timed out retrying after 15000ms: Expected to find content: 'Knowledge Management' but never did.\n\nBecause this error occurred during a `before each` hook we are skipping the remaining tests in the current suite: `Knowledge Management - Spac...`\n    at Context.eval (webpack:///./cypress/e2e/knowledge-spaced-repetition.cy.ts:14:0)",
                "diff": null
              },
              "uuid": "070d21ec-f4a6-41ac-8d00-5a9ae5a65724",
              "parentUUID": "13886fd5-7c81-498f-b075-bd89d8a869d8",
              "isHook": false,
              "skipped": false
            },
            {
              "title": "should display knowledge statistics",
              "fullTitle": "Knowledge Management - Spaced Repetition E2E Flow should display knowledge statistics",
              "timedOut": null,
              "duration": 0,
              "state": "skipped",
              "speed": null,
              "pass": false,
              "fail": false,
              "pending": false,
              "context": null,
              "code": "// Navigate to statistics section\ncy.contains('Statistics').click();\n// Verify we're on the statistics page\ncy.url().should('include', '/knowledge/statistics');\n// Check that key statistics are displayed\ncy.contains('Total Concepts').should('be.visible');\ncy.contains('Due for Review').should('be.visible');",
              "err": {},
              "uuid": "403695e3-2129-4794-a236-44fe55e28b99",
              "parentUUID": "13886fd5-7c81-498f-b075-bd89d8a869d8",
              "isHook": false,
              "skipped": true
            },
            {
              "title": "should allow filtering concepts",
              "fullTitle": "Knowledge Management - Spaced Repetition E2E Flow should allow filtering concepts",
              "timedOut": null,
              "duration": 0,
              "state": "skipped",
              "speed": null,
              "pass": false,
              "fail": false,
              "pending": false,
              "context": null,
              "code": "// Navigate to concepts section\ncy.contains('Concepts').click();\n// Verify we're on the concepts page\ncy.url().should('include', '/knowledge/concepts');\n// Check filter controls exist\ncy.get('select, [role=\"combobox\"]').should('be.visible');\n// Try filtering concepts if filter controls exist\ncy.get('body').then(function ($body) {\n    var hasFilterDropdown = $body.find('select').length > 0;\n    var hasFilterCombobox = $body.find('[role=\"combobox\"]').length > 0;\n    if (hasFilterDropdown) {\n        cy.get('select').first().select(1); // Select the second option\n    }\n    else if (hasFilterCombobox) {\n        cy.get('[role=\"combobox\"]').first().click();\n        cy.get('[role=\"option\"]').first().click();\n    }\n    // Verify filtering had some effect\n    cy.wait(500); // Wait for filtering to apply\n});",
              "err": {},
              "uuid": "baf33821-76c8-4b97-a245-9b1c570558d3",
              "parentUUID": "13886fd5-7c81-498f-b075-bd89d8a869d8",
              "isHook": false,
              "skipped": true
            }
          ],
          "suites": [],
          "passes": [],
          "failures": [
            "070d21ec-f4a6-41ac-8d00-5a9ae5a65724"
          ],
          "pending": [],
          "skipped": [
            "403695e3-2129-4794-a236-44fe55e28b99",
            "baf33821-76c8-4b97-a245-9b1c570558d3"
          ],
          "duration": 16228,
          "root": false,
          "rootEmpty": false,
          "_timeout": 2000
        }
      ],
      "passes": [],
      "failures": [],
      "pending": [],
      "skipped": [],
      "duration": 0,
      "root": true,
      "rootEmpty": true,
      "_timeout": 2000
    }
  ],
  "meta": {
    "mocha": {
      "version": "7.0.1"
    },
    "mochawesome": {
      "options": {
        "quiet": false,
        "reportFilename": "mochawesome",
        "saveHtml": false,
        "saveJson": true,
        "consoleReporter": "spec",
        "useInlineDiffs": false,
        "code": true
      },
      "version": "7.1.3"
    },
    "marge": {
      "options": {
        "id": "default",
        "reportDir": "e2e-testing/reports/mochawesome/.jsons",
        "charts": true,
        "reportPageTitle": "Learning Platform E2E Tests",
        "embeddedScreenshots": true,
        "inlineAssets": true,
        "overwrite": false,
        "html": false,
        "json": true
      },
      "version": "6.2.0"
    }
  }
}