{
  "stats": {
    "suites": 1,
    "tests": 1,
    "passes": 0,
    "pending": 0,
    "failures": 1,
    "start": "2025-03-22T09:10:20.191Z",
    "end": "2025-03-22T09:11:14.000Z",
    "duration": 53809,
    "testsRegistered": 5,
    "passPercent": 0,
    "pendingPercent": 0,
    "other": 0,
    "hasOther": false,
    "skipped": 4,
    "hasSkipped": true
  },
  "results": [
    {
      "uuid": "9b5604c3-8795-422e-9dab-ac02615875dc",
      "title": "",
      "fullFile": "e2e-testing/cypress/e2e/knowledge-spaced-repetition.cy.ts",
      "file": "e2e-testing/cypress/e2e/knowledge-spaced-repetition.cy.ts",
      "beforeHooks": [],
      "afterHooks": [],
      "tests": [],
      "suites": [
        {
          "uuid": "5476c557-b016-4079-990d-ad8ec04561a7",
          "title": "Knowledge Management - Spaced Repetition",
          "fullFile": "",
          "file": "",
          "beforeHooks": [],
          "afterHooks": [],
          "tests": [
            {
              "title": "should display concepts due for review",
              "fullTitle": "Knowledge Management - Spaced Repetition should display concepts due for review",
              "timedOut": null,
              "duration": 16018,
              "state": "failed",
              "speed": null,
              "pass": false,
              "fail": true,
              "pending": false,
              "context": "{\n  \"title\": \"cypress-mochawesome-reporter-screenshots\",\n  \"value\": [\n    [\n      \"/knowledge-spaced-repetition.cy.ts/Knowledge Management - Spaced Repetition -- should display concepts due for review (failed).png\"\n    ],\n    [\n      \"/knowledge-spaced-repetition.cy.ts/Knowledge Management - Spaced Repetition -- should display concepts due for review (failed) (attempt 2).png\"\n    ],\n    [\n      \"/knowledge-spaced-repetition.cy.ts/Knowledge Management - Spaced Repetition -- should display concepts due for review -- before each hook (failed) (attempt 3).png\"\n    ]\n  ]\n}",
              "code": "// Navigate to review section\npage_objects_1.conceptsPage.navigateToReview();\n// Check review dashboard is displayed\ncy.get('[data-testid=\"review-dashboard\"]').should('be.visible');\n// Validate that concepts are displayed\ncy.contains('Machine Learning Fundamentals').should('be.visible');\ncy.contains('Neural Networks').should('be.visible');",
              "err": {
                "message": "AssertionError: Timed out retrying after 15000ms: Expected to find element: `[data-testid=\"concepts-container\"]`, but never found it.\n\nBecause this error occurred during a `before each` hook we are skipping the remaining tests in the current suite: `Knowledge Management - Spac...`",
                "estack": "AssertionError: Timed out retrying after 15000ms: Expected to find element: `[data-testid=\"concepts-container\"]`, but never found it.\n\nBecause this error occurred during a `before each` hook we are skipping the remaining tests in the current suite: `Knowledge Management - Spac...`\n    at Context.eval (webpack:///./cypress/e2e/knowledge-spaced-repetition.cy.ts:15:71)",
                "diff": null
              },
              "uuid": "2c10e4b8-f3d9-4a6e-8614-ec19931db677",
              "parentUUID": "5476c557-b016-4079-990d-ad8ec04561a7",
              "isHook": false,
              "skipped": false
            },
            {
              "title": "should allow reviewing a concept",
              "fullTitle": "Knowledge Management - Spaced Repetition should allow reviewing a concept",
              "timedOut": null,
              "duration": 0,
              "state": "skipped",
              "speed": null,
              "pass": false,
              "fail": false,
              "pending": false,
              "context": null,
              "code": "// Navigate to the review section\npage_objects_1.conceptsPage.navigateToReview();\n// Start a review session\ncy.get('[data-testid=\"start-review-button\"]').click();\n// Check that the review session is displayed\ncy.get('[data-testid=\"review-session\"]').should('be.visible');\n// Rate the recall difficulty (Medium)\ncy.get('[data-testid=\"recall-rating-3\"]').click();\n// Check if review is complete or next concept is shown\ncy.get('body').then(function ($body) {\n    if ($body.find('[data-testid=\"review-complete\"]').length > 0) {\n        // Review is complete, return to dashboard\n        cy.get('[data-testid=\"return-to-dashboard-button\"]').click();\n        cy.get('[data-testid=\"review-dashboard\"]').should('be.visible');\n    }\n    else {\n        // Next concept is shown\n        cy.get('[data-testid=\"concept-content\"]').should('be.visible');\n    }\n});",
              "err": {},
              "uuid": "1c5b7ff6-9de5-4b63-981b-f9b66fad9587",
              "parentUUID": "5476c557-b016-4079-990d-ad8ec04561a7",
              "isHook": false,
              "skipped": true
            },
            {
              "title": "should update concept review schedule based on recall rating",
              "fullTitle": "Knowledge Management - Spaced Repetition should update concept review schedule based on recall rating",
              "timedOut": null,
              "duration": 0,
              "state": "skipped",
              "speed": null,
              "pass": false,
              "fail": false,
              "pending": false,
              "context": null,
              "code": "// Navigate to the review section\npage_objects_1.conceptsPage.navigateToReview();\n// Start a review session\ncy.get('[data-testid=\"start-review-button\"]').click();\n// Rate the recall as easy\ncy.get('[data-testid=\"recall-rating-5\"]').click();\n// Check that we've moved to the next concept or review is complete\ncy.get('body').then(function ($body) {\n    if ($body.find('[data-testid=\"review-complete\"]').length > 0) {\n        // Review is complete\n        cy.get('[data-testid=\"return-to-dashboard-button\"]').click();\n    }\n    else {\n        // Complete the session by rating the next concept\n        cy.get('[data-testid=\"recall-rating-4\"]').click();\n    }\n});\n// Return to review dashboard\ncy.get('body').then(function ($body) {\n    if ($body.find('[data-testid=\"review-complete\"]').length > 0) {\n        cy.get('[data-testid=\"return-to-dashboard-button\"]').click();\n    }\n});\n// Navigate to concepts tab to see the updated schedule\ncy.get('[data-testid=\"nav-concepts\"]').click();\n// Check that the concepts are visible with updated info\ncy.get('[data-testid=\"concepts-list\"]').should('be.visible');\ncy.get('[data-testid=\"concept-item\"]').should('have.length.at.least', 1);",
              "err": {},
              "uuid": "5e4be12a-b283-4d6d-89c2-bd4f78ec7c48",
              "parentUUID": "5476c557-b016-4079-990d-ad8ec04561a7",
              "isHook": false,
              "skipped": true
            },
            {
              "title": "should show review statistics",
              "fullTitle": "Knowledge Management - Spaced Repetition should show review statistics",
              "timedOut": null,
              "duration": 0,
              "state": "skipped",
              "speed": null,
              "pass": false,
              "fail": false,
              "pending": false,
              "context": null,
              "code": "// Navigate to the statistics section\ncy.get('[data-testid=\"nav-knowledge-stats\"]').click();\n// Check that the statistics dashboard is displayed\ncy.get('[data-testid=\"knowledge-statistics\"]').should('be.visible');\n// Check that the key statistics are displayed\ncy.contains('Total Concepts').should('be.visible');\ncy.contains('Due').should('be.visible');",
              "err": {},
              "uuid": "44cfc4df-14f1-4d1a-9f36-ae0b18b8e09e",
              "parentUUID": "5476c557-b016-4079-990d-ad8ec04561a7",
              "isHook": false,
              "skipped": true
            },
            {
              "title": "should allow filtering concepts by review status",
              "fullTitle": "Knowledge Management - Spaced Repetition should allow filtering concepts by review status",
              "timedOut": null,
              "duration": 0,
              "state": "skipped",
              "speed": null,
              "pass": false,
              "fail": false,
              "pending": false,
              "context": null,
              "code": "// Navigate to concepts tab\ncy.get('[data-testid=\"nav-concepts\"]').click();\n// Check that the filter element exists\ncy.get('[data-testid=\"filter-review-status\"]').should('be.visible');\n// Filter by due status\ncy.get('[data-testid=\"filter-review-status\"]').select('due');\n// Check that the filtered list is displayed\ncy.get('[data-testid=\"concepts-list\"]').should('be.visible');",
              "err": {},
              "uuid": "2febf67a-53b8-4ff3-9a70-732db29cfaeb",
              "parentUUID": "5476c557-b016-4079-990d-ad8ec04561a7",
              "isHook": false,
              "skipped": true
            }
          ],
          "suites": [],
          "passes": [],
          "failures": [
            "2c10e4b8-f3d9-4a6e-8614-ec19931db677"
          ],
          "pending": [],
          "skipped": [
            "1c5b7ff6-9de5-4b63-981b-f9b66fad9587",
            "5e4be12a-b283-4d6d-89c2-bd4f78ec7c48",
            "44cfc4df-14f1-4d1a-9f36-ae0b18b8e09e",
            "2febf67a-53b8-4ff3-9a70-732db29cfaeb"
          ],
          "duration": 16018,
          "root": false,
          "rootEmpty": false,
          "_timeout": 2000
        }
      ],
      "passes": [],
      "failures": [],
      "pending": [],
      "skipped": [],
      "duration": 0,
      "root": true,
      "rootEmpty": true,
      "_timeout": 2000
    }
  ],
  "meta": {
    "mocha": {
      "version": "7.0.1"
    },
    "mochawesome": {
      "options": {
        "quiet": false,
        "reportFilename": "mochawesome",
        "saveHtml": false,
        "saveJson": true,
        "consoleReporter": "spec",
        "useInlineDiffs": false,
        "code": true
      },
      "version": "7.1.3"
    },
    "marge": {
      "options": {
        "id": "default",
        "reportDir": "e2e-testing/reports/mochawesome/.jsons",
        "charts": true,
        "reportPageTitle": "Learning Platform E2E Tests",
        "embeddedScreenshots": true,
        "inlineAssets": true,
        "overwrite": false,
        "html": false,
        "json": true
      },
      "version": "6.2.0"
    }
  }
}