{
  "stats": {
    "suites": 1,
    "tests": 3,
    "passes": 2,
    "pending": 0,
    "failures": 1,
    "start": "2025-03-24T12:58:56.161Z",
    "end": "2025-03-24T13:00:01.053Z",
    "duration": 64892,
    "testsRegistered": 3,
    "passPercent": 66.66666666666666,
    "pendingPercent": 0,
    "other": 0,
    "hasOther": false,
    "skipped": 0,
    "hasSkipped": false
  },
  "results": [
    {
      "uuid": "bde79548-9f30-4755-8ff7-e26e6e1501da",
      "title": "",
      "fullFile": "e2e-testing/cypress/e2e/knowledge-test-page.cy.ts",
      "file": "e2e-testing/cypress/e2e/knowledge-test-page.cy.ts",
      "beforeHooks": [],
      "afterHooks": [],
      "tests": [],
      "suites": [
        {
          "uuid": "58b8ebf8-5e2a-4200-8734-eaf6f0d41b48",
          "title": "Knowledge Page",
          "fullFile": "",
          "file": "",
          "beforeHooks": [],
          "afterHooks": [],
          "tests": [
            {
              "title": "should display the knowledge page with basic navigation elements",
              "fullTitle": "Knowledge Page should display the knowledge page with basic navigation elements",
              "timedOut": null,
              "duration": 9086,
              "state": "passed",
              "speed": "medium",
              "pass": true,
              "fail": false,
              "pending": false,
              "context": "{\n  \"title\": \"cypress-mochawesome-reporter-screenshots\",\n  \"value\": [\n    [\n      \"/knowledge-test-page.cy.ts/knowledge-page-initial.png\"\n    ]\n  ]\n}",
              "code": "// Verify the heading exists (more generic)\ncy.get('h1, h2').should('exist');\n// Look for common navigation/tab elements\ncy.get('a, button, [role=\"tab\"]').should('exist');",
              "err": {},
              "uuid": "eac5ceef-1cba-40bb-9946-80d2c36d9aaa",
              "parentUUID": "58b8ebf8-5e2a-4200-8734-eaf6f0d41b48",
              "isHook": false,
              "skipped": false
            },
            {
              "title": "should allow interaction with knowledge content if available",
              "fullTitle": "Knowledge Page should allow interaction with knowledge content if available",
              "timedOut": null,
              "duration": 17858,
              "state": "failed",
              "speed": null,
              "pass": false,
              "fail": true,
              "pending": false,
              "context": "{\n  \"title\": \"cypress-mochawesome-reporter-screenshots\",\n  \"value\": [\n    [\n      \"/knowledge-test-page.cy.ts/knowledge-page-initial (1).png\",\n      \"/knowledge-test-page.cy.ts/Knowledge Page -- should allow interaction with knowledge content if available (failed).png\"\n    ],\n    [\n      \"/knowledge-test-page.cy.ts/knowledge-page-initial (attempt 2).png\",\n      \"/knowledge-test-page.cy.ts/Knowledge Page -- should allow interaction with knowledge content if available (failed) (attempt 2).png\"\n    ],\n    [\n      \"/knowledge-test-page.cy.ts/knowledge-page-initial (attempt 3).png\",\n      \"/knowledge-test-page.cy.ts/Knowledge Page -- should allow interaction with knowledge content if available (failed) (attempt 3).png\"\n    ]\n  ]\n}",
              "code": "// Check if add button exists and is clickable\ncy.get('body').then(function ($body) {\n    var hasAddButton = $body.find('button:contains(\"Add\"), [data-testid*=\"add\"]').length > 0;\n    if (hasAddButton) {\n        cy.get('button:contains(\"Add\"), [data-testid*=\"add\"]').first().click();\n        // Check if a form or modal appears\n        cy.get('form, [role=\"dialog\"], .modal').should('exist');\n        // Close the form/modal by clicking cancel or close button if found\n        cy.get('button:contains(\"Cancel\"), button:contains(\"Close\"), [aria-label=\"Close\"]')\n            .first()\n            .click({ force: true });\n    }\n    else {\n        // If no add button, look for any content elements\n        cy.get('.card, .list-item, [data-testid*=\"item\"], [data-testid*=\"list\"]')\n            .should('exist');\n    }\n});",
              "err": {
                "message": "AssertionError: Timed out retrying after 15000ms: Expected to find element: `.card, .list-item, [data-testid*=\"item\"], [data-testid*=\"list\"]`, but never found it.",
                "estack": "AssertionError: Timed out retrying after 15000ms: Expected to find element: `.card, .list-item, [data-testid*=\"item\"], [data-testid*=\"list\"]`, but never found it.\n    at Context.eval (webpack:///./cypress/e2e/knowledge-test-page.cy.ts:52:0)\n    at getRet (http://localhost:3000/__cypress/runner/cypress_runner.js:118349:20)\n    at tryCatcher (http://localhost:3000/__cypress/runner/cypress_runner.js:1777:23)\n    at Promise.attempt.Promise.try (http://localhost:3000/__cypress/runner/cypress_runner.js:4285:29)\n    at Context.thenFn (http://localhost:3000/__cypress/runner/cypress_runner.js:118360:66)\n    at Context.then (http://localhost:3000/__cypress/runner/cypress_runner.js:118611:21)\n    at wrapped (http://localhost:3000/__cypress/runner/cypress_runner.js:138862:19)",
                "diff": null
              },
              "uuid": "9f82d62a-3975-4d3a-803d-22a53993ea90",
              "parentUUID": "58b8ebf8-5e2a-4200-8734-eaf6f0d41b48",
              "isHook": false,
              "skipped": false
            },
            {
              "title": "should navigate between different sections if navigation exists",
              "fullTitle": "Knowledge Page should navigate between different sections if navigation exists",
              "timedOut": null,
              "duration": 1745,
              "state": "passed",
              "speed": "fast",
              "pass": true,
              "fail": false,
              "pending": false,
              "context": "{\n  \"title\": \"cypress-mochawesome-reporter-screenshots\",\n  \"value\": [\n    [\n      \"/knowledge-test-page.cy.ts/knowledge-page-initial (2).png\"\n    ]\n  ]\n}",
              "code": "// Look for navigation elements\ncy.get('body').then(function ($body) {\n    var hasTabs = $body.find('[role=\"tab\"], .tab, button[data-testid*=\"tab\"]').length > 0;\n    if (hasTabs) {\n        // Click the second tab if it exists\n        cy.get('[role=\"tab\"], .tab, button[data-testid*=\"tab\"]')\n            .eq(1)\n            .click({ force: true });\n        // Verify some content changes\n        cy.get('.tab-content, .content').should('exist');\n    }\n    else {\n        // If no tabs, look for other navigation like sidebar or links\n        cy.get('nav a, .sidebar a, .navigation-item').should('exist');\n    }\n});",
              "err": {},
              "uuid": "3b819202-08d3-446c-84cd-1e45df64ed46",
              "parentUUID": "58b8ebf8-5e2a-4200-8734-eaf6f0d41b48",
              "isHook": false,
              "skipped": false
            }
          ],
          "suites": [],
          "passes": [
            "eac5ceef-1cba-40bb-9946-80d2c36d9aaa",
            "3b819202-08d3-446c-84cd-1e45df64ed46"
          ],
          "failures": [
            "9f82d62a-3975-4d3a-803d-22a53993ea90"
          ],
          "pending": [],
          "skipped": [],
          "duration": 28689,
          "root": false,
          "rootEmpty": false,
          "_timeout": 2000
        }
      ],
      "passes": [],
      "failures": [],
      "pending": [],
      "skipped": [],
      "duration": 0,
      "root": true,
      "rootEmpty": true,
      "_timeout": 2000
    }
  ],
  "meta": {
    "mocha": {
      "version": "7.0.1"
    },
    "mochawesome": {
      "options": {
        "quiet": false,
        "reportFilename": "mochawesome",
        "saveHtml": false,
        "saveJson": true,
        "consoleReporter": "spec",
        "useInlineDiffs": false,
        "code": true
      },
      "version": "7.1.3"
    },
    "marge": {
      "options": {
        "id": "default",
        "reportDir": "e2e-testing/reports/mochawesome/.jsons",
        "charts": true,
        "reportPageTitle": "Learning Platform E2E Tests",
        "embeddedScreenshots": true,
        "inlineAssets": true,
        "overwrite": false,
        "html": false,
        "json": true
      },
      "version": "6.2.0"
    }
  }
}