{
  "stats": {
    "suites": 1,
    "tests": 1,
    "passes": 0,
    "pending": 0,
    "failures": 1,
    "start": "2025-03-24T11:20:11.931Z",
    "end": "2025-03-24T11:21:18.300Z",
    "duration": 66369,
    "testsRegistered": 6,
    "passPercent": 0,
    "pendingPercent": 0,
    "other": 0,
    "hasOther": false,
    "skipped": 5,
    "hasSkipped": true
  },
  "results": [
    {
      "uuid": "d7746971-67bd-4713-9345-5ac6123644e6",
      "title": "",
      "fullFile": "e2e-testing/cypress/e2e/profile.cy.ts",
      "file": "e2e-testing/cypress/e2e/profile.cy.ts",
      "beforeHooks": [],
      "afterHooks": [],
      "tests": [],
      "suites": [
        {
          "uuid": "8accf2b7-4d4b-42e1-ac5a-28a653b37033",
          "title": "User Profile",
          "fullFile": "",
          "file": "",
          "beforeHooks": [],
          "afterHooks": [],
          "tests": [
            {
              "title": "should display user profile information",
              "fullTitle": "User Profile should display user profile information",
              "timedOut": null,
              "duration": 22042,
              "state": "failed",
              "speed": null,
              "pass": false,
              "fail": true,
              "pending": false,
              "context": "{\n  \"title\": \"cypress-mochawesome-reporter-screenshots\",\n  \"value\": [\n    [\n      \"/profile.cy.ts/User Profile -- should display user profile information (failed).png\"\n    ],\n    [\n      \"/profile.cy.ts/User Profile -- should display user profile information (failed) (attempt 2).png\"\n    ],\n    [\n      \"/profile.cy.ts/User Profile -- should display user profile information -- before each hook (failed) (attempt 3).png\"\n    ]\n  ]\n}",
              "code": "// Verify profile info elements are visible and contain correct data\ncy.get('input[name=\"email\"]')\n    .should('be.visible')\n    .and('have.value', testUser.email);\ncy.get('input[name=\"fullName\"]')\n    .should('be.visible')\n    .and('have.value', \"\".concat(testUser.firstName, \" \").concat(testUser.lastName));\n// Take screenshot of profile page\nprofilePage.takeScreenshot('profile-information');",
              "err": {
                "message": "CypressError: Timed out retrying after 20000ms: `cy.wait()` timed out waiting `20000ms` for the 1st request to the route: `getStatistics`. No request ever occurred.\n\nhttps://on.cypress.io/wait\n\nBecause this error occurred during a `before each` hook we are skipping the remaining tests in the current suite: `User Profile`",
                "estack": "CypressError: Timed out retrying after 20000ms: `cy.wait()` timed out waiting `20000ms` for the 1st request to the route: `getStatistics`. No request ever occurred.\n\nhttps://on.cypress.io/wait\n\nBecause this error occurred during a `before each` hook we are skipping the remaining tests in the current suite: `User Profile`\n    at cypressErr (http://localhost:3000/__cypress/runner/cypress_runner.js:75176:18)\n    at Object.errByPath (http://localhost:3000/__cypress/runner/cypress_runner.js:75230:10)\n    at checkForXhr (http://localhost:3000/__cypress/runner/cypress_runner.js:136105:84)\n    at <unknown> (http://localhost:3000/__cypress/runner/cypress_runner.js:136131:28)\n    at tryCatcher (http://localhost:3000/__cypress/runner/cypress_runner.js:1777:23)\n    at Promise.attempt.Promise.try (http://localhost:3000/__cypress/runner/cypress_runner.js:4285:29)\n    at whenStable (http://localhost:3000/__cypress/runner/cypress_runner.js:144517:68)\n    at <unknown> (http://localhost:3000/__cypress/runner/cypress_runner.js:144458:14)\n    at tryCatcher (http://localhost:3000/__cypress/runner/cypress_runner.js:1777:23)\n    at Promise._settlePromiseFromHandler (http://localhost:3000/__cypress/runner/cypress_runner.js:1489:31)\n    at Promise._settlePromise (http://localhost:3000/__cypress/runner/cypress_runner.js:1546:18)\n    at Promise._settlePromise0 (http://localhost:3000/__cypress/runner/cypress_runner.js:1591:10)\n    at Promise._settlePromises (http://localhost:3000/__cypress/runner/cypress_runner.js:1671:18)\n    at Promise._fulfill (http://localhost:3000/__cypress/runner/cypress_runner.js:1615:18)\n    at <unknown> (http://localhost:3000/__cypress/runner/cypress_runner.js:5420:46)",
                "diff": null
              },
              "uuid": "ddaef979-62ef-405c-9a48-c5e21e3dc159",
              "parentUUID": "8accf2b7-4d4b-42e1-ac5a-28a653b37033",
              "isHook": false,
              "skipped": false
            },
            {
              "title": "should allow updating profile information",
              "fullTitle": "User Profile should allow updating profile information",
              "timedOut": null,
              "duration": 0,
              "state": "skipped",
              "speed": null,
              "pass": false,
              "fail": false,
              "pending": false,
              "context": null,
              "code": "// Setup update profile intercept\ncy.intercept('PUT', '/api/users/me', {\n    statusCode: 200,\n    body: {\n        message: 'Profile updated successfully'\n    }\n}).as('updateProfile');\n// Update profile info with unique name\nvar newName = \"Test User \".concat(Date.now());\ncy.get('input[name=\"fullName\"]').clear().type(newName);\ncy.get('button[type=\"submit\"]').click();\n// Wait for update request and verify success message\ncy.wait('@updateProfile');\ncy.contains('Profile updated successfully').should('be.visible');\nprofilePage.takeScreenshot('profile-update-success');",
              "err": {},
              "uuid": "0d586e4d-6ca1-4cc8-92ab-da6ae32c8dc7",
              "parentUUID": "8accf2b7-4d4b-42e1-ac5a-28a653b37033",
              "isHook": false,
              "skipped": true
            },
            {
              "title": "should display account statistics",
              "fullTitle": "User Profile should display account statistics",
              "timedOut": null,
              "duration": 0,
              "state": "skipped",
              "speed": null,
              "pass": false,
              "fail": false,
              "pending": false,
              "context": null,
              "code": "// Click the statistics tab\ncy.get('[data-testid=\"statistics-tab\"]').click();\n// Verify statistics values are displayed in the account-statistics section\ncy.get('[data-testid=\"account-statistics\"]').within(function () {\n    cy.contains('Total Courses Enrolled').parent().find('dd').should('contain', '5');\n    cy.contains('Completed Courses').parent().find('dd').should('contain', '3');\n    cy.contains('Average Score').parent().find('dd').should('contain', '85');\n});\nprofilePage.takeScreenshot('account-statistics');",
              "err": {},
              "uuid": "a43c6a21-d751-434b-acf5-44417880985a",
              "parentUUID": "8accf2b7-4d4b-42e1-ac5a-28a653b37033",
              "isHook": false,
              "skipped": true
            },
            {
              "title": "should handle notification preferences",
              "fullTitle": "User Profile should handle notification preferences",
              "timedOut": null,
              "duration": 0,
              "state": "skipped",
              "speed": null,
              "pass": false,
              "fail": false,
              "pending": false,
              "context": null,
              "code": "// Click the notifications tab\ncy.get('[data-testid=\"notifications-tab\"]').click();\n// Verify notification settings are displayed\ncy.get('[data-testid=\"notifications-settings\"]').should('be.visible');\n// Setup notification preferences update intercept\ncy.intercept('PUT', '/api/users/me/preferences', {\n    statusCode: 200,\n    body: {\n        emailNotifications: false,\n        courseUpdates: true,\n        marketingEmails: false\n    }\n}).as('updatePreferences');\n// Toggle email notifications\ncy.get('[data-testid=\"email-notifications-toggle\"]').click();\n// Wait for update request\ncy.wait('@updatePreferences');\nprofilePage.takeScreenshot('notification-preferences');",
              "err": {},
              "uuid": "f7cb6c61-cbfa-44f5-aa35-704105adf30d",
              "parentUUID": "8accf2b7-4d4b-42e1-ac5a-28a653b37033",
              "isHook": false,
              "skipped": true
            },
            {
              "title": "should handle data export",
              "fullTitle": "User Profile should handle data export",
              "timedOut": null,
              "duration": 0,
              "state": "skipped",
              "speed": null,
              "pass": false,
              "fail": false,
              "pending": false,
              "context": null,
              "code": "// Click the export tab\ncy.get('[data-testid=\"export-tab\"]').click();\n// Setup data export intercept\ncy.intercept('GET', '/api/users/me/export', {\n    statusCode: 200,\n    body: {\n        user: {\n            id: 'user123',\n            username: testUser.username,\n            email: testUser.email\n        },\n        data: {\n            courses: [],\n            progress: {},\n            preferences: {}\n        }\n    }\n}).as('exportData');\n// Click export button and verify loading state\ncy.get('[data-testid=\"data-export\"]').within(function () {\n    cy.get('[data-testid=\"export-data-button\"]')\n        .should('have.text', 'Export My Data')\n        .click()\n        .should('have.text', 'Exporting...');\n});\n// Wait for export request\ncy.wait('@exportData');\nprofilePage.takeScreenshot('data-export');",
              "err": {},
              "uuid": "513aac51-857c-4965-b6dc-22f886bdf2b5",
              "parentUUID": "8accf2b7-4d4b-42e1-ac5a-28a653b37033",
              "isHook": false,
              "skipped": true
            },
            {
              "title": "should handle account deletion flow",
              "fullTitle": "User Profile should handle account deletion flow",
              "timedOut": null,
              "duration": 0,
              "state": "skipped",
              "speed": null,
              "pass": false,
              "fail": false,
              "pending": false,
              "context": null,
              "code": "// Click the account tab\ncy.get('[data-testid=\"account-tab\"]').click();\n// Setup account deletion intercept\ncy.intercept('DELETE', '/api/users/me', {\n    statusCode: 200,\n    body: {\n        message: 'Account deleted successfully'\n    }\n}).as('deleteAccount');\n// Click delete button and verify confirmation dialog\ncy.get('[data-testid=\"delete-account-button\"]').click();\ncy.get('[data-testid=\"delete-account-confirmation\"]').should('be.visible');\nprofilePage.takeScreenshot('account-deletion');",
              "err": {},
              "uuid": "9fa5ee43-fb06-48af-a470-e64ce2cf167f",
              "parentUUID": "8accf2b7-4d4b-42e1-ac5a-28a653b37033",
              "isHook": false,
              "skipped": true
            }
          ],
          "suites": [],
          "passes": [],
          "failures": [
            "ddaef979-62ef-405c-9a48-c5e21e3dc159"
          ],
          "pending": [],
          "skipped": [
            "0d586e4d-6ca1-4cc8-92ab-da6ae32c8dc7",
            "a43c6a21-d751-434b-acf5-44417880985a",
            "f7cb6c61-cbfa-44f5-aa35-704105adf30d",
            "513aac51-857c-4965-b6dc-22f886bdf2b5",
            "9fa5ee43-fb06-48af-a470-e64ce2cf167f"
          ],
          "duration": 22042,
          "root": false,
          "rootEmpty": false,
          "_timeout": 2000
        }
      ],
      "passes": [],
      "failures": [],
      "pending": [],
      "skipped": [],
      "duration": 0,
      "root": true,
      "rootEmpty": true,
      "_timeout": 2000
    }
  ],
  "meta": {
    "mocha": {
      "version": "7.0.1"
    },
    "mochawesome": {
      "options": {
        "quiet": false,
        "reportFilename": "mochawesome",
        "saveHtml": false,
        "saveJson": true,
        "consoleReporter": "spec",
        "useInlineDiffs": false,
        "code": true
      },
      "version": "7.1.3"
    },
    "marge": {
      "options": {
        "id": "default",
        "reportDir": "e2e-testing/reports/mochawesome/.jsons",
        "charts": true,
        "reportPageTitle": "Learning Platform E2E Tests",
        "embeddedScreenshots": true,
        "inlineAssets": true,
        "overwrite": false,
        "html": false,
        "json": true
      },
      "version": "6.2.0"
    }
  }
}