{
  "stats": {
    "suites": 1,
    "tests": 4,
    "passes": 0,
    "pending": 0,
    "failures": 4,
    "start": "2025-03-22T09:18:30.264Z",
    "end": "2025-03-22T09:22:07.405Z",
    "duration": 217141,
    "testsRegistered": 4,
    "passPercent": 0,
    "pendingPercent": 0,
    "other": 0,
    "hasOther": false,
    "skipped": 0,
    "hasSkipped": false
  },
  "results": [
    {
      "uuid": "765c6b44-3694-4120-9315-31e6bc001041",
      "title": "",
      "fullFile": "e2e-testing/cypress/e2e/knowledge-spaced-repetition.cy.ts",
      "file": "e2e-testing/cypress/e2e/knowledge-spaced-repetition.cy.ts",
      "beforeHooks": [],
      "afterHooks": [],
      "tests": [],
      "suites": [
        {
          "uuid": "96df7038-e29f-4716-a045-50e1fbe0f0ad",
          "title": "Knowledge Management - Spaced Repetition",
          "fullFile": "",
          "file": "",
          "beforeHooks": [],
          "afterHooks": [],
          "tests": [
            {
              "title": "should display concepts due for review",
              "fullTitle": "Knowledge Management - Spaced Repetition should display concepts due for review",
              "timedOut": null,
              "duration": 17889,
              "state": "failed",
              "speed": null,
              "pass": false,
              "fail": true,
              "pending": false,
              "context": "{\n  \"title\": \"cypress-mochawesome-reporter-screenshots\",\n  \"value\": [\n    [\n      \"/knowledge-spaced-repetition.cy.ts/spaced-repetition-initial-visit.png\",\n      \"/knowledge-spaced-repetition.cy.ts/Knowledge Management - Spaced Repetition -- should display concepts due for review (failed).png\"\n    ],\n    [\n      \"/knowledge-spaced-repetition.cy.ts/spaced-repetition-initial-visit (attempt 2).png\",\n      \"/knowledge-spaced-repetition.cy.ts/Knowledge Management - Spaced Repetition -- should display concepts due for review (failed) (attempt 2).png\"\n    ],\n    [\n      \"/knowledge-spaced-repetition.cy.ts/spaced-repetition-initial-visit (attempt 3).png\",\n      \"/knowledge-spaced-repetition.cy.ts/Knowledge Management - Spaced Repetition -- should display concepts due for review (failed) (attempt 3).png\"\n    ]\n  ]\n}",
              "code": "// Verify we're on the review tab by default\ncy.get('[data-testid=\"review-dashboard\"]').should('be.visible');\n// Check that the concepts list is displayed\ncy.get('[data-testid=\"concepts-list\"]').should('be.visible');\n// Verify the specific concepts are listed\ncy.contains('Machine Learning Fundamentals').should('be.visible');\ncy.contains('Neural Networks').should('be.visible');\n// Verify the start review button is present\ncy.get('[data-testid=\"start-review-button\"]').should('be.visible');",
              "err": {
                "message": "AssertionError: Timed out retrying after 15000ms: Expected to find element: `[data-testid=\"review-dashboard\"]`, but never found it.",
                "estack": "AssertionError: Timed out retrying after 15000ms: Expected to find element: `[data-testid=\"review-dashboard\"]`, but never found it.\n    at Context.eval (webpack:///./cypress/e2e/knowledge-spaced-repetition.cy.ts:26:0)",
                "diff": null
              },
              "uuid": "2bc5a11e-dbc2-42a6-a9da-36a9bbe82f26",
              "parentUUID": "96df7038-e29f-4716-a045-50e1fbe0f0ad",
              "isHook": false,
              "skipped": false
            },
            {
              "title": "should allow reviewing a concept",
              "fullTitle": "Knowledge Management - Spaced Repetition should allow reviewing a concept",
              "timedOut": null,
              "duration": 18040,
              "state": "failed",
              "speed": null,
              "pass": false,
              "fail": true,
              "pending": false,
              "context": "{\n  \"title\": \"cypress-mochawesome-reporter-screenshots\",\n  \"value\": [\n    [\n      \"/knowledge-spaced-repetition.cy.ts/spaced-repetition-initial-visit (1).png\",\n      \"/knowledge-spaced-repetition.cy.ts/Knowledge Management - Spaced Repetition -- should allow reviewing a concept (failed).png\"\n    ],\n    [\n      \"/knowledge-spaced-repetition.cy.ts/spaced-repetition-initial-visit (attempt 2) (1).png\",\n      \"/knowledge-spaced-repetition.cy.ts/Knowledge Management - Spaced Repetition -- should allow reviewing a concept (failed) (attempt 2).png\"\n    ],\n    [\n      \"/knowledge-spaced-repetition.cy.ts/spaced-repetition-initial-visit (attempt 3) (1).png\",\n      \"/knowledge-spaced-repetition.cy.ts/Knowledge Management - Spaced Repetition -- should allow reviewing a concept (failed) (attempt 3).png\"\n    ]\n  ]\n}",
              "code": "// Start a review session\ncy.get('[data-testid=\"start-review-button\"]').click();\n// Verify the review session is displayed\ncy.get('[data-testid=\"review-session\"]').should('be.visible');\n// Verify the concept details are shown\ncy.get('[data-testid=\"concept-title\"]').should('be.visible')\n    .contains('Machine Learning Fundamentals');\ncy.get('[data-testid=\"concept-content\"]').should('be.visible');\n// Rate the concept recall (Medium difficulty)\ncy.get('[data-testid=\"recall-rating-3\"]').click();\n// Verify the review completion page\ncy.get('[data-testid=\"review-complete\"]').should('be.visible');\n// Return to dashboard\ncy.get('[data-testid=\"return-to-dashboard-button\"]').click();\n// Verify we're back on the dashboard\ncy.get('[data-testid=\"review-dashboard\"]').should('be.visible');",
              "err": {
                "message": "AssertionError: Timed out retrying after 15000ms: Expected to find element: `[data-testid=\"start-review-button\"]`, but never found it.",
                "estack": "AssertionError: Timed out retrying after 15000ms: Expected to find element: `[data-testid=\"start-review-button\"]`, but never found it.\n    at Context.eval (webpack:///./cypress/e2e/knowledge-spaced-repetition.cy.ts:37:0)",
                "diff": null
              },
              "uuid": "cff70391-bdc7-4926-8359-c3bcf9f55800",
              "parentUUID": "96df7038-e29f-4716-a045-50e1fbe0f0ad",
              "isHook": false,
              "skipped": false
            },
            {
              "title": "should show review statistics when navigating to statistics tab",
              "fullTitle": "Knowledge Management - Spaced Repetition should show review statistics when navigating to statistics tab",
              "timedOut": null,
              "duration": 17868,
              "state": "failed",
              "speed": null,
              "pass": false,
              "fail": true,
              "pending": false,
              "context": "{\n  \"title\": \"cypress-mochawesome-reporter-screenshots\",\n  \"value\": [\n    [\n      \"/knowledge-spaced-repetition.cy.ts/spaced-repetition-initial-visit (2).png\",\n      \"/knowledge-spaced-repetition.cy.ts/Knowledge Management - Spaced Repetition -- should show review statistics when navigating to statistics tab (failed).png\"\n    ],\n    [\n      \"/knowledge-spaced-repetition.cy.ts/spaced-repetition-initial-visit (attempt 2) (2).png\",\n      \"/knowledge-spaced-repetition.cy.ts/Knowledge Management - Spaced Repetition -- should show review statistics when navigating to statistics tab (failed) (attempt 2).png\"\n    ],\n    [\n      \"/knowledge-spaced-repetition.cy.ts/spaced-repetition-initial-visit (attempt 3) (2).png\",\n      \"/knowledge-spaced-repetition.cy.ts/Knowledge Management - Spaced Repetition -- should show review statistics when navigating to statistics tab (failed) (attempt 3).png\"\n    ]\n  ]\n}",
              "code": "// Navigate to statistics tab\ncy.get('[data-testid=\"nav-knowledge-stats\"]').click();\n// Verify the statistics dashboard is displayed\ncy.get('[data-testid=\"knowledge-statistics\"]').should('be.visible');\n// Verify key statistics are displayed\ncy.contains('Total Concepts').should('be.visible');\ncy.contains('10').should('be.visible');\ncy.contains('Due').should('be.visible');\ncy.contains('3').should('be.visible');",
              "err": {
                "message": "AssertionError: Timed out retrying after 15000ms: Expected to find element: `[data-testid=\"nav-knowledge-stats\"]`, but never found it.",
                "estack": "AssertionError: Timed out retrying after 15000ms: Expected to find element: `[data-testid=\"nav-knowledge-stats\"]`, but never found it.\n    at Context.eval (webpack:///./cypress/e2e/knowledge-spaced-repetition.cy.ts:55:0)",
                "diff": null
              },
              "uuid": "ced85b5d-a420-47c7-b8a9-15080f01291c",
              "parentUUID": "96df7038-e29f-4716-a045-50e1fbe0f0ad",
              "isHook": false,
              "skipped": false
            },
            {
              "title": "should allow filtering concepts by review status",
              "fullTitle": "Knowledge Management - Spaced Repetition should allow filtering concepts by review status",
              "timedOut": null,
              "duration": 17832,
              "state": "failed",
              "speed": null,
              "pass": false,
              "fail": true,
              "pending": false,
              "context": "{\n  \"title\": \"cypress-mochawesome-reporter-screenshots\",\n  \"value\": [\n    [\n      \"/knowledge-spaced-repetition.cy.ts/spaced-repetition-initial-visit (3).png\",\n      \"/knowledge-spaced-repetition.cy.ts/Knowledge Management - Spaced Repetition -- should allow filtering concepts by review status (failed).png\"\n    ],\n    [\n      \"/knowledge-spaced-repetition.cy.ts/spaced-repetition-initial-visit (attempt 2) (3).png\",\n      \"/knowledge-spaced-repetition.cy.ts/Knowledge Management - Spaced Repetition -- should allow filtering concepts by review status (failed) (attempt 2).png\"\n    ],\n    [\n      \"/knowledge-spaced-repetition.cy.ts/spaced-repetition-initial-visit (attempt 3) (3).png\",\n      \"/knowledge-spaced-repetition.cy.ts/Knowledge Management - Spaced Repetition -- should allow filtering concepts by review status (failed) (attempt 3).png\"\n    ]\n  ]\n}",
              "code": "// Navigate to concepts tab\ncy.get('[data-testid=\"nav-concepts\"]').click();\n// Verify the concepts list is displayed\ncy.get('[data-testid=\"concepts-list\"]').should('be.visible');\n// Filter by review status\ncy.get('[data-testid=\"filter-review-status\"]').select('due');\n// Verify the concepts list is still displayed after filtering\ncy.get('[data-testid=\"concepts-list\"]').should('be.visible');\ncy.get('[data-testid=\"concept-item\"]').should('have.length.at.least', 1);",
              "err": {
                "message": "AssertionError: Timed out retrying after 15000ms: Expected to find element: `[data-testid=\"nav-concepts\"]`, but never found it.",
                "estack": "AssertionError: Timed out retrying after 15000ms: Expected to find element: `[data-testid=\"nav-concepts\"]`, but never found it.\n    at Context.eval (webpack:///./cypress/e2e/knowledge-spaced-repetition.cy.ts:66:0)",
                "diff": null
              },
              "uuid": "766906cc-ee0c-4b70-895e-c9391f899395",
              "parentUUID": "96df7038-e29f-4716-a045-50e1fbe0f0ad",
              "isHook": false,
              "skipped": false
            }
          ],
          "suites": [],
          "passes": [],
          "failures": [
            "2bc5a11e-dbc2-42a6-a9da-36a9bbe82f26",
            "cff70391-bdc7-4926-8359-c3bcf9f55800",
            "ced85b5d-a420-47c7-b8a9-15080f01291c",
            "766906cc-ee0c-4b70-895e-c9391f899395"
          ],
          "pending": [],
          "skipped": [],
          "duration": 71629,
          "root": false,
          "rootEmpty": false,
          "_timeout": 2000
        }
      ],
      "passes": [],
      "failures": [],
      "pending": [],
      "skipped": [],
      "duration": 0,
      "root": true,
      "rootEmpty": true,
      "_timeout": 2000
    }
  ],
  "meta": {
    "mocha": {
      "version": "7.0.1"
    },
    "mochawesome": {
      "options": {
        "quiet": false,
        "reportFilename": "mochawesome",
        "saveHtml": false,
        "saveJson": true,
        "consoleReporter": "spec",
        "useInlineDiffs": false,
        "code": true
      },
      "version": "7.1.3"
    },
    "marge": {
      "options": {
        "id": "default",
        "reportDir": "e2e-testing/reports/mochawesome/.jsons",
        "charts": true,
        "reportPageTitle": "Learning Platform E2E Tests",
        "embeddedScreenshots": true,
        "inlineAssets": true,
        "overwrite": false,
        "html": false,
        "json": true
      },
      "version": "6.2.0"
    }
  }
}