{
  "stats": {
    "suites": 1,
    "tests": 1,
    "passes": 0,
    "pending": 0,
    "failures": 1,
    "start": "2025-03-23T17:34:28.956Z",
    "end": "2025-03-23T17:35:17.427Z",
    "duration": 48471,
    "testsRegistered": 7,
    "passPercent": 0,
    "pendingPercent": 0,
    "other": 0,
    "hasOther": false,
    "skipped": 6,
    "hasSkipped": true
  },
  "results": [
    {
      "uuid": "c4af610d-e1d7-4e34-9d89-e7402fd42c47",
      "title": "",
      "fullFile": "e2e-testing/cypress/e2e/profile.cy.ts",
      "file": "e2e-testing/cypress/e2e/profile.cy.ts",
      "beforeHooks": [],
      "afterHooks": [],
      "tests": [],
      "suites": [
        {
          "uuid": "f66d2313-1eec-4ec5-afdb-51315fe99e83",
          "title": "User Profile",
          "fullFile": "",
          "file": "",
          "beforeHooks": [],
          "afterHooks": [],
          "tests": [
            {
              "title": "should display user profile information",
              "fullTitle": "User Profile should display user profile information",
              "timedOut": null,
              "duration": 15929,
              "state": "failed",
              "speed": null,
              "pass": false,
              "fail": true,
              "pending": false,
              "context": "{\n  \"title\": \"cypress-mochawesome-reporter-screenshots\",\n  \"value\": [\n    [\n      \"/profile.cy.ts/User Profile -- should display user profile information (failed).png\"\n    ],\n    [\n      \"/profile.cy.ts/User Profile -- should display user profile information (failed) (attempt 2).png\"\n    ],\n    [\n      \"/profile.cy.ts/User Profile -- should display user profile information -- before each hook (failed) (attempt 3).png\"\n    ]\n  ]\n}",
              "code": "// Log test start\ncy.log('Starting profile information test');\n// Wait for profile info elements to be visible\ncy.log('Waiting for profile info elements');\ncy.get('[data-testid=\"profile-info\"]', { timeout: 15000 }).should('be.visible').then(function ($el) {\n    cy.log(\"Found profile-info element: \".concat($el.length > 0));\n});\ncy.get('[data-testid=\"profile-username\"]', { timeout: 15000 }).should('be.visible').then(function ($el) {\n    cy.log(\"Found profile-username element: \".concat($el.length > 0));\n});\ncy.get('[data-testid=\"profile-email\"]', { timeout: 15000 }).should('be.visible').then(function ($el) {\n    cy.log(\"Found profile-email element: \".concat($el.length > 0));\n});\n// Take screenshot of profile page\ncy.log('Taking screenshot');\nprofilePage.takeScreenshot('profile-information');",
              "err": {
                "message": "AssertionError: Timed out retrying after 15000ms: Expected to find element: `[data-testid=\"profile-info\"]`, but never found it.\n\nBecause this error occurred during a `before each` hook we are skipping the remaining tests in the current suite: `User Profile`",
                "estack": "AssertionError: Timed out retrying after 15000ms: Expected to find element: `[data-testid=\"profile-info\"]`, but never found it.\n\nBecause this error occurred during a `before each` hook we are skipping the remaining tests in the current suite: `User Profile`\n    at __webpack_modules__../cypress/support/page-objects/ProfilePage.ts.ProfilePage.visitProfile (webpack:///./cypress/support/page-objects/ProfilePage.ts:101:66)\n    at Context.eval (webpack:///./cypress/e2e/profile.cy.ts:72:0)",
                "diff": null
              },
              "uuid": "4ef555d8-ce37-4a73-a001-34641a6127e8",
              "parentUUID": "f66d2313-1eec-4ec5-afdb-51315fe99e83",
              "isHook": false,
              "skipped": false
            },
            {
              "title": "should allow updating profile information if editable",
              "fullTitle": "User Profile should allow updating profile information if editable",
              "timedOut": null,
              "duration": 0,
              "state": "skipped",
              "speed": null,
              "pass": false,
              "fail": false,
              "pending": false,
              "context": null,
              "code": "// Wait for profile form to be visible\ncy.get('[data-testid=\"profile-form\"]', { timeout: 15000 }).should('be.visible');\n// Update profile info with unique name\nvar newName = \"Test User \".concat(Date.now());\ncy.get('[data-testid=\"profile-full-name\"]').clear().type(newName);\ncy.get('[data-testid=\"save-profile-button\"]').click();\n// Wait for success message\ncy.get('[data-testid=\"profile-success\"]', { timeout: 15000 }).should('be.visible');\nprofilePage.takeScreenshot('profile-update-success');",
              "err": {},
              "uuid": "30845b2f-8ef1-4e17-8db4-971821e3d7b1",
              "parentUUID": "f66d2313-1eec-4ec5-afdb-51315fe99e83",
              "isHook": false,
              "skipped": true
            },
            {
              "title": "should allow changing password if feature available",
              "fullTitle": "User Profile should allow changing password if feature available",
              "timedOut": null,
              "duration": 0,
              "state": "skipped",
              "speed": null,
              "pass": false,
              "fail": false,
              "pending": false,
              "context": null,
              "code": "// Click the password tab and wait for form\ncy.get('[data-testid=\"password-tab\"]', { timeout: 15000 }).should('be.visible').click();\ncy.get('[data-testid=\"password-form\"]', { timeout: 15000 }).should('be.visible');\n// Fill in password form\ncy.get('[data-testid=\"current-password-input\"]').type(testUser.password);\ncy.get('[data-testid=\"new-password-input\"]').type(newPassword);\ncy.get('[data-testid=\"confirm-password-input\"]').type(newPassword);\n// Submit form\ncy.get('[data-testid=\"save-password-button\"]').click();\n// Wait for success message\ncy.get('[data-testid=\"success-notification\"]', { timeout: 15000 }).should('be.visible');\nprofilePage.takeScreenshot('password-change-success');",
              "err": {},
              "uuid": "520cc273-f782-4f10-96af-420b76584477",
              "parentUUID": "f66d2313-1eec-4ec5-afdb-51315fe99e83",
              "isHook": false,
              "skipped": true
            },
            {
              "title": "should display account statistics if available",
              "fullTitle": "User Profile should display account statistics if available",
              "timedOut": null,
              "duration": 0,
              "state": "skipped",
              "speed": null,
              "pass": false,
              "fail": false,
              "pending": false,
              "context": null,
              "code": "// Click the statistics tab and wait for content\ncy.get('[data-testid=\"statistics-tab\"]', { timeout: 15000 }).should('be.visible').click();\ncy.get('[data-testid=\"account-statistics\"]', { timeout: 15000 }).should('be.visible');\nprofilePage.takeScreenshot('account-statistics');\n// Verify statistics values\ncy.contains('Total Courses Enrolled').parent().find('dd').should('contain', '5');\ncy.contains('Completed Courses').parent().find('dd').should('contain', '3');\ncy.contains('Average Score').parent().find('dd').should('contain', '85');\ncy.contains('Total Time Spent').parent().find('dd').should('contain', '24');",
              "err": {},
              "uuid": "1fae2f85-43ed-4cd1-b924-305652df3de4",
              "parentUUID": "f66d2313-1eec-4ec5-afdb-51315fe99e83",
              "isHook": false,
              "skipped": true
            },
            {
              "title": "should display notification preferences if available",
              "fullTitle": "User Profile should display notification preferences if available",
              "timedOut": null,
              "duration": 0,
              "state": "skipped",
              "speed": null,
              "pass": false,
              "fail": false,
              "pending": false,
              "context": null,
              "code": "// Click the notifications tab and wait for content\ncy.get('[data-testid=\"notifications-tab\"]', { timeout: 15000 }).should('be.visible').click();\ncy.get('[data-testid=\"notifications-settings\"]', { timeout: 15000 }).should('be.visible');\nprofilePage.takeScreenshot('notification-preferences');\n// Toggle email notifications\ncy.get('[data-testid=\"email-notifications-toggle\"]').click();\n// Check if the toggle state changed\ncy.get('[data-testid=\"email-notifications-toggle\"]').should('have.attr', 'aria-checked', 'false');",
              "err": {},
              "uuid": "107fb7fa-80f2-4832-9d12-cb1010975d48",
              "parentUUID": "f66d2313-1eec-4ec5-afdb-51315fe99e83",
              "isHook": false,
              "skipped": true
            },
            {
              "title": "should allow exporting user data",
              "fullTitle": "User Profile should allow exporting user data",
              "timedOut": null,
              "duration": 0,
              "state": "skipped",
              "speed": null,
              "pass": false,
              "fail": false,
              "pending": false,
              "context": null,
              "code": "// Click the export tab and wait for content\ncy.get('[data-testid=\"export-tab\"]', { timeout: 15000 }).should('be.visible').click();\ncy.get('[data-testid=\"data-export\"]', { timeout: 15000 }).should('be.visible');\nprofilePage.takeScreenshot('data-export');\n// Click export button\ncy.get('[data-testid=\"export-data-button\"]').click();\n// Verify the button shows loading state\ncy.get('[data-testid=\"export-data-button\"]').should('contain', 'Exporting...');",
              "err": {},
              "uuid": "be446de0-8454-457e-bc49-38c316fde7e6",
              "parentUUID": "f66d2313-1eec-4ec5-afdb-51315fe99e83",
              "isHook": false,
              "skipped": true
            },
            {
              "title": "should display account deletion option",
              "fullTitle": "User Profile should display account deletion option",
              "timedOut": null,
              "duration": 0,
              "state": "skipped",
              "speed": null,
              "pass": false,
              "fail": false,
              "pending": false,
              "context": null,
              "code": "// Click the account tab and wait for content\ncy.get('[data-testid=\"account-tab\"]', { timeout: 15000 }).should('be.visible').click();\ncy.get('[data-testid=\"delete-account-section\"]', { timeout: 15000 }).should('be.visible');\nprofilePage.takeScreenshot('account-settings');\n// Click delete account button\ncy.get('[data-testid=\"delete-account-button\"]').click();\n// Verify confirmation dialog appears\ncy.get('[data-testid=\"delete-account-confirmation\"]', { timeout: 15000 }).should('be.visible');",
              "err": {},
              "uuid": "4439753b-45fc-455a-b57a-862bd8a602b6",
              "parentUUID": "f66d2313-1eec-4ec5-afdb-51315fe99e83",
              "isHook": false,
              "skipped": true
            }
          ],
          "suites": [],
          "passes": [],
          "failures": [
            "4ef555d8-ce37-4a73-a001-34641a6127e8"
          ],
          "pending": [],
          "skipped": [
            "30845b2f-8ef1-4e17-8db4-971821e3d7b1",
            "520cc273-f782-4f10-96af-420b76584477",
            "1fae2f85-43ed-4cd1-b924-305652df3de4",
            "107fb7fa-80f2-4832-9d12-cb1010975d48",
            "be446de0-8454-457e-bc49-38c316fde7e6",
            "4439753b-45fc-455a-b57a-862bd8a602b6"
          ],
          "duration": 15929,
          "root": false,
          "rootEmpty": false,
          "_timeout": 2000
        }
      ],
      "passes": [],
      "failures": [],
      "pending": [],
      "skipped": [],
      "duration": 0,
      "root": true,
      "rootEmpty": true,
      "_timeout": 2000
    }
  ],
  "meta": {
    "mocha": {
      "version": "7.0.1"
    },
    "mochawesome": {
      "options": {
        "quiet": false,
        "reportFilename": "mochawesome",
        "saveHtml": false,
        "saveJson": true,
        "consoleReporter": "spec",
        "useInlineDiffs": false,
        "code": true
      },
      "version": "7.1.3"
    },
    "marge": {
      "options": {
        "id": "default",
        "reportDir": "e2e-testing/reports/mochawesome/.jsons",
        "charts": true,
        "reportPageTitle": "Learning Platform E2E Tests",
        "embeddedScreenshots": true,
        "inlineAssets": true,
        "overwrite": false,
        "html": false,
        "json": true
      },
      "version": "6.2.0"
    }
  }
}