{
  "stats": {
    "suites": 1,
    "tests": 1,
    "passes": 1,
    "pending": 0,
    "failures": 0,
    "start": "2025-03-23T21:51:04.598Z",
    "end": "2025-03-23T21:51:08.190Z",
    "duration": 3592,
    "testsRegistered": 1,
    "passPercent": 100,
    "pendingPercent": 0,
    "other": 0,
    "hasOther": false,
    "skipped": 0,
    "hasSkipped": false
  },
  "results": [
    {
      "uuid": "c9b54ff7-a284-46a4-9b00-f6a07750ac72",
      "title": "",
      "fullFile": "e2e-testing/cypress/e2e/test-page.cy.ts",
      "file": "e2e-testing/cypress/e2e/test-page.cy.ts",
      "beforeHooks": [],
      "afterHooks": [],
      "tests": [],
      "suites": [
        {
          "uuid": "fe654048-0e12-4643-9e7f-171dfb3414c4",
          "title": "E2E Test Page",
          "fullFile": "",
          "file": "",
          "beforeHooks": [],
          "afterHooks": [],
          "tests": [
            {
              "title": "should show the test page content",
              "fullTitle": "E2E Test Page should show the test page content",
              "timedOut": null,
              "duration": 3510,
              "state": "passed",
              "speed": "fast",
              "pass": true,
              "fail": false,
              "pending": false,
              "context": "{\n  \"title\": \"cypress-mochawesome-reporter-screenshots\",\n  \"value\": [\n    [\n      \"/test-page.cy.ts/test-page-initial.png\",\n      \"/test-page.cy.ts/test-page-content.png\"\n    ]\n  ]\n}",
              "code": "// Check the current URL\ncy.url().then(function (url) {\n    cy.log(\"Current URL: \".concat(url));\n    // Take another screenshot showing the page content\n    cy.screenshot('test-page-content');\n    // Check for basic elements on the page\n    cy.get('body').then(function ($body) {\n        // Log the HTML content for debugging\n        cy.log(\"Body HTML: \".concat($body.html().substring(0, 300), \"...\"));\n    });\n});",
              "err": {},
              "uuid": "8c6aa806-1418-4b25-94ea-9035428c5096",
              "parentUUID": "fe654048-0e12-4643-9e7f-171dfb3414c4",
              "isHook": false,
              "skipped": false
            }
          ],
          "suites": [],
          "passes": [
            "8c6aa806-1418-4b25-94ea-9035428c5096"
          ],
          "failures": [],
          "pending": [],
          "skipped": [],
          "duration": 3510,
          "root": false,
          "rootEmpty": false,
          "_timeout": 2000
        }
      ],
      "passes": [],
      "failures": [],
      "pending": [],
      "skipped": [],
      "duration": 0,
      "root": true,
      "rootEmpty": true,
      "_timeout": 2000
    }
  ],
  "meta": {
    "mocha": {
      "version": "7.0.1"
    },
    "mochawesome": {
      "options": {
        "quiet": false,
        "reportFilename": "mochawesome",
        "saveHtml": false,
        "saveJson": true,
        "consoleReporter": "spec",
        "useInlineDiffs": false,
        "code": true
      },
      "version": "7.1.3"
    },
    "marge": {
      "options": {
        "id": "default",
        "reportDir": "e2e-testing/reports/mochawesome/.jsons",
        "charts": true,
        "reportPageTitle": "Learning Platform E2E Tests",
        "embeddedScreenshots": true,
        "inlineAssets": true,
        "overwrite": false,
        "html": false,
        "json": true
      },
      "version": "6.2.0"
    }
  }
}