{
  "stats": {
    "suites": 1,
    "tests": 4,
    "passes": 0,
    "pending": 0,
    "failures": 4,
    "start": "2025-03-25T12:25:46.486Z",
    "end": "2025-03-25T12:29:08.386Z",
    "duration": 201900,
    "testsRegistered": 4,
    "passPercent": 0,
    "pendingPercent": 0,
    "other": 0,
    "hasOther": false,
    "skipped": 0,
    "hasSkipped": false
  },
  "results": [
    {
      "uuid": "6aeb374a-ee61-4fbc-97df-5cb2125d1d8c",
      "title": "",
      "fullFile": "e2e-testing/cypress/e2e/notes.cy.ts",
      "file": "e2e-testing/cypress/e2e/notes.cy.ts",
      "beforeHooks": [],
      "afterHooks": [],
      "tests": [],
      "suites": [
        {
          "uuid": "0f8210c9-4f48-49e5-9815-0d0a4ffccd26",
          "title": "Notes Management E2E Tests",
          "fullFile": "",
          "file": "",
          "beforeHooks": [],
          "afterHooks": [],
          "tests": [
            {
              "title": "should support complete notes workflow",
              "fullTitle": "Notes Management E2E Tests should support complete notes workflow",
              "timedOut": null,
              "duration": 17011,
              "state": "failed",
              "speed": null,
              "pass": false,
              "fail": true,
              "pending": false,
              "context": "{\n  \"title\": \"cypress-mochawesome-reporter-screenshots\",\n  \"value\": [\n    [\n      \"/notes.cy.ts/Notes Management E2E Tests -- should support complete notes workflow (failed).png\"\n    ],\n    [\n      \"/notes.cy.ts/Notes Management E2E Tests -- should support complete notes workflow (failed) (attempt 2).png\"\n    ],\n    [\n      \"/notes.cy.ts/Notes Management E2E Tests -- should support complete notes workflow (failed) (attempt 3).png\"\n    ]\n  ]\n}",
              "code": "// Create a new note\nnotesPage.clickAddNote();\nvar noteTitle = \"Test Note \".concat(Date.now());\nnotesPage.fillNoteForm({\n    title: noteTitle,\n    content: 'This is a test note created by Cypress',\n    tags: ['test', 'cypress']\n});\nnotesPage.submitNoteForm();\nnotesPage.verifySuccessNotification();\nnotesPage.verifyNoteExists(noteTitle);\n// Filter by tag\nnotesPage.filterByTag('test');\nnotesPage.verifyNoteExists(noteTitle);\n// Search for note\nnotesPage.searchNotes(noteTitle);\nnotesPage.verifyNoteExists(noteTitle);\n// Delete note\nnotesPage.deleteNote(noteTitle);\nnotesPage.verifySuccessNotification();\nnotesPage.verifyNoteNotExists(noteTitle);",
              "err": {
                "message": "AssertionError: Timed out retrying after 15000ms: Expected to find element: `[data-testid=\"note-content-input\"]`, but never found it.",
                "estack": "AssertionError: Timed out retrying after 15000ms: Expected to find element: `[data-testid=\"note-content-input\"]`, but never found it.\n    at Object.fillNoteForm (webpack:///./cypress/e2e/notes.cy.ts:35:0)\n    at Context.eval (webpack:///./cypress/e2e/notes.cy.ts:95:0)",
                "diff": null
              },
              "uuid": "d13782d7-e7c3-4aeb-a5d5-4d2369f3801a",
              "parentUUID": "0f8210c9-4f48-49e5-9815-0d0a4ffccd26",
              "isHook": false,
              "skipped": false
            },
            {
              "title": "should handle error states gracefully",
              "fullTitle": "Notes Management E2E Tests should handle error states gracefully",
              "timedOut": null,
              "duration": 16379,
              "state": "failed",
              "speed": null,
              "pass": false,
              "fail": true,
              "pending": false,
              "context": "{\n  \"title\": \"cypress-mochawesome-reporter-screenshots\",\n  \"value\": [\n    [\n      \"/notes.cy.ts/Notes Management E2E Tests -- should handle error states gracefully (failed).png\"\n    ],\n    [\n      \"/notes.cy.ts/Notes Management E2E Tests -- should handle error states gracefully (failed) (attempt 2).png\"\n    ],\n    [\n      \"/notes.cy.ts/Notes Management E2E Tests -- should handle error states gracefully (failed) (attempt 3).png\"\n    ]\n  ]\n}",
              "code": "// Test empty form submission\nnotesPage.clickAddNote();\nnotesPage.submitNoteForm();\ncy.get('[data-testid=\"form-error\"]').should('be.visible');\n// Test duplicate title error\ncy.intercept('POST', '/api/users/notes', {\n    statusCode: 409,\n    body: { error: 'Note with this title already exists' }\n}).as('createDuplicateNote');\nnotesPage.fillNoteForm({\n    title: 'Duplicate Note',\n    content: 'This should fail'\n});\nnotesPage.submitNoteForm();\ncy.wait('@createDuplicateNote');\nnotesPage.verifyErrorNotification();",
              "err": {
                "message": "AssertionError: Timed out retrying after 15000ms: Expected to find element: `[data-testid=\"form-error\"]`, but never found it.",
                "estack": "AssertionError: Timed out retrying after 15000ms: Expected to find element: `[data-testid=\"form-error\"]`, but never found it.\n    at Context.eval (webpack:///./cypress/e2e/notes.cy.ts:118:0)",
                "diff": null
              },
              "uuid": "5bf602ba-e394-408e-a297-68e013285f6f",
              "parentUUID": "0f8210c9-4f48-49e5-9815-0d0a4ffccd26",
              "isHook": false,
              "skipped": false
            },
            {
              "title": "should support note organization",
              "fullTitle": "Notes Management E2E Tests should support note organization",
              "timedOut": null,
              "duration": 16775,
              "state": "failed",
              "speed": null,
              "pass": false,
              "fail": true,
              "pending": false,
              "context": "{\n  \"title\": \"cypress-mochawesome-reporter-screenshots\",\n  \"value\": [\n    [\n      \"/notes.cy.ts/Notes Management E2E Tests -- should support note organization (failed).png\"\n    ],\n    [\n      \"/notes.cy.ts/Notes Management E2E Tests -- should support note organization (failed) (attempt 2).png\"\n    ],\n    [\n      \"/notes.cy.ts/Notes Management E2E Tests -- should support note organization (failed) (attempt 3).png\"\n    ]\n  ]\n}",
              "code": "// Create multiple notes with different tags\nvar notes = [\n    { title: \"Note A \".concat(Date.now()), content: 'Content A', tags: ['work', 'important'] },\n    { title: \"Note B \".concat(Date.now()), content: 'Content B', tags: ['personal'] },\n    { title: \"Note C \".concat(Date.now()), content: 'Content C', tags: ['work'] }\n];\nnotes.forEach(function (note) {\n    notesPage.clickAddNote();\n    notesPage.fillNoteForm(note);\n    notesPage.submitNoteForm();\n    notesPage.verifySuccessNotification();\n});\n// Test tag filtering\nnotesPage.filterByTag('work');\nnotesPage.verifyNoteExists(notes[0].title);\nnotesPage.verifyNoteNotExists(notes[1].title);\nnotesPage.verifyNoteExists(notes[2].title);\n// Test search functionality\nnotesPage.searchNotes('Content B');\nnotesPage.verifyNoteExists(notes[1].title);\nnotesPage.verifyNoteNotExists(notes[0].title);",
              "err": {
                "message": "AssertionError: Timed out retrying after 15000ms: Expected to find element: `[data-testid=\"note-content-input\"]`, but never found it.",
                "estack": "AssertionError: Timed out retrying after 15000ms: Expected to find element: `[data-testid=\"note-content-input\"]`, but never found it.\n    at Object.fillNoteForm (webpack:///./cypress/e2e/notes.cy.ts:35:0)\n    at eval (webpack:///./cypress/e2e/notes.cy.ts:141:0)\nat Array.forEach (<anonymous>)\n    at Context.eval (webpack:///./cypress/e2e/notes.cy.ts:139:0)",
                "diff": null
              },
              "uuid": "cf4e2a61-bc7f-42b0-8024-cb21015134c3",
              "parentUUID": "0f8210c9-4f48-49e5-9815-0d0a4ffccd26",
              "isHook": false,
              "skipped": false
            },
            {
              "title": "should handle network errors gracefully",
              "fullTitle": "Notes Management E2E Tests should handle network errors gracefully",
              "timedOut": null,
              "duration": 16779,
              "state": "failed",
              "speed": null,
              "pass": false,
              "fail": true,
              "pending": false,
              "context": "{\n  \"title\": \"cypress-mochawesome-reporter-screenshots\",\n  \"value\": [\n    [\n      \"/notes.cy.ts/Notes Management E2E Tests -- should handle network errors gracefully (failed).png\"\n    ],\n    [\n      \"/notes.cy.ts/Notes Management E2E Tests -- should handle network errors gracefully (failed) (attempt 2).png\"\n    ],\n    [\n      \"/notes.cy.ts/Notes Management E2E Tests -- should handle network errors gracefully (failed) (attempt 3).png\"\n    ]\n  ]\n}",
              "code": "// Test API failure\ncy.intercept('POST', '/api/users/notes', {\n    statusCode: 500,\n    body: { error: 'Internal server error' }\n}).as('createNoteError');\nnotesPage.clickAddNote();\nnotesPage.fillNoteForm({\n    title: 'Network Error Test',\n    content: 'This should fail'\n});\nnotesPage.submitNoteForm();\ncy.wait('@createNoteError');\nnotesPage.verifyErrorNotification();",
              "err": {
                "message": "AssertionError: Timed out retrying after 15000ms: Expected to find element: `[data-testid=\"note-content-input\"]`, but never found it.",
                "estack": "AssertionError: Timed out retrying after 15000ms: Expected to find element: `[data-testid=\"note-content-input\"]`, but never found it.\n    at Object.fillNoteForm (webpack:///./cypress/e2e/notes.cy.ts:35:0)\n    at Context.eval (webpack:///./cypress/e2e/notes.cy.ts:162:0)",
                "diff": null
              },
              "uuid": "fb0b82b6-8e5e-4b73-a112-c7913153486c",
              "parentUUID": "0f8210c9-4f48-49e5-9815-0d0a4ffccd26",
              "isHook": false,
              "skipped": false
            }
          ],
          "suites": [],
          "passes": [],
          "failures": [
            "d13782d7-e7c3-4aeb-a5d5-4d2369f3801a",
            "5bf602ba-e394-408e-a297-68e013285f6f",
            "cf4e2a61-bc7f-42b0-8024-cb21015134c3",
            "fb0b82b6-8e5e-4b73-a112-c7913153486c"
          ],
          "pending": [],
          "skipped": [],
          "duration": 66944,
          "root": false,
          "rootEmpty": false,
          "_timeout": 2000
        }
      ],
      "passes": [],
      "failures": [],
      "pending": [],
      "skipped": [],
      "duration": 0,
      "root": true,
      "rootEmpty": true,
      "_timeout": 2000
    }
  ],
  "meta": {
    "mocha": {
      "version": "7.0.1"
    },
    "mochawesome": {
      "options": {
        "quiet": false,
        "reportFilename": "mochawesome",
        "saveHtml": false,
        "saveJson": true,
        "consoleReporter": "spec",
        "useInlineDiffs": false,
        "code": true
      },
      "version": "7.1.3"
    },
    "marge": {
      "options": {
        "id": "default",
        "reportDir": "e2e-testing/reports/mochawesome/.jsons",
        "charts": true,
        "reportPageTitle": "Learning Platform E2E Tests",
        "embeddedScreenshots": true,
        "inlineAssets": true,
        "overwrite": false,
        "html": false,
        "json": true
      },
      "version": "6.2.0"
    }
  }
}