{
  "stats": {
    "suites": 1,
    "tests": 3,
    "passes": 0,
    "pending": 0,
    "failures": 3,
    "start": "2025-03-25T11:42:17.659Z",
    "end": "2025-03-25T11:44:57.332Z",
    "duration": 159673,
    "testsRegistered": 3,
    "passPercent": 0,
    "pendingPercent": 0,
    "other": 0,
    "hasOther": false,
    "skipped": 0,
    "hasSkipped": false
  },
  "results": [
    {
      "uuid": "eedb653b-1383-4cfe-8458-a37381520fd8",
      "title": "",
      "fullFile": "e2e-testing/cypress/e2e/notes.cy.ts",
      "file": "e2e-testing/cypress/e2e/notes.cy.ts",
      "beforeHooks": [],
      "afterHooks": [],
      "tests": [],
      "suites": [
        {
          "uuid": "2d042d8d-3177-4028-aac2-4f61fb8c076e",
          "title": "Notes Management E2E Tests",
          "fullFile": "",
          "file": "",
          "beforeHooks": [],
          "afterHooks": [],
          "tests": [
            {
              "title": "should support complete notes workflow",
              "fullTitle": "Notes Management E2E Tests should support complete notes workflow",
              "timedOut": null,
              "duration": 18166,
              "state": "failed",
              "speed": null,
              "pass": false,
              "fail": true,
              "pending": false,
              "context": "{\n  \"title\": \"cypress-mochawesome-reporter-screenshots\",\n  \"value\": [\n    [\n      \"/notes.cy.ts/Notes Management E2E Tests -- should support complete notes workflow (failed).png\"\n    ],\n    [\n      \"/notes.cy.ts/Notes Management E2E Tests -- should support complete notes workflow (failed) (attempt 2).png\"\n    ],\n    [\n      \"/notes.cy.ts/Notes Management E2E Tests -- should support complete notes workflow (failed) (attempt 3).png\"\n    ]\n  ]\n}",
              "code": "// Create a new note\nnotesPage.clickAddNote();\nvar noteTitle = \"Test Note \".concat(Date.now());\nnotesPage.fillNoteForm({\n    title: noteTitle,\n    content: 'This is a test note created by Cypress',\n    tags: ['test', 'cypress']\n});\nnotesPage.submitNoteForm();\n// Verify note was created\ncy.get('[data-testid=\"success-notification\"]').should('exist');\ncy.get(\"[data-testid=\\\"note-item\\\"]:contains(\\\"\".concat(noteTitle, \"\\\")\")).should('exist');\n// Filter by tag\nnotesPage.filterByTag('test');\ncy.get(\"[data-testid=\\\"note-item\\\"]:contains(\\\"\".concat(noteTitle, \"\\\")\")).should('exist');\n// Search for note\nnotesPage.searchNotes(noteTitle);\ncy.get(\"[data-testid=\\\"note-item\\\"]:contains(\\\"\".concat(noteTitle, \"\\\")\")).should('exist');\n// Delete note\nnotesPage.deleteNote(noteTitle);\ncy.get('[data-testid=\"success-notification\"]').should('exist');\ncy.get(\"[data-testid=\\\"note-item\\\"]:contains(\\\"\".concat(noteTitle, \"\\\")\")).should('not.exist');",
              "err": {
                "message": "AssertionError: Timed out retrying after 15000ms: Expected to find element: `[data-testid=\"success-notification\"]`, but never found it.",
                "estack": "AssertionError: Timed out retrying after 15000ms: Expected to find element: `[data-testid=\"success-notification\"]`, but never found it.\n    at Context.eval (webpack:///./cypress/e2e/notes.cy.ts:74:0)",
                "diff": null
              },
              "uuid": "7fd9cf9c-3e46-4852-b8a2-0a6170473e80",
              "parentUUID": "2d042d8d-3177-4028-aac2-4f61fb8c076e",
              "isHook": false,
              "skipped": false
            },
            {
              "title": "should handle error states gracefully",
              "fullTitle": "Notes Management E2E Tests should handle error states gracefully",
              "timedOut": null,
              "duration": 16818,
              "state": "failed",
              "speed": null,
              "pass": false,
              "fail": true,
              "pending": false,
              "context": "{\n  \"title\": \"cypress-mochawesome-reporter-screenshots\",\n  \"value\": [\n    [\n      \"/notes.cy.ts/Notes Management E2E Tests -- should handle error states gracefully (failed).png\"\n    ],\n    [\n      \"/notes.cy.ts/Notes Management E2E Tests -- should handle error states gracefully (failed) (attempt 2).png\"\n    ],\n    [\n      \"/notes.cy.ts/Notes Management E2E Tests -- should handle error states gracefully (failed) (attempt 3).png\"\n    ]\n  ]\n}",
              "code": "// Test empty form submission\nnotesPage.clickAddNote();\nnotesPage.submitNoteForm();\ncy.get('[data-testid=\"form-error\"]').should('exist');\n// Test duplicate title\nvar noteTitle = \"Duplicate Note \".concat(Date.now());\nnotesPage.fillNoteForm({\n    title: noteTitle,\n    content: 'First note'\n});\nnotesPage.submitNoteForm();\n// Try to create another note with the same title\nnotesPage.clickAddNote();\nnotesPage.fillNoteForm({\n    title: noteTitle,\n    content: 'Second note'\n});\nnotesPage.submitNoteForm();\ncy.get('[data-testid=\"error-notification\"]').should('exist');",
              "err": {
                "message": "AssertionError: Timed out retrying after 15000ms: Expected to find element: `[data-testid=\"form-error\"]`, but never found it.",
                "estack": "AssertionError: Timed out retrying after 15000ms: Expected to find element: `[data-testid=\"form-error\"]`, but never found it.\n    at Context.eval (webpack:///./cypress/e2e/notes.cy.ts:91:0)",
                "diff": null
              },
              "uuid": "a4978916-bde0-4fec-89b0-cbd505d65e15",
              "parentUUID": "2d042d8d-3177-4028-aac2-4f61fb8c076e",
              "isHook": false,
              "skipped": false
            },
            {
              "title": "should support note organization",
              "fullTitle": "Notes Management E2E Tests should support note organization",
              "timedOut": null,
              "duration": 17826,
              "state": "failed",
              "speed": null,
              "pass": false,
              "fail": true,
              "pending": false,
              "context": "{\n  \"title\": \"cypress-mochawesome-reporter-screenshots\",\n  \"value\": [\n    [\n      \"/notes.cy.ts/Notes Management E2E Tests -- should support note organization (failed).png\"\n    ],\n    [\n      \"/notes.cy.ts/Notes Management E2E Tests -- should support note organization (failed) (attempt 2).png\"\n    ],\n    [\n      \"/notes.cy.ts/Notes Management E2E Tests -- should support note organization (failed) (attempt 3).png\"\n    ]\n  ]\n}",
              "code": "// Create multiple notes with different tags\nvar notes = [\n    { title: \"Note A \".concat(Date.now()), content: 'Content A', tags: ['work', 'important'] },\n    { title: \"Note B \".concat(Date.now()), content: 'Content B', tags: ['personal'] },\n    { title: \"Note C \".concat(Date.now()), content: 'Content C', tags: ['work'] }\n];\nnotes.forEach(function (note) {\n    notesPage.clickAddNote();\n    notesPage.fillNoteForm(note);\n    notesPage.submitNoteForm();\n    cy.get('[data-testid=\"success-notification\"]').should('exist');\n});\n// Test tag filtering\nnotesPage.filterByTag('work');\ncy.get(\"[data-testid=\\\"note-item\\\"]:contains(\\\"\".concat(notes[0].title, \"\\\")\")).should('exist');\ncy.get(\"[data-testid=\\\"note-item\\\"]:contains(\\\"\".concat(notes[1].title, \"\\\")\")).should('not.exist');\n// Test search functionality\nnotesPage.searchNotes('Content B');\ncy.get(\"[data-testid=\\\"note-item\\\"]:contains(\\\"\".concat(notes[1].title, \"\\\")\")).should('exist');\ncy.get(\"[data-testid=\\\"note-item\\\"]:contains(\\\"\".concat(notes[0].title, \"\\\")\")).should('not.exist');",
              "err": {
                "message": "AssertionError: Timed out retrying after 15000ms: Expected to find element: `[data-testid=\"success-notification\"]`, but never found it.",
                "estack": "AssertionError: Timed out retrying after 15000ms: Expected to find element: `[data-testid=\"success-notification\"]`, but never found it.\n    at eval (webpack:///./cypress/e2e/notes.cy.ts:119:0)\nat Array.forEach (<anonymous>)\n    at Context.eval (webpack:///./cypress/e2e/notes.cy.ts:115:0)",
                "diff": null
              },
              "uuid": "b2e79f92-80fc-4f44-a328-7bebd9094801",
              "parentUUID": "2d042d8d-3177-4028-aac2-4f61fb8c076e",
              "isHook": false,
              "skipped": false
            }
          ],
          "suites": [],
          "passes": [],
          "failures": [
            "7fd9cf9c-3e46-4852-b8a2-0a6170473e80",
            "a4978916-bde0-4fec-89b0-cbd505d65e15",
            "b2e79f92-80fc-4f44-a328-7bebd9094801"
          ],
          "pending": [],
          "skipped": [],
          "duration": 52810,
          "root": false,
          "rootEmpty": false,
          "_timeout": 2000
        }
      ],
      "passes": [],
      "failures": [],
      "pending": [],
      "skipped": [],
      "duration": 0,
      "root": true,
      "rootEmpty": true,
      "_timeout": 2000
    }
  ],
  "meta": {
    "mocha": {
      "version": "7.0.1"
    },
    "mochawesome": {
      "options": {
        "quiet": false,
        "reportFilename": "mochawesome",
        "saveHtml": false,
        "saveJson": true,
        "consoleReporter": "spec",
        "useInlineDiffs": false,
        "code": true
      },
      "version": "7.1.3"
    },
    "marge": {
      "options": {
        "id": "default",
        "reportDir": "e2e-testing/reports/mochawesome/.jsons",
        "charts": true,
        "reportPageTitle": "Learning Platform E2E Tests",
        "embeddedScreenshots": true,
        "inlineAssets": true,
        "overwrite": false,
        "html": false,
        "json": true
      },
      "version": "6.2.0"
    }
  }
}