{
  "stats": {
    "suites": 1,
    "tests": 6,
    "passes": 2,
    "pending": 0,
    "failures": 4,
    "start": "2025-03-24T11:37:45.436Z",
    "end": "2025-03-24T11:41:44.653Z",
    "duration": 239217,
    "testsRegistered": 6,
    "passPercent": 33.33333333333333,
    "pendingPercent": 0,
    "other": 0,
    "hasOther": false,
    "skipped": 0,
    "hasSkipped": false
  },
  "results": [
    {
      "uuid": "f2bde21e-81f2-4c33-99a0-dd7dc46089cc",
      "title": "",
      "fullFile": "e2e-testing/cypress/e2e/profile.cy.ts",
      "file": "e2e-testing/cypress/e2e/profile.cy.ts",
      "beforeHooks": [],
      "afterHooks": [],
      "tests": [],
      "suites": [
        {
          "uuid": "56221542-c069-4d59-9919-06278c449c0f",
          "title": "User Profile",
          "fullFile": "",
          "file": "",
          "beforeHooks": [],
          "afterHooks": [],
          "tests": [
            {
              "title": "should display user profile information",
              "fullTitle": "User Profile should display user profile information",
              "timedOut": null,
              "duration": 2123,
              "state": "passed",
              "speed": "fast",
              "pass": true,
              "fail": false,
              "pending": false,
              "context": null,
              "code": "// Wait for user data to load\ncy.wait('@getUser');\n// Check profile tab content\ncy.get('[data-testid=\"profile-tab\"]').should('be.visible');\ncy.get('input[name=\"email\"]').should('have.value', 'test@example.com');\ncy.get('input[name=\"fullName\"]').should('have.value', 'Test User');",
              "err": {},
              "uuid": "b1316205-5561-454d-82f4-35e8e55743ee",
              "parentUUID": "56221542-c069-4d59-9919-06278c449c0f",
              "isHook": false,
              "skipped": false
            },
            {
              "title": "should allow updating profile information",
              "fullTitle": "User Profile should allow updating profile information",
              "timedOut": null,
              "duration": 2341,
              "state": "passed",
              "speed": "fast",
              "pass": true,
              "fail": false,
              "pending": false,
              "context": null,
              "code": "// Wait for user data to load\ncy.wait('@getUser');\n// Mock profile update request\ncy.intercept('PUT', '/api/users/me', {\n    statusCode: 200,\n    body: {\n        id: '123',\n        username: 'testuser',\n        email: 'updated@example.com',\n        firstName: 'Updated',\n        lastName: 'User',\n        role: 'user',\n        createdAt: new Date().toISOString()\n    }\n}).as('updateProfile');\n// Update profile information\ncy.get('input[name=\"email\"]').clear().type('updated@example.com');\ncy.get('input[name=\"fullName\"]').clear().type('Updated User');\ncy.get('form').first().submit();\n// Wait for update request\ncy.wait('@updateProfile');\n// Check success message\ncy.get('[data-testid=\"profile-success\"]').should('be.visible');",
              "err": {},
              "uuid": "5c8e69fe-cc98-4095-af98-698b946ba375",
              "parentUUID": "56221542-c069-4d59-9919-06278c449c0f",
              "isHook": false,
              "skipped": false
            },
            {
              "title": "should display account statistics",
              "fullTitle": "User Profile should display account statistics",
              "timedOut": null,
              "duration": 22399,
              "state": "failed",
              "speed": null,
              "pass": false,
              "fail": true,
              "pending": false,
              "context": "{\n  \"title\": \"cypress-mochawesome-reporter-screenshots\",\n  \"value\": [\n    [\n      \"/profile.cy.ts/User Profile -- should display account statistics (failed).png\"\n    ],\n    [\n      \"/profile.cy.ts/User Profile -- should display account statistics (failed) (attempt 2).png\"\n    ],\n    [\n      \"/profile.cy.ts/User Profile -- should display account statistics (failed) (attempt 3).png\"\n    ]\n  ]\n}",
              "code": "// Wait for user data to load\ncy.wait('@getUser');\n// Click statistics tab\ncy.get('[data-testid=\"statistics-tab\"]').click();\n// Wait for either Next.js API route or direct backend route\ncy.wait(['@getStatistics', '@getBackendStatistics']);\n// Check statistics content\ncy.get('[data-testid=\"account-statistics\"]').within(function () {\n    cy.contains('Total Courses Enrolled').parent().contains('5');\n    cy.contains('Completed Courses').parent().contains('3');\n    cy.contains('Average Score').parent().contains('85%');\n});",
              "err": {
                "message": "CypressError: Timed out retrying after 20000ms: `cy.wait()` timed out waiting `20000ms` for the 1st request to the route: `getStatistics`. No request ever occurred.\n\nhttps://on.cypress.io/wait",
                "estack": "CypressError: Timed out retrying after 20000ms: `cy.wait()` timed out waiting `20000ms` for the 1st request to the route: `getStatistics`. No request ever occurred.\n\nhttps://on.cypress.io/wait\n    at cypressErr (http://localhost:3000/__cypress/runner/cypress_runner.js:75176:18)\n    at Object.errByPath (http://localhost:3000/__cypress/runner/cypress_runner.js:75230:10)\n    at checkForXhr (http://localhost:3000/__cypress/runner/cypress_runner.js:136105:84)\n    at <unknown> (http://localhost:3000/__cypress/runner/cypress_runner.js:136131:28)\n    at tryCatcher (http://localhost:3000/__cypress/runner/cypress_runner.js:1777:23)\n    at Promise.attempt.Promise.try (http://localhost:3000/__cypress/runner/cypress_runner.js:4285:29)\n    at whenStable (http://localhost:3000/__cypress/runner/cypress_runner.js:144517:68)\n    at <unknown> (http://localhost:3000/__cypress/runner/cypress_runner.js:144458:14)\n    at tryCatcher (http://localhost:3000/__cypress/runner/cypress_runner.js:1777:23)\n    at Promise._settlePromiseFromHandler (http://localhost:3000/__cypress/runner/cypress_runner.js:1489:31)\n    at Promise._settlePromise (http://localhost:3000/__cypress/runner/cypress_runner.js:1546:18)\n    at Promise._settlePromise0 (http://localhost:3000/__cypress/runner/cypress_runner.js:1591:10)\n    at Promise._settlePromises (http://localhost:3000/__cypress/runner/cypress_runner.js:1671:18)\n    at Promise._fulfill (http://localhost:3000/__cypress/runner/cypress_runner.js:1615:18)\n    at <unknown> (http://localhost:3000/__cypress/runner/cypress_runner.js:5420:46)\nFrom Your Spec Code:\n    at Object.proxyGetter [as get] (http://localhost:3000/__cypress/runner/cypress_runner.js:77938:22)\n    at exists (http://localhost:3000/__cypress/runner/cypress_runner.js:143717:26)\n    at elExists (http://localhost:3000/__cypress/runner/cypress_runner.js:143732:10)\n    at ensureExistence (http://localhost:3000/__cypress/runner/cypress_runner.js:143913:22)\n    at onFailFn (http://localhost:3000/__cypress/runner/cypress_runner.js:143942:53)",
                "diff": null
              },
              "uuid": "e7491376-4f7f-43f2-b964-74478f9eaf09",
              "parentUUID": "56221542-c069-4d59-9919-06278c449c0f",
              "isHook": false,
              "skipped": false
            },
            {
              "title": "should handle notification preferences",
              "fullTitle": "User Profile should handle notification preferences",
              "timedOut": null,
              "duration": 22311,
              "state": "failed",
              "speed": null,
              "pass": false,
              "fail": true,
              "pending": false,
              "context": "{\n  \"title\": \"cypress-mochawesome-reporter-screenshots\",\n  \"value\": [\n    [\n      \"/profile.cy.ts/User Profile -- should handle notification preferences (failed).png\"\n    ],\n    [\n      \"/profile.cy.ts/User Profile -- should handle notification preferences (failed) (attempt 2).png\"\n    ],\n    [\n      \"/profile.cy.ts/User Profile -- should handle notification preferences (failed) (attempt 3).png\"\n    ]\n  ]\n}",
              "code": "// Wait for user data to load\ncy.wait('@getUser');\n// Click notifications tab\ncy.get('[data-testid=\"notifications-tab\"]').click();\n// Wait for either Next.js API route or direct backend route\ncy.wait(['@getPreferences', '@getBackendPreferences']);\n// Mock preferences update request\ncy.intercept('PUT', '/api/auth/notification-preferences', {\n    statusCode: 200,\n    body: {\n        emailNotifications: false,\n        courseUpdates: true,\n        newMessages: true,\n        marketingEmails: false,\n        weeklyDigest: false\n    }\n}).as('updatePreferences');\n// Toggle preferences\ncy.get('[data-testid=\"email-notifications\"]').click();\ncy.get('[data-testid=\"weekly-digest\"]').click();\n// Wait for update request\ncy.wait('@updatePreferences');\n// Check success message\ncy.get('[data-testid=\"preferences-success\"]').should('be.visible');",
              "err": {
                "message": "CypressError: Timed out retrying after 20000ms: `cy.wait()` timed out waiting `20000ms` for the 1st request to the route: `getPreferences`. No request ever occurred.\n\nhttps://on.cypress.io/wait",
                "estack": "CypressError: Timed out retrying after 20000ms: `cy.wait()` timed out waiting `20000ms` for the 1st request to the route: `getPreferences`. No request ever occurred.\n\nhttps://on.cypress.io/wait\n    at cypressErr (http://localhost:3000/__cypress/runner/cypress_runner.js:75176:18)\n    at Object.errByPath (http://localhost:3000/__cypress/runner/cypress_runner.js:75230:10)\n    at checkForXhr (http://localhost:3000/__cypress/runner/cypress_runner.js:136105:84)\n    at <unknown> (http://localhost:3000/__cypress/runner/cypress_runner.js:136131:28)\n    at tryCatcher (http://localhost:3000/__cypress/runner/cypress_runner.js:1777:23)\n    at Promise.attempt.Promise.try (http://localhost:3000/__cypress/runner/cypress_runner.js:4285:29)\n    at whenStable (http://localhost:3000/__cypress/runner/cypress_runner.js:144517:68)\n    at <unknown> (http://localhost:3000/__cypress/runner/cypress_runner.js:144458:14)\n    at tryCatcher (http://localhost:3000/__cypress/runner/cypress_runner.js:1777:23)\n    at Promise._settlePromiseFromHandler (http://localhost:3000/__cypress/runner/cypress_runner.js:1489:31)\n    at Promise._settlePromise (http://localhost:3000/__cypress/runner/cypress_runner.js:1546:18)\n    at Promise._settlePromise0 (http://localhost:3000/__cypress/runner/cypress_runner.js:1591:10)\n    at Promise._settlePromises (http://localhost:3000/__cypress/runner/cypress_runner.js:1671:18)\n    at Promise._fulfill (http://localhost:3000/__cypress/runner/cypress_runner.js:1615:18)\n    at <unknown> (http://localhost:3000/__cypress/runner/cypress_runner.js:5420:46)\nFrom Your Spec Code:\n    at Object.proxyGetter [as get] (http://localhost:3000/__cypress/runner/cypress_runner.js:77938:22)\n    at exists (http://localhost:3000/__cypress/runner/cypress_runner.js:143717:26)\n    at elExists (http://localhost:3000/__cypress/runner/cypress_runner.js:143732:10)\n    at ensureExistence (http://localhost:3000/__cypress/runner/cypress_runner.js:143913:22)\n    at onFailFn (http://localhost:3000/__cypress/runner/cypress_runner.js:143942:53)",
                "diff": null
              },
              "uuid": "1de65ac8-7dfa-4664-b60a-f48ca7913e6f",
              "parentUUID": "56221542-c069-4d59-9919-06278c449c0f",
              "isHook": false,
              "skipped": false
            },
            {
              "title": "should handle data export",
              "fullTitle": "User Profile should handle data export",
              "timedOut": null,
              "duration": 17001,
              "state": "failed",
              "speed": null,
              "pass": false,
              "fail": true,
              "pending": false,
              "context": "{\n  \"title\": \"cypress-mochawesome-reporter-screenshots\",\n  \"value\": [\n    [\n      \"/profile.cy.ts/User Profile -- should handle data export (failed).png\"\n    ],\n    [\n      \"/profile.cy.ts/User Profile -- should handle data export (failed) (attempt 2).png\"\n    ],\n    [\n      \"/profile.cy.ts/User Profile -- should handle data export (failed) (attempt 3).png\"\n    ]\n  ]\n}",
              "code": "// Wait for user data to load\ncy.wait('@getUser');\n// Click export tab\ncy.get('[data-testid=\"export-tab\"]').click();\n// Mock export request\ncy.intercept('GET', '/api/users/me/export', {\n    statusCode: 200,\n    body: {\n        user: {\n            id: '123',\n            username: 'testuser',\n            email: 'test@example.com'\n        },\n        courses: [],\n        progress: []\n    }\n}).as('exportData');\n// Click export button and check loading state\ncy.get('[data-testid=\"export-button\"]').as('exportBtn');\ncy.get('@exportBtn').click();\ncy.get('@exportBtn').should('have.text', 'Exporting...');\ncy.wait('@exportData');\ncy.get('@exportBtn').should('have.text', 'Export Data');",
              "err": {
                "message": "AssertionError: Timed out retrying after 15000ms: Expected to find element: `[data-testid=\"export-button\"]`, but never found it.",
                "estack": "AssertionError: Timed out retrying after 15000ms: Expected to find element: `[data-testid=\"export-button\"]`, but never found it.\n    at Context.eval (webpack:///./cypress/e2e/profile.cy.ts:188:0)",
                "diff": null
              },
              "uuid": "a883e8ee-9aa4-413c-b395-4335b33ef8e6",
              "parentUUID": "56221542-c069-4d59-9919-06278c449c0f",
              "isHook": false,
              "skipped": false
            },
            {
              "title": "should handle account deletion flow",
              "fullTitle": "User Profile should handle account deletion flow",
              "timedOut": null,
              "duration": 16899,
              "state": "failed",
              "speed": null,
              "pass": false,
              "fail": true,
              "pending": false,
              "context": "{\n  \"title\": \"cypress-mochawesome-reporter-screenshots\",\n  \"value\": [\n    [\n      \"/profile.cy.ts/User Profile -- should handle account deletion flow (failed).png\"\n    ],\n    [\n      \"/profile.cy.ts/User Profile -- should handle account deletion flow (failed) (attempt 2).png\"\n    ],\n    [\n      \"/profile.cy.ts/User Profile -- should handle account deletion flow (failed) (attempt 3).png\"\n    ]\n  ]\n}",
              "code": "// Wait for user data to load\ncy.wait('@getUser');\n// Click account tab\ncy.get('[data-testid=\"account-tab\"]').click();\n// Mock delete request\ncy.intercept('DELETE', '/api/users/me', {\n    statusCode: 200\n}).as('deleteAccount');\n// Click delete button and confirm\ncy.get('[data-testid=\"delete-button\"]').click();\ncy.get('[data-testid=\"confirm-delete\"]').click();\n// Wait for delete request\ncy.wait('@deleteAccount');\n// Should redirect to login page\ncy.url().should('include', '/auth/login');",
              "err": {
                "message": "AssertionError: Timed out retrying after 15000ms: Expected to find element: `[data-testid=\"delete-button\"]`, but never found it.",
                "estack": "AssertionError: Timed out retrying after 15000ms: Expected to find element: `[data-testid=\"delete-button\"]`, but never found it.\n    at Context.eval (webpack:///./cypress/e2e/profile.cy.ts:204:0)",
                "diff": null
              },
              "uuid": "3324a53a-f404-4ee3-b53a-3b3d55d270a9",
              "parentUUID": "56221542-c069-4d59-9919-06278c449c0f",
              "isHook": false,
              "skipped": false
            }
          ],
          "suites": [],
          "passes": [
            "b1316205-5561-454d-82f4-35e8e55743ee",
            "5c8e69fe-cc98-4095-af98-698b946ba375"
          ],
          "failures": [
            "e7491376-4f7f-43f2-b964-74478f9eaf09",
            "1de65ac8-7dfa-4664-b60a-f48ca7913e6f",
            "a883e8ee-9aa4-413c-b395-4335b33ef8e6",
            "3324a53a-f404-4ee3-b53a-3b3d55d270a9"
          ],
          "pending": [],
          "skipped": [],
          "duration": 83074,
          "root": false,
          "rootEmpty": false,
          "_timeout": 2000
        }
      ],
      "passes": [],
      "failures": [],
      "pending": [],
      "skipped": [],
      "duration": 0,
      "root": true,
      "rootEmpty": true,
      "_timeout": 2000
    }
  ],
  "meta": {
    "mocha": {
      "version": "7.0.1"
    },
    "mochawesome": {
      "options": {
        "quiet": false,
        "reportFilename": "mochawesome",
        "saveHtml": false,
        "saveJson": true,
        "consoleReporter": "spec",
        "useInlineDiffs": false,
        "code": true
      },
      "version": "7.1.3"
    },
    "marge": {
      "options": {
        "id": "default",
        "reportDir": "e2e-testing/reports/mochawesome/.jsons",
        "charts": true,
        "reportPageTitle": "Learning Platform E2E Tests",
        "embeddedScreenshots": true,
        "inlineAssets": true,
        "overwrite": false,
        "html": false,
        "json": true
      },
      "version": "6.2.0"
    }
  }
}