{
  "stats": {
    "suites": 1,
    "tests": 6,
    "passes": 6,
    "pending": 0,
    "failures": 0,
    "start": "2025-03-24T13:02:44.197Z",
    "end": "2025-03-24T13:02:53.139Z",
    "duration": 8942,
    "testsRegistered": 6,
    "passPercent": 100,
    "pendingPercent": 0,
    "other": 0,
    "hasOther": false,
    "skipped": 0,
    "hasSkipped": false
  },
  "results": [
    {
      "uuid": "b52f9393-a594-453a-bc41-32c09fe07781",
      "title": "",
      "fullFile": "e2e-testing/cypress/e2e/profile.cy.ts",
      "file": "e2e-testing/cypress/e2e/profile.cy.ts",
      "beforeHooks": [],
      "afterHooks": [],
      "tests": [],
      "suites": [
        {
          "uuid": "38bb7cce-3d3a-4b65-a710-9464aaa21bf0",
          "title": "User Profile",
          "fullFile": "",
          "file": "",
          "beforeHooks": [],
          "afterHooks": [],
          "tests": [
            {
              "title": "should display user profile information",
              "fullTitle": "User Profile should display user profile information",
              "timedOut": null,
              "duration": 1211,
              "state": "passed",
              "speed": "fast",
              "pass": true,
              "fail": false,
              "pending": false,
              "context": null,
              "code": "cy.get('input[id=\"email\"]').should('have.value', testUser.email);\ncy.get('input[id=\"fullName\"]').should('have.value', \"\".concat(testUser.firstName, \" \").concat(testUser.lastName));",
              "err": {},
              "uuid": "296fe3c5-4961-4101-8560-9ce52bfe64d9",
              "parentUUID": "38bb7cce-3d3a-4b65-a710-9464aaa21bf0",
              "isHook": false,
              "skipped": false
            },
            {
              "title": "should allow updating profile information",
              "fullTitle": "User Profile should allow updating profile information",
              "timedOut": null,
              "duration": 1961,
              "state": "passed",
              "speed": "fast",
              "pass": true,
              "fail": false,
              "pending": false,
              "context": null,
              "code": "// Fill out the form\ncy.get('input[id=\"email\"]').clear().type('new@example.com');\ncy.get('input[id=\"fullName\"]').clear().type('New Name');\n// Submit the form\ncy.get('[data-testid=\"save-profile-button\"]').click();\n// Check if the button returns to its original state\n// This indicates the submission completed (whether successful or not)\ncy.get('[data-testid=\"save-profile-button\"]', { timeout: 10000 })\n    .should('be.visible')\n    .and('contain', 'Save Changes');\n// In our test environment, an error might occur due to mocked API\n// Simply verify that the form submission completes and the button returns to normal\n// This is sufficient to test the form interaction without asserting success/failure",
              "err": {},
              "uuid": "8aa9e336-4530-433c-9daa-94641c773d1a",
              "parentUUID": "38bb7cce-3d3a-4b65-a710-9464aaa21bf0",
              "isHook": false,
              "skipped": false
            },
            {
              "title": "should display account statistics",
              "fullTitle": "User Profile should display account statistics",
              "timedOut": null,
              "duration": 1208,
              "state": "passed",
              "speed": "fast",
              "pass": true,
              "fail": false,
              "pending": false,
              "context": null,
              "code": "// Click on statistics tab\ncy.get('[data-testid=\"statistics-tab\"]').click();\n// Verify statistics are displayed\ncy.get('[data-testid=\"account-statistics\"]', { timeout: 10000 }).should('be.visible');\n// Verify statistics content\ncy.contains('Total Courses Enrolled').should('be.visible');\ncy.contains('Completed Courses').should('be.visible');\ncy.contains('Average Score').should('be.visible');",
              "err": {},
              "uuid": "5109bfb2-f073-4689-8d39-91509e65a501",
              "parentUUID": "38bb7cce-3d3a-4b65-a710-9464aaa21bf0",
              "isHook": false,
              "skipped": false
            },
            {
              "title": "should handle notification preferences",
              "fullTitle": "User Profile should handle notification preferences",
              "timedOut": null,
              "duration": 1297,
              "state": "passed",
              "speed": "fast",
              "pass": true,
              "fail": false,
              "pending": false,
              "context": null,
              "code": "// Click on notifications tab\ncy.get('[data-testid=\"notifications-tab\"]').click();\n// Verify notification settings are displayed\ncy.get('[data-testid=\"notifications-settings\"]', { timeout: 10000 }).should('be.visible');\n// Toggle email notifications\ncy.get('[data-testid=\"email-notifications-toggle\"]').click();\n// Due to no specific success element in the component, we'll just verify the toggle was clicked\n// The UI should update the toggle state\ncy.get('[data-testid=\"email-notifications-toggle\"]').should('be.visible');",
              "err": {},
              "uuid": "ff416816-e411-461c-bde7-956b56881478",
              "parentUUID": "38bb7cce-3d3a-4b65-a710-9464aaa21bf0",
              "isHook": false,
              "skipped": false
            },
            {
              "title": "should handle data export",
              "fullTitle": "User Profile should handle data export",
              "timedOut": null,
              "duration": 1242,
              "state": "passed",
              "speed": "fast",
              "pass": true,
              "fail": false,
              "pending": false,
              "context": null,
              "code": "// Click on export tab\ncy.get('[data-testid=\"export-tab\"]').click();\n// Verify export section is displayed\ncy.get('[data-testid=\"data-export\"]', { timeout: 10000 }).should('be.visible');\n// Click export button\ncy.get('[data-testid=\"export-data-button\"]').click();\n// Verify the button text remains as \"Export My Data\" (we're not actually testing the download)\ncy.get('[data-testid=\"export-data-button\"]').contains('Export My Data');",
              "err": {},
              "uuid": "319bc966-d29e-4d58-a280-d7e7d87920fb",
              "parentUUID": "38bb7cce-3d3a-4b65-a710-9464aaa21bf0",
              "isHook": false,
              "skipped": false
            },
            {
              "title": "should handle account deletion flow",
              "fullTitle": "User Profile should handle account deletion flow",
              "timedOut": null,
              "duration": 1708,
              "state": "passed",
              "speed": "fast",
              "pass": true,
              "fail": false,
              "pending": false,
              "context": null,
              "code": "// Click on account tab\ncy.get('[data-testid=\"account-tab\"]').click();\n// Verify delete account section is displayed\ncy.get('[data-testid=\"delete-account-section\"]', { timeout: 10000 }).should('be.visible');\n// Click delete account button\ncy.get('[data-testid=\"delete-account-button\"]').click();\n// Verify confirmation dialog appears\ncy.get('[data-testid=\"delete-account-confirmation\"]').should('be.visible');\n// Confirm deletion\ncy.get('[data-testid=\"confirm-delete-button\"]').click();\n// Verify redirection to login page\ncy.url().should('include', '/auth/login');",
              "err": {},
              "uuid": "9b925f3a-af66-451f-a999-7e69f1d24fdb",
              "parentUUID": "38bb7cce-3d3a-4b65-a710-9464aaa21bf0",
              "isHook": false,
              "skipped": false
            }
          ],
          "suites": [],
          "passes": [
            "296fe3c5-4961-4101-8560-9ce52bfe64d9",
            "8aa9e336-4530-433c-9daa-94641c773d1a",
            "5109bfb2-f073-4689-8d39-91509e65a501",
            "ff416816-e411-461c-bde7-956b56881478",
            "319bc966-d29e-4d58-a280-d7e7d87920fb",
            "9b925f3a-af66-451f-a999-7e69f1d24fdb"
          ],
          "failures": [],
          "pending": [],
          "skipped": [],
          "duration": 8627,
          "root": false,
          "rootEmpty": false,
          "_timeout": 2000
        }
      ],
      "passes": [],
      "failures": [],
      "pending": [],
      "skipped": [],
      "duration": 0,
      "root": true,
      "rootEmpty": true,
      "_timeout": 2000
    }
  ],
  "meta": {
    "mocha": {
      "version": "7.0.1"
    },
    "mochawesome": {
      "options": {
        "quiet": false,
        "reportFilename": "mochawesome",
        "saveHtml": false,
        "saveJson": true,
        "consoleReporter": "spec",
        "useInlineDiffs": false,
        "code": true
      },
      "version": "7.1.3"
    },
    "marge": {
      "options": {
        "id": "default",
        "reportDir": "e2e-testing/reports/mochawesome/.jsons",
        "charts": true,
        "reportPageTitle": "Learning Platform E2E Tests",
        "embeddedScreenshots": true,
        "inlineAssets": true,
        "overwrite": false,
        "html": false,
        "json": true
      },
      "version": "6.2.0"
    }
  }
}