{
  "stats": {
    "suites": 1,
    "tests": 6,
    "passes": 3,
    "pending": 0,
    "failures": 3,
    "start": "2025-03-24T11:14:55.320Z",
    "end": "2025-03-24T11:18:11.194Z",
    "duration": 195874,
    "testsRegistered": 6,
    "passPercent": 50,
    "pendingPercent": 0,
    "other": 0,
    "hasOther": false,
    "skipped": 0,
    "hasSkipped": false
  },
  "results": [
    {
      "uuid": "c4ad2c20-c5b1-42cd-bdc2-7ef6de991d61",
      "title": "",
      "fullFile": "e2e-testing/cypress/e2e/profile.cy.ts",
      "file": "e2e-testing/cypress/e2e/profile.cy.ts",
      "beforeHooks": [],
      "afterHooks": [],
      "tests": [],
      "suites": [
        {
          "uuid": "d613a5aa-da00-410e-99d7-17fff6e3722b",
          "title": "User Profile",
          "fullFile": "",
          "file": "",
          "beforeHooks": [],
          "afterHooks": [],
          "tests": [
            {
              "title": "should display user profile information",
              "fullTitle": "User Profile should display user profile information",
              "timedOut": null,
              "duration": 3245,
              "state": "passed",
              "speed": "fast",
              "pass": true,
              "fail": false,
              "pending": false,
              "context": "{\n  \"title\": \"cypress-mochawesome-reporter-screenshots\",\n  \"value\": [\n    [\n      \"/profile.cy.ts/User Profile-should display user profile information-profile-information.png\"\n    ]\n  ]\n}",
              "code": "// Verify profile info elements are visible and contain correct data\ncy.get('input[name=\"email\"]')\n    .should('be.visible')\n    .and('have.value', testUser.email);\ncy.get('input[name=\"fullName\"]')\n    .should('be.visible')\n    .and('have.value', \"\".concat(testUser.firstName, \" \").concat(testUser.lastName));\n// Take screenshot of profile page\nprofilePage.takeScreenshot('profile-information');",
              "err": {},
              "uuid": "23998b22-c199-4576-8bd0-a5775196c23a",
              "parentUUID": "d613a5aa-da00-410e-99d7-17fff6e3722b",
              "isHook": false,
              "skipped": false
            },
            {
              "title": "should allow updating profile information",
              "fullTitle": "User Profile should allow updating profile information",
              "timedOut": null,
              "duration": 3699,
              "state": "passed",
              "speed": "fast",
              "pass": true,
              "fail": false,
              "pending": false,
              "context": "{\n  \"title\": \"cypress-mochawesome-reporter-screenshots\",\n  \"value\": [\n    [\n      \"/profile.cy.ts/User Profile-should allow updating profile information-profile-update-success.png\"\n    ]\n  ]\n}",
              "code": "// Setup update profile intercept\ncy.intercept('PUT', '/api/users/me', {\n    statusCode: 200,\n    body: {\n        message: 'Profile updated successfully'\n    }\n}).as('updateProfile');\n// Update profile info with unique name\nvar newName = \"Test User \".concat(Date.now());\ncy.get('input[name=\"fullName\"]').clear().type(newName);\ncy.get('button[type=\"submit\"]').click();\n// Wait for update request and verify success message\ncy.wait('@updateProfile');\ncy.contains('Profile updated successfully').should('be.visible');\nprofilePage.takeScreenshot('profile-update-success');",
              "err": {},
              "uuid": "dbc90935-62a9-46ba-b088-ff026fab0f60",
              "parentUUID": "d613a5aa-da00-410e-99d7-17fff6e3722b",
              "isHook": false,
              "skipped": false
            },
            {
              "title": "should display account statistics",
              "fullTitle": "User Profile should display account statistics",
              "timedOut": null,
              "duration": 22755,
              "state": "failed",
              "speed": null,
              "pass": false,
              "fail": true,
              "pending": false,
              "context": "{\n  \"title\": \"cypress-mochawesome-reporter-screenshots\",\n  \"value\": [\n    [\n      \"/profile.cy.ts/User Profile -- should display account statistics (failed).png\"\n    ],\n    [\n      \"/profile.cy.ts/User Profile -- should display account statistics (failed) (attempt 2).png\"\n    ],\n    [\n      \"/profile.cy.ts/User Profile -- should display account statistics (failed) (attempt 3).png\"\n    ]\n  ]\n}",
              "code": "// Click the statistics tab\ncy.get('[data-testid=\"statistics-tab\"]').click();\n// Wait for statistics data to load\ncy.wait('@getStatistics');\n// Verify statistics values are displayed in the account-statistics section\ncy.get('[data-testid=\"account-statistics\"]').within(function () {\n    cy.contains('Total Courses Enrolled').parent().find('dd').should('contain', '5');\n    cy.contains('Completed Courses').parent().find('dd').should('contain', '3');\n    cy.contains('Average Score').parent().find('dd').should('contain', '85');\n});\nprofilePage.takeScreenshot('account-statistics');",
              "err": {
                "message": "CypressError: Timed out retrying after 20000ms: `cy.wait()` timed out waiting `20000ms` for the 1st request to the route: `getStatistics`. No request ever occurred.\n\nhttps://on.cypress.io/wait",
                "estack": "CypressError: Timed out retrying after 20000ms: `cy.wait()` timed out waiting `20000ms` for the 1st request to the route: `getStatistics`. No request ever occurred.\n\nhttps://on.cypress.io/wait\n    at cypressErr (http://localhost:3000/__cypress/runner/cypress_runner.js:75176:18)\n    at Object.errByPath (http://localhost:3000/__cypress/runner/cypress_runner.js:75230:10)\n    at checkForXhr (http://localhost:3000/__cypress/runner/cypress_runner.js:136105:84)\n    at <unknown> (http://localhost:3000/__cypress/runner/cypress_runner.js:136131:28)\n    at tryCatcher (http://localhost:3000/__cypress/runner/cypress_runner.js:1777:23)\n    at Promise.attempt.Promise.try (http://localhost:3000/__cypress/runner/cypress_runner.js:4285:29)\n    at whenStable (http://localhost:3000/__cypress/runner/cypress_runner.js:144517:68)\n    at <unknown> (http://localhost:3000/__cypress/runner/cypress_runner.js:144458:14)\n    at tryCatcher (http://localhost:3000/__cypress/runner/cypress_runner.js:1777:23)\n    at Promise._settlePromiseFromHandler (http://localhost:3000/__cypress/runner/cypress_runner.js:1489:31)\n    at Promise._settlePromise (http://localhost:3000/__cypress/runner/cypress_runner.js:1546:18)\n    at Promise._settlePromise0 (http://localhost:3000/__cypress/runner/cypress_runner.js:1591:10)\n    at Promise._settlePromises (http://localhost:3000/__cypress/runner/cypress_runner.js:1671:18)\n    at Promise._fulfill (http://localhost:3000/__cypress/runner/cypress_runner.js:1615:18)\n    at <unknown> (http://localhost:3000/__cypress/runner/cypress_runner.js:5420:46)",
                "diff": null
              },
              "uuid": "2cd060d4-7107-437d-babd-111d498c802f",
              "parentUUID": "d613a5aa-da00-410e-99d7-17fff6e3722b",
              "isHook": false,
              "skipped": false
            },
            {
              "title": "should handle notification preferences",
              "fullTitle": "User Profile should handle notification preferences",
              "timedOut": null,
              "duration": 22975,
              "state": "failed",
              "speed": null,
              "pass": false,
              "fail": true,
              "pending": false,
              "context": "{\n  \"title\": \"cypress-mochawesome-reporter-screenshots\",\n  \"value\": [\n    [\n      \"/profile.cy.ts/User Profile -- should handle notification preferences (failed).png\"\n    ],\n    [\n      \"/profile.cy.ts/User Profile -- should handle notification preferences (failed) (attempt 2).png\"\n    ],\n    [\n      \"/profile.cy.ts/User Profile -- should handle notification preferences (failed) (attempt 3).png\"\n    ]\n  ]\n}",
              "code": "// Click the notifications tab\ncy.get('[data-testid=\"notifications-tab\"]').click();\n// Wait for preferences data to load\ncy.wait('@getPreferences');\n// Verify notification settings are displayed\ncy.get('[data-testid=\"notifications-settings\"]').should('be.visible');\n// Setup notification preferences update intercept\ncy.intercept('PUT', '/api/users/me/preferences', {\n    statusCode: 200,\n    body: {\n        emailNotifications: false,\n        courseUpdates: true,\n        marketingEmails: false\n    }\n}).as('updatePreferences');\n// Toggle email notifications\ncy.get('[data-testid=\"email-notifications-toggle\"]').click();\n// Wait for update request\ncy.wait('@updatePreferences');\nprofilePage.takeScreenshot('notification-preferences');",
              "err": {
                "message": "CypressError: Timed out retrying after 20000ms: `cy.wait()` timed out waiting `20000ms` for the 1st request to the route: `getPreferences`. No request ever occurred.\n\nhttps://on.cypress.io/wait",
                "estack": "CypressError: Timed out retrying after 20000ms: `cy.wait()` timed out waiting `20000ms` for the 1st request to the route: `getPreferences`. No request ever occurred.\n\nhttps://on.cypress.io/wait\n    at cypressErr (http://localhost:3000/__cypress/runner/cypress_runner.js:75176:18)\n    at Object.errByPath (http://localhost:3000/__cypress/runner/cypress_runner.js:75230:10)\n    at checkForXhr (http://localhost:3000/__cypress/runner/cypress_runner.js:136105:84)\n    at <unknown> (http://localhost:3000/__cypress/runner/cypress_runner.js:136131:28)\n    at tryCatcher (http://localhost:3000/__cypress/runner/cypress_runner.js:1777:23)\n    at Promise.attempt.Promise.try (http://localhost:3000/__cypress/runner/cypress_runner.js:4285:29)\n    at whenStable (http://localhost:3000/__cypress/runner/cypress_runner.js:144517:68)\n    at <unknown> (http://localhost:3000/__cypress/runner/cypress_runner.js:144458:14)\n    at tryCatcher (http://localhost:3000/__cypress/runner/cypress_runner.js:1777:23)\n    at Promise._settlePromiseFromHandler (http://localhost:3000/__cypress/runner/cypress_runner.js:1489:31)\n    at Promise._settlePromise (http://localhost:3000/__cypress/runner/cypress_runner.js:1546:18)\n    at Promise._settlePromise0 (http://localhost:3000/__cypress/runner/cypress_runner.js:1591:10)\n    at Promise._settlePromises (http://localhost:3000/__cypress/runner/cypress_runner.js:1671:18)\n    at Promise._fulfill (http://localhost:3000/__cypress/runner/cypress_runner.js:1615:18)\n    at <unknown> (http://localhost:3000/__cypress/runner/cypress_runner.js:5420:46)",
                "diff": null
              },
              "uuid": "ec5928bd-4bbc-429e-b788-002c015cc1c8",
              "parentUUID": "d613a5aa-da00-410e-99d7-17fff6e3722b",
              "isHook": false,
              "skipped": false
            },
            {
              "title": "should handle data export",
              "fullTitle": "User Profile should handle data export",
              "timedOut": null,
              "duration": 17047,
              "state": "failed",
              "speed": null,
              "pass": false,
              "fail": true,
              "pending": false,
              "context": "{\n  \"title\": \"cypress-mochawesome-reporter-screenshots\",\n  \"value\": [\n    [\n      \"/profile.cy.ts/User Profile -- should handle data export (failed).png\"\n    ],\n    [\n      \"/profile.cy.ts/User Profile -- should handle data export (failed) (attempt 2).png\"\n    ],\n    [\n      \"/profile.cy.ts/User Profile -- should handle data export (failed) (attempt 3).png\"\n    ]\n  ]\n}",
              "code": "// Click the export tab\ncy.get('[data-testid=\"export-tab\"]').click();\n// Setup data export intercept\ncy.intercept('GET', '/api/users/me/export', {\n    statusCode: 200,\n    body: {\n        user: {\n            id: 'user123',\n            username: testUser.username,\n            email: testUser.email\n        },\n        data: {\n            courses: [],\n            progress: {},\n            preferences: {}\n        }\n    }\n}).as('exportData');\n// Click export button and verify loading state\ncy.get('[data-testid=\"data-export\"]').within(function () {\n    cy.get('[data-testid=\"export-data-button\"]').click();\n    cy.get('[data-testid=\"export-data-button\"]').should('have.text', 'Exporting...');\n});\n// Wait for export request\ncy.wait('@exportData');\nprofilePage.takeScreenshot('data-export');",
              "err": {
                "message": "AssertionError: Timed out retrying after 15000ms: expected '<button.inline-flex.items-center.px-4.py-2.border.border-transparent.shadow-sm.text-sm.font-medium.rounded-md.text-white.bg-indigo-600.hover:bg-indigo-700.focus:outline-none.focus:ring-2.focus:ring-offset-2.focus:ring-indigo-500>' to have text 'Exporting...', but the text was 'Export My Data'",
                "estack": "AssertionError: Timed out retrying after 15000ms: expected '<button.inline-flex.items-center.px-4.py-2.border.border-transparent.shadow-sm.text-sm.font-medium.rounded-md.text-white.bg-indigo-600.hover:bg-indigo-700.focus:outline-none.focus:ring-2.focus:ring-offset-2.focus:ring-indigo-500>' to have text 'Exporting...', but the text was 'Export My Data'\n    at Context.eval (webpack:///./cypress/e2e/profile.cy.ts:163:0)\n    at withinFn (http://localhost:3000/__cypress/runner/cypress_runner.js:133153:8)\n    at <unknown> (http://localhost:3000/__cypress/runner/cypress_runner.js:133234:16)\n    at __WEBPACK_DEFAULT_EXPORT__ (http://localhost:3000/__cypress/runner/cypress_runner.js:131176:10)\n    at Context.within (http://localhost:3000/__cypress/runner/cypress_runner.js:133220:67)\n    at wrapped (http://localhost:3000/__cypress/runner/cypress_runner.js:138862:19)",
                "diff": "- 'Export My Data'\n+ 'Exporting...'\n"
              },
              "uuid": "2d5e5a25-81a5-4c9b-b988-b41f3a350e87",
              "parentUUID": "d613a5aa-da00-410e-99d7-17fff6e3722b",
              "isHook": false,
              "skipped": false
            },
            {
              "title": "should handle account deletion flow",
              "fullTitle": "User Profile should handle account deletion flow",
              "timedOut": null,
              "duration": 2977,
              "state": "passed",
              "speed": "fast",
              "pass": true,
              "fail": false,
              "pending": false,
              "context": "{\n  \"title\": \"cypress-mochawesome-reporter-screenshots\",\n  \"value\": [\n    [\n      \"/profile.cy.ts/User Profile-should handle account deletion flow-account-deletion.png\"\n    ]\n  ]\n}",
              "code": "// Click the account tab\ncy.get('[data-testid=\"account-tab\"]').click();\n// Setup account deletion intercept\ncy.intercept('DELETE', '/api/users/me', {\n    statusCode: 200,\n    body: {\n        message: 'Account deleted successfully'\n    }\n}).as('deleteAccount');\n// Click delete button and verify confirmation dialog\ncy.get('[data-testid=\"delete-account-button\"]').click();\ncy.get('[data-testid=\"delete-account-confirmation\"]').should('be.visible');\nprofilePage.takeScreenshot('account-deletion');",
              "err": {},
              "uuid": "83fcb558-95a1-431e-a25a-2a2b224ae3ba",
              "parentUUID": "d613a5aa-da00-410e-99d7-17fff6e3722b",
              "isHook": false,
              "skipped": false
            }
          ],
          "suites": [],
          "passes": [
            "23998b22-c199-4576-8bd0-a5775196c23a",
            "dbc90935-62a9-46ba-b088-ff026fab0f60",
            "83fcb558-95a1-431e-a25a-2a2b224ae3ba"
          ],
          "failures": [
            "2cd060d4-7107-437d-babd-111d498c802f",
            "ec5928bd-4bbc-429e-b788-002c015cc1c8",
            "2d5e5a25-81a5-4c9b-b988-b41f3a350e87"
          ],
          "pending": [],
          "skipped": [],
          "duration": 72698,
          "root": false,
          "rootEmpty": false,
          "_timeout": 2000
        }
      ],
      "passes": [],
      "failures": [],
      "pending": [],
      "skipped": [],
      "duration": 0,
      "root": true,
      "rootEmpty": true,
      "_timeout": 2000
    }
  ],
  "meta": {
    "mocha": {
      "version": "7.0.1"
    },
    "mochawesome": {
      "options": {
        "quiet": false,
        "reportFilename": "mochawesome",
        "saveHtml": false,
        "saveJson": true,
        "consoleReporter": "spec",
        "useInlineDiffs": false,
        "code": true
      },
      "version": "7.1.3"
    },
    "marge": {
      "options": {
        "id": "default",
        "reportDir": "e2e-testing/reports/mochawesome/.jsons",
        "charts": true,
        "reportPageTitle": "Learning Platform E2E Tests",
        "embeddedScreenshots": true,
        "inlineAssets": true,
        "overwrite": false,
        "html": false,
        "json": true
      },
      "version": "6.2.0"
    }
  }
}