{
  "stats": {
    "suites": 1,
    "tests": 7,
    "passes": 7,
    "pending": 0,
    "failures": 0,
    "start": "2025-03-25T11:28:22.289Z",
    "end": "2025-03-25T11:28:37.040Z",
    "duration": 14751,
    "testsRegistered": 7,
    "passPercent": 100,
    "pendingPercent": 0,
    "other": 0,
    "hasOther": false,
    "skipped": 0,
    "hasSkipped": false
  },
  "results": [
    {
      "uuid": "8d5ffb39-a473-40da-977a-3710e74713cb",
      "title": "",
      "fullFile": "e2e-testing/cypress/e2e/learning-path-roadmap.cy.ts",
      "file": "e2e-testing/cypress/e2e/learning-path-roadmap.cy.ts",
      "beforeHooks": [],
      "afterHooks": [],
      "tests": [],
      "suites": [
        {
          "uuid": "9e095d90-c46b-49fd-ae20-10237a3bb8f2",
          "title": "Learning Path - Roadmap Visualization",
          "fullFile": "",
          "file": "",
          "beforeHooks": [],
          "afterHooks": [],
          "tests": [
            {
              "title": "should display the learning path roadmap",
              "fullTitle": "Learning Path - Roadmap Visualization should display the learning path roadmap",
              "timedOut": null,
              "duration": 1936,
              "state": "passed",
              "speed": "fast",
              "pass": true,
              "fail": false,
              "pending": false,
              "context": "{\n  \"title\": \"cypress-mochawesome-reporter-screenshots\",\n  \"value\": [\n    [\n      \"/learning-path-roadmap.cy.ts/Learning Path - Roadmap Visualization-should display the learning path roadmap-learning-path-not-loaded.png\"\n    ]\n  ]\n}",
              "code": "// Check if learning path page loaded properly\npage_objects_1.learningPathPage.isLearningPathLoaded().then(function (isLoaded) {\n    if (!isLoaded) {\n        cy.log('Learning Path page not loaded properly, skipping test');\n        page_objects_1.learningPathPage.takeScreenshot('learning-path-not-loaded');\n        return;\n    }\n    // Check that the roadmap visualization is displayed\n    page_objects_1.learningPathPage.isRoadmapVisualizationVisible().then(function (isVisible) {\n        if (isVisible) {\n            cy.log('Roadmap visualization is visible');\n        }\n        else {\n            cy.log('Roadmap visualization is not visible');\n            return;\n        }\n    });\n    // Check that the goals are displayed on the roadmap\n    page_objects_1.learningPathPage.getRoadmapGoalsCount().then(function (count) {\n        cy.wrap(count).should('be.at.least', 1);\n    });\n});",
              "err": {},
              "uuid": "64e7ce73-f926-4f54-8576-8da9077f6bde",
              "parentUUID": "9e095d90-c46b-49fd-ae20-10237a3bb8f2",
              "isHook": false,
              "skipped": false
            },
            {
              "title": "should allow viewing goal details from the roadmap",
              "fullTitle": "Learning Path - Roadmap Visualization should allow viewing goal details from the roadmap",
              "timedOut": null,
              "duration": 2251,
              "state": "passed",
              "speed": "fast",
              "pass": true,
              "fail": false,
              "pending": false,
              "context": "{\n  \"title\": \"cypress-mochawesome-reporter-screenshots\",\n  \"value\": [\n    [\n      \"/learning-path-roadmap.cy.ts/Learning Path - Roadmap Visualization-should allow viewing goal details from the roadmap-learning-path-not-loaded.png\"\n    ]\n  ]\n}",
              "code": "// Check if learning path page loaded properly\npage_objects_1.learningPathPage.isLearningPathLoaded().then(function (isLoaded) {\n    if (!isLoaded) {\n        cy.log('Learning Path page not loaded properly, skipping test');\n        page_objects_1.learningPathPage.takeScreenshot('learning-path-not-loaded');\n        return;\n    }\n    // Check if roadmap visualization is visible\n    page_objects_1.learningPathPage.isRoadmapVisualizationVisible().then(function (isVisible) {\n        if (!isVisible) {\n            cy.log('Roadmap visualization is not visible, skipping test');\n            page_objects_1.learningPathPage.takeScreenshot('roadmap-visualization-not-visible');\n            return;\n        }\n        // Check if there are any goals in the roadmap\n        page_objects_1.learningPathPage.getRoadmapGoalsCount().then(function (count) {\n            if (count === 0) {\n                cy.log('No goals found in the roadmap, skipping test');\n                page_objects_1.learningPathPage.takeScreenshot('no-roadmap-goals');\n                return;\n            }\n            // Click on a goal in the roadmap\n            page_objects_1.learningPathPage.clickFirstRoadmapGoal();\n            // Check that the goal details modal is displayed\n            page_objects_1.learningPathPage.isGoalDetailsModalVisible().then(function (isModalVisible) {\n                cy.wrap(isModalVisible).should('be.true');\n                // Check that all goal details are displayed\n                page_objects_1.learningPathPage.areGoalDetailsDisplayed().then(function (areDetailsDisplayed) {\n                    cy.wrap(areDetailsDisplayed).should('be.true');\n                });\n                // Close the modal\n                page_objects_1.learningPathPage.closeGoalDetailsModal();\n                // Verify the modal is closed\n                page_objects_1.learningPathPage.isGoalDetailsModalVisible().then(function (isStillVisible) {\n                    cy.wrap(isStillVisible).should('be.false');\n                });\n            });\n        });\n    });\n});",
              "err": {},
              "uuid": "cdd58aaf-007b-4113-ab4d-62829144e5d2",
              "parentUUID": "9e095d90-c46b-49fd-ae20-10237a3bb8f2",
              "isHook": false,
              "skipped": false
            },
            {
              "title": "should allow updating goal status from the roadmap",
              "fullTitle": "Learning Path - Roadmap Visualization should allow updating goal status from the roadmap",
              "timedOut": null,
              "duration": 1881,
              "state": "passed",
              "speed": "fast",
              "pass": true,
              "fail": false,
              "pending": false,
              "context": "{\n  \"title\": \"cypress-mochawesome-reporter-screenshots\",\n  \"value\": [\n    [\n      \"/learning-path-roadmap.cy.ts/Learning Path - Roadmap Visualization-should allow updating goal status from the roadmap-learning-path-not-loaded.png\"\n    ]\n  ]\n}",
              "code": "// Check if learning path page loaded properly\npage_objects_1.learningPathPage.isLearningPathLoaded().then(function (isLoaded) {\n    if (!isLoaded) {\n        cy.log('Learning Path page not loaded properly, skipping test');\n        page_objects_1.learningPathPage.takeScreenshot('learning-path-not-loaded');\n        return;\n    }\n    // Check if roadmap visualization is visible\n    page_objects_1.learningPathPage.isRoadmapVisualizationVisible().then(function (isVisible) {\n        if (!isVisible) {\n            cy.log('Roadmap visualization is not visible, skipping test');\n            page_objects_1.learningPathPage.takeScreenshot('roadmap-visualization-not-visible');\n            return;\n        }\n        // Check if there are any goals in the roadmap\n        page_objects_1.learningPathPage.getRoadmapGoalsCount().then(function (count) {\n            if (count === 0) {\n                cy.log('No goals found in the roadmap, skipping test');\n                page_objects_1.learningPathPage.takeScreenshot('no-roadmap-goals');\n                return;\n            }\n            // Click on a goal in the roadmap\n            page_objects_1.learningPathPage.clickFirstRoadmapGoal();\n            // Check that the goal details modal is displayed\n            page_objects_1.learningPathPage.isGoalDetailsModalVisible().then(function (isModalVisible) {\n                if (!isModalVisible) {\n                    cy.log('Goal details modal is not visible, skipping test');\n                    page_objects_1.learningPathPage.takeScreenshot('goal-details-modal-not-visible');\n                    return;\n                }\n                // Update the goal status to in-progress\n                page_objects_1.learningPathPage.updateGoalStatusToInProgress();\n                // Verify the modal is closed after updating\n                page_objects_1.learningPathPage.isGoalDetailsModalVisible().then(function (isStillVisible) {\n                    cy.wrap(isStillVisible).should('be.false');\n                });\n                // Check that the goal status is updated in the roadmap\n                page_objects_1.learningPathPage.firstRoadmapGoalHasStatus('in_progress').then(function (hasCorrectStatus) {\n                    cy.wrap(hasCorrectStatus).should('be.true');\n                });\n            });\n        });\n    });\n});",
              "err": {},
              "uuid": "4d078d35-d2a4-44e9-a18b-fb6151f1fcac",
              "parentUUID": "9e095d90-c46b-49fd-ae20-10237a3bb8f2",
              "isHook": false,
              "skipped": false
            },
            {
              "title": "should allow adding milestones to a goal",
              "fullTitle": "Learning Path - Roadmap Visualization should allow adding milestones to a goal",
              "timedOut": null,
              "duration": 2105,
              "state": "passed",
              "speed": "fast",
              "pass": true,
              "fail": false,
              "pending": false,
              "context": "{\n  \"title\": \"cypress-mochawesome-reporter-screenshots\",\n  \"value\": [\n    [\n      \"/learning-path-roadmap.cy.ts/Learning Path - Roadmap Visualization-should allow adding milestones to a goal-learning-path-not-loaded.png\"\n    ]\n  ]\n}",
              "code": "// Check if learning path page loaded properly\npage_objects_1.learningPathPage.isLearningPathLoaded().then(function (isLoaded) {\n    if (!isLoaded) {\n        cy.log('Learning Path page not loaded properly, skipping test');\n        page_objects_1.learningPathPage.takeScreenshot('learning-path-not-loaded');\n        return;\n    }\n    // Check if roadmap visualization is visible\n    page_objects_1.learningPathPage.isRoadmapVisualizationVisible().then(function (isVisible) {\n        if (!isVisible) {\n            cy.log('Roadmap visualization is not visible, skipping test');\n            page_objects_1.learningPathPage.takeScreenshot('roadmap-visualization-not-visible');\n            return;\n        }\n        // Check if there are any goals in the roadmap\n        page_objects_1.learningPathPage.getRoadmapGoalsCount().then(function (count) {\n            if (count === 0) {\n                cy.log('No goals found in the roadmap, skipping test');\n                page_objects_1.learningPathPage.takeScreenshot('no-roadmap-goals');\n                return;\n            }\n            // Click on a goal in the roadmap\n            page_objects_1.learningPathPage.clickFirstRoadmapGoal();\n            // Check that the goal details modal is displayed\n            page_objects_1.learningPathPage.isGoalDetailsModalVisible().then(function (isModalVisible) {\n                if (!isModalVisible) {\n                    cy.log('Goal details modal is not visible, skipping test');\n                    page_objects_1.learningPathPage.takeScreenshot('goal-details-modal-not-visible');\n                    return;\n                }\n                // Create a unique milestone title\n                var milestoneTitle = \"Test Milestone \".concat(Date.now());\n                // Add a milestone to the goal\n                page_objects_1.learningPathPage.addMilestoneToGoal({\n                    title: milestoneTitle,\n                    description: 'Test milestone description',\n                    deadline: '2023-12-31'\n                });\n                // Check that the milestone is added to the goal\n                page_objects_1.learningPathPage.milestoneExists(milestoneTitle).then(function (exists) {\n                    cy.wrap(exists).should('be.true');\n                });\n            });\n        });\n    });\n});",
              "err": {},
              "uuid": "0583fd55-8b64-4193-95d0-bb5289dad979",
              "parentUUID": "9e095d90-c46b-49fd-ae20-10237a3bb8f2",
              "isHook": false,
              "skipped": false
            },
            {
              "title": "should allow filtering the roadmap by status",
              "fullTitle": "Learning Path - Roadmap Visualization should allow filtering the roadmap by status",
              "timedOut": null,
              "duration": 1970,
              "state": "passed",
              "speed": "fast",
              "pass": true,
              "fail": false,
              "pending": false,
              "context": "{\n  \"title\": \"cypress-mochawesome-reporter-screenshots\",\n  \"value\": [\n    [\n      \"/learning-path-roadmap.cy.ts/Learning Path - Roadmap Visualization-should allow filtering the roadmap by status-learning-path-not-loaded.png\"\n    ]\n  ]\n}",
              "code": "// Check if learning path page loaded properly\npage_objects_1.learningPathPage.isLearningPathLoaded().then(function (isLoaded) {\n    if (!isLoaded) {\n        cy.log('Learning Path page not loaded properly, skipping test');\n        page_objects_1.learningPathPage.takeScreenshot('learning-path-not-loaded');\n        return;\n    }\n    // Check if roadmap visualization is visible\n    page_objects_1.learningPathPage.isRoadmapVisualizationVisible().then(function (isVisible) {\n        if (!isVisible) {\n            cy.log('Roadmap visualization is not visible, skipping test');\n            page_objects_1.learningPathPage.takeScreenshot('roadmap-visualization-not-visible');\n            return;\n        }\n        // Check if roadmap filters are available\n        cy.get('body').then(function ($body) {\n            var hasFilters = $body.find('[data-testid=\"roadmap-filters\"]').length > 0;\n            if (!hasFilters) {\n                cy.log('Roadmap filters are not available, skipping test');\n                page_objects_1.learningPathPage.takeScreenshot('roadmap-filters-not-available');\n                return;\n            }\n            // Filter by status\n            page_objects_1.learningPathPage.filterRoadmapByInProgressStatus();\n            // Check that the URL includes the filter parameter\n            cy.url().should('include', 'status=in_progress');\n            // Check that the roadmap visualization is still visible after filtering\n            page_objects_1.learningPathPage.isRoadmapVisualizationVisible().then(function (isStillVisible) {\n                cy.wrap(isStillVisible).should('be.true');\n            });\n        });\n    });\n});",
              "err": {},
              "uuid": "8077f883-5842-47be-bfa0-1551639d6e6f",
              "parentUUID": "9e095d90-c46b-49fd-ae20-10237a3bb8f2",
              "isHook": false,
              "skipped": false
            },
            {
              "title": "should allow filtering the roadmap by priority",
              "fullTitle": "Learning Path - Roadmap Visualization should allow filtering the roadmap by priority",
              "timedOut": null,
              "duration": 2026,
              "state": "passed",
              "speed": "fast",
              "pass": true,
              "fail": false,
              "pending": false,
              "context": "{\n  \"title\": \"cypress-mochawesome-reporter-screenshots\",\n  \"value\": [\n    [\n      \"/learning-path-roadmap.cy.ts/Learning Path - Roadmap Visualization-should allow filtering the roadmap by priority-learning-path-not-loaded.png\"\n    ]\n  ]\n}",
              "code": "// Check if learning path page loaded properly\npage_objects_1.learningPathPage.isLearningPathLoaded().then(function (isLoaded) {\n    if (!isLoaded) {\n        cy.log('Learning Path page not loaded properly, skipping test');\n        page_objects_1.learningPathPage.takeScreenshot('learning-path-not-loaded');\n        return;\n    }\n    // Check if roadmap visualization is visible\n    page_objects_1.learningPathPage.isRoadmapVisualizationVisible().then(function (isVisible) {\n        if (!isVisible) {\n            cy.log('Roadmap visualization is not visible, skipping test');\n            page_objects_1.learningPathPage.takeScreenshot('roadmap-visualization-not-visible');\n            return;\n        }\n        // Check if roadmap filters are available\n        cy.get('body').then(function ($body) {\n            var hasFilters = $body.find('[data-testid=\"roadmap-filters\"]').length > 0;\n            if (!hasFilters) {\n                cy.log('Roadmap filters are not available, skipping test');\n                page_objects_1.learningPathPage.takeScreenshot('roadmap-filters-not-available');\n                return;\n            }\n            // Filter by priority\n            page_objects_1.learningPathPage.filterRoadmapByHighPriority();\n            // Check that the URL includes the filter parameter\n            cy.url().should('include', 'priority=high');\n            // Check that the roadmap visualization is still visible after filtering\n            page_objects_1.learningPathPage.isRoadmapVisualizationVisible().then(function (isStillVisible) {\n                cy.wrap(isStillVisible).should('be.true');\n            });\n        });\n    });\n});",
              "err": {},
              "uuid": "10928c64-6d43-49cc-845f-039708ea1929",
              "parentUUID": "9e095d90-c46b-49fd-ae20-10237a3bb8f2",
              "isHook": false,
              "skipped": false
            },
            {
              "title": "should allow viewing the roadmap in timeline view",
              "fullTitle": "Learning Path - Roadmap Visualization should allow viewing the roadmap in timeline view",
              "timedOut": null,
              "duration": 1957,
              "state": "passed",
              "speed": "fast",
              "pass": true,
              "fail": false,
              "pending": false,
              "context": "{\n  \"title\": \"cypress-mochawesome-reporter-screenshots\",\n  \"value\": [\n    [\n      \"/learning-path-roadmap.cy.ts/Learning Path - Roadmap Visualization-should allow viewing the roadmap in timeline view-learning-path-not-loaded.png\"\n    ]\n  ]\n}",
              "code": "// Check if learning path page loaded properly\npage_objects_1.learningPathPage.isLearningPathLoaded().then(function (isLoaded) {\n    if (!isLoaded) {\n        cy.log('Learning Path page not loaded properly, skipping test');\n        page_objects_1.learningPathPage.takeScreenshot('learning-path-not-loaded');\n        return;\n    }\n    // Check if roadmap visualization is visible\n    page_objects_1.learningPathPage.isRoadmapVisualizationVisible().then(function (isVisible) {\n        if (!isVisible) {\n            cy.log('Roadmap visualization is not visible, skipping test');\n            page_objects_1.learningPathPage.takeScreenshot('roadmap-visualization-not-visible');\n            return;\n        }\n        // Check if view controls are available\n        cy.get('body').then(function ($body) {\n            var hasViewControls = $body.find('[data-testid=\"roadmap-view-controls\"]').length > 0;\n            if (!hasViewControls) {\n                cy.log('Roadmap view controls are not available, skipping test');\n                page_objects_1.learningPathPage.takeScreenshot('roadmap-view-controls-not-available');\n                return;\n            }\n            // Switch to timeline view\n            page_objects_1.learningPathPage.switchToTimelineView();\n            // Check that the URL includes the view parameter\n            cy.url().should('include', 'view=timeline');\n            // Check that the timeline visualization is visible\n            page_objects_1.learningPathPage.isTimelineVisualizationVisible().then(function (isTimelineVisible) {\n                cy.wrap(isTimelineVisible).should('be.true');\n                // Check that the goals are displayed on the timeline\n                page_objects_1.learningPathPage.getTimelineGoalsCount().then(function (count) {\n                    cy.wrap(count).should('be.at.least', 1);\n                });\n            });\n        });\n    });\n});",
              "err": {},
              "uuid": "fc33641b-166b-4d03-9a3c-9e9c6917bd90",
              "parentUUID": "9e095d90-c46b-49fd-ae20-10237a3bb8f2",
              "isHook": false,
              "skipped": false
            }
          ],
          "suites": [],
          "passes": [
            "64e7ce73-f926-4f54-8576-8da9077f6bde",
            "cdd58aaf-007b-4113-ab4d-62829144e5d2",
            "4d078d35-d2a4-44e9-a18b-fb6151f1fcac",
            "0583fd55-8b64-4193-95d0-bb5289dad979",
            "8077f883-5842-47be-bfa0-1551639d6e6f",
            "10928c64-6d43-49cc-845f-039708ea1929",
            "fc33641b-166b-4d03-9a3c-9e9c6917bd90"
          ],
          "failures": [],
          "pending": [],
          "skipped": [],
          "duration": 14126,
          "root": false,
          "rootEmpty": false,
          "_timeout": 2000
        }
      ],
      "passes": [],
      "failures": [],
      "pending": [],
      "skipped": [],
      "duration": 0,
      "root": true,
      "rootEmpty": true,
      "_timeout": 2000
    }
  ],
  "meta": {
    "mocha": {
      "version": "7.0.1"
    },
    "mochawesome": {
      "options": {
        "quiet": false,
        "reportFilename": "mochawesome",
        "saveHtml": false,
        "saveJson": true,
        "consoleReporter": "spec",
        "useInlineDiffs": false,
        "code": true
      },
      "version": "7.1.3"
    },
    "marge": {
      "options": {
        "id": "default",
        "reportDir": "e2e-testing/reports/mochawesome/.jsons",
        "charts": true,
        "reportPageTitle": "Learning Platform E2E Tests",
        "embeddedScreenshots": true,
        "inlineAssets": true,
        "overwrite": false,
        "html": false,
        "json": true
      },
      "version": "6.2.0"
    }
  }
}