{
  "stats": {
    "suites": 1,
    "tests": 3,
    "passes": 0,
    "pending": 0,
    "failures": 3,
    "start": "2025-03-25T12:03:25.848Z",
    "end": "2025-03-25T12:05:42.542Z",
    "duration": 136694,
    "testsRegistered": 3,
    "passPercent": 0,
    "pendingPercent": 0,
    "other": 0,
    "hasOther": false,
    "skipped": 0,
    "hasSkipped": false
  },
  "results": [
    {
      "uuid": "d3e313c0-4266-4fdd-9d53-f07dde6346b4",
      "title": "",
      "fullFile": "e2e-testing/cypress/e2e/notes.cy.ts",
      "file": "e2e-testing/cypress/e2e/notes.cy.ts",
      "beforeHooks": [],
      "afterHooks": [],
      "tests": [],
      "suites": [
        {
          "uuid": "75b94457-c9d8-455d-aa60-89b42eb5938e",
          "title": "Notes Management E2E Tests",
          "fullFile": "",
          "file": "",
          "beforeHooks": [],
          "afterHooks": [],
          "tests": [
            {
              "title": "should support complete notes workflow",
              "fullTitle": "Notes Management E2E Tests should support complete notes workflow",
              "timedOut": null,
              "duration": 17933,
              "state": "failed",
              "speed": null,
              "pass": false,
              "fail": true,
              "pending": false,
              "context": "{\n  \"title\": \"cypress-mochawesome-reporter-screenshots\",\n  \"value\": [\n    [\n      \"/notes.cy.ts/Notes Management E2E Tests -- should support complete notes workflow (failed).png\"\n    ],\n    [\n      \"/notes.cy.ts/Notes Management E2E Tests -- should support complete notes workflow (failed) (attempt 2).png\"\n    ],\n    [\n      \"/notes.cy.ts/Notes Management E2E Tests -- should support complete notes workflow (failed) (attempt 3).png\"\n    ]\n  ]\n}",
              "code": "// Create a new note\nnotesPage.clickAddNote();\nvar noteTitle = \"Test Note \".concat(Date.now());\nnotesPage.fillNoteForm({\n    title: noteTitle,\n    content: 'This is a test note created by Cypress',\n    tags: ['test', 'cypress']\n});\nnotesPage.submitNoteForm();\n// Verify note was created\ncy.get('[data-testid=\"success-notification\"]', { timeout: 10000 }).should('be.visible');\ncy.get(\"[data-testid=\\\"note-item\\\"]:contains(\\\"\".concat(noteTitle, \"\\\")\")).should('exist');\n// Filter by tag\nnotesPage.filterByTag('test');\ncy.get(\"[data-testid=\\\"note-item\\\"]:contains(\\\"\".concat(noteTitle, \"\\\")\")).should('exist');\n// Search for note\nnotesPage.searchNotes(noteTitle);\ncy.get(\"[data-testid=\\\"note-item\\\"]:contains(\\\"\".concat(noteTitle, \"\\\")\")).should('exist');\n// Delete note\nnotesPage.deleteNote(noteTitle);\ncy.get('[data-testid=\"success-notification\"]', { timeout: 10000 }).should('be.visible');\ncy.get(\"[data-testid=\\\"note-item\\\"]:contains(\\\"\".concat(noteTitle, \"\\\")\")).should('not.exist');",
              "err": {
                "message": "AssertionError: Timed out retrying after 15000ms: Expected to find element: `[data-testid=\"note-tags-input\"]`, but never found it.",
                "estack": "AssertionError: Timed out retrying after 15000ms: Expected to find element: `[data-testid=\"note-tags-input\"]`, but never found it.\n    at eval (webpack:///./cypress/e2e/notes.cy.ts:35:0)\nat Array.forEach (<anonymous>)\n    at Object.fillNoteForm (webpack:///./cypress/e2e/notes.cy.ts:34:0)\n    at Context.eval (webpack:///./cypress/e2e/notes.cy.ts:67:0)",
                "diff": null
              },
              "uuid": "0637eae8-57d0-4712-8e05-fba5bf145066",
              "parentUUID": "75b94457-c9d8-455d-aa60-89b42eb5938e",
              "isHook": false,
              "skipped": false
            },
            {
              "title": "should handle error states gracefully",
              "fullTitle": "Notes Management E2E Tests should handle error states gracefully",
              "timedOut": null,
              "duration": 11310,
              "state": "failed",
              "speed": null,
              "pass": false,
              "fail": true,
              "pending": false,
              "context": "{\n  \"title\": \"cypress-mochawesome-reporter-screenshots\",\n  \"value\": [\n    [\n      \"/notes.cy.ts/Notes Management E2E Tests -- should handle error states gracefully (failed).png\"\n    ],\n    [\n      \"/notes.cy.ts/Notes Management E2E Tests -- should handle error states gracefully (failed) (attempt 2).png\"\n    ],\n    [\n      \"/notes.cy.ts/Notes Management E2E Tests -- should handle error states gracefully (failed) (attempt 3).png\"\n    ]\n  ]\n}",
              "code": "// Test empty form submission\nnotesPage.clickAddNote();\nnotesPage.submitNoteForm();\ncy.get('[data-testid=\"form-error\"]', { timeout: 10000 }).should('be.visible');\n// Test duplicate title\nvar noteTitle = \"Duplicate Note \".concat(Date.now());\nnotesPage.fillNoteForm({\n    title: noteTitle,\n    content: 'First note'\n});\nnotesPage.submitNoteForm();\ncy.get('[data-testid=\"success-notification\"]', { timeout: 10000 }).should('be.visible');\n// Try to create another note with the same title\nnotesPage.clickAddNote();\nnotesPage.fillNoteForm({\n    title: noteTitle,\n    content: 'Second note'\n});\nnotesPage.submitNoteForm();\ncy.get('[data-testid=\"error-notification\"]', { timeout: 10000 }).should('be.visible');",
              "err": {
                "message": "AssertionError: Timed out retrying after 10000ms: Expected to find element: `[data-testid=\"form-error\"]`, but never found it.",
                "estack": "AssertionError: Timed out retrying after 10000ms: Expected to find element: `[data-testid=\"form-error\"]`, but never found it.\n    at Context.eval (webpack:///./cypress/e2e/notes.cy.ts:91:63)",
                "diff": null
              },
              "uuid": "4b435504-af06-4ecc-95a2-9bea74cbf400",
              "parentUUID": "75b94457-c9d8-455d-aa60-89b42eb5938e",
              "isHook": false,
              "skipped": false
            },
            {
              "title": "should support note organization",
              "fullTitle": "Notes Management E2E Tests should support note organization",
              "timedOut": null,
              "duration": 16878,
              "state": "failed",
              "speed": null,
              "pass": false,
              "fail": true,
              "pending": false,
              "context": "{\n  \"title\": \"cypress-mochawesome-reporter-screenshots\",\n  \"value\": [\n    [\n      \"/notes.cy.ts/Notes Management E2E Tests -- should support note organization (failed).png\"\n    ],\n    [\n      \"/notes.cy.ts/Notes Management E2E Tests -- should support note organization (failed) (attempt 2).png\"\n    ],\n    [\n      \"/notes.cy.ts/Notes Management E2E Tests -- should support note organization (failed) (attempt 3).png\"\n    ]\n  ]\n}",
              "code": "// Create multiple notes with different tags\nvar notes = [\n    { title: \"Note A \".concat(Date.now()), content: 'Content A', tags: ['work', 'important'] },\n    { title: \"Note B \".concat(Date.now()), content: 'Content B', tags: ['personal'] },\n    { title: \"Note C \".concat(Date.now()), content: 'Content C', tags: ['work'] }\n];\nnotes.forEach(function (note) {\n    notesPage.clickAddNote();\n    notesPage.fillNoteForm(note);\n    notesPage.submitNoteForm();\n    cy.get('[data-testid=\"success-notification\"]', { timeout: 10000 }).should('be.visible');\n});\n// Test tag filtering\nnotesPage.filterByTag('work');\ncy.get(\"[data-testid=\\\"note-item\\\"]:contains(\\\"\".concat(notes[0].title, \"\\\")\")).should('exist');\ncy.get(\"[data-testid=\\\"note-item\\\"]:contains(\\\"\".concat(notes[1].title, \"\\\")\")).should('not.exist');\n// Test search functionality\nnotesPage.searchNotes('Content B');\ncy.get(\"[data-testid=\\\"note-item\\\"]:contains(\\\"\".concat(notes[1].title, \"\\\")\")).should('exist');\ncy.get(\"[data-testid=\\\"note-item\\\"]:contains(\\\"\".concat(notes[0].title, \"\\\")\")).should('not.exist');",
              "err": {
                "message": "AssertionError: Timed out retrying after 15000ms: Expected to find element: `[data-testid=\"note-content-input\"]`, but never found it.",
                "estack": "AssertionError: Timed out retrying after 15000ms: Expected to find element: `[data-testid=\"note-content-input\"]`, but never found it.\n    at Object.fillNoteForm (webpack:///./cypress/e2e/notes.cy.ts:32:0)\n    at eval (webpack:///./cypress/e2e/notes.cy.ts:118:0)\nat Array.forEach (<anonymous>)\n    at Context.eval (webpack:///./cypress/e2e/notes.cy.ts:116:0)",
                "diff": null
              },
              "uuid": "d5199470-5f4f-4d3d-8f25-441626123be0",
              "parentUUID": "75b94457-c9d8-455d-aa60-89b42eb5938e",
              "isHook": false,
              "skipped": false
            }
          ],
          "suites": [],
          "passes": [],
          "failures": [
            "0637eae8-57d0-4712-8e05-fba5bf145066",
            "4b435504-af06-4ecc-95a2-9bea74cbf400",
            "d5199470-5f4f-4d3d-8f25-441626123be0"
          ],
          "pending": [],
          "skipped": [],
          "duration": 46121,
          "root": false,
          "rootEmpty": false,
          "_timeout": 2000
        }
      ],
      "passes": [],
      "failures": [],
      "pending": [],
      "skipped": [],
      "duration": 0,
      "root": true,
      "rootEmpty": true,
      "_timeout": 2000
    }
  ],
  "meta": {
    "mocha": {
      "version": "7.0.1"
    },
    "mochawesome": {
      "options": {
        "quiet": false,
        "reportFilename": "mochawesome",
        "saveHtml": false,
        "saveJson": true,
        "consoleReporter": "spec",
        "useInlineDiffs": false,
        "code": true
      },
      "version": "7.1.3"
    },
    "marge": {
      "options": {
        "id": "default",
        "reportDir": "e2e-testing/reports/mochawesome/.jsons",
        "charts": true,
        "reportPageTitle": "Learning Platform E2E Tests",
        "embeddedScreenshots": true,
        "inlineAssets": true,
        "overwrite": false,
        "html": false,
        "json": true
      },
      "version": "6.2.0"
    }
  }
}