{
  "stats": {
    "suites": 1,
    "tests": 3,
    "passes": 1,
    "pending": 0,
    "failures": 2,
    "start": "2025-03-22T09:35:59.301Z",
    "end": "2025-03-22T09:37:56.136Z",
    "duration": 116835,
    "testsRegistered": 3,
    "passPercent": 33.33333333333333,
    "pendingPercent": 0,
    "other": 0,
    "hasOther": false,
    "skipped": 0,
    "hasSkipped": false
  },
  "results": [
    {
      "uuid": "3e3f8df1-a149-4e1b-80d7-9aa6e935f1e5",
      "title": "",
      "fullFile": "e2e-testing/cypress/e2e/knowledge-spaced-repetition.cy.ts",
      "file": "e2e-testing/cypress/e2e/knowledge-spaced-repetition.cy.ts",
      "beforeHooks": [],
      "afterHooks": [],
      "tests": [],
      "suites": [
        {
          "uuid": "e92b8cd5-eff2-4b56-99cd-5ed87b94dcf4",
          "title": "Knowledge Management - Spaced Repetition E2E Flow",
          "fullFile": "",
          "file": "",
          "beforeHooks": [],
          "afterHooks": [],
          "tests": [
            {
              "title": "should navigate to the Knowledge section if available",
              "fullTitle": "Knowledge Management - Spaced Repetition E2E Flow should navigate to the Knowledge section if available",
              "timedOut": null,
              "duration": 5916,
              "state": "passed",
              "speed": "medium",
              "pass": true,
              "fail": false,
              "pending": false,
              "context": "{\n  \"title\": \"cypress-mochawesome-reporter-screenshots\",\n  \"value\": [\n    [\n      \"/knowledge-spaced-repetition.cy.ts/homepage-check.png\"\n    ]\n  ]\n}",
              "code": "// Check if the Knowledge section link exists on the page\ncy.get('body').then(function ($body) {\n    var hasKnowledgeLink = $body.find('a[href*=\"knowledge\"], a:contains(\"Knowledge\")').length > 0;\n    if (hasKnowledgeLink) {\n        // Knowledge section exists, navigate to it\n        cy.contains('Knowledge').click();\n        cy.url().should('include', '/knowledge');\n        // Check for spaced repetition features\n        cy.get('body').then(function ($knowledgePage) {\n            var hasReviewSection = $knowledgePage.find('a[href*=\"review\"], a:contains(\"Review\")').length > 0;\n            if (hasReviewSection) {\n                // Navigate to review section\n                cy.contains('Review').click();\n                cy.url().should('include', '/review');\n            }\n            else {\n                cy.log('Review section not found in Knowledge area');\n            }\n        });\n    }\n    else {\n        // Test pages might be available instead\n        cy.visit('/test-pages', { failOnStatusCode: false });\n        cy.get('body').then(function ($testPages) {\n            var hasSpacedRepetitionTest = $testPages.find('a[href*=\"knowledge-spaced-repetition\"]').length > 0;\n            if (hasSpacedRepetitionTest) {\n                // Navigate to the test page\n                cy.contains('knowledge-spaced-repetition').click();\n                // Verify basic elements on the page\n                cy.get('h1, h2, h3').should('be.visible');\n                // Check for tabs navigation\n                cy.get('button').then(function ($buttons) {\n                    if ($buttons.length > 0) {\n                        // Try clicking the first tab\n                        cy.get('button').first().click();\n                    }\n                });\n            }\n            else {\n                cy.log('Knowledge spaced repetition test page not found');\n            }\n        });\n    }\n});",
              "err": {},
              "uuid": "ad8e22cc-bbe5-4a99-96bc-9740585e0fb8",
              "parentUUID": "e92b8cd5-eff2-4b56-99cd-5ed87b94dcf4",
              "isHook": false,
              "skipped": false
            },
            {
              "title": "should display knowledge statistics",
              "fullTitle": "Knowledge Management - Spaced Repetition E2E Flow should display knowledge statistics",
              "timedOut": null,
              "duration": 18550,
              "state": "failed",
              "speed": null,
              "pass": false,
              "fail": true,
              "pending": false,
              "context": "{\n  \"title\": \"cypress-mochawesome-reporter-screenshots\",\n  \"value\": [\n    [\n      \"/knowledge-spaced-repetition.cy.ts/homepage-check (1).png\",\n      \"/knowledge-spaced-repetition.cy.ts/Knowledge Management - Spaced Repetition E2E Flow -- should display knowledge statistics (failed).png\"\n    ],\n    [\n      \"/knowledge-spaced-repetition.cy.ts/homepage-check (attempt 2).png\",\n      \"/knowledge-spaced-repetition.cy.ts/Knowledge Management - Spaced Repetition E2E Flow -- should display knowledge statistics (failed) (attempt 2).png\"\n    ],\n    [\n      \"/knowledge-spaced-repetition.cy.ts/homepage-check (attempt 3).png\",\n      \"/knowledge-spaced-repetition.cy.ts/Knowledge Management - Spaced Repetition E2E Flow -- should display knowledge statistics (failed) (attempt 3).png\"\n    ]\n  ]\n}",
              "code": "// Navigate to statistics section\ncy.contains('Statistics').click();\n// Verify we're on the statistics page\ncy.url().should('include', '/knowledge/statistics');\n// Check that key statistics are displayed\ncy.contains('Total Concepts').should('be.visible');\ncy.contains('Due for Review').should('be.visible');",
              "err": {
                "message": "AssertionError: Timed out retrying after 15000ms: Expected to find content: 'Statistics' but never did.",
                "estack": "AssertionError: Timed out retrying after 15000ms: Expected to find content: 'Statistics' but never did.\n    at Context.eval (webpack:///./cypress/e2e/knowledge-spaced-repetition.cy.ts:71:0)",
                "diff": null
              },
              "uuid": "62e6d4ac-12b2-4a71-ae2d-a5830361ce1e",
              "parentUUID": "e92b8cd5-eff2-4b56-99cd-5ed87b94dcf4",
              "isHook": false,
              "skipped": false
            },
            {
              "title": "should allow filtering concepts",
              "fullTitle": "Knowledge Management - Spaced Repetition E2E Flow should allow filtering concepts",
              "timedOut": null,
              "duration": 18628,
              "state": "failed",
              "speed": null,
              "pass": false,
              "fail": true,
              "pending": false,
              "context": "{\n  \"title\": \"cypress-mochawesome-reporter-screenshots\",\n  \"value\": [\n    [\n      \"/knowledge-spaced-repetition.cy.ts/homepage-check (2).png\",\n      \"/knowledge-spaced-repetition.cy.ts/Knowledge Management - Spaced Repetition E2E Flow -- should allow filtering concepts (failed).png\"\n    ],\n    [\n      \"/knowledge-spaced-repetition.cy.ts/homepage-check (attempt 2) (1).png\",\n      \"/knowledge-spaced-repetition.cy.ts/Knowledge Management - Spaced Repetition E2E Flow -- should allow filtering concepts (failed) (attempt 2).png\"\n    ],\n    [\n      \"/knowledge-spaced-repetition.cy.ts/homepage-check (attempt 3) (1).png\",\n      \"/knowledge-spaced-repetition.cy.ts/Knowledge Management - Spaced Repetition E2E Flow -- should allow filtering concepts (failed) (attempt 3).png\"\n    ]\n  ]\n}",
              "code": "// Navigate to concepts section\ncy.contains('Concepts').click();\n// Verify we're on the concepts page\ncy.url().should('include', '/knowledge/concepts');\n// Check filter controls exist\ncy.get('select, [role=\"combobox\"]').should('be.visible');\n// Try filtering concepts if filter controls exist\ncy.get('body').then(function ($body) {\n    var hasFilterDropdown = $body.find('select').length > 0;\n    var hasFilterCombobox = $body.find('[role=\"combobox\"]').length > 0;\n    if (hasFilterDropdown) {\n        cy.get('select').first().select(1); // Select the second option\n    }\n    else if (hasFilterCombobox) {\n        cy.get('[role=\"combobox\"]').first().click();\n        cy.get('[role=\"option\"]').first().click();\n    }\n    // Verify filtering had some effect\n    cy.wait(500); // Wait for filtering to apply\n});",
              "err": {
                "message": "AssertionError: Timed out retrying after 15000ms: Expected to find content: 'Concepts' but never did.",
                "estack": "AssertionError: Timed out retrying after 15000ms: Expected to find content: 'Concepts' but never did.\n    at Context.eval (webpack:///./cypress/e2e/knowledge-spaced-repetition.cy.ts:80:0)",
                "diff": null
              },
              "uuid": "582f79f9-d14d-49a5-bc8c-7bf3daad2050",
              "parentUUID": "e92b8cd5-eff2-4b56-99cd-5ed87b94dcf4",
              "isHook": false,
              "skipped": false
            }
          ],
          "suites": [],
          "passes": [
            "ad8e22cc-bbe5-4a99-96bc-9740585e0fb8"
          ],
          "failures": [
            "62e6d4ac-12b2-4a71-ae2d-a5830361ce1e",
            "582f79f9-d14d-49a5-bc8c-7bf3daad2050"
          ],
          "pending": [],
          "skipped": [],
          "duration": 43094,
          "root": false,
          "rootEmpty": false,
          "_timeout": 2000
        }
      ],
      "passes": [],
      "failures": [],
      "pending": [],
      "skipped": [],
      "duration": 0,
      "root": true,
      "rootEmpty": true,
      "_timeout": 2000
    }
  ],
  "meta": {
    "mocha": {
      "version": "7.0.1"
    },
    "mochawesome": {
      "options": {
        "quiet": false,
        "reportFilename": "mochawesome",
        "saveHtml": false,
        "saveJson": true,
        "consoleReporter": "spec",
        "useInlineDiffs": false,
        "code": true
      },
      "version": "7.1.3"
    },
    "marge": {
      "options": {
        "id": "default",
        "reportDir": "e2e-testing/reports/mochawesome/.jsons",
        "charts": true,
        "reportPageTitle": "Learning Platform E2E Tests",
        "embeddedScreenshots": true,
        "inlineAssets": true,
        "overwrite": false,
        "html": false,
        "json": true
      },
      "version": "6.2.0"
    }
  }
}