{
  "stats": {
    "suites": 1,
    "tests": 1,
    "passes": 0,
    "pending": 0,
    "failures": 1,
    "start": "2025-03-24T12:01:00.734Z",
    "end": "2025-03-24T12:01:04.710Z",
    "duration": 3976,
    "testsRegistered": 6,
    "passPercent": 0,
    "pendingPercent": 0,
    "other": 0,
    "hasOther": false,
    "skipped": 5,
    "hasSkipped": true
  },
  "results": [
    {
      "uuid": "84f38dc3-9b73-4be9-a8ab-e2096ee032f5",
      "title": "",
      "fullFile": "e2e-testing/cypress/e2e/profile.cy.ts",
      "file": "e2e-testing/cypress/e2e/profile.cy.ts",
      "beforeHooks": [],
      "afterHooks": [],
      "tests": [],
      "suites": [
        {
          "uuid": "b843d38d-ce68-4041-be8f-0617aaae464a",
          "title": "User Profile",
          "fullFile": "",
          "file": "",
          "beforeHooks": [],
          "afterHooks": [],
          "tests": [
            {
              "title": "should display user profile information",
              "fullTitle": "User Profile should display user profile information",
              "timedOut": null,
              "duration": 781,
              "state": "failed",
              "speed": null,
              "pass": false,
              "fail": true,
              "pending": false,
              "context": "{\n  \"title\": \"cypress-mochawesome-reporter-screenshots\",\n  \"value\": [\n    [\n      \"/profile.cy.ts/User Profile -- should display user profile information (failed).png\"\n    ],\n    [\n      \"/profile.cy.ts/User Profile -- should display user profile information (failed) (attempt 2).png\"\n    ],\n    [\n      \"/profile.cy.ts/User Profile -- should display user profile information -- before each hook (failed) (attempt 3).png\"\n    ]\n  ]\n}",
              "code": "cy.get('input[name=\"email\"]').should('have.value', 'test@example.com');\ncy.get('input[name=\"fullName\"]').should('have.value', 'Test User');",
              "err": {
                "message": "Error: An error was thrown while processing a network event: A fixture file could not be found at any of the following paths:\n\n    > e2e-testing/cypress/fixtures/user.json\n    > e2e-testing/cypress/fixtures/user.json.[ext]\n\nCypress looked for these file extensions at the provided path:\n\n    > .json, .js, .coffee, .html, .txt, .csv, .png, .jpg, .jpeg, .gif, .tif, .tiff, .zip\n\nProvide a path to an existing fixture file.\n\nBecause this error occurred during a `before each` hook we are skipping the remaining tests in the current suite: `User Profile`",
                "estack": "Error: An error was thrown while processing a network event: A fixture file could not be found at any of the following paths:\n\n    > e2e-testing/cypress/fixtures/user.json\n    > e2e-testing/cypress/fixtures/user.json.[ext]\n\nCypress looked for these file extensions at the provided path:\n\n    > .json, .js, .coffee, .html, .txt, .csv, .png, .jpg, .jpeg, .gif, .tif, .tiff, .zip\n\nProvide a path to an existing fixture file.\n\nBecause this error occurred during a `before each` hook we are skipping the remaining tests in the current suite: `User Profile`\n    at Object.<anonymous> (<embedded>:2770:260885)\n    at Object.tryCatcher (/Users/dan/Library/Caches/Cypress/14.2.0/Cypress.app/Contents/Resources/app/node_modules/bluebird/js/release/util.js:16:23)\n    at Promise._settlePromiseFromHandler (/Users/dan/Library/Caches/Cypress/14.2.0/Cypress.app/Contents/Resources/app/node_modules/bluebird/js/release/promise.js:512:31)\n    at Promise._settlePromise (/Users/dan/Library/Caches/Cypress/14.2.0/Cypress.app/Contents/Resources/app/node_modules/bluebird/js/release/promise.js:569:18)\n    at Promise._settlePromise0 (/Users/dan/Library/Caches/Cypress/14.2.0/Cypress.app/Contents/Resources/app/node_modules/bluebird/js/release/promise.js:614:10)\n    at Promise._settlePromises (/Users/dan/Library/Caches/Cypress/14.2.0/Cypress.app/Contents/Resources/app/node_modules/bluebird/js/release/promise.js:694:18)\n    at Promise._fulfill (/Users/dan/Library/Caches/Cypress/14.2.0/Cypress.app/Contents/Resources/app/node_modules/bluebird/js/release/promise.js:638:18)\n    at <unknown> (/Users/dan/Library/Caches/Cypress/14.2.0/Cypress.app/Contents/Resources/app/node_modules/bluebird/js/release/nodeback.js:42:21)\n    at s (<embedded>:227:141897)\n    at D.<anonymous> (<embedded>:2764:153466)\n    at D.emit (node:events:518:28)\n    at D._finish (<embedded>:2764:154396)\n    at i (<embedded>:2764:153787)\n    at D._processSimple2 (<embedded>:2764:159553)\n    at <unknown> (<embedded>:2764:159406)\n    at D._stat2 (<embedded>:2764:160471)\n    at <unknown> (<embedded>:2764:160318)\n    at s (<embedded>:1067:24225)\n    at s (<embedded>:227:141897)\n    at d (<embedded>:2886:13639)\n    at FSReqCallback.oncomplete (node:fs:197:21)",
                "diff": null
              },
              "uuid": "d6c173d7-bddb-48fa-805f-90efc77e697d",
              "parentUUID": "b843d38d-ce68-4041-be8f-0617aaae464a",
              "isHook": false,
              "skipped": false
            },
            {
              "title": "should allow updating profile information",
              "fullTitle": "User Profile should allow updating profile information",
              "timedOut": null,
              "duration": 0,
              "state": "skipped",
              "speed": null,
              "pass": false,
              "fail": false,
              "pending": false,
              "context": null,
              "code": "cy.get('input[name=\"email\"]').clear().type('new@example.com');\ncy.get('input[name=\"fullName\"]').clear().type('New Name');\ncy.get('form').first().submit();\ncy.get('[data-testid=\"success-message\"]').should('be.visible');",
              "err": {},
              "uuid": "ba473728-653c-4640-a45d-f0e4141b9ed6",
              "parentUUID": "b843d38d-ce68-4041-be8f-0617aaae464a",
              "isHook": false,
              "skipped": true
            },
            {
              "title": "should display account statistics",
              "fullTitle": "User Profile should display account statistics",
              "timedOut": null,
              "duration": 0,
              "state": "skipped",
              "speed": null,
              "pass": false,
              "fail": false,
              "pending": false,
              "context": null,
              "code": "cy.get('button').contains('Statistics').click();\ncy.wait('@getStatistics');\ncy.get('[data-testid=\"account-statistics\"]').should('be.visible');\ncy.get('[data-testid=\"account-statistics\"]').within(function () {\n    cy.contains('Total Courses Enrolled').should('be.visible');\n    cy.contains('Completed Courses').should('be.visible');\n    cy.contains('Average Score').should('be.visible');\n});",
              "err": {},
              "uuid": "8f8df546-e420-41dd-b4f6-02eab8825f2e",
              "parentUUID": "b843d38d-ce68-4041-be8f-0617aaae464a",
              "isHook": false,
              "skipped": true
            },
            {
              "title": "should handle notification preferences",
              "fullTitle": "User Profile should handle notification preferences",
              "timedOut": null,
              "duration": 0,
              "state": "skipped",
              "speed": null,
              "pass": false,
              "fail": false,
              "pending": false,
              "context": null,
              "code": "cy.get('button').contains('Notifications').click();\ncy.wait('@getPreferences');\ncy.get('[data-testid=\"notification-preferences\"]').should('be.visible');\ncy.get('[data-testid=\"email-notifications\"]').click();\ncy.get('[data-testid=\"success-message\"]').should('be.visible');",
              "err": {},
              "uuid": "b04c98f6-2c9e-4f9e-8940-91175d1ced63",
              "parentUUID": "b843d38d-ce68-4041-be8f-0617aaae464a",
              "isHook": false,
              "skipped": true
            },
            {
              "title": "should handle data export",
              "fullTitle": "User Profile should handle data export",
              "timedOut": null,
              "duration": 0,
              "state": "skipped",
              "speed": null,
              "pass": false,
              "fail": false,
              "pending": false,
              "context": null,
              "code": "cy.get('button').contains('Export').click();\ncy.get('[data-testid=\"export-button\"]').should('contain', 'Export My Data');\ncy.get('[data-testid=\"export-button\"]').click();\ncy.wait('@exportData');\ncy.get('[data-testid=\"export-button\"]').should('contain', 'Exporting...');",
              "err": {},
              "uuid": "41c8c2e8-462d-48eb-a4e6-9d12b240aa65",
              "parentUUID": "b843d38d-ce68-4041-be8f-0617aaae464a",
              "isHook": false,
              "skipped": true
            },
            {
              "title": "should handle account deletion flow",
              "fullTitle": "User Profile should handle account deletion flow",
              "timedOut": null,
              "duration": 0,
              "state": "skipped",
              "speed": null,
              "pass": false,
              "fail": false,
              "pending": false,
              "context": null,
              "code": "cy.get('button').contains('Account').click();\ncy.get('[data-testid=\"delete-account-button\"]').click();\ncy.get('[data-testid=\"confirm-delete\"]').click();\ncy.wait('@deleteAccount');\ncy.url().should('include', '/auth/login');",
              "err": {},
              "uuid": "f42cb679-6b08-44ab-be26-e5413d95e4e8",
              "parentUUID": "b843d38d-ce68-4041-be8f-0617aaae464a",
              "isHook": false,
              "skipped": true
            }
          ],
          "suites": [],
          "passes": [],
          "failures": [
            "d6c173d7-bddb-48fa-805f-90efc77e697d"
          ],
          "pending": [],
          "skipped": [
            "ba473728-653c-4640-a45d-f0e4141b9ed6",
            "8f8df546-e420-41dd-b4f6-02eab8825f2e",
            "b04c98f6-2c9e-4f9e-8940-91175d1ced63",
            "41c8c2e8-462d-48eb-a4e6-9d12b240aa65",
            "f42cb679-6b08-44ab-be26-e5413d95e4e8"
          ],
          "duration": 781,
          "root": false,
          "rootEmpty": false,
          "_timeout": 2000
        }
      ],
      "passes": [],
      "failures": [],
      "pending": [],
      "skipped": [],
      "duration": 0,
      "root": true,
      "rootEmpty": true,
      "_timeout": 2000
    }
  ],
  "meta": {
    "mocha": {
      "version": "7.0.1"
    },
    "mochawesome": {
      "options": {
        "quiet": false,
        "reportFilename": "mochawesome",
        "saveHtml": false,
        "saveJson": true,
        "consoleReporter": "spec",
        "useInlineDiffs": false,
        "code": true
      },
      "version": "7.1.3"
    },
    "marge": {
      "options": {
        "id": "default",
        "reportDir": "e2e-testing/reports/mochawesome/.jsons",
        "charts": true,
        "reportPageTitle": "Learning Platform E2E Tests",
        "embeddedScreenshots": true,
        "inlineAssets": true,
        "overwrite": false,
        "html": false,
        "json": true
      },
      "version": "6.2.0"
    }
  }
}