{
  "stats": {
    "suites": 1,
    "tests": 1,
    "passes": 0,
    "pending": 0,
    "failures": 1,
    "start": "2025-03-31T14:35:14.422Z",
    "end": "2025-03-31T14:35:16.410Z",
    "duration": 1988,
    "testsRegistered": 3,
    "passPercent": 0,
    "pendingPercent": 0,
    "other": 0,
    "hasOther": false,
    "skipped": 2,
    "hasSkipped": true
  },
  "results": [
    {
      "uuid": "ac9e7db3-4200-4131-93b3-6013e4693178",
      "title": "",
      "fullFile": "e2e-testing/cypress/e2e/knowledge-test-page.cy.ts",
      "file": "e2e-testing/cypress/e2e/knowledge-test-page.cy.ts",
      "beforeHooks": [],
      "afterHooks": [],
      "tests": [],
      "suites": [
        {
          "uuid": "22c403e3-c050-4bf9-92bb-0ee2d4f79c79",
          "title": "Knowledge Page",
          "fullFile": "",
          "file": "",
          "beforeHooks": [],
          "afterHooks": [],
          "tests": [
            {
              "title": "should display the knowledge page with basic navigation elements",
              "fullTitle": "Knowledge Page should display the knowledge page with basic navigation elements",
              "timedOut": null,
              "duration": 567,
              "state": "failed",
              "speed": null,
              "pass": false,
              "fail": true,
              "pending": false,
              "context": "{\n  \"title\": \"cypress-mochawesome-reporter-screenshots\",\n  \"value\": [\n    [\n      \"/knowledge-test-page.cy.ts/Knowledge Page -- should display the knowledge page with basic navigation elements (failed).png\"\n    ],\n    [\n      \"/knowledge-test-page.cy.ts/Knowledge Page -- should display the knowledge page with basic navigation elements (failed) (attempt 2).png\"\n    ],\n    [\n      \"/knowledge-test-page.cy.ts/Knowledge Page -- should display the knowledge page with basic navigation elements -- before each hook (failed) (attempt 3).png\"\n    ]\n  ]\n}",
              "code": "// Verify the heading exists (more generic)\ncy.get('h1, h2').should('exist');\n// Look for common navigation/tab elements\ncy.get('a, button, [role=\"tab\"]').should('exist');",
              "err": {
                "message": "CypressError: `cy.visit()` failed trying to load:\n\nhttp://localhost:3000/knowledge\n\nThe response we received from your web server was:\n\n  > 500: Internal Server Error\n\nThis was considered a failure because the status code was not `2xx`.\n\nIf you do not want status codes to cause failures pass the option: `failOnStatusCode: false`\n\nBecause this error occurred during a `before each` hook we are skipping the remaining tests in the current suite: `Knowledge Page`",
                "estack": "CypressError: `cy.visit()` failed trying to load:\n\nhttp://localhost:3000/knowledge\n\nThe response we received from your web server was:\n\n  > 500: Internal Server Error\n\nThis was considered a failure because the status code was not `2xx`.\n\nIf you do not want status codes to cause failures pass the option: `failOnStatusCode: false`\n\nBecause this error occurred during a `before each` hook we are skipping the remaining tests in the current suite: `Knowledge Page`\n    at <unknown> (http://localhost:3000/__cypress/runner/cypress_runner.js:132351:76)\n    at visitFailedByErr (http://localhost:3000/__cypress/runner/cypress_runner.js:131757:12)\n    at <unknown> (http://localhost:3000/__cypress/runner/cypress_runner.js:132334:13)\n    at tryCatcher (http://localhost:3000/__cypress/runner/cypress_runner.js:1777:23)\n    at Promise._settlePromiseFromHandler (http://localhost:3000/__cypress/runner/cypress_runner.js:1489:31)\n    at Promise._settlePromise (http://localhost:3000/__cypress/runner/cypress_runner.js:1546:18)\n    at Promise._settlePromise0 (http://localhost:3000/__cypress/runner/cypress_runner.js:1591:10)\n    at Promise._settlePromises (http://localhost:3000/__cypress/runner/cypress_runner.js:1667:18)\n    at _drainQueueStep (http://localhost:3000/__cypress/runner/cypress_runner.js:2377:12)\n    at _drainQueue (http://localhost:3000/__cypress/runner/cypress_runner.js:2370:9)\n    at Async._drainQueues (http://localhost:3000/__cypress/runner/cypress_runner.js:2386:5)\n    at Async.drainQueues (http://localhost:3000/__cypress/runner/cypress_runner.js:2256:14)\nFrom Your Spec Code:\n    at Context.eval (webpack:///./cypress/e2e/knowledge-test-page.cy.ts:22:0)",
                "diff": null
              },
              "uuid": "f4d678e2-5bcb-4f0a-81f4-116a33ea0c94",
              "parentUUID": "22c403e3-c050-4bf9-92bb-0ee2d4f79c79",
              "isHook": false,
              "skipped": false
            },
            {
              "title": "should allow interaction with knowledge content if available",
              "fullTitle": "Knowledge Page should allow interaction with knowledge content if available",
              "timedOut": null,
              "duration": 0,
              "state": "skipped",
              "speed": null,
              "pass": false,
              "fail": false,
              "pending": false,
              "context": null,
              "code": "// Check if add button exists and is clickable\ncy.get('body').then(function ($body) {\n    var hasAddButton = $body.find('button:contains(\"Add\"), [data-testid*=\"add\"]').length > 0;\n    if (hasAddButton) {\n        cy.get('button:contains(\"Add\"), [data-testid*=\"add\"]').first().click();\n        // Check if a form or modal appears\n        cy.get('form, [role=\"dialog\"], .modal').should('exist');\n        // Close the form/modal by clicking cancel or close button if found\n        cy.get('button:contains(\"Cancel\"), button:contains(\"Close\"), [aria-label=\"Close\"]')\n            .first()\n            .click({ force: true });\n    }\n    else {\n        // If no add button, just verify the page has some content\n        // Look for common UI elements in a knowledge page\n        cy.get('div, p, span, table, ul, ol')\n            .should('exist')\n            .and('be.visible');\n        // Take a screenshot to verify the content manually\n        cy.screenshot('knowledge-content-view');\n    }\n});",
              "err": {},
              "uuid": "13ff3dd4-800b-4447-881c-18b03ea428ed",
              "parentUUID": "22c403e3-c050-4bf9-92bb-0ee2d4f79c79",
              "isHook": false,
              "skipped": true
            },
            {
              "title": "should navigate between different sections if navigation exists",
              "fullTitle": "Knowledge Page should navigate between different sections if navigation exists",
              "timedOut": null,
              "duration": 0,
              "state": "skipped",
              "speed": null,
              "pass": false,
              "fail": false,
              "pending": false,
              "context": null,
              "code": "// Look for navigation elements\ncy.get('body').then(function ($body) {\n    var hasTabs = $body.find('[role=\"tab\"], .tab, button[data-testid*=\"tab\"]').length > 0;\n    if (hasTabs) {\n        // Click the second tab if it exists\n        cy.get('[role=\"tab\"], .tab, button[data-testid*=\"tab\"]')\n            .eq(1)\n            .click({ force: true });\n        // Verify some content changes\n        cy.get('.tab-content, .content').should('exist');\n    }\n    else {\n        // If no tabs, look for other navigation like sidebar or links\n        cy.get('nav a, .sidebar a, .navigation-item').should('exist');\n    }\n});",
              "err": {},
              "uuid": "3e2aa109-a7a0-4257-a59a-250ecedd0311",
              "parentUUID": "22c403e3-c050-4bf9-92bb-0ee2d4f79c79",
              "isHook": false,
              "skipped": true
            }
          ],
          "suites": [],
          "passes": [],
          "failures": [
            "f4d678e2-5bcb-4f0a-81f4-116a33ea0c94"
          ],
          "pending": [],
          "skipped": [
            "13ff3dd4-800b-4447-881c-18b03ea428ed",
            "3e2aa109-a7a0-4257-a59a-250ecedd0311"
          ],
          "duration": 567,
          "root": false,
          "rootEmpty": false,
          "_timeout": 2000
        }
      ],
      "passes": [],
      "failures": [],
      "pending": [],
      "skipped": [],
      "duration": 0,
      "root": true,
      "rootEmpty": true,
      "_timeout": 2000
    }
  ],
  "meta": {
    "mocha": {
      "version": "7.0.1"
    },
    "mochawesome": {
      "options": {
        "quiet": false,
        "reportFilename": "mochawesome",
        "saveHtml": false,
        "saveJson": true,
        "consoleReporter": "spec",
        "useInlineDiffs": false,
        "code": true
      },
      "version": "7.1.3"
    },
    "marge": {
      "options": {
        "id": "default",
        "reportDir": "e2e-testing/reports/mochawesome/.jsons",
        "charts": true,
        "reportPageTitle": "Learning Platform E2E Tests",
        "embeddedScreenshots": true,
        "inlineAssets": true,
        "overwrite": false,
        "html": false,
        "json": true
      },
      "version": "6.2.0"
    }
  }
}