{
  "stats": {
    "suites": 1,
    "tests": 6,
    "passes": 0,
    "pending": 0,
    "failures": 6,
    "start": "2025-03-24T10:38:39.955Z",
    "end": "2025-03-24T10:45:14.723Z",
    "duration": 394768,
    "testsRegistered": 6,
    "passPercent": 0,
    "pendingPercent": 0,
    "other": 0,
    "hasOther": false,
    "skipped": 0,
    "hasSkipped": false
  },
  "results": [
    {
      "uuid": "9b419bff-71b6-4924-b0d8-1d35c2b99a48",
      "title": "",
      "fullFile": "e2e-testing/cypress/e2e/profile.cy.ts",
      "file": "e2e-testing/cypress/e2e/profile.cy.ts",
      "beforeHooks": [],
      "afterHooks": [],
      "tests": [],
      "suites": [
        {
          "uuid": "f9d06c57-bdf6-46a4-aef0-01b2c6d52541",
          "title": "User Profile",
          "fullFile": "",
          "file": "",
          "beforeHooks": [],
          "afterHooks": [],
          "tests": [
            {
              "title": "should display user profile information",
              "fullTitle": "User Profile should display user profile information",
              "timedOut": null,
              "duration": 22033,
              "state": "failed",
              "speed": null,
              "pass": false,
              "fail": true,
              "pending": false,
              "context": "{\n  \"title\": \"cypress-mochawesome-reporter-screenshots\",\n  \"value\": [\n    [\n      \"/profile.cy.ts/User Profile -- should display user profile information (failed).png\"\n    ],\n    [\n      \"/profile.cy.ts/User Profile -- should display user profile information (failed) (attempt 2).png\"\n    ],\n    [\n      \"/profile.cy.ts/User Profile -- should display user profile information (failed) (attempt 3).png\"\n    ]\n  ]\n}",
              "code": "// Wait for profile data to load\ncy.wait(['@getProfile', '@getStatistics', '@getPreferences']);\n// Verify profile info elements are visible and contain correct data\ncy.get('[data-testid=\"profile-username\"]')\n    .should('be.visible')\n    .and('have.value', testUser.username);\ncy.get('[data-testid=\"profile-email\"]')\n    .should('be.visible')\n    .and('have.value', testUser.email);\ncy.get('[data-testid=\"profile-full-name\"]')\n    .should('be.visible')\n    .and('have.value', \"\".concat(testUser.firstName, \" \").concat(testUser.lastName));\n// Take screenshot of profile page\nprofilePage.takeScreenshot('profile-information');",
              "err": {
                "message": "CypressError: Timed out retrying after 20000ms: `cy.wait()` timed out waiting `20000ms` for the 1st request to the route: `getStatistics`. No request ever occurred.\n\nhttps://on.cypress.io/wait",
                "estack": "CypressError: Timed out retrying after 20000ms: `cy.wait()` timed out waiting `20000ms` for the 1st request to the route: `getStatistics`. No request ever occurred.\n\nhttps://on.cypress.io/wait\n    at cypressErr (http://localhost:3000/__cypress/runner/cypress_runner.js:75176:18)\n    at Object.errByPath (http://localhost:3000/__cypress/runner/cypress_runner.js:75230:10)\n    at checkForXhr (http://localhost:3000/__cypress/runner/cypress_runner.js:136105:84)\n    at <unknown> (http://localhost:3000/__cypress/runner/cypress_runner.js:136131:28)\n    at tryCatcher (http://localhost:3000/__cypress/runner/cypress_runner.js:1777:23)\n    at Promise.attempt.Promise.try (http://localhost:3000/__cypress/runner/cypress_runner.js:4285:29)\n    at whenStable (http://localhost:3000/__cypress/runner/cypress_runner.js:144517:68)\n    at <unknown> (http://localhost:3000/__cypress/runner/cypress_runner.js:144458:14)\n    at tryCatcher (http://localhost:3000/__cypress/runner/cypress_runner.js:1777:23)\n    at Promise._settlePromiseFromHandler (http://localhost:3000/__cypress/runner/cypress_runner.js:1489:31)\n    at Promise._settlePromise (http://localhost:3000/__cypress/runner/cypress_runner.js:1546:18)\n    at Promise._settlePromise0 (http://localhost:3000/__cypress/runner/cypress_runner.js:1591:10)\n    at Promise._settlePromises (http://localhost:3000/__cypress/runner/cypress_runner.js:1671:18)\n    at Promise._fulfill (http://localhost:3000/__cypress/runner/cypress_runner.js:1615:18)\n    at <unknown> (http://localhost:3000/__cypress/runner/cypress_runner.js:5420:46)",
                "diff": null
              },
              "uuid": "15b48274-c077-4145-9126-795b8317a83e",
              "parentUUID": "f9d06c57-bdf6-46a4-aef0-01b2c6d52541",
              "isHook": false,
              "skipped": false
            },
            {
              "title": "should allow updating profile information",
              "fullTitle": "User Profile should allow updating profile information",
              "timedOut": null,
              "duration": 21848,
              "state": "failed",
              "speed": null,
              "pass": false,
              "fail": true,
              "pending": false,
              "context": "{\n  \"title\": \"cypress-mochawesome-reporter-screenshots\",\n  \"value\": [\n    [\n      \"/profile.cy.ts/User Profile -- should allow updating profile information (failed).png\"\n    ],\n    [\n      \"/profile.cy.ts/User Profile -- should allow updating profile information (failed) (attempt 2).png\"\n    ],\n    [\n      \"/profile.cy.ts/User Profile -- should allow updating profile information (failed) (attempt 3).png\"\n    ]\n  ]\n}",
              "code": "// Wait for profile data to load\ncy.wait(['@getProfile', '@getStatistics', '@getPreferences']);\n// Setup update profile intercept\ncy.intercept('PUT', '/api/users/me', {\n    statusCode: 200,\n    body: {\n        message: 'Profile updated successfully'\n    }\n}).as('updateProfile');\n// Update profile info with unique name\nvar newName = \"Test User \".concat(Date.now());\ncy.get('[data-testid=\"profile-full-name\"]').clear().type(newName);\ncy.get('[data-testid=\"save-profile-button\"]').click();\n// Wait for update request and verify success message\ncy.wait('@updateProfile');\ncy.get('[data-testid=\"profile-success\"]').should('be.visible');\nprofilePage.takeScreenshot('profile-update-success');",
              "err": {
                "message": "CypressError: Timed out retrying after 20000ms: `cy.wait()` timed out waiting `20000ms` for the 1st request to the route: `getStatistics`. No request ever occurred.\n\nhttps://on.cypress.io/wait",
                "estack": "CypressError: Timed out retrying after 20000ms: `cy.wait()` timed out waiting `20000ms` for the 1st request to the route: `getStatistics`. No request ever occurred.\n\nhttps://on.cypress.io/wait\n    at cypressErr (http://localhost:3000/__cypress/runner/cypress_runner.js:75176:18)\n    at Object.errByPath (http://localhost:3000/__cypress/runner/cypress_runner.js:75230:10)\n    at checkForXhr (http://localhost:3000/__cypress/runner/cypress_runner.js:136105:84)\n    at <unknown> (http://localhost:3000/__cypress/runner/cypress_runner.js:136131:28)\n    at tryCatcher (http://localhost:3000/__cypress/runner/cypress_runner.js:1777:23)\n    at Promise.attempt.Promise.try (http://localhost:3000/__cypress/runner/cypress_runner.js:4285:29)\n    at whenStable (http://localhost:3000/__cypress/runner/cypress_runner.js:144517:68)\n    at <unknown> (http://localhost:3000/__cypress/runner/cypress_runner.js:144458:14)\n    at tryCatcher (http://localhost:3000/__cypress/runner/cypress_runner.js:1777:23)\n    at Promise._settlePromiseFromHandler (http://localhost:3000/__cypress/runner/cypress_runner.js:1489:31)\n    at Promise._settlePromise (http://localhost:3000/__cypress/runner/cypress_runner.js:1546:18)\n    at Promise._settlePromise0 (http://localhost:3000/__cypress/runner/cypress_runner.js:1591:10)\n    at Promise._settlePromises (http://localhost:3000/__cypress/runner/cypress_runner.js:1671:18)\n    at Promise._fulfill (http://localhost:3000/__cypress/runner/cypress_runner.js:1615:18)\n    at <unknown> (http://localhost:3000/__cypress/runner/cypress_runner.js:5420:46)",
                "diff": null
              },
              "uuid": "031aee44-6c58-4eb5-8d86-7cdb7deb5ebe",
              "parentUUID": "f9d06c57-bdf6-46a4-aef0-01b2c6d52541",
              "isHook": false,
              "skipped": false
            },
            {
              "title": "should display account statistics",
              "fullTitle": "User Profile should display account statistics",
              "timedOut": null,
              "duration": 21847,
              "state": "failed",
              "speed": null,
              "pass": false,
              "fail": true,
              "pending": false,
              "context": "{\n  \"title\": \"cypress-mochawesome-reporter-screenshots\",\n  \"value\": [\n    [\n      \"/profile.cy.ts/User Profile -- should display account statistics (failed).png\"\n    ],\n    [\n      \"/profile.cy.ts/User Profile -- should display account statistics (failed) (attempt 2).png\"\n    ],\n    [\n      \"/profile.cy.ts/User Profile -- should display account statistics (failed) (attempt 3).png\"\n    ]\n  ]\n}",
              "code": "// Wait for profile data to load\ncy.wait(['@getProfile', '@getStatistics', '@getPreferences']);\n// Click the statistics tab\ncy.get('[data-testid=\"statistics-tab\"]').click();\ncy.get('[data-testid=\"account-statistics\"]').should('be.visible');\n// Verify statistics values\ncy.contains('Total Courses Enrolled').parent().find('dd').should('contain', '5');\ncy.contains('Completed Courses').parent().find('dd').should('contain', '3');\ncy.contains('Average Score').parent().find('dd').should('contain', '85');\ncy.contains('Total Time Spent').parent().find('dd').should('contain', '24');\nprofilePage.takeScreenshot('account-statistics');",
              "err": {
                "message": "CypressError: Timed out retrying after 20000ms: `cy.wait()` timed out waiting `20000ms` for the 1st request to the route: `getPreferences`. No request ever occurred.\n\nhttps://on.cypress.io/wait",
                "estack": "CypressError: Timed out retrying after 20000ms: `cy.wait()` timed out waiting `20000ms` for the 1st request to the route: `getPreferences`. No request ever occurred.\n\nhttps://on.cypress.io/wait\n    at cypressErr (http://localhost:3000/__cypress/runner/cypress_runner.js:75176:18)\n    at Object.errByPath (http://localhost:3000/__cypress/runner/cypress_runner.js:75230:10)\n    at checkForXhr (http://localhost:3000/__cypress/runner/cypress_runner.js:136105:84)\n    at <unknown> (http://localhost:3000/__cypress/runner/cypress_runner.js:136131:28)\n    at tryCatcher (http://localhost:3000/__cypress/runner/cypress_runner.js:1777:23)\n    at Promise.attempt.Promise.try (http://localhost:3000/__cypress/runner/cypress_runner.js:4285:29)\n    at whenStable (http://localhost:3000/__cypress/runner/cypress_runner.js:144517:68)\n    at <unknown> (http://localhost:3000/__cypress/runner/cypress_runner.js:144458:14)\n    at tryCatcher (http://localhost:3000/__cypress/runner/cypress_runner.js:1777:23)\n    at Promise._settlePromiseFromHandler (http://localhost:3000/__cypress/runner/cypress_runner.js:1489:31)\n    at Promise._settlePromise (http://localhost:3000/__cypress/runner/cypress_runner.js:1546:18)\n    at Promise._settlePromise0 (http://localhost:3000/__cypress/runner/cypress_runner.js:1591:10)\n    at Promise._settlePromises (http://localhost:3000/__cypress/runner/cypress_runner.js:1671:18)\n    at Promise._fulfill (http://localhost:3000/__cypress/runner/cypress_runner.js:1615:18)\n    at <unknown> (http://localhost:3000/__cypress/runner/cypress_runner.js:5420:46)",
                "diff": null
              },
              "uuid": "6a52538c-b008-4f13-82c9-443efc23a468",
              "parentUUID": "f9d06c57-bdf6-46a4-aef0-01b2c6d52541",
              "isHook": false,
              "skipped": false
            },
            {
              "title": "should handle notification preferences",
              "fullTitle": "User Profile should handle notification preferences",
              "timedOut": null,
              "duration": 22083,
              "state": "failed",
              "speed": null,
              "pass": false,
              "fail": true,
              "pending": false,
              "context": "{\n  \"title\": \"cypress-mochawesome-reporter-screenshots\",\n  \"value\": [\n    [\n      \"/profile.cy.ts/User Profile -- should handle notification preferences (failed).png\"\n    ],\n    [\n      \"/profile.cy.ts/User Profile -- should handle notification preferences (failed) (attempt 2).png\"\n    ],\n    [\n      \"/profile.cy.ts/User Profile -- should handle notification preferences (failed) (attempt 3).png\"\n    ]\n  ]\n}",
              "code": "// Wait for profile data to load\ncy.wait(['@getProfile', '@getStatistics', '@getPreferences']);\n// Setup notification preferences update intercept\ncy.intercept('PUT', '/api/users/me/preferences', {\n    statusCode: 200,\n    body: {\n        emailNotifications: false,\n        courseUpdates: true,\n        marketingEmails: false\n    }\n}).as('updatePreferences');\n// Click the notifications tab\ncy.get('[data-testid=\"notifications-tab\"]').click();\ncy.get('[data-testid=\"notifications-settings\"]').should('be.visible');\n// Toggle email notifications\ncy.get('[data-testid=\"email-notifications-toggle\"]').click();\n// Wait for update request\ncy.wait('@updatePreferences');\nprofilePage.takeScreenshot('notification-preferences');",
              "err": {
                "message": "CypressError: Timed out retrying after 20000ms: `cy.wait()` timed out waiting `20000ms` for the 1st request to the route: `getStatistics`. No request ever occurred.\n\nhttps://on.cypress.io/wait",
                "estack": "CypressError: Timed out retrying after 20000ms: `cy.wait()` timed out waiting `20000ms` for the 1st request to the route: `getStatistics`. No request ever occurred.\n\nhttps://on.cypress.io/wait\n    at cypressErr (http://localhost:3000/__cypress/runner/cypress_runner.js:75176:18)\n    at Object.errByPath (http://localhost:3000/__cypress/runner/cypress_runner.js:75230:10)\n    at checkForXhr (http://localhost:3000/__cypress/runner/cypress_runner.js:136105:84)\n    at <unknown> (http://localhost:3000/__cypress/runner/cypress_runner.js:136131:28)\n    at tryCatcher (http://localhost:3000/__cypress/runner/cypress_runner.js:1777:23)\n    at Promise.attempt.Promise.try (http://localhost:3000/__cypress/runner/cypress_runner.js:4285:29)\n    at whenStable (http://localhost:3000/__cypress/runner/cypress_runner.js:144517:68)\n    at <unknown> (http://localhost:3000/__cypress/runner/cypress_runner.js:144458:14)\n    at tryCatcher (http://localhost:3000/__cypress/runner/cypress_runner.js:1777:23)\n    at Promise._settlePromiseFromHandler (http://localhost:3000/__cypress/runner/cypress_runner.js:1489:31)\n    at Promise._settlePromise (http://localhost:3000/__cypress/runner/cypress_runner.js:1546:18)\n    at Promise._settlePromise0 (http://localhost:3000/__cypress/runner/cypress_runner.js:1591:10)\n    at Promise._settlePromises (http://localhost:3000/__cypress/runner/cypress_runner.js:1671:18)\n    at Promise._fulfill (http://localhost:3000/__cypress/runner/cypress_runner.js:1615:18)\n    at <unknown> (http://localhost:3000/__cypress/runner/cypress_runner.js:5420:46)",
                "diff": null
              },
              "uuid": "4457809c-e689-467a-b33f-af6f272b68ee",
              "parentUUID": "f9d06c57-bdf6-46a4-aef0-01b2c6d52541",
              "isHook": false,
              "skipped": false
            },
            {
              "title": "should handle data export",
              "fullTitle": "User Profile should handle data export",
              "timedOut": null,
              "duration": 21758,
              "state": "failed",
              "speed": null,
              "pass": false,
              "fail": true,
              "pending": false,
              "context": "{\n  \"title\": \"cypress-mochawesome-reporter-screenshots\",\n  \"value\": [\n    [\n      \"/profile.cy.ts/User Profile -- should handle data export (failed).png\"\n    ],\n    [\n      \"/profile.cy.ts/User Profile -- should handle data export (failed) (attempt 2).png\"\n    ],\n    [\n      \"/profile.cy.ts/User Profile -- should handle data export (failed) (attempt 3).png\"\n    ]\n  ]\n}",
              "code": "// Wait for profile data to load\ncy.wait(['@getProfile', '@getStatistics', '@getPreferences']);\n// Setup data export intercept\ncy.intercept('GET', '/api/users/me/export', {\n    statusCode: 200,\n    body: {\n        user: {\n            id: 'user123',\n            username: testUser.username,\n            email: testUser.email\n        },\n        data: {\n            courses: [],\n            progress: {},\n            preferences: {}\n        }\n    }\n}).as('exportData');\n// Click the export tab\ncy.get('[data-testid=\"export-tab\"]').click();\ncy.get('[data-testid=\"data-export\"]').should('be.visible');\n// Click export button and verify loading state\ncy.get('[data-testid=\"export-data-button\"]').click();\ncy.get('[data-testid=\"export-data-button\"]').should('have.text', 'Exporting...');\n// Wait for export request\ncy.wait('@exportData');\nprofilePage.takeScreenshot('data-export');",
              "err": {
                "message": "CypressError: Timed out retrying after 20000ms: `cy.wait()` timed out waiting `20000ms` for the 1st request to the route: `getStatistics`. No request ever occurred.\n\nhttps://on.cypress.io/wait",
                "estack": "CypressError: Timed out retrying after 20000ms: `cy.wait()` timed out waiting `20000ms` for the 1st request to the route: `getStatistics`. No request ever occurred.\n\nhttps://on.cypress.io/wait\n    at cypressErr (http://localhost:3000/__cypress/runner/cypress_runner.js:75176:18)\n    at Object.errByPath (http://localhost:3000/__cypress/runner/cypress_runner.js:75230:10)\n    at checkForXhr (http://localhost:3000/__cypress/runner/cypress_runner.js:136105:84)\n    at <unknown> (http://localhost:3000/__cypress/runner/cypress_runner.js:136131:28)\n    at tryCatcher (http://localhost:3000/__cypress/runner/cypress_runner.js:1777:23)\n    at Promise.attempt.Promise.try (http://localhost:3000/__cypress/runner/cypress_runner.js:4285:29)\n    at whenStable (http://localhost:3000/__cypress/runner/cypress_runner.js:144517:68)\n    at <unknown> (http://localhost:3000/__cypress/runner/cypress_runner.js:144458:14)\n    at tryCatcher (http://localhost:3000/__cypress/runner/cypress_runner.js:1777:23)\n    at Promise._settlePromiseFromHandler (http://localhost:3000/__cypress/runner/cypress_runner.js:1489:31)\n    at Promise._settlePromise (http://localhost:3000/__cypress/runner/cypress_runner.js:1546:18)\n    at Promise._settlePromise0 (http://localhost:3000/__cypress/runner/cypress_runner.js:1591:10)\n    at Promise._settlePromises (http://localhost:3000/__cypress/runner/cypress_runner.js:1671:18)\n    at Promise._fulfill (http://localhost:3000/__cypress/runner/cypress_runner.js:1615:18)\n    at <unknown> (http://localhost:3000/__cypress/runner/cypress_runner.js:5420:46)",
                "diff": null
              },
              "uuid": "245c64dc-3d59-4b91-9c52-e14947e77302",
              "parentUUID": "f9d06c57-bdf6-46a4-aef0-01b2c6d52541",
              "isHook": false,
              "skipped": false
            },
            {
              "title": "should handle account deletion flow",
              "fullTitle": "User Profile should handle account deletion flow",
              "timedOut": null,
              "duration": 22280,
              "state": "failed",
              "speed": null,
              "pass": false,
              "fail": true,
              "pending": false,
              "context": "{\n  \"title\": \"cypress-mochawesome-reporter-screenshots\",\n  \"value\": [\n    [\n      \"/profile.cy.ts/User Profile -- should handle account deletion flow (failed).png\"\n    ],\n    [\n      \"/profile.cy.ts/User Profile -- should handle account deletion flow (failed) (attempt 2).png\"\n    ],\n    [\n      \"/profile.cy.ts/User Profile -- should handle account deletion flow (failed) (attempt 3).png\"\n    ]\n  ]\n}",
              "code": "// Wait for profile data to load\ncy.wait(['@getProfile', '@getStatistics', '@getPreferences']);\n// Setup account deletion intercept\ncy.intercept('DELETE', '/api/users/me', {\n    statusCode: 200,\n    body: {\n        message: 'Account deleted successfully'\n    }\n}).as('deleteAccount');\n// Click the account tab\ncy.get('[data-testid=\"account-tab\"]').click();\ncy.get('[data-testid=\"delete-account-section\"]').should('be.visible');\n// Click delete button and verify confirmation dialog\ncy.get('[data-testid=\"delete-account-button\"]').click();\ncy.get('[data-testid=\"delete-account-confirmation\"]').should('be.visible');\nprofilePage.takeScreenshot('account-deletion');",
              "err": {
                "message": "CypressError: Timed out retrying after 20000ms: `cy.wait()` timed out waiting `20000ms` for the 1st request to the route: `getStatistics`. No request ever occurred.\n\nhttps://on.cypress.io/wait",
                "estack": "CypressError: Timed out retrying after 20000ms: `cy.wait()` timed out waiting `20000ms` for the 1st request to the route: `getStatistics`. No request ever occurred.\n\nhttps://on.cypress.io/wait\n    at cypressErr (http://localhost:3000/__cypress/runner/cypress_runner.js:75176:18)\n    at Object.errByPath (http://localhost:3000/__cypress/runner/cypress_runner.js:75230:10)\n    at checkForXhr (http://localhost:3000/__cypress/runner/cypress_runner.js:136105:84)\n    at <unknown> (http://localhost:3000/__cypress/runner/cypress_runner.js:136131:28)\n    at tryCatcher (http://localhost:3000/__cypress/runner/cypress_runner.js:1777:23)\n    at Promise.attempt.Promise.try (http://localhost:3000/__cypress/runner/cypress_runner.js:4285:29)\n    at whenStable (http://localhost:3000/__cypress/runner/cypress_runner.js:144517:68)\n    at <unknown> (http://localhost:3000/__cypress/runner/cypress_runner.js:144458:14)\n    at tryCatcher (http://localhost:3000/__cypress/runner/cypress_runner.js:1777:23)\n    at Promise._settlePromiseFromHandler (http://localhost:3000/__cypress/runner/cypress_runner.js:1489:31)\n    at Promise._settlePromise (http://localhost:3000/__cypress/runner/cypress_runner.js:1546:18)\n    at Promise._settlePromise0 (http://localhost:3000/__cypress/runner/cypress_runner.js:1591:10)\n    at Promise._settlePromises (http://localhost:3000/__cypress/runner/cypress_runner.js:1671:18)\n    at Promise._fulfill (http://localhost:3000/__cypress/runner/cypress_runner.js:1615:18)\n    at <unknown> (http://localhost:3000/__cypress/runner/cypress_runner.js:5420:46)",
                "diff": null
              },
              "uuid": "24779943-6b8a-484c-9b8a-37cab2ef6f94",
              "parentUUID": "f9d06c57-bdf6-46a4-aef0-01b2c6d52541",
              "isHook": false,
              "skipped": false
            }
          ],
          "suites": [],
          "passes": [],
          "failures": [
            "15b48274-c077-4145-9126-795b8317a83e",
            "031aee44-6c58-4eb5-8d86-7cdb7deb5ebe",
            "6a52538c-b008-4f13-82c9-443efc23a468",
            "4457809c-e689-467a-b33f-af6f272b68ee",
            "245c64dc-3d59-4b91-9c52-e14947e77302",
            "24779943-6b8a-484c-9b8a-37cab2ef6f94"
          ],
          "pending": [],
          "skipped": [],
          "duration": 131849,
          "root": false,
          "rootEmpty": false,
          "_timeout": 2000
        }
      ],
      "passes": [],
      "failures": [],
      "pending": [],
      "skipped": [],
      "duration": 0,
      "root": true,
      "rootEmpty": true,
      "_timeout": 2000
    }
  ],
  "meta": {
    "mocha": {
      "version": "7.0.1"
    },
    "mochawesome": {
      "options": {
        "quiet": false,
        "reportFilename": "mochawesome",
        "saveHtml": false,
        "saveJson": true,
        "consoleReporter": "spec",
        "useInlineDiffs": false,
        "code": true
      },
      "version": "7.1.3"
    },
    "marge": {
      "options": {
        "id": "default",
        "reportDir": "e2e-testing/reports/mochawesome/.jsons",
        "charts": true,
        "reportPageTitle": "Learning Platform E2E Tests",
        "embeddedScreenshots": true,
        "inlineAssets": true,
        "overwrite": false,
        "html": false,
        "json": true
      },
      "version": "6.2.0"
    }
  }
}