<?xml version="1.0" encoding="UTF-8"?>
<testsuites name="Mocha Tests" time="136.696" tests="3" failures="3">
  <testsuite name="Root Suite" timestamp="2025-03-25T12:03:25" tests="0" file="e2e-testing/cypress/e2e/notes.cy.ts" time="0.000" failures="0">
  </testsuite>
  <testsuite name="Notes Management E2E Tests" timestamp="2025-03-25T12:03:25" tests="3" time="136.644" failures="3">
    <testcase name="Notes Management E2E Tests should support complete notes workflow" time="16.863" classname="should support complete notes workflow">
      <failure message="Timed out retrying after 15000ms: Expected to find element: `[data-testid=&quot;note-tags-input&quot;]`, but never found it." type="AssertionError"><![CDATA[AssertionError: Timed out retrying after 15000ms: Expected to find element: `[data-testid="note-tags-input"]`, but never found it.
    at eval (webpack:///./cypress/e2e/notes.cy.ts:35:0)
at Array.forEach (<anonymous>)
    at Object.fillNoteForm (webpack:///./cypress/e2e/notes.cy.ts:34:0)
    at Context.eval (webpack:///./cypress/e2e/notes.cy.ts:67:0)]]></failure>
    </testcase>
    <testcase name="Notes Management E2E Tests should handle error states gracefully" time="11.356" classname="should handle error states gracefully">
      <failure message="Timed out retrying after 10000ms: Expected to find element: `[data-testid=&quot;form-error&quot;]`, but never found it." type="AssertionError"><![CDATA[AssertionError: Timed out retrying after 10000ms: Expected to find element: `[data-testid="form-error"]`, but never found it.
    at Context.eval (webpack:///./cypress/e2e/notes.cy.ts:91:63)]]></failure>
    </testcase>
    <testcase name="Notes Management E2E Tests should support note organization" time="16.897" classname="should support note organization">
      <failure message="Timed out retrying after 15000ms: Expected to find element: `[data-testid=&quot;note-content-input&quot;]`, but never found it." type="AssertionError"><![CDATA[AssertionError: Timed out retrying after 15000ms: Expected to find element: `[data-testid="note-content-input"]`, but never found it.
    at Object.fillNoteForm (webpack:///./cypress/e2e/notes.cy.ts:32:0)
    at eval (webpack:///./cypress/e2e/notes.cy.ts:118:0)
at Array.forEach (<anonymous>)
    at Context.eval (webpack:///./cypress/e2e/notes.cy.ts:116:0)]]></failure>
    </testcase>
  </testsuite>
</testsuites>