<?xml version="1.0" encoding="UTF-8"?>
<testsuites name="Mocha Tests" time="10.000" tests="5" failures="0">
  <testsuite name="Root Suite" timestamp="2025-03-25T11:26:37" tests="0" file="e2e-testing/cypress/e2e/analytics.cy.ts" time="0.000" failures="0">
  </testsuite>
  <testsuite name="Progress Analytics" timestamp="2025-03-25T11:26:37" tests="5" time="9.959" failures="0">
    <testcase name="Progress Analytics should display analytics overview" time="1.857" classname="should display analytics overview">
    </testcase>
    <testcase name="Progress Analytics should allow filtering analytics by date range" time="1.807" classname="should allow filtering analytics by date range">
    </testcase>
    <testcase name="Progress Analytics should display various analytics tabs" time="2.058" classname="should display various analytics tabs">
    </testcase>
    <testcase name="Progress Analytics should allow exporting analytics data" time="1.763" classname="should allow exporting analytics data">
    </testcase>
    <testcase name="Progress Analytics should capture all analytics charts for documentation" time="2.183" classname="should capture all analytics charts for documentation">
    </testcase>
  </testsuite>
</testsuites>