<?xml version="1.0" encoding="UTF-8"?>
<testsuites name="Mocha Tests" time="10.625" tests="5" failures="0">
  <testsuite name="Root Suite" timestamp="2025-03-25T11:21:22" tests="0" file="e2e-testing/cypress/e2e/analytics-visualization.cy.ts" time="0.000" failures="0">
  </testsuite>
  <testsuite name="Progress Analytics - Data Visualization" timestamp="2025-03-25T11:21:22" tests="5" time="10.574" failures="0">
    <testcase name="Progress Analytics - Data Visualization should display the analytics dashboard with charts" time="2.803" classname="should display the analytics dashboard with charts">
    </testcase>
    <testcase name="Progress Analytics - Data Visualization should allow filtering analytics by date range" time="1.841" classname="should allow filtering analytics by date range">
    </testcase>
    <testcase name="Progress Analytics - Data Visualization should allow toggling between different chart types" time="1.839" classname="should allow toggling between different chart types">
    </testcase>
    <testcase name="Progress Analytics - Data Visualization should allow exporting analytics data if available" time="1.902" classname="should allow exporting analytics data if available">
    </testcase>
    <testcase name="Progress Analytics - Data Visualization should navigate between different analytics sections" time="1.948" classname="should navigate between different analytics sections">
    </testcase>
  </testsuite>
</testsuites>