<?xml version="1.0" encoding="UTF-8"?>
<testsuites name="Mocha Tests" time="7.651" tests="2" failures="0">
  <testsuite name="Root Suite" timestamp="2025-03-25T11:22:51" tests="0" file="e2e-testing/cypress/e2e/knowledge-spaced-repetition.cy.ts" time="0.000" failures="0">
  </testsuite>
  <testsuite name="Knowledge Management - Spaced Repetition E2E Flow" timestamp="2025-03-25T11:22:51" tests="2" time="7.619" failures="0">
    <testcase name="Knowledge Management - Spaced Repetition E2E Flow should navigate to the Knowledge section if available" time="3.003" classname="should navigate to the Knowledge section if available">
    </testcase>
    <testcase name="Knowledge Management - Spaced Repetition E2E Flow should explore knowledge management features" time="4.441" classname="should explore knowledge management features">
    </testcase>
  </testsuite>
</testsuites>