<?xml version="1.0" encoding="UTF-8"?>
<testsuites name="Mocha Tests" time="16.017" tests="8" failures="0">
  <testsuite name="Root Suite" timestamp="2025-03-25T11:28:39" tests="0" file="e2e-testing/cypress/e2e/learning-path.cy.ts" time="0.000" failures="0">
  </testsuite>
  <testsuite name="Learning Path Management" timestamp="2025-03-25T11:28:39" tests="8" time="15.986" failures="0">
    <testcase name="Learning Path Management should display learning path overview" time="1.880" classname="should display learning path overview">
    </testcase>
    <testcase name="Learning Path Management should allow creating a new goal" time="1.987" classname="should allow creating a new goal">
    </testcase>
    <testcase name="Learning Path Management should allow editing an existing goal" time="1.916" classname="should allow editing an existing goal">
    </testcase>
    <testcase name="Learning Path Management should allow marking a goal as completed" time="1.957" classname="should allow marking a goal as completed">
    </testcase>
    <testcase name="Learning Path Management should allow creating a new milestone" time="1.880" classname="should allow creating a new milestone">
    </testcase>
    <testcase name="Learning Path Management should allow editing the roadmap" time="1.893" classname="should allow editing the roadmap">
    </testcase>
    <testcase name="Learning Path Management should display learning path progress" time="1.921" classname="should display learning path progress">
    </testcase>
    <testcase name="Learning Path Management should allow deleting a goal" time="1.870" classname="should allow deleting a goal">
    </testcase>
  </testsuite>
</testsuites>