<?xml version="1.0" encoding="UTF-8"?>
<testsuites name="Mocha Tests" time="3.785" tests="4" failures="0">
  <testsuite name="Root Suite" timestamp="2025-03-25T11:24:49" tests="0" file="e2e-testing/cypress/e2e/url-metadata.cy.ts" time="0.000" failures="0">
  </testsuite>
  <testsuite name="URL Metadata Extraction" timestamp="2025-03-25T11:24:49" tests="4" time="3.733" failures="0">
    <testcase name="URL Metadata Extraction should extract metadata from a valid URL" time="0.869" classname="should extract metadata from a valid URL">
    </testcase>
    <testcase name="URL Metadata Extraction should show an error message for invalid URLs" time="0.688" classname="should show an error message for invalid URLs">
    </testcase>
    <testcase name="URL Metadata Extraction should show an error message when metadata extraction fails" time="0.728" classname="should show an error message when metadata extraction fails">
    </testcase>
    <testcase name="URL Metadata Extraction should allow manual entry after failed metadata extraction" time="1.024" classname="should allow manual entry after failed metadata extraction">
    </testcase>
  </testsuite>
</testsuites>