<?xml version="1.0" encoding="UTF-8"?>
<testsuites name="Mocha Tests" time="201.902" tests="4" failures="4">
  <testsuite name="Root Suite" timestamp="2025-03-25T12:25:46" tests="0" file="e2e-testing/cypress/e2e/notes.cy.ts" time="0.000" failures="0">
  </testsuite>
  <testsuite name="Notes Management E2E Tests" timestamp="2025-03-25T12:25:46" tests="4" time="201.845" failures="4">
    <testcase name="Notes Management E2E Tests should support complete notes workflow" time="17.177" classname="should support complete notes workflow">
      <failure message="Timed out retrying after 15000ms: Expected to find element: `[data-testid=&quot;note-content-input&quot;]`, but never found it." type="AssertionError"><![CDATA[AssertionError: Timed out retrying after 15000ms: Expected to find element: `[data-testid="note-content-input"]`, but never found it.
    at Object.fillNoteForm (webpack:///./cypress/e2e/notes.cy.ts:35:0)
    at Context.eval (webpack:///./cypress/e2e/notes.cy.ts:95:0)]]></failure>
    </testcase>
    <testcase name="Notes Management E2E Tests should handle error states gracefully" time="16.358" classname="should handle error states gracefully">
      <failure message="Timed out retrying after 15000ms: Expected to find element: `[data-testid=&quot;form-error&quot;]`, but never found it." type="AssertionError"><![CDATA[AssertionError: Timed out retrying after 15000ms: Expected to find element: `[data-testid="form-error"]`, but never found it.
    at Context.eval (webpack:///./cypress/e2e/notes.cy.ts:118:0)]]></failure>
    </testcase>
    <testcase name="Notes Management E2E Tests should support note organization" time="16.804" classname="should support note organization">
      <failure message="Timed out retrying after 15000ms: Expected to find element: `[data-testid=&quot;note-content-input&quot;]`, but never found it." type="AssertionError"><![CDATA[AssertionError: Timed out retrying after 15000ms: Expected to find element: `[data-testid="note-content-input"]`, but never found it.
    at Object.fillNoteForm (webpack:///./cypress/e2e/notes.cy.ts:35:0)
    at eval (webpack:///./cypress/e2e/notes.cy.ts:141:0)
at Array.forEach (<anonymous>)
    at Context.eval (webpack:///./cypress/e2e/notes.cy.ts:139:0)]]></failure>
    </testcase>
    <testcase name="Notes Management E2E Tests should handle network errors gracefully" time="16.941" classname="should handle network errors gracefully">
      <failure message="Timed out retrying after 15000ms: Expected to find element: `[data-testid=&quot;note-content-input&quot;]`, but never found it." type="AssertionError"><![CDATA[AssertionError: Timed out retrying after 15000ms: Expected to find element: `[data-testid="note-content-input"]`, but never found it.
    at Object.fillNoteForm (webpack:///./cypress/e2e/notes.cy.ts:35:0)
    at Context.eval (webpack:///./cypress/e2e/notes.cy.ts:162:0)]]></failure>
    </testcase>
  </testsuite>
</testsuites>