<?xml version="1.0" encoding="UTF-8"?>
<testsuites name="Mocha Tests" time="9.808" tests="5" failures="0">
  <testsuite name="Root Suite" timestamp="2025-03-25T11:26:25" tests="0" file="e2e-testing/cypress/e2e/analytics-visualization.cy.ts" time="0.000" failures="0">
  </testsuite>
  <testsuite name="Progress Analytics - Data Visualization" timestamp="2025-03-25T11:26:25" tests="5" time="9.763" failures="0">
    <testcase name="Progress Analytics - Data Visualization should display the analytics dashboard with charts" time="2.351" classname="should display the analytics dashboard with charts">
    </testcase>
    <testcase name="Progress Analytics - Data Visualization should allow filtering analytics by date range" time="1.915" classname="should allow filtering analytics by date range">
    </testcase>
    <testcase name="Progress Analytics - Data Visualization should allow toggling between different chart types" time="1.835" classname="should allow toggling between different chart types">
    </testcase>
    <testcase name="Progress Analytics - Data Visualization should allow exporting analytics data if available" time="1.722" classname="should allow exporting analytics data if available">
    </testcase>
    <testcase name="Progress Analytics - Data Visualization should navigate between different analytics sections" time="1.709" classname="should navigate between different analytics sections">
    </testcase>
  </testsuite>
</testsuites>