<?xml version="1.0" encoding="UTF-8"?>
<testsuites name="Mocha Tests" time="8.322" tests="4" failures="0">
  <testsuite name="Root Suite" timestamp="2025-03-25T11:28:11" tests="0" file="e2e-testing/cypress/e2e/knowledge.cy.ts" time="0.000" failures="0">
  </testsuite>
  <testsuite name="Knowledge Management E2E Tests" timestamp="2025-03-25T11:28:11" tests="4" time="8.291" failures="0">
    <testcase name="Knowledge Management E2E Tests should display concepts list and navigation" time="1.843" classname="should display concepts list and navigation">
    </testcase>
    <testcase name="Knowledge Management E2E Tests should create, view, edit, and delete a concept" time="1.952" classname="should create, view, edit, and delete a concept">
    </testcase>
    <testcase name="Knowledge Management E2E Tests should use filtering and sorting options if available" time="2.149" classname="should use filtering and sorting options if available">
    </testcase>
    <testcase name="Knowledge Management E2E Tests should access spaced repetition features if available" time="1.991" classname="should access spaced repetition features if available">
    </testcase>
  </testsuite>
</testsuites>