<?xml version="1.0" encoding="UTF-8"?>
<testsuites name="Mocha Tests" time="14.752" tests="7" failures="0">
  <testsuite name="Root Suite" timestamp="2025-03-25T11:28:22" tests="0" file="e2e-testing/cypress/e2e/learning-path-roadmap.cy.ts" time="0.000" failures="0">
  </testsuite>
  <testsuite name="Learning Path - Roadmap Visualization" timestamp="2025-03-25T11:28:22" tests="7" time="14.719" failures="0">
    <testcase name="Learning Path - Roadmap Visualization should display the learning path roadmap" time="1.936" classname="should display the learning path roadmap">
    </testcase>
    <testcase name="Learning Path - Roadmap Visualization should allow viewing goal details from the roadmap" time="2.251" classname="should allow viewing goal details from the roadmap">
    </testcase>
    <testcase name="Learning Path - Roadmap Visualization should allow updating goal status from the roadmap" time="1.881" classname="should allow updating goal status from the roadmap">
    </testcase>
    <testcase name="Learning Path - Roadmap Visualization should allow adding milestones to a goal" time="2.105" classname="should allow adding milestones to a goal">
    </testcase>
    <testcase name="Learning Path - Roadmap Visualization should allow filtering the roadmap by status" time="1.970" classname="should allow filtering the roadmap by status">
    </testcase>
    <testcase name="Learning Path - Roadmap Visualization should allow filtering the roadmap by priority" time="2.026" classname="should allow filtering the roadmap by priority">
    </testcase>
    <testcase name="Learning Path - Roadmap Visualization should allow viewing the roadmap in timeline view" time="1.957" classname="should allow viewing the roadmap in timeline view">
    </testcase>
  </testsuite>
</testsuites>