<?xml version="1.0" encoding="UTF-8"?>
<testsuites name="Mocha Tests" time="16.458" tests="3" failures="3">
  <testsuite name="Root Suite" timestamp="2025-03-25T11:41:12" tests="0" file="e2e-testing/cypress/e2e/notes.cy.ts" time="0.000" failures="0">
  </testsuite>
  <testsuite name="Notes Management E2E Tests" timestamp="2025-03-25T11:41:12" tests="3" time="16.395" failures="3">
    <testcase name="Notes Management E2E Tests should support complete notes workflow" time="1.735" classname="should support complete notes workflow">
      <failure message="`cy.click()` can only be called on a single element. Your subject contained 2 elements. Pass `{ multiple: true }` if you want to serially click each element.

https://on.cypress.io/click" type="CypressError"><![CDATA[CypressError: `cy.click()` can only be called on a single element. Your subject contained 2 elements. Pass `{ multiple: true }` if you want to serially click each element.

https://on.cypress.io/click
    at mouseAction (http://localhost:3000/__cypress/runner/cypress_runner.js:111635:68)
    at Context.click (http://localhost:3000/__cypress/runner/cypress_runner.js:111802:14)
    at wrapped (http://localhost:3000/__cypress/runner/cypress_runner.js:138862:19)
    at <unknown> (http://localhost:3000/__cypress/runner/cypress_runner.js:144789:15)
    at tryCatcher (http://localhost:3000/__cypress/runner/cypress_runner.js:1777:23)
    at Promise._settlePromiseFromHandler (http://localhost:3000/__cypress/runner/cypress_runner.js:1489:31)
    at Promise._settlePromise (http://localhost:3000/__cypress/runner/cypress_runner.js:1546:18)
    at Promise._settlePromiseCtx (http://localhost:3000/__cypress/runner/cypress_runner.js:1583:10)
    at _drainQueueStep (http://localhost:3000/__cypress/runner/cypress_runner.js:2381:12)
    at _drainQueue (http://localhost:3000/__cypress/runner/cypress_runner.js:2370:9)
    at Async._drainQueues (http://localhost:3000/__cypress/runner/cypress_runner.js:2386:5)
    at Async.drainQueues (http://localhost:3000/__cypress/runner/cypress_runner.js:2256:14)]]></failure>
    </testcase>
    <testcase name="Notes Management E2E Tests should handle error states gracefully" time="1.602" classname="should handle error states gracefully">
      <failure message="`cy.click()` can only be called on a single element. Your subject contained 2 elements. Pass `{ multiple: true }` if you want to serially click each element.

https://on.cypress.io/click" type="CypressError"><![CDATA[CypressError: `cy.click()` can only be called on a single element. Your subject contained 2 elements. Pass `{ multiple: true }` if you want to serially click each element.

https://on.cypress.io/click
    at mouseAction (http://localhost:3000/__cypress/runner/cypress_runner.js:111635:68)
    at Context.click (http://localhost:3000/__cypress/runner/cypress_runner.js:111802:14)
    at wrapped (http://localhost:3000/__cypress/runner/cypress_runner.js:138862:19)
    at <unknown> (http://localhost:3000/__cypress/runner/cypress_runner.js:144789:15)
    at tryCatcher (http://localhost:3000/__cypress/runner/cypress_runner.js:1777:23)
    at Promise._settlePromiseFromHandler (http://localhost:3000/__cypress/runner/cypress_runner.js:1489:31)
    at Promise._settlePromise (http://localhost:3000/__cypress/runner/cypress_runner.js:1546:18)
    at Promise._settlePromiseCtx (http://localhost:3000/__cypress/runner/cypress_runner.js:1583:10)
    at _drainQueueStep (http://localhost:3000/__cypress/runner/cypress_runner.js:2381:12)
    at _drainQueue (http://localhost:3000/__cypress/runner/cypress_runner.js:2370:9)
    at Async._drainQueues (http://localhost:3000/__cypress/runner/cypress_runner.js:2386:5)
    at Async.drainQueues (http://localhost:3000/__cypress/runner/cypress_runner.js:2256:14)]]></failure>
    </testcase>
    <testcase name="Notes Management E2E Tests should support note organization" time="1.646" classname="should support note organization">
      <failure message="`cy.click()` can only be called on a single element. Your subject contained 2 elements. Pass `{ multiple: true }` if you want to serially click each element.

https://on.cypress.io/click" type="CypressError"><![CDATA[CypressError: `cy.click()` can only be called on a single element. Your subject contained 2 elements. Pass `{ multiple: true }` if you want to serially click each element.

https://on.cypress.io/click
    at mouseAction (http://localhost:3000/__cypress/runner/cypress_runner.js:111635:68)
    at Context.click (http://localhost:3000/__cypress/runner/cypress_runner.js:111802:14)
    at wrapped (http://localhost:3000/__cypress/runner/cypress_runner.js:138862:19)
    at <unknown> (http://localhost:3000/__cypress/runner/cypress_runner.js:144789:15)
    at tryCatcher (http://localhost:3000/__cypress/runner/cypress_runner.js:1777:23)
    at Promise._settlePromiseFromHandler (http://localhost:3000/__cypress/runner/cypress_runner.js:1489:31)
    at Promise._settlePromise (http://localhost:3000/__cypress/runner/cypress_runner.js:1546:18)
    at Promise._settlePromiseCtx (http://localhost:3000/__cypress/runner/cypress_runner.js:1583:10)
    at _drainQueueStep (http://localhost:3000/__cypress/runner/cypress_runner.js:2381:12)
    at _drainQueue (http://localhost:3000/__cypress/runner/cypress_runner.js:2370:9)
    at Async._drainQueues (http://localhost:3000/__cypress/runner/cypress_runner.js:2386:5)
    at Async.drainQueues (http://localhost:3000/__cypress/runner/cypress_runner.js:2256:14)]]></failure>
    </testcase>
  </testsuite>
</testsuites>