{
  "stats": {
    "suites": 1,
    "tests": 3,
    "passes": 0,
    "pending": 0,
    "failures": 3,
    "start": "2025-03-16T19:26:27.256Z",
    "end": "2025-03-16T19:27:03.357Z",
    "duration": 36101,
    "testsRegistered": 3,
    "passPercent": 0,
    "pendingPercent": 0,
    "other": 0,
    "hasOther": false,
    "skipped": 0,
    "hasSkipped": false
  },
  "results": [
    {
      "uuid": "9cc4debb-85c3-4c12-8b20-f93f1351354c",
      "title": "",
      "fullFile": "cypress/e2e/dashboard.cy.ts",
      "file": "cypress/e2e/dashboard.cy.ts",
      "beforeHooks": [],
      "afterHooks": [],
      "tests": [],
      "suites": [
        {
          "uuid": "cad30eed-4447-4bb4-9b14-2eb1f3bb47b2",
          "title": "Dashboard Page",
          "fullFile": "",
          "file": "",
          "beforeHooks": [],
          "afterHooks": [],
          "tests": [
            {
              "title": "should have the correct page title",
              "fullTitle": "Dashboard Page should have the correct page title",
              "timedOut": null,
              "duration": 11853,
              "state": "failed",
              "speed": null,
              "pass": false,
              "fail": true,
              "pending": false,
              "context": "[\n  {\n    \"title\": \"cypress-mochawesome-reporter-videos-failed\",\n    \"value\": \"cypress/e2e/dashboard.cy.ts\"\n  },\n  {\n    \"title\": \"cypress-mochawesome-reporter-screenshots\",\n    \"value\": [\n      [\n        \"/dashboard.cy.ts/Dashboard Page -- should have the correct page title (failed).png\"\n      ]\n    ]\n  }\n]",
              "code": "cy.title().should('include', 'Dashboard');",
              "err": {
                "message": "AssertionError: Timed out retrying after 10000ms: expected 'AI/ML Learning Platform' to include 'Dashboard'",
                "estack": "AssertionError: Timed out retrying after 10000ms: expected 'AI/ML Learning Platform' to include 'Dashboard'\n    at Context.eval (webpack://frontend/./cypress/e2e/dashboard.cy.ts:7:0)",
                "diff": null
              },
              "uuid": "a03fe212-c4c9-4b5e-89ef-5d281b352506",
              "parentUUID": "cad30eed-4447-4bb4-9b14-2eb1f3bb47b2",
              "isHook": false,
              "skipped": false
            },
            {
              "title": "should have a navigation menu",
              "fullTitle": "Dashboard Page should have a navigation menu",
              "timedOut": null,
              "duration": 11927,
              "state": "failed",
              "speed": null,
              "pass": false,
              "fail": true,
              "pending": false,
              "context": "[\n  {\n    \"title\": \"cypress-mochawesome-reporter-videos-failed\",\n    \"value\": \"cypress/e2e/dashboard.cy.ts\"\n  },\n  {\n    \"title\": \"cypress-mochawesome-reporter-screenshots\",\n    \"value\": [\n      [\n        \"/dashboard.cy.ts/Dashboard Page -- should have a navigation menu (failed).png\"\n      ]\n    ]\n  }\n]",
              "code": "cy.get('nav').should('exist');",
              "err": {
                "message": "AssertionError: Timed out retrying after 10000ms: Expected to find element: `nav`, but never found it.",
                "estack": "AssertionError: Timed out retrying after 10000ms: Expected to find element: `nav`, but never found it.\n    at Context.eval (webpack://frontend/./cypress/e2e/dashboard.cy.ts:10:0)",
                "diff": null
              },
              "uuid": "f04ef4a6-4934-418d-8106-a1347af01d46",
              "parentUUID": "cad30eed-4447-4bb4-9b14-2eb1f3bb47b2",
              "isHook": false,
              "skipped": false
            },
            {
              "title": "should have a responsive layout",
              "fullTitle": "Dashboard Page should have a responsive layout",
              "timedOut": null,
              "duration": 12032,
              "state": "failed",
              "speed": null,
              "pass": false,
              "fail": true,
              "pending": false,
              "context": "[\n  {\n    \"title\": \"cypress-mochawesome-reporter-videos-failed\",\n    \"value\": \"cypress/e2e/dashboard.cy.ts\"\n  },\n  {\n    \"title\": \"cypress-mochawesome-reporter-screenshots\",\n    \"value\": [\n      [\n        \"/dashboard.cy.ts/Dashboard Page -- should have a responsive layout (failed).png\"\n      ]\n    ]\n  }\n]",
              "code": "// Test responsive behavior\ncy.viewport('iphone-x');\n// Check that the layout adjusts for mobile\ncy.get('nav').should('exist');\n// Menu should be collapsed on mobile\ncy.get('button[aria-label=\"Toggle menu\"]').should('be.visible');",
              "err": {
                "message": "AssertionError: Timed out retrying after 10000ms: Expected to find element: `nav`, but never found it.",
                "estack": "AssertionError: Timed out retrying after 10000ms: Expected to find element: `nav`, but never found it.\n    at Context.eval (webpack://frontend/./cypress/e2e/dashboard.cy.ts:16:0)",
                "diff": null
              },
              "uuid": "c98bc4a4-422a-485c-831e-1e693391d0d3",
              "parentUUID": "cad30eed-4447-4bb4-9b14-2eb1f3bb47b2",
              "isHook": false,
              "skipped": false
            }
          ],
          "suites": [],
          "passes": [],
          "failures": [
            "a03fe212-c4c9-4b5e-89ef-5d281b352506",
            "f04ef4a6-4934-418d-8106-a1347af01d46",
            "c98bc4a4-422a-485c-831e-1e693391d0d3"
          ],
          "pending": [],
          "skipped": [],
          "duration": 35812,
          "root": false,
          "rootEmpty": false,
          "_timeout": 2000
        }
      ],
      "passes": [],
      "failures": [],
      "pending": [],
      "skipped": [],
      "duration": 0,
      "root": true,
      "rootEmpty": true,
      "_timeout": 2000
    }
  ],
  "meta": {
    "mocha": {
      "version": "7.0.1"
    },
    "mochawesome": {
      "options": {
        "quiet": false,
        "reportFilename": "mochawesome",
        "saveHtml": false,
        "saveJson": true,
        "consoleReporter": "spec",
        "useInlineDiffs": false,
        "code": true
      },
      "version": "7.1.3"
    },
    "marge": {
      "options": {
        "id": "default",
        "reportDir": "cypress/reports/.jsons",
        "charts": true,
        "reportPageTitle": "Learning Platform E2E Tests",
        "embeddedScreenshots": true,
        "inlineAssets": true,
        "overwrite": false,
        "html": false,
        "json": true
      },
      "version": "6.2.0"
    }
  }
}