{
  "stats": {
    "suites": 1,
    "tests": 1,
    "passes": 0,
    "pending": 0,
    "failures": 1,
    "start": "2025-03-17T18:20:00.719Z",
    "end": "2025-03-17T18:20:03.164Z",
    "duration": 2445,
    "testsRegistered": 7,
    "passPercent": 0,
    "pendingPercent": 0,
    "other": 0,
    "hasOther": false,
    "skipped": 6,
    "hasSkipped": true
  },
  "results": [
    {
      "uuid": "8b3fac1b-d1fd-49d4-9df5-05e546daa8e1",
      "title": "",
      "fullFile": "cypress/e2e/analytics-visualization.cy.ts",
      "file": "cypress/e2e/analytics-visualization.cy.ts",
      "beforeHooks": [],
      "afterHooks": [],
      "tests": [],
      "suites": [
        {
          "uuid": "fbb87dc3-33a0-44d7-83c3-db9dcfc8be3d",
          "title": "Progress Analytics - Data Visualization",
          "fullFile": "",
          "file": "",
          "beforeHooks": [],
          "afterHooks": [],
          "tests": [
            {
              "title": "should display the analytics dashboard with charts",
              "fullTitle": "Progress Analytics - Data Visualization should display the analytics dashboard with charts",
              "timedOut": null,
              "duration": 2342,
              "state": "failed",
              "speed": null,
              "pass": false,
              "fail": true,
              "pending": false,
              "context": "[\n  {\n    \"title\": \"cypress-mochawesome-reporter-videos-failed\",\n    \"value\": \"cypress/e2e/analytics-visualization.cy.ts\"\n  },\n  {\n    \"title\": \"cypress-mochawesome-reporter-screenshots\",\n    \"value\": [\n      [\n        \"/analytics-visualization.cy.ts/Progress Analytics - Data Visualization -- should display the analytics dashboard with charts -- before each hook (failed).png\"\n      ]\n    ]\n  }\n]",
              "code": "// Check that the analytics dashboard is displayed\ncy.get('[data-testid=\"analytics-dashboard\"]').should('be.visible');\n// Check that the study time chart is displayed\ncy.get('[data-testid=\"study-time-chart\"]').should('be.visible');\n// Check that the resources completed chart is displayed\ncy.get('[data-testid=\"resources-completed-chart\"]').should('be.visible');\n// Check that the concepts reviewed chart is displayed\ncy.get('[data-testid=\"concepts-reviewed-chart\"]').should('be.visible');",
              "err": {
                "message": "CypressError: `cy.request()` failed on:\n\nhttp://localhost:3000/api/metrics/batch\n\nThe response we received from your web server was:\n\n  > 404: Not Found\n\nThis was considered a failure because the status code was not `2xx` or `3xx`.\n\nIf you do not want status codes to cause failures pass the option: `failOnStatusCode: false`\n\n-----------------------------------------------------------\n\nThe request we sent was:\n\nMethod: POST\nURL: http://localhost:3000/api/metrics/batch\nHeaders: {\n  \"Connection\": \"keep-alive\",\n  \"Authorization\": \"Bearer null\",\n  \"user-agent\": \"Mozilla/5.0 (Macintosh; Intel Mac OS X 10_15_7) AppleWebKit/537.36 (KHTML, like Gecko) Chrome/130.0.6723.137 Safari/537.36\",\n  \"accept\": \"*/*\",\n  \"cookie\": \"token=eyJhbGciOiJIUzI1NiIsInR5cCI6IkpXVCJ9.eyJzdWIiOiJ0ZXN0LXVzZXItY3lwcmVzcyIsImV4cCI6MTc0MjIzNzQwMX0.yUvRNWGyDnqGDyGKYYBUb12R7nyyuQFsZbqMILgcnJE\",\n  \"accept-encoding\": \"gzip, deflate\",\n  \"content-type\": \"application/json\",\n  \"content-length\": 1152\n}\nBody: {\"metrics\":[{\"date\":\"2025-03-17\",\"studyTime\":84,\"resourcesCompleted\":2,\"conceptsReviewed\":4},{\"date\":\"2025-03-16\",\"studyTime\":77,\"resourcesCompleted\":2,\"conceptsReviewed\":5},{\"date\":\"2025-03-15\",\"studyTime\":145,\"resourcesCompleted\":0,\"conceptsReviewed\":5},{\"date\":\"2025-03-14\",\"studyTime\":136,\"resourcesCompleted\":0,\"conceptsReviewed\":4},{\"date\":\"2025-03-13\",\"studyTime\":110,\"resourcesCompleted\":1,\"conceptsReviewed\":1},{\"date\":\"2025-03-12\",\"studyTime\":38,\"resourcesCompleted\":1,\"conceptsReviewed\":4},{\"date\":\"2025-03-11\",\"studyTime\":51,\"resourcesCompleted\":1,\"conceptsReviewed\":2},{\"date\":\"2025-03-10\",\"studyTime\":91,\"resourcesCompleted\":2,\"conceptsReviewed\":1},{\"date\":\"2025-03-09\",\"studyTime\":88,\"resourcesCompleted\":2,\"conceptsReviewed\":4},{\"date\":\"2025-03-08\",\"studyTime\":73,\"resourcesCompleted\":2,\"conceptsReviewed\":2},{\"date\":\"2025-03-07\",\"studyTime\":138,\"resourcesCompleted\":2,\"conceptsReviewed\":5},{\"date\":\"2025-03-06\",\"studyTime\":127,\"resourcesCompleted\":1,\"conceptsReviewed\":3},{\"date\":\"2025-03-05\",\"studyTime\":64,\"resourcesCompleted\":1,\"conceptsReviewed\":5},{\"date\":\"2025-03-04\",\"studyTime\":93,\"resourcesCompleted\":0,\"conceptsReviewed\":5}]}\n\n-----------------------------------------------------------\n\nThe response we got was:\n\nStatus: 404 - Not Found\nHeaders: {\n  \"cache-control\": \"no-store, must-revalidate\",\n  \"vary\": \"RSC, Next-Router-State-Tree, Next-Router-Prefetch, Next-Router-Segment-Prefetch, Accept-Encoding\",\n  \"link\": \"</_next/static/chunks/%5Broot%20of%20the%20server%5D__08514339._.css>; rel=preload; as=\\\"style\\\"\",\n  \"x-powered-by\": \"Next.js\",\n  \"content-type\": \"text/html; charset=utf-8\",\n  \"content-encoding\": \"gzip\",\n  \"date\": \"Mon, 17 Mar 2025 18:20:02 GMT\",\n  \"connection\": \"keep-alive\",\n  \"keep-alive\": \"timeout=5\",\n  \"transfer-encoding\": \"chunked\"\n}\nBody: <!DOCTYPE html><html lang=\"en\"><head><meta charSet=\"utf-8\"/><meta name=\"viewport\" content=\"width=device-width, initial-scale=1\"/><link rel=\"stylesheet\" href=\"/_next/static/chunks/%5Broot%20of%20the%20server%5D__08514339._.css\" data-precedence=\"next_static/chunks/[root of the server]__08514339._.css\"/><link rel=\"preload\" as=\"script\" fetchPriority=\"low\" href=\"/_next/static/chunks/%5Bturbopack%5D_browser_dev_hmr-client_hmr-client_ts_49a6ea35._.js\"/><script src=\"/_next/static/chunks/node_modules_next_dist_compiled_2ce9398a._.js\" async=\"\"></script><script src=\"/_next/static/chunks/node_modules_next_dist_client_43e3ffb8._.js\" async=\"\"></script><script src=\"/_next/static/chunks/node_modules_next_dist_3bfaed20._.js\" async=\"\"></script><script src=\"/_next/static/chunks/node_modules_%40swc_helpers_cjs_00636ac3._.js\" async=\"\"></script><script src=\"/_next/static/chunks/_e69f0d32._.js\" async=\"\"></script><script src=\"/_next/static/chunks/_be317ff2._.js\" async=\"\"></script><script src=\"/_next/static/chunks/node_modules_next_dist_1a6ee436._.js\" async=\"\"></script><script src=\"/_next/static/chunks/src_app_favicon_ico_mjs_79b6a596._.js\" async=\"\"></script><script src=\"/_next/static/chunks/[turbopack]_browser_dev_hmr-client_hmr-client_ts_f2322ef7._.js\" async=\"\"></script><script src=\"/_next/static/chunks/node_modules_axios_lib_99999129._.js\" async=\"\"></script><script src=\"/_next/static/chunks/node_modules_@headlessui_react_dist_306b8882._.js\" async=\"\"></script><script src=\"/_next/static/chunks/node_modules_@floating-ui_react_dist_c1a64d8e._.js\" async=\"\"></script><script src=\"/_next/static/chunks/node_modules_8535f519._.js\" async=\"\"></script><script src=\"/_next/static/chunks/src_8227d2ef._.js\" async=\"\"></script><script src=\"/_next/static/chunks/src_app_layout_tsx_f0e4c1a2._.js\" async=\"\"></script><script src=\"/_next/static/chunks/%5Bturbopack%5D_browser_dev_hmr-client_hmr-client_ts_f2322ef7._.js\" async=\"\"></script><script src=\"/_next/static/chunks/node_modules_%40headlessui_react_dist_306...\n\n\nhttps://on.cypress.io/request\n\nBecause this error occurred during a `before each` hook we are skipping the remaining tests in the current suite: `Progress Analytics - Data V...`",
                "estack": "CypressError: `cy.request()` failed on:\n\nhttp://localhost:3000/api/metrics/batch\n\nThe response we received from your web server was:\n\n  > 404: Not Found\n\nThis was considered a failure because the status code was not `2xx` or `3xx`.\n\nIf you do not want status codes to cause failures pass the option: `failOnStatusCode: false`\n\n-----------------------------------------------------------\n\nThe request we sent was:\n\nMethod: POST\nURL: http://localhost:3000/api/metrics/batch\nHeaders: {\n  \"Connection\": \"keep-alive\",\n  \"Authorization\": \"Bearer null\",\n  \"user-agent\": \"Mozilla/5.0 (Macintosh; Intel Mac OS X 10_15_7) AppleWebKit/537.36 (KHTML, like Gecko) Chrome/130.0.6723.137 Safari/537.36\",\n  \"accept\": \"*/*\",\n  \"cookie\": \"token=eyJhbGciOiJIUzI1NiIsInR5cCI6IkpXVCJ9.eyJzdWIiOiJ0ZXN0LXVzZXItY3lwcmVzcyIsImV4cCI6MTc0MjIzNzQwMX0.yUvRNWGyDnqGDyGKYYBUb12R7nyyuQFsZbqMILgcnJE\",\n  \"accept-encoding\": \"gzip, deflate\",\n  \"content-type\": \"application/json\",\n  \"content-length\": 1152\n}\nBody: {\"metrics\":[{\"date\":\"2025-03-17\",\"studyTime\":84,\"resourcesCompleted\":2,\"conceptsReviewed\":4},{\"date\":\"2025-03-16\",\"studyTime\":77,\"resourcesCompleted\":2,\"conceptsReviewed\":5},{\"date\":\"2025-03-15\",\"studyTime\":145,\"resourcesCompleted\":0,\"conceptsReviewed\":5},{\"date\":\"2025-03-14\",\"studyTime\":136,\"resourcesCompleted\":0,\"conceptsReviewed\":4},{\"date\":\"2025-03-13\",\"studyTime\":110,\"resourcesCompleted\":1,\"conceptsReviewed\":1},{\"date\":\"2025-03-12\",\"studyTime\":38,\"resourcesCompleted\":1,\"conceptsReviewed\":4},{\"date\":\"2025-03-11\",\"studyTime\":51,\"resourcesCompleted\":1,\"conceptsReviewed\":2},{\"date\":\"2025-03-10\",\"studyTime\":91,\"resourcesCompleted\":2,\"conceptsReviewed\":1},{\"date\":\"2025-03-09\",\"studyTime\":88,\"resourcesCompleted\":2,\"conceptsReviewed\":4},{\"date\":\"2025-03-08\",\"studyTime\":73,\"resourcesCompleted\":2,\"conceptsReviewed\":2},{\"date\":\"2025-03-07\",\"studyTime\":138,\"resourcesCompleted\":2,\"conceptsReviewed\":5},{\"date\":\"2025-03-06\",\"studyTime\":127,\"resourcesCompleted\":1,\"conceptsReviewed\":3},{\"date\":\"2025-03-05\",\"studyTime\":64,\"resourcesCompleted\":1,\"conceptsReviewed\":5},{\"date\":\"2025-03-04\",\"studyTime\":93,\"resourcesCompleted\":0,\"conceptsReviewed\":5}]}\n\n-----------------------------------------------------------\n\nThe response we got was:\n\nStatus: 404 - Not Found\nHeaders: {\n  \"cache-control\": \"no-store, must-revalidate\",\n  \"vary\": \"RSC, Next-Router-State-Tree, Next-Router-Prefetch, Next-Router-Segment-Prefetch, Accept-Encoding\",\n  \"link\": \"</_next/static/chunks/%5Broot%20of%20the%20server%5D__08514339._.css>; rel=preload; as=\\\"style\\\"\",\n  \"x-powered-by\": \"Next.js\",\n  \"content-type\": \"text/html; charset=utf-8\",\n  \"content-encoding\": \"gzip\",\n  \"date\": \"Mon, 17 Mar 2025 18:20:02 GMT\",\n  \"connection\": \"keep-alive\",\n  \"keep-alive\": \"timeout=5\",\n  \"transfer-encoding\": \"chunked\"\n}\nBody: <!DOCTYPE html><html lang=\"en\"><head><meta charSet=\"utf-8\"/><meta name=\"viewport\" content=\"width=device-width, initial-scale=1\"/><link rel=\"stylesheet\" href=\"/_next/static/chunks/%5Broot%20of%20the%20server%5D__08514339._.css\" data-precedence=\"next_static/chunks/[root of the server]__08514339._.css\"/><link rel=\"preload\" as=\"script\" fetchPriority=\"low\" href=\"/_next/static/chunks/%5Bturbopack%5D_browser_dev_hmr-client_hmr-client_ts_49a6ea35._.js\"/><script src=\"/_next/static/chunks/node_modules_next_dist_compiled_2ce9398a._.js\" async=\"\"></script><script src=\"/_next/static/chunks/node_modules_next_dist_client_43e3ffb8._.js\" async=\"\"></script><script src=\"/_next/static/chunks/node_modules_next_dist_3bfaed20._.js\" async=\"\"></script><script src=\"/_next/static/chunks/node_modules_%40swc_helpers_cjs_00636ac3._.js\" async=\"\"></script><script src=\"/_next/static/chunks/_e69f0d32._.js\" async=\"\"></script><script src=\"/_next/static/chunks/_be317ff2._.js\" async=\"\"></script><script src=\"/_next/static/chunks/node_modules_next_dist_1a6ee436._.js\" async=\"\"></script><script src=\"/_next/static/chunks/src_app_favicon_ico_mjs_79b6a596._.js\" async=\"\"></script><script src=\"/_next/static/chunks/[turbopack]_browser_dev_hmr-client_hmr-client_ts_f2322ef7._.js\" async=\"\"></script><script src=\"/_next/static/chunks/node_modules_axios_lib_99999129._.js\" async=\"\"></script><script src=\"/_next/static/chunks/node_modules_@headlessui_react_dist_306b8882._.js\" async=\"\"></script><script src=\"/_next/static/chunks/node_modules_@floating-ui_react_dist_c1a64d8e._.js\" async=\"\"></script><script src=\"/_next/static/chunks/node_modules_8535f519._.js\" async=\"\"></script><script src=\"/_next/static/chunks/src_8227d2ef._.js\" async=\"\"></script><script src=\"/_next/static/chunks/src_app_layout_tsx_f0e4c1a2._.js\" async=\"\"></script><script src=\"/_next/static/chunks/%5Bturbopack%5D_browser_dev_hmr-client_hmr-client_ts_f2322ef7._.js\" async=\"\"></script><script src=\"/_next/static/chunks/node_modules_%40headlessui_react_dist_306...\n\n\nhttps://on.cypress.io/request\n\nBecause this error occurred during a `before each` hook we are skipping the remaining tests in the current suite: `Progress Analytics - Data V...`\n    at <unknown> (http://localhost:3000/__cypress/runner/cypress_runner.js:133638:72)\n    at tryCatcher (http://localhost:3000/__cypress/runner/cypress_runner.js:1777:23)\n    at Promise._settlePromiseFromHandler (http://localhost:3000/__cypress/runner/cypress_runner.js:1489:31)\n    at Promise._settlePromise (http://localhost:3000/__cypress/runner/cypress_runner.js:1546:18)\n    at Promise._settlePromise0 (http://localhost:3000/__cypress/runner/cypress_runner.js:1591:10)\n    at Promise._settlePromises (http://localhost:3000/__cypress/runner/cypress_runner.js:1671:18)\n    at _drainQueueStep (http://localhost:3000/__cypress/runner/cypress_runner.js:2377:12)\n    at _drainQueue (http://localhost:3000/__cypress/runner/cypress_runner.js:2370:9)\n    at Async._drainQueues (http://localhost:3000/__cypress/runner/cypress_runner.js:2386:5)\n    at Async.drainQueues (http://localhost:3000/__cypress/runner/cypress_runner.js:2256:14)",
                "diff": null
              },
              "uuid": "16e6fd61-f877-4155-85bf-803e708bf2b4",
              "parentUUID": "fbb87dc3-33a0-44d7-83c3-db9dcfc8be3d",
              "isHook": false,
              "skipped": false
            },
            {
              "title": "should allow filtering analytics by date range",
              "fullTitle": "Progress Analytics - Data Visualization should allow filtering analytics by date range",
              "timedOut": null,
              "duration": 0,
              "state": "skipped",
              "speed": null,
              "pass": false,
              "fail": false,
              "pending": false,
              "context": null,
              "code": "// Check that the date range filter is displayed\ncy.get('[data-testid=\"date-range-filter\"]').should('be.visible');\n// Open the date range picker\ncy.get('[data-testid=\"date-range-filter\"]').click();\n// Select the last 7 days\ncy.get('[data-testid=\"range-last-7-days\"]').click();\n// Check that the URL includes the date range parameter\ncy.url().should('include', 'range=7');\n// Check that the charts are updated\ncy.get('[data-testid=\"study-time-chart\"]').should('be.visible');\ncy.get('[data-testid=\"chart-period-label\"]').should('contain', '7 days');",
              "err": {},
              "uuid": "8e81fdef-416f-44eb-a7d8-5652846c2842",
              "parentUUID": "fbb87dc3-33a0-44d7-83c3-db9dcfc8be3d",
              "isHook": false,
              "skipped": true
            },
            {
              "title": "should allow selecting custom date range",
              "fullTitle": "Progress Analytics - Data Visualization should allow selecting custom date range",
              "timedOut": null,
              "duration": 0,
              "state": "skipped",
              "speed": null,
              "pass": false,
              "fail": false,
              "pending": false,
              "context": null,
              "code": "// Check that the date range filter is displayed\ncy.get('[data-testid=\"date-range-filter\"]').click();\n// Select custom range option\ncy.get('[data-testid=\"range-custom\"]').click();\n// Set start date (7 days ago)\nvar startDate = new Date();\nstartDate.setDate(startDate.getDate() - 7);\nvar startDateString = startDate.toISOString().split('T')[0];\ncy.get('[data-testid=\"custom-start-date\"]').type(startDateString);\n// Set end date (today)\nvar endDate = new Date();\nvar endDateString = endDate.toISOString().split('T')[0];\ncy.get('[data-testid=\"custom-end-date\"]').type(endDateString);\n// Apply the custom range\ncy.get('[data-testid=\"apply-custom-range\"]').click();\n// Check that the URL includes the date range parameters\ncy.url().should('include', \"start=\".concat(startDateString));\ncy.url().should('include', \"end=\".concat(endDateString));\n// Check that the charts are updated\ncy.get('[data-testid=\"study-time-chart\"]').should('be.visible');",
              "err": {},
              "uuid": "ca07ba8b-f57e-406a-8d65-50676a3732b9",
              "parentUUID": "fbb87dc3-33a0-44d7-83c3-db9dcfc8be3d",
              "isHook": false,
              "skipped": true
            },
            {
              "title": "should allow toggling between different chart types",
              "fullTitle": "Progress Analytics - Data Visualization should allow toggling between different chart types",
              "timedOut": null,
              "duration": 0,
              "state": "skipped",
              "speed": null,
              "pass": false,
              "fail": false,
              "pending": false,
              "context": null,
              "code": "// Check that the chart type toggle is displayed\ncy.get('[data-testid=\"chart-type-toggle\"]').should('be.visible');\n// Switch to bar chart\ncy.get('[data-testid=\"chart-type-bar\"]').click();\n// Check that the URL includes the chart type parameter\ncy.url().should('include', 'chartType=bar');\n// Check that the bar chart is displayed\ncy.get('[data-testid=\"study-time-chart\"]').should('have.attr', 'data-chart-type', 'bar');\n// Switch to line chart\ncy.get('[data-testid=\"chart-type-line\"]').click();\n// Check that the URL includes the chart type parameter\ncy.url().should('include', 'chartType=line');\n// Check that the line chart is displayed\ncy.get('[data-testid=\"study-time-chart\"]').should('have.attr', 'data-chart-type', 'line');",
              "err": {},
              "uuid": "80d56009-fa61-410f-bc10-264fd47c25c0",
              "parentUUID": "fbb87dc3-33a0-44d7-83c3-db9dcfc8be3d",
              "isHook": false,
              "skipped": true
            },
            {
              "title": "should allow exporting analytics data",
              "fullTitle": "Progress Analytics - Data Visualization should allow exporting analytics data",
              "timedOut": null,
              "duration": 0,
              "state": "skipped",
              "speed": null,
              "pass": false,
              "fail": false,
              "pending": false,
              "context": null,
              "code": "// Check that the export button is displayed\ncy.get('[data-testid=\"export-data-button\"]').should('be.visible');\n// Click the export button\ncy.get('[data-testid=\"export-data-button\"]').click();\n// Check that the export options are displayed\ncy.get('[data-testid=\"export-options\"]').should('be.visible');\n// Select CSV export\ncy.get('[data-testid=\"export-csv\"]').click();\n// Check that the download starts\n// Note: We can't directly test file downloads in Cypress, but we can check that the request is made\ncy.intercept('GET', '/api/analytics/export?format=csv').as('exportCsv');\ncy.wait('@exportCsv').its('response.statusCode').should('eq', 200);",
              "err": {},
              "uuid": "117a86ae-a772-43e5-a4ad-e54a10d33d96",
              "parentUUID": "fbb87dc3-33a0-44d7-83c3-db9dcfc8be3d",
              "isHook": false,
              "skipped": true
            },
            {
              "title": "should allow adding a new study metric",
              "fullTitle": "Progress Analytics - Data Visualization should allow adding a new study metric",
              "timedOut": null,
              "duration": 0,
              "state": "skipped",
              "speed": null,
              "pass": false,
              "fail": false,
              "pending": false,
              "context": null,
              "code": "// Check that the add metric button is displayed\ncy.get('[data-testid=\"add-metric-button\"]').should('be.visible');\n// Click the add metric button\ncy.get('[data-testid=\"add-metric-button\"]').click();\n// Check that the add metric form is displayed\ncy.get('[data-testid=\"add-metric-form\"]').should('be.visible');\n// Fill out the form\nvar today = new Date().toISOString().split('T')[0];\ncy.get('[data-testid=\"metric-date-input\"]').type(today);\ncy.get('[data-testid=\"study-time-input\"]').type('60');\ncy.get('[data-testid=\"resources-completed-input\"]').type('2');\ncy.get('[data-testid=\"concepts-reviewed-input\"]').type('5');\n// Submit the form\ncy.get('[data-testid=\"save-metric-button\"]').click();\n// Check that the form is closed\ncy.get('[data-testid=\"add-metric-form\"]').should('not.exist');\n// Check that the charts are updated\ncy.get('[data-testid=\"study-time-chart\"]').should('be.visible');",
              "err": {},
              "uuid": "8fc35b9a-35f1-49cb-a1a3-b65b159e225f",
              "parentUUID": "fbb87dc3-33a0-44d7-83c3-db9dcfc8be3d",
              "isHook": false,
              "skipped": true
            },
            {
              "title": "should generate a weekly report",
              "fullTitle": "Progress Analytics - Data Visualization should generate a weekly report",
              "timedOut": null,
              "duration": 0,
              "state": "skipped",
              "speed": null,
              "pass": false,
              "fail": false,
              "pending": false,
              "context": null,
              "code": "// Check that the generate report button is displayed\ncy.get('[data-testid=\"generate-report-button\"]').should('be.visible');\n// Click the generate report button\ncy.get('[data-testid=\"generate-report-button\"]').click();\n// Check that the report options are displayed\ncy.get('[data-testid=\"report-options\"]').should('be.visible');\n// Select weekly report\ncy.get('[data-testid=\"weekly-report\"]').click();\n// Check that the report is generated\ncy.get('[data-testid=\"report-content\"]', { timeout: 10000 }).should('be.visible');\n// Check that the report contains the expected sections\ncy.get('[data-testid=\"report-summary\"]').should('be.visible');\ncy.get('[data-testid=\"report-charts\"]').should('be.visible');\ncy.get('[data-testid=\"report-recommendations\"]').should('be.visible');",
              "err": {},
              "uuid": "89ee489a-1fb2-4916-a6ac-8c58fd09e3d4",
              "parentUUID": "fbb87dc3-33a0-44d7-83c3-db9dcfc8be3d",
              "isHook": false,
              "skipped": true
            }
          ],
          "suites": [],
          "passes": [],
          "failures": [
            "16e6fd61-f877-4155-85bf-803e708bf2b4"
          ],
          "pending": [],
          "skipped": [
            "8e81fdef-416f-44eb-a7d8-5652846c2842",
            "ca07ba8b-f57e-406a-8d65-50676a3732b9",
            "80d56009-fa61-410f-bc10-264fd47c25c0",
            "117a86ae-a772-43e5-a4ad-e54a10d33d96",
            "8fc35b9a-35f1-49cb-a1a3-b65b159e225f",
            "89ee489a-1fb2-4916-a6ac-8c58fd09e3d4"
          ],
          "duration": 2342,
          "root": false,
          "rootEmpty": false,
          "_timeout": 2000
        }
      ],
      "passes": [],
      "failures": [],
      "pending": [],
      "skipped": [],
      "duration": 0,
      "root": true,
      "rootEmpty": true,
      "_timeout": 2000
    }
  ],
  "meta": {
    "mocha": {
      "version": "7.0.1"
    },
    "mochawesome": {
      "options": {
        "quiet": false,
        "reportFilename": "mochawesome",
        "saveHtml": false,
        "saveJson": true,
        "consoleReporter": "spec",
        "useInlineDiffs": false,
        "code": true
      },
      "version": "7.1.3"
    },
    "marge": {
      "options": {
        "id": "default",
        "reportDir": "cypress/reports/.jsons",
        "charts": true,
        "reportPageTitle": "Learning Platform E2E Tests",
        "embeddedScreenshots": true,
        "inlineAssets": true,
        "overwrite": false,
        "html": false,
        "json": true
      },
      "version": "6.2.0"
    }
  }
}