{
  "stats": {
    "suites": 1,
    "tests": 1,
    "passes": 0,
    "pending": 0,
    "failures": 1,
    "start": "2025-03-17T16:40:43.527Z",
    "end": "2025-03-17T16:40:54.883Z",
    "duration": 11356,
    "testsRegistered": 7,
    "passPercent": 0,
    "pendingPercent": 0,
    "other": 0,
    "hasOther": false,
    "skipped": 6,
    "hasSkipped": true
  },
  "results": [
    {
      "uuid": "cdab9613-9cf5-40a2-9d9f-9aba864d5506",
      "title": "",
      "fullFile": "cypress/e2e/knowledge.cy.ts",
      "file": "cypress/e2e/knowledge.cy.ts",
      "beforeHooks": [],
      "afterHooks": [],
      "tests": [],
      "suites": [
        {
          "uuid": "93fe9ba8-af49-4d1b-a6ca-09c047f5dce5",
          "title": "Knowledge Management",
          "fullFile": "",
          "file": "",
          "beforeHooks": [],
          "afterHooks": [],
          "tests": [
            {
              "title": "should display concepts list and allow filtering",
              "fullTitle": "Knowledge Management should display concepts list and allow filtering",
              "timedOut": null,
              "duration": 11237,
              "state": "failed",
              "speed": null,
              "pass": false,
              "fail": true,
              "pending": false,
              "context": "[\n  {\n    \"title\": \"cypress-mochawesome-reporter-videos-failed\",\n    \"value\": \"cypress/e2e/knowledge.cy.ts\"\n  },\n  {\n    \"title\": \"cypress-mochawesome-reporter-screenshots\",\n    \"value\": [\n      [\n        \"/knowledge.cy.ts/Knowledge Management -- should display concepts list and allow filtering -- before each hook (failed).png\"\n      ]\n    ]\n  }\n]",
              "code": "// Check that concepts list is displayed\ncy.get('[data-testid=\"concepts-list\"]').should('be.visible');\n// Test filtering by topic\ncy.get('[data-testid=\"filter-topic\"]').click();\ncy.get('[data-testid=\"filter-topic-python\"]').click();\ncy.url().should('include', 'topic=python');\n// Test filtering by difficulty\ncy.get('[data-testid=\"filter-difficulty\"]').click();\ncy.get('[data-testid=\"filter-difficulty-beginner\"]').click();\ncy.url().should('include', 'difficulty=beginner');\n// Test filtering by review status\ncy.get('[data-testid=\"filter-status\"]').click();\ncy.get('[data-testid=\"filter-status-due\"]').click();\ncy.url().should('include', 'status=due');\n// Clear filters\ncy.get('[data-testid=\"clear-filters\"]').click();\ncy.url().should('not.include', 'topic=');\ncy.url().should('not.include', 'difficulty=');\ncy.url().should('not.include', 'status=');",
              "err": {
                "message": "AssertionError: Timed out retrying after 10000ms: Expected to find element: `input[name=\"email\"]`, but never found it.\n\nBecause this error occurred during a `before each` hook we are skipping the remaining tests in the current suite: `Knowledge Management`",
                "estack": "AssertionError: Timed out retrying after 10000ms: Expected to find element: `input[name=\"email\"]`, but never found it.\n\nBecause this error occurred during a `before each` hook we are skipping the remaining tests in the current suite: `Knowledge Management`\n    at Context.eval (webpack://frontend/./cypress/e2e/knowledge.cy.ts:9:0)",
                "diff": null
              },
              "uuid": "398cedbf-1b24-4af3-9df5-bc59efc71556",
              "parentUUID": "93fe9ba8-af49-4d1b-a6ca-09c047f5dce5",
              "isHook": false,
              "skipped": false
            },
            {
              "title": "should allow creating a new concept",
              "fullTitle": "Knowledge Management should allow creating a new concept",
              "timedOut": null,
              "duration": 0,
              "state": "skipped",
              "speed": null,
              "pass": false,
              "fail": false,
              "pending": false,
              "context": null,
              "code": "// Click on add concept button\ncy.get('[data-testid=\"add-concept\"]').click();\n// Fill out the concept form\nvar conceptTitle = \"Test Concept \".concat(Date.now());\ncy.get('input[name=\"title\"]').type(conceptTitle);\n// Use markdown editor\ncy.get('[data-testid=\"markdown-editor\"]').type('# Test Concept\\n\\nThis is a test concept created by Cypress.');\ncy.get('[data-testid=\"concept-difficulty\"]').click();\ncy.get('[data-testid=\"concept-difficulty-intermediate\"]').click();\ncy.get('[data-testid=\"concept-topics\"]').type('python{enter}testing{enter}');\n// Submit the form\ncy.get('button[type=\"submit\"]').click();\n// Verify the concept was created\ncy.get('[data-testid=\"success-notification\"]').should('be.visible');\n// Verify the concept appears in the list\ncy.get('[data-testid=\"concepts-list\"]').contains(conceptTitle).should('be.visible');",
              "err": {},
              "uuid": "3ee2f784-4128-4ffd-b0a5-11fa05f9c306",
              "parentUUID": "93fe9ba8-af49-4d1b-a6ca-09c047f5dce5",
              "isHook": false,
              "skipped": true
            },
            {
              "title": "should allow editing an existing concept",
              "fullTitle": "Knowledge Management should allow editing an existing concept",
              "timedOut": null,
              "duration": 0,
              "state": "skipped",
              "speed": null,
              "pass": false,
              "fail": false,
              "pending": false,
              "context": null,
              "code": "// Find the first concept and click edit\ncy.get('[data-testid=\"concept-item\"]').first().within(function () {\n    cy.get('[data-testid=\"edit-concept\"]').click();\n});\n// Update the concept title\nvar updatedTitle = \"Updated Concept \".concat(Date.now());\ncy.get('input[name=\"title\"]').clear().type(updatedTitle);\n// Update the content\ncy.get('[data-testid=\"markdown-editor\"]').clear().type('# Updated Concept\\n\\nThis concept was updated by Cypress.');\n// Submit the form\ncy.get('button[type=\"submit\"]').click();\n// Verify the concept was updated\ncy.get('[data-testid=\"success-notification\"]').should('be.visible');\n// Verify the updated concept appears in the list\ncy.get('[data-testid=\"concepts-list\"]').contains(updatedTitle).should('be.visible');",
              "err": {},
              "uuid": "86f7e48f-f1ae-4c8a-bf76-457e97341d6b",
              "parentUUID": "93fe9ba8-af49-4d1b-a6ca-09c047f5dce5",
              "isHook": false,
              "skipped": true
            },
            {
              "title": "should allow reviewing a concept",
              "fullTitle": "Knowledge Management should allow reviewing a concept",
              "timedOut": null,
              "duration": 0,
              "state": "skipped",
              "speed": null,
              "pass": false,
              "fail": false,
              "pending": false,
              "context": null,
              "code": "// Find the first concept and click review\ncy.get('[data-testid=\"concept-item\"]').first().within(function () {\n    cy.get('[data-testid=\"review-concept\"]').click();\n});\n// Verify the review page is displayed\ncy.get('[data-testid=\"concept-review\"]').should('be.visible');\n// View the answer\ncy.get('[data-testid=\"show-answer\"]').click();\ncy.get('[data-testid=\"concept-content\"]').should('be.visible');\n// Rate confidence\ncy.get('[data-testid=\"confidence-4\"]').click();\n// Add review notes\ncy.get('textarea[name=\"notes\"]').type('Reviewed during Cypress testing');\n// Submit the review\ncy.get('[data-testid=\"submit-review\"]').click();\n// Verify the review was submitted\ncy.get('[data-testid=\"success-notification\"]').should('be.visible');\n// Verify we're back at the concepts list\ncy.url().should('include', '/knowledge');",
              "err": {},
              "uuid": "33638d1b-5679-4c9e-abe5-2036532157a9",
              "parentUUID": "93fe9ba8-af49-4d1b-a6ca-09c047f5dce5",
              "isHook": false,
              "skipped": true
            },
            {
              "title": "should allow starting a review session",
              "fullTitle": "Knowledge Management should allow starting a review session",
              "timedOut": null,
              "duration": 0,
              "state": "skipped",
              "speed": null,
              "pass": false,
              "fail": false,
              "pending": false,
              "context": null,
              "code": "// Click on start review session button\ncy.get('[data-testid=\"start-review-session\"]').click();\n// Verify the review session page is displayed\ncy.get('[data-testid=\"review-session\"]').should('be.visible');\n// Complete at least one review in the session\ncy.get('[data-testid=\"show-answer\"]').click();\ncy.get('[data-testid=\"confidence-3\"]').click();\n// Verify the next concept is displayed or session is complete\ncy.get('body').then(function ($body) {\n    if ($body.find('[data-testid=\"review-complete\"]').length > 0) {\n        // Session is complete\n        cy.get('[data-testid=\"review-complete\"]').should('be.visible');\n        cy.get('[data-testid=\"return-to-knowledge\"]').click();\n    }\n    else {\n        // More concepts to review\n        cy.get('[data-testid=\"show-answer\"]').should('be.visible');\n    }\n});",
              "err": {},
              "uuid": "89bf0d56-a622-4c54-be99-dfa0c59f9510",
              "parentUUID": "93fe9ba8-af49-4d1b-a6ca-09c047f5dce5",
              "isHook": false,
              "skipped": true
            },
            {
              "title": "should display concept statistics",
              "fullTitle": "Knowledge Management should display concept statistics",
              "timedOut": null,
              "duration": 0,
              "state": "skipped",
              "speed": null,
              "pass": false,
              "fail": false,
              "pending": false,
              "context": null,
              "code": "// Click on statistics tab\ncy.get('[data-testid=\"statistics-tab\"]').click();\n// Verify statistics are displayed\ncy.get('[data-testid=\"concepts-stats\"]').should('be.visible');\ncy.get('[data-testid=\"review-history-chart\"]').should('be.visible');\ncy.get('[data-testid=\"confidence-chart\"]').should('be.visible');\ncy.get('[data-testid=\"topics-distribution-chart\"]').should('be.visible');\n// Test date range filter\ncy.get('[data-testid=\"date-range-selector\"]').click();\ncy.get('[data-testid=\"date-range-last-month\"]').click();\n// Verify charts are updated\ncy.get('[data-testid=\"review-history-chart\"]').should('be.visible');",
              "err": {},
              "uuid": "d226bb5a-ed8c-4c87-b1a9-5c5a3f35b021",
              "parentUUID": "93fe9ba8-af49-4d1b-a6ca-09c047f5dce5",
              "isHook": false,
              "skipped": true
            },
            {
              "title": "should allow deleting a concept",
              "fullTitle": "Knowledge Management should allow deleting a concept",
              "timedOut": null,
              "duration": 0,
              "state": "skipped",
              "speed": null,
              "pass": false,
              "fail": false,
              "pending": false,
              "context": null,
              "code": "// Get the title of the first concept\nvar conceptTitle;\ncy.get('[data-testid=\"concept-item\"]').first().within(function () {\n    cy.get('[data-testid=\"concept-title\"]').invoke('text').then(function (text) {\n        conceptTitle = text;\n    });\n});\n// Find the first concept and click delete\ncy.get('[data-testid=\"concept-item\"]').first().within(function () {\n    cy.get('[data-testid=\"delete-concept\"]').click();\n});\n// Confirm deletion\ncy.get('[data-testid=\"confirm-delete\"]').click();\n// Verify the concept was deleted\ncy.get('[data-testid=\"success-notification\"]').should('be.visible');\n// Verify the concept no longer appears in the list\ncy.get('[data-testid=\"concepts-list\"]').contains(conceptTitle).should('not.exist');",
              "err": {},
              "uuid": "67ba67a5-3710-4825-aa0f-6433c551ed55",
              "parentUUID": "93fe9ba8-af49-4d1b-a6ca-09c047f5dce5",
              "isHook": false,
              "skipped": true
            }
          ],
          "suites": [],
          "passes": [],
          "failures": [
            "398cedbf-1b24-4af3-9df5-bc59efc71556"
          ],
          "pending": [],
          "skipped": [
            "3ee2f784-4128-4ffd-b0a5-11fa05f9c306",
            "86f7e48f-f1ae-4c8a-bf76-457e97341d6b",
            "33638d1b-5679-4c9e-abe5-2036532157a9",
            "89bf0d56-a622-4c54-be99-dfa0c59f9510",
            "d226bb5a-ed8c-4c87-b1a9-5c5a3f35b021",
            "67ba67a5-3710-4825-aa0f-6433c551ed55"
          ],
          "duration": 11237,
          "root": false,
          "rootEmpty": false,
          "_timeout": 2000
        }
      ],
      "passes": [],
      "failures": [],
      "pending": [],
      "skipped": [],
      "duration": 0,
      "root": true,
      "rootEmpty": true,
      "_timeout": 2000
    }
  ],
  "meta": {
    "mocha": {
      "version": "7.0.1"
    },
    "mochawesome": {
      "options": {
        "quiet": false,
        "reportFilename": "mochawesome",
        "saveHtml": false,
        "saveJson": true,
        "consoleReporter": "spec",
        "useInlineDiffs": false,
        "code": true
      },
      "version": "7.1.3"
    },
    "marge": {
      "options": {
        "id": "default",
        "reportDir": "cypress/reports/.jsons",
        "charts": true,
        "reportPageTitle": "Learning Platform E2E Tests",
        "embeddedScreenshots": true,
        "inlineAssets": true,
        "overwrite": false,
        "html": false,
        "json": true
      },
      "version": "6.2.0"
    }
  }
}