{
  "stats": {
    "suites": 1,
    "tests": 4,
    "passes": 0,
    "pending": 0,
    "failures": 4,
    "start": "2025-03-17T17:25:09.788Z",
    "end": "2025-03-17T17:26:23.612Z",
    "duration": 73824,
    "testsRegistered": 4,
    "passPercent": 0,
    "pendingPercent": 0,
    "other": 0,
    "hasOther": false,
    "skipped": 0,
    "hasSkipped": false
  },
  "results": [
    {
      "uuid": "a053821a-9c1a-4feb-a4f2-094a0646f9f1",
      "title": "",
      "fullFile": "cypress/e2e/auth.cy.ts",
      "file": "cypress/e2e/auth.cy.ts",
      "beforeHooks": [],
      "afterHooks": [],
      "tests": [],
      "suites": [
        {
          "uuid": "be72c8d2-3d5e-4800-a8b3-753dd8aeccd3",
          "title": "Authentication Flow",
          "fullFile": "",
          "file": "",
          "beforeHooks": [],
          "afterHooks": [],
          "tests": [
            {
              "title": "should allow a user to register, login, and access protected routes",
              "fullTitle": "Authentication Flow should allow a user to register, login, and access protected routes",
              "timedOut": null,
              "duration": 13648,
              "state": "failed",
              "speed": null,
              "pass": false,
              "fail": true,
              "pending": false,
              "context": "[\n  {\n    \"title\": \"cypress-mochawesome-reporter-videos-failed\",\n    \"value\": \"cypress/e2e/auth.cy.ts\"\n  },\n  {\n    \"title\": \"cypress-mochawesome-reporter-screenshots\",\n    \"value\": [\n      [\n        \"/auth.cy.ts/Authentication Flow -- should allow a user to register, login, and access protected routes (failed).png\"\n      ]\n    ]\n  }\n]",
              "code": "// Create a test user first via API\ncy.createTestUser(testUser);\n// Visit the registration page\ncy.visit('/auth/register');\ncy.url().should('include', '/auth/register');\n// Fill out the registration form\ncy.get('input[name=\"username\"]').type(testUser.username);\ncy.get('input[name=\"email\"]').type(testUser.email);\ncy.get('input[name=\"password\"]').type(testUser.password);\ncy.get('input[name=\"fullName\"]').type(testUser.fullName);\n// Submit the form\ncy.get('button[type=\"submit\"]').click();\n// Should be redirected to login page after successful registration\ncy.url().should('include', '/auth/login');\n// Login with the newly created account\ncy.get('input[name=\"username\"]').type(testUser.username);\ncy.get('input[name=\"password\"]').type(testUser.password);\ncy.get('button[type=\"submit\"]').click();\n// Should be redirected to dashboard after successful login\ncy.url().should('include', '/dashboard');\n// Verify user is logged in by checking for user-specific elements\ncy.get('[data-testid=\"user-greeting\"]').should('contain', testUser.username);\n// Test navigation to protected routes\ncy.get('[data-testid=\"nav-resources\"]').click();\ncy.url().should('include', '/resources');\ncy.get('[data-testid=\"nav-learning-path\"]').click();\ncy.url().should('include', '/learning-path');\ncy.get('[data-testid=\"nav-knowledge\"]').click();\ncy.url().should('include', '/knowledge');\ncy.get('[data-testid=\"nav-analytics\"]').click();\ncy.url().should('include', '/analytics');\n// Test logout functionality\ncy.get('[data-testid=\"user-menu\"]').click();\ncy.get('[data-testid=\"logout-button\"]').click();\n// Should be redirected to login page after logout\ncy.url().should('include', '/auth/login');\n// Verify user cannot access protected routes after logout\ncy.visit('/dashboard');\ncy.url().should('include', '/auth/login');",
              "err": {
                "message": "AssertionError: Timed out retrying after 10000ms: expected 'http://localhost:3000/auth/register' to include '/auth/login'",
                "estack": "AssertionError: Timed out retrying after 10000ms: expected 'http://localhost:3000/auth/register' to include '/auth/login'\n    at Context.eval (webpack://frontend/./cypress/e2e/auth.cy.ts:27:0)",
                "diff": null
              },
              "uuid": "ab25bec4-a935-41a7-9ec4-a608bb768b42",
              "parentUUID": "be72c8d2-3d5e-4800-a8b3-753dd8aeccd3",
              "isHook": false,
              "skipped": false
            },
            {
              "title": "should show validation errors for invalid registration",
              "fullTitle": "Authentication Flow should show validation errors for invalid registration",
              "timedOut": null,
              "duration": 12056,
              "state": "failed",
              "speed": null,
              "pass": false,
              "fail": true,
              "pending": false,
              "context": "[\n  {\n    \"title\": \"cypress-mochawesome-reporter-videos-failed\",\n    \"value\": \"cypress/e2e/auth.cy.ts\"\n  },\n  {\n    \"title\": \"cypress-mochawesome-reporter-screenshots\",\n    \"value\": [\n      [\n        \"/auth.cy.ts/Authentication Flow -- should show validation errors for invalid registration (failed).png\"\n      ]\n    ]\n  }\n]",
              "code": "cy.visit('/auth/register');\n// Submit empty form\ncy.get('button[type=\"submit\"]').click();\n// Should show validation errors\ncy.get('[data-testid=\"error-username\"]').should('be.visible');\ncy.get('[data-testid=\"error-email\"]').should('be.visible');\ncy.get('[data-testid=\"error-password\"]').should('be.visible');\n// Test invalid email format\ncy.get('input[name=\"username\"]').type('testuser');\ncy.get('input[name=\"email\"]').type('invalid-email');\ncy.get('input[name=\"password\"]').type('short');\ncy.get('input[name=\"fullName\"]').type('Test User');\ncy.get('button[type=\"submit\"]').click();\n// Should show specific validation errors\ncy.get('[data-testid=\"error-email\"]').should('be.visible');\ncy.get('[data-testid=\"error-password\"]').should('be.visible');",
              "err": {
                "message": "AssertionError: Timed out retrying after 10000ms: Expected to find element: `[data-testid=\"error-username\"]`, but never found it.",
                "estack": "AssertionError: Timed out retrying after 10000ms: Expected to find element: `[data-testid=\"error-username\"]`, but never found it.\n    at Context.eval (webpack://frontend/./cypress/e2e/auth.cy.ts:59:0)",
                "diff": null
              },
              "uuid": "11cac2ed-a331-4490-9d96-00caa133e910",
              "parentUUID": "be72c8d2-3d5e-4800-a8b3-753dd8aeccd3",
              "isHook": false,
              "skipped": false
            },
            {
              "title": "should show error for invalid login credentials",
              "fullTitle": "Authentication Flow should show error for invalid login credentials",
              "timedOut": null,
              "duration": 13123,
              "state": "failed",
              "speed": null,
              "pass": false,
              "fail": true,
              "pending": false,
              "context": "[\n  {\n    \"title\": \"cypress-mochawesome-reporter-videos-failed\",\n    \"value\": \"cypress/e2e/auth.cy.ts\"\n  },\n  {\n    \"title\": \"cypress-mochawesome-reporter-screenshots\",\n    \"value\": [\n      [\n        \"/auth.cy.ts/Authentication Flow -- should show error for invalid login credentials (failed).png\"\n      ]\n    ]\n  }\n]",
              "code": "cy.visit('/auth/login');\n// Try to login with invalid credentials\ncy.get('input[name=\"username\"]').type('nonexistent-user');\ncy.get('input[name=\"password\"]').type('WrongPassword123!');\ncy.get('button[type=\"submit\"]').click();\n// Should show error message\ncy.get('[data-testid=\"login-error\"]').should('be.visible');\n// URL should still be login page\ncy.url().should('include', '/auth/login');",
              "err": {
                "message": "AssertionError: Timed out retrying after 10000ms: Expected to find element: `[data-testid=\"login-error\"]`, but never found it.",
                "estack": "AssertionError: Timed out retrying after 10000ms: Expected to find element: `[data-testid=\"login-error\"]`, but never found it.\n    at Context.eval (webpack://frontend/./cypress/e2e/auth.cy.ts:79:0)",
                "diff": null
              },
              "uuid": "3ef00500-0df9-46f5-848c-6b6d4a160d29",
              "parentUUID": "be72c8d2-3d5e-4800-a8b3-753dd8aeccd3",
              "isHook": false,
              "skipped": false
            },
            {
              "title": "should support programmatic login via custom command",
              "fullTitle": "Authentication Flow should support programmatic login via custom command",
              "timedOut": null,
              "duration": 34665,
              "state": "failed",
              "speed": null,
              "pass": false,
              "fail": true,
              "pending": false,
              "context": "[\n  {\n    \"title\": \"cypress-mochawesome-reporter-videos-failed\",\n    \"value\": \"cypress/e2e/auth.cy.ts\"\n  },\n  {\n    \"title\": \"cypress-mochawesome-reporter-screenshots\",\n    \"value\": [\n      [\n        \"/auth.cy.ts/Authentication Flow -- should support programmatic login via custom command (failed).png\"\n      ]\n    ]\n  }\n]",
              "code": "// Create a test user first via API\ncy.createTestUser(testUser);\n// Use the custom login command\ncy.login(testUser.username, testUser.password);\n// Visit the dashboard\ncy.visit('/dashboard');\n// Should be on dashboard page (not redirected to login)\ncy.url().should('include', '/dashboard');\n// Verify user is logged in\ncy.get('[data-testid=\"user-greeting\"]').should('contain', testUser.username);",
              "err": {
                "message": "CypressError: The application redirected to `http://localhost:3000/login` more than 20 times. Please check if it's an intended behavior.\n\nIf so, increase `redirectionLimit` value in configuration.",
                "estack": "CypressError: The application redirected to `http://localhost:3000/login` more than 20 times. Please check if it's an intended behavior.\n\nIf so, increase `redirectionLimit` value in configuration.\n    at onWindowLoad (http://localhost:3000/__cypress/runner/cypress_runner.js:131639:72)\n    at $Cy.onInternalWindowLoad (http://localhost:3000/__cypress/runner/cypress_runner.js:131674:20)\n    at $Cy.listener (http://localhost:3000/__cypress/runner/cypress_runner.js:141886:17)\n    at EventEmitter.emit (http://localhost:3000/__cypress/runner/cypress_runner.js:141966:19)\n    at parent.<computed> [as emit] (http://localhost:3000/__cypress/runner/cypress_runner.js:140879:32)\n    at $Cypress.action (http://localhost:3000/__cypress/runner/cypress_runner.js:41686:14)\n    at HTMLIFrameElement.<anonymous> (http://localhost:3000/__cypress/runner/cypress_runner.js:138745:24)\nFrom Your Spec Code:\n    at Context.eval (webpack://frontend/./cypress/e2e/auth.cy.ts:92:0)",
                "diff": null
              },
              "uuid": "b951a9bb-9739-45e3-aebb-e165744404e4",
              "parentUUID": "be72c8d2-3d5e-4800-a8b3-753dd8aeccd3",
              "isHook": false,
              "skipped": false
            }
          ],
          "suites": [],
          "passes": [],
          "failures": [
            "ab25bec4-a935-41a7-9ec4-a608bb768b42",
            "11cac2ed-a331-4490-9d96-00caa133e910",
            "3ef00500-0df9-46f5-848c-6b6d4a160d29",
            "b951a9bb-9739-45e3-aebb-e165744404e4"
          ],
          "pending": [],
          "skipped": [],
          "duration": 73492,
          "root": false,
          "rootEmpty": false,
          "_timeout": 2000
        }
      ],
      "passes": [],
      "failures": [],
      "pending": [],
      "skipped": [],
      "duration": 0,
      "root": true,
      "rootEmpty": true,
      "_timeout": 2000
    }
  ],
  "meta": {
    "mocha": {
      "version": "7.0.1"
    },
    "mochawesome": {
      "options": {
        "quiet": false,
        "reportFilename": "mochawesome",
        "saveHtml": false,
        "saveJson": true,
        "consoleReporter": "spec",
        "useInlineDiffs": false,
        "code": true
      },
      "version": "7.1.3"
    },
    "marge": {
      "options": {
        "id": "default",
        "reportDir": "cypress/reports/.jsons",
        "charts": true,
        "reportPageTitle": "Learning Platform E2E Tests",
        "embeddedScreenshots": true,
        "inlineAssets": true,
        "overwrite": false,
        "html": false,
        "json": true
      },
      "version": "6.2.0"
    }
  }
}