{
  "stats": {
    "suites": 1,
    "tests": 1,
    "passes": 0,
    "pending": 0,
    "failures": 1,
    "start": "2025-03-17T18:23:24.851Z",
    "end": "2025-03-17T18:23:27.111Z",
    "duration": 2260,
    "testsRegistered": 7,
    "passPercent": 0,
    "pendingPercent": 0,
    "other": 0,
    "hasOther": false,
    "skipped": 6,
    "hasSkipped": true
  },
  "results": [
    {
      "uuid": "c1bda17a-eec7-4f84-8c3d-0081e26864ed",
      "title": "",
      "fullFile": "cypress/e2e/knowledge.cy.ts",
      "file": "cypress/e2e/knowledge.cy.ts",
      "beforeHooks": [],
      "afterHooks": [],
      "tests": [],
      "suites": [
        {
          "uuid": "459c4dc3-7e86-45cd-a352-4b544ed8fd7b",
          "title": "Knowledge Management",
          "fullFile": "",
          "file": "",
          "beforeHooks": [],
          "afterHooks": [],
          "tests": [
            {
              "title": "should display concepts list and allow filtering",
              "fullTitle": "Knowledge Management should display concepts list and allow filtering",
              "timedOut": null,
              "duration": 2109,
              "state": "failed",
              "speed": null,
              "pass": false,
              "fail": true,
              "pending": false,
              "context": "[\n  {\n    \"title\": \"cypress-mochawesome-reporter-videos-failed\",\n    \"value\": \"cypress/e2e/knowledge.cy.ts\"\n  },\n  {\n    \"title\": \"cypress-mochawesome-reporter-screenshots\",\n    \"value\": [\n      [\n        \"/knowledge.cy.ts/Knowledge Management -- should display concepts list and allow filtering -- before each hook (failed).png\"\n      ]\n    ]\n  }\n]",
              "code": "// Check that concepts list is displayed\ncy.get('[data-testid=\"concepts-list\"]').should('be.visible');\n// Test filtering by topic\ncy.get('[data-testid=\"filter-topic\"]').click();\ncy.get('[data-testid=\"filter-topic-python\"]').click();\ncy.url().should('include', 'topic=python');\n// Test filtering by difficulty\ncy.get('[data-testid=\"filter-difficulty\"]').click();\ncy.get('[data-testid=\"filter-difficulty-beginner\"]').click();\ncy.url().should('include', 'difficulty=beginner');\n// Test filtering by review status\ncy.get('[data-testid=\"filter-status\"]').click();\ncy.get('[data-testid=\"filter-status-due\"]').click();\ncy.url().should('include', 'status=due');\n// Clear filters\ncy.get('[data-testid=\"clear-filters\"]').click();\ncy.url().should('not.include', 'topic=');\ncy.url().should('not.include', 'difficulty=');\ncy.url().should('not.include', 'status=');",
              "err": {
                "message": "CypressError: `cy.request()` failed on:\n\nhttp://localhost:3000/api/concepts/batch\n\nThe response we received from your web server was:\n\n  > 404: Not Found\n\nThis was considered a failure because the status code was not `2xx` or `3xx`.\n\nIf you do not want status codes to cause failures pass the option: `failOnStatusCode: false`\n\n-----------------------------------------------------------\n\nThe request we sent was:\n\nMethod: POST\nURL: http://localhost:3000/api/concepts/batch\nHeaders: {\n  \"Connection\": \"keep-alive\",\n  \"Authorization\": \"Bearer null\",\n  \"user-agent\": \"Mozilla/5.0 (Macintosh; Intel Mac OS X 10_15_7) AppleWebKit/537.36 (KHTML, like Gecko) Chrome/130.0.6723.137 Safari/537.36\",\n  \"accept\": \"*/*\",\n  \"cookie\": \"token=eyJhbGciOiJIUzI1NiIsInR5cCI6IkpXVCJ9.eyJzdWIiOiJ0ZXN0LXVzZXItY3lwcmVzcyIsImV4cCI6MTc0MjIzNzYwNX0.aOs3N1dsW1RhPfDEmi_-toDmHjhz15G4KSxBfq_Ebo4\",\n  \"accept-encoding\": \"gzip, deflate\",\n  \"content-type\": \"application/json\",\n  \"content-length\": 687\n}\nBody: {\"concepts\":[{\"title\":\"Test Concept 1\",\"content\":\"# Test Concept 1\\n\\nThis is a test concept for E2E testing.\",\"tags\":[\"tag-1\",\"test\",\"important\"]},{\"title\":\"Test Concept 2\",\"content\":\"# Test Concept 2\\n\\nThis is a test concept for E2E testing.\",\"tags\":[\"tag-2\",\"test\",\"optional\"]},{\"title\":\"Test Concept 3\",\"content\":\"# Test Concept 3\\n\\nThis is a test concept for E2E testing.\",\"tags\":[\"tag-3\",\"test\",\"important\"]},{\"title\":\"Test Concept 4\",\"content\":\"# Test Concept 4\\n\\nThis is a test concept for E2E testing.\",\"tags\":[\"tag-4\",\"test\",\"optional\"]},{\"title\":\"Test Concept 5\",\"content\":\"# Test Concept 5\\n\\nThis is a test concept for E2E testing.\",\"tags\":[\"tag-5\",\"test\",\"important\"]}]}\n\n-----------------------------------------------------------\n\nThe response we got was:\n\nStatus: 404 - Not Found\nHeaders: {\n  \"cache-control\": \"no-store, must-revalidate\",\n  \"vary\": \"RSC, Next-Router-State-Tree, Next-Router-Prefetch, Next-Router-Segment-Prefetch, Accept-Encoding\",\n  \"link\": \"</_next/static/chunks/%5Broot%20of%20the%20server%5D__08514339._.css>; rel=preload; as=\\\"style\\\"\",\n  \"x-powered-by\": \"Next.js\",\n  \"content-type\": \"text/html; charset=utf-8\",\n  \"content-encoding\": \"gzip\",\n  \"date\": \"Mon, 17 Mar 2025 18:23:26 GMT\",\n  \"connection\": \"keep-alive\",\n  \"keep-alive\": \"timeout=5\",\n  \"transfer-encoding\": \"chunked\"\n}\nBody: <!DOCTYPE html><html lang=\"en\"><head><meta charSet=\"utf-8\"/><meta name=\"viewport\" content=\"width=device-width, initial-scale=1\"/><link rel=\"stylesheet\" href=\"/_next/static/chunks/%5Broot%20of%20the%20server%5D__08514339._.css\" data-precedence=\"next_static/chunks/[root of the server]__08514339._.css\"/><link rel=\"preload\" as=\"script\" fetchPriority=\"low\" href=\"/_next/static/chunks/%5Bturbopack%5D_browser_dev_hmr-client_hmr-client_ts_49a6ea35._.js\"/><script src=\"/_next/static/chunks/node_modules_next_dist_compiled_2ce9398a._.js\" async=\"\"></script><script src=\"/_next/static/chunks/node_modules_next_dist_client_43e3ffb8._.js\" async=\"\"></script><script src=\"/_next/static/chunks/node_modules_next_dist_3bfaed20._.js\" async=\"\"></script><script src=\"/_next/static/chunks/node_modules_%40swc_helpers_cjs_00636ac3._.js\" async=\"\"></script><script src=\"/_next/static/chunks/_e69f0d32._.js\" async=\"\"></script><script src=\"/_next/static/chunks/_be317ff2._.js\" async=\"\"></script><script src=\"/_next/static/chunks/node_modules_next_dist_1a6ee436._.js\" async=\"\"></script><script src=\"/_next/static/chunks/src_app_favicon_ico_mjs_79b6a596._.js\" async=\"\"></script><script src=\"/_next/static/chunks/[turbopack]_browser_dev_hmr-client_hmr-client_ts_f2322ef7._.js\" async=\"\"></script><script src=\"/_next/static/chunks/node_modules_axios_lib_99999129._.js\" async=\"\"></script><script src=\"/_next/static/chunks/node_modules_@headlessui_react_dist_306b8882._.js\" async=\"\"></script><script src=\"/_next/static/chunks/node_modules_@floating-ui_react_dist_c1a64d8e._.js\" async=\"\"></script><script src=\"/_next/static/chunks/node_modules_8535f519._.js\" async=\"\"></script><script src=\"/_next/static/chunks/src_8227d2ef._.js\" async=\"\"></script><script src=\"/_next/static/chunks/src_app_layout_tsx_f0e4c1a2._.js\" async=\"\"></script><script src=\"/_next/static/chunks/%5Bturbopack%5D_browser_dev_hmr-client_hmr-client_ts_f2322ef7._.js\" async=\"\"></script><script src=\"/_next/static/chunks/node_modules_%40headlessui_react_dist_306...\n\n\nhttps://on.cypress.io/request\n\nBecause this error occurred during a `before each` hook we are skipping the remaining tests in the current suite: `Knowledge Management`",
                "estack": "CypressError: `cy.request()` failed on:\n\nhttp://localhost:3000/api/concepts/batch\n\nThe response we received from your web server was:\n\n  > 404: Not Found\n\nThis was considered a failure because the status code was not `2xx` or `3xx`.\n\nIf you do not want status codes to cause failures pass the option: `failOnStatusCode: false`\n\n-----------------------------------------------------------\n\nThe request we sent was:\n\nMethod: POST\nURL: http://localhost:3000/api/concepts/batch\nHeaders: {\n  \"Connection\": \"keep-alive\",\n  \"Authorization\": \"Bearer null\",\n  \"user-agent\": \"Mozilla/5.0 (Macintosh; Intel Mac OS X 10_15_7) AppleWebKit/537.36 (KHTML, like Gecko) Chrome/130.0.6723.137 Safari/537.36\",\n  \"accept\": \"*/*\",\n  \"cookie\": \"token=eyJhbGciOiJIUzI1NiIsInR5cCI6IkpXVCJ9.eyJzdWIiOiJ0ZXN0LXVzZXItY3lwcmVzcyIsImV4cCI6MTc0MjIzNzYwNX0.aOs3N1dsW1RhPfDEmi_-toDmHjhz15G4KSxBfq_Ebo4\",\n  \"accept-encoding\": \"gzip, deflate\",\n  \"content-type\": \"application/json\",\n  \"content-length\": 687\n}\nBody: {\"concepts\":[{\"title\":\"Test Concept 1\",\"content\":\"# Test Concept 1\\n\\nThis is a test concept for E2E testing.\",\"tags\":[\"tag-1\",\"test\",\"important\"]},{\"title\":\"Test Concept 2\",\"content\":\"# Test Concept 2\\n\\nThis is a test concept for E2E testing.\",\"tags\":[\"tag-2\",\"test\",\"optional\"]},{\"title\":\"Test Concept 3\",\"content\":\"# Test Concept 3\\n\\nThis is a test concept for E2E testing.\",\"tags\":[\"tag-3\",\"test\",\"important\"]},{\"title\":\"Test Concept 4\",\"content\":\"# Test Concept 4\\n\\nThis is a test concept for E2E testing.\",\"tags\":[\"tag-4\",\"test\",\"optional\"]},{\"title\":\"Test Concept 5\",\"content\":\"# Test Concept 5\\n\\nThis is a test concept for E2E testing.\",\"tags\":[\"tag-5\",\"test\",\"important\"]}]}\n\n-----------------------------------------------------------\n\nThe response we got was:\n\nStatus: 404 - Not Found\nHeaders: {\n  \"cache-control\": \"no-store, must-revalidate\",\n  \"vary\": \"RSC, Next-Router-State-Tree, Next-Router-Prefetch, Next-Router-Segment-Prefetch, Accept-Encoding\",\n  \"link\": \"</_next/static/chunks/%5Broot%20of%20the%20server%5D__08514339._.css>; rel=preload; as=\\\"style\\\"\",\n  \"x-powered-by\": \"Next.js\",\n  \"content-type\": \"text/html; charset=utf-8\",\n  \"content-encoding\": \"gzip\",\n  \"date\": \"Mon, 17 Mar 2025 18:23:26 GMT\",\n  \"connection\": \"keep-alive\",\n  \"keep-alive\": \"timeout=5\",\n  \"transfer-encoding\": \"chunked\"\n}\nBody: <!DOCTYPE html><html lang=\"en\"><head><meta charSet=\"utf-8\"/><meta name=\"viewport\" content=\"width=device-width, initial-scale=1\"/><link rel=\"stylesheet\" href=\"/_next/static/chunks/%5Broot%20of%20the%20server%5D__08514339._.css\" data-precedence=\"next_static/chunks/[root of the server]__08514339._.css\"/><link rel=\"preload\" as=\"script\" fetchPriority=\"low\" href=\"/_next/static/chunks/%5Bturbopack%5D_browser_dev_hmr-client_hmr-client_ts_49a6ea35._.js\"/><script src=\"/_next/static/chunks/node_modules_next_dist_compiled_2ce9398a._.js\" async=\"\"></script><script src=\"/_next/static/chunks/node_modules_next_dist_client_43e3ffb8._.js\" async=\"\"></script><script src=\"/_next/static/chunks/node_modules_next_dist_3bfaed20._.js\" async=\"\"></script><script src=\"/_next/static/chunks/node_modules_%40swc_helpers_cjs_00636ac3._.js\" async=\"\"></script><script src=\"/_next/static/chunks/_e69f0d32._.js\" async=\"\"></script><script src=\"/_next/static/chunks/_be317ff2._.js\" async=\"\"></script><script src=\"/_next/static/chunks/node_modules_next_dist_1a6ee436._.js\" async=\"\"></script><script src=\"/_next/static/chunks/src_app_favicon_ico_mjs_79b6a596._.js\" async=\"\"></script><script src=\"/_next/static/chunks/[turbopack]_browser_dev_hmr-client_hmr-client_ts_f2322ef7._.js\" async=\"\"></script><script src=\"/_next/static/chunks/node_modules_axios_lib_99999129._.js\" async=\"\"></script><script src=\"/_next/static/chunks/node_modules_@headlessui_react_dist_306b8882._.js\" async=\"\"></script><script src=\"/_next/static/chunks/node_modules_@floating-ui_react_dist_c1a64d8e._.js\" async=\"\"></script><script src=\"/_next/static/chunks/node_modules_8535f519._.js\" async=\"\"></script><script src=\"/_next/static/chunks/src_8227d2ef._.js\" async=\"\"></script><script src=\"/_next/static/chunks/src_app_layout_tsx_f0e4c1a2._.js\" async=\"\"></script><script src=\"/_next/static/chunks/%5Bturbopack%5D_browser_dev_hmr-client_hmr-client_ts_f2322ef7._.js\" async=\"\"></script><script src=\"/_next/static/chunks/node_modules_%40headlessui_react_dist_306...\n\n\nhttps://on.cypress.io/request\n\nBecause this error occurred during a `before each` hook we are skipping the remaining tests in the current suite: `Knowledge Management`\n    at <unknown> (http://localhost:3000/__cypress/runner/cypress_runner.js:133638:72)\n    at tryCatcher (http://localhost:3000/__cypress/runner/cypress_runner.js:1777:23)\n    at Promise._settlePromiseFromHandler (http://localhost:3000/__cypress/runner/cypress_runner.js:1489:31)\n    at Promise._settlePromise (http://localhost:3000/__cypress/runner/cypress_runner.js:1546:18)\n    at Promise._settlePromise0 (http://localhost:3000/__cypress/runner/cypress_runner.js:1591:10)\n    at Promise._settlePromises (http://localhost:3000/__cypress/runner/cypress_runner.js:1671:18)\n    at _drainQueueStep (http://localhost:3000/__cypress/runner/cypress_runner.js:2377:12)\n    at _drainQueue (http://localhost:3000/__cypress/runner/cypress_runner.js:2370:9)\n    at Async._drainQueues (http://localhost:3000/__cypress/runner/cypress_runner.js:2386:5)\n    at Async.drainQueues (http://localhost:3000/__cypress/runner/cypress_runner.js:2256:14)",
                "diff": null
              },
              "uuid": "097f2d94-1f3c-4942-a5b3-148f8ebbde25",
              "parentUUID": "459c4dc3-7e86-45cd-a352-4b544ed8fd7b",
              "isHook": false,
              "skipped": false
            },
            {
              "title": "should allow creating a new concept",
              "fullTitle": "Knowledge Management should allow creating a new concept",
              "timedOut": null,
              "duration": 0,
              "state": "skipped",
              "speed": null,
              "pass": false,
              "fail": false,
              "pending": false,
              "context": null,
              "code": "// Click on add concept button\ncy.get('[data-testid=\"add-concept\"]').click();\n// Fill out the concept form\nvar conceptTitle = \"Test Concept \".concat(Date.now());\ncy.get('input[name=\"title\"]').type(conceptTitle);\n// Use markdown editor\ncy.get('[data-testid=\"markdown-editor\"]').type('# Test Concept\\n\\nThis is a test concept created by Cypress.');\ncy.get('[data-testid=\"concept-difficulty\"]').click();\ncy.get('[data-testid=\"concept-difficulty-intermediate\"]').click();\ncy.get('[data-testid=\"concept-topics\"]').type('python{enter}testing{enter}');\n// Submit the form\ncy.get('button[type=\"submit\"]').click();\n// Verify the concept was created\ncy.get('[data-testid=\"success-notification\"]').should('be.visible');\n// Verify the concept appears in the list\ncy.get('[data-testid=\"concepts-list\"]').contains(conceptTitle).should('be.visible');",
              "err": {},
              "uuid": "07f327bf-eb43-4f0d-9482-3c1b603aeb42",
              "parentUUID": "459c4dc3-7e86-45cd-a352-4b544ed8fd7b",
              "isHook": false,
              "skipped": true
            },
            {
              "title": "should allow editing an existing concept",
              "fullTitle": "Knowledge Management should allow editing an existing concept",
              "timedOut": null,
              "duration": 0,
              "state": "skipped",
              "speed": null,
              "pass": false,
              "fail": false,
              "pending": false,
              "context": null,
              "code": "// Find the first concept and click edit\ncy.get('[data-testid=\"concept-item\"]').first().within(function () {\n    cy.get('[data-testid=\"edit-concept\"]').click();\n});\n// Update the concept title\nvar updatedTitle = \"Updated Concept \".concat(Date.now());\ncy.get('input[name=\"title\"]').clear().type(updatedTitle);\n// Update the content\ncy.get('[data-testid=\"markdown-editor\"]').clear().type('# Updated Concept\\n\\nThis concept was updated by Cypress.');\n// Submit the form\ncy.get('button[type=\"submit\"]').click();\n// Verify the concept was updated\ncy.get('[data-testid=\"success-notification\"]').should('be.visible');\n// Verify the updated concept appears in the list\ncy.get('[data-testid=\"concepts-list\"]').contains(updatedTitle).should('be.visible');",
              "err": {},
              "uuid": "edb5f96f-64b1-4eb9-95f7-1cf90c43f204",
              "parentUUID": "459c4dc3-7e86-45cd-a352-4b544ed8fd7b",
              "isHook": false,
              "skipped": true
            },
            {
              "title": "should allow reviewing a concept",
              "fullTitle": "Knowledge Management should allow reviewing a concept",
              "timedOut": null,
              "duration": 0,
              "state": "skipped",
              "speed": null,
              "pass": false,
              "fail": false,
              "pending": false,
              "context": null,
              "code": "// Find the first concept and click review\ncy.get('[data-testid=\"concept-item\"]').first().within(function () {\n    cy.get('[data-testid=\"review-concept\"]').click();\n});\n// Verify the review page is displayed\ncy.get('[data-testid=\"concept-review\"]').should('be.visible');\n// View the answer\ncy.get('[data-testid=\"show-answer\"]').click();\ncy.get('[data-testid=\"concept-content\"]').should('be.visible');\n// Rate confidence\ncy.get('[data-testid=\"confidence-4\"]').click();\n// Add review notes\ncy.get('textarea[name=\"notes\"]').type('Reviewed during Cypress testing');\n// Submit the review\ncy.get('[data-testid=\"submit-review\"]').click();\n// Verify the review was submitted\ncy.get('[data-testid=\"success-notification\"]').should('be.visible');\n// Verify we're back at the concepts list\ncy.url().should('include', '/knowledge');",
              "err": {},
              "uuid": "8087c4be-9675-4d56-97f9-e1a775cd6688",
              "parentUUID": "459c4dc3-7e86-45cd-a352-4b544ed8fd7b",
              "isHook": false,
              "skipped": true
            },
            {
              "title": "should allow starting a review session",
              "fullTitle": "Knowledge Management should allow starting a review session",
              "timedOut": null,
              "duration": 0,
              "state": "skipped",
              "speed": null,
              "pass": false,
              "fail": false,
              "pending": false,
              "context": null,
              "code": "// Click on start review session button\ncy.get('[data-testid=\"start-review-session\"]').click();\n// Verify the review session page is displayed\ncy.get('[data-testid=\"review-session\"]').should('be.visible');\n// Complete at least one review in the session\ncy.get('[data-testid=\"show-answer\"]').click();\ncy.get('[data-testid=\"confidence-3\"]').click();\n// Verify the next concept is displayed or session is complete\ncy.get('body').then(function ($body) {\n    if ($body.find('[data-testid=\"review-complete\"]').length > 0) {\n        // Session is complete\n        cy.get('[data-testid=\"review-complete\"]').should('be.visible');\n        cy.get('[data-testid=\"return-to-knowledge\"]').click();\n    }\n    else {\n        // More concepts to review\n        cy.get('[data-testid=\"show-answer\"]').should('be.visible');\n    }\n});",
              "err": {},
              "uuid": "43332a14-b9b1-4a5a-88c0-e5480e865863",
              "parentUUID": "459c4dc3-7e86-45cd-a352-4b544ed8fd7b",
              "isHook": false,
              "skipped": true
            },
            {
              "title": "should display concept statistics",
              "fullTitle": "Knowledge Management should display concept statistics",
              "timedOut": null,
              "duration": 0,
              "state": "skipped",
              "speed": null,
              "pass": false,
              "fail": false,
              "pending": false,
              "context": null,
              "code": "// Click on statistics tab\ncy.get('[data-testid=\"statistics-tab\"]').click();\n// Verify statistics are displayed\ncy.get('[data-testid=\"concepts-stats\"]').should('be.visible');\ncy.get('[data-testid=\"review-history-chart\"]').should('be.visible');\ncy.get('[data-testid=\"confidence-chart\"]').should('be.visible');\ncy.get('[data-testid=\"topics-distribution-chart\"]').should('be.visible');\n// Test date range filter\ncy.get('[data-testid=\"date-range-selector\"]').click();\ncy.get('[data-testid=\"date-range-last-month\"]').click();\n// Verify charts are updated\ncy.get('[data-testid=\"review-history-chart\"]').should('be.visible');",
              "err": {},
              "uuid": "11430378-eb73-403b-9348-e93878383065",
              "parentUUID": "459c4dc3-7e86-45cd-a352-4b544ed8fd7b",
              "isHook": false,
              "skipped": true
            },
            {
              "title": "should allow deleting a concept",
              "fullTitle": "Knowledge Management should allow deleting a concept",
              "timedOut": null,
              "duration": 0,
              "state": "skipped",
              "speed": null,
              "pass": false,
              "fail": false,
              "pending": false,
              "context": null,
              "code": "// Get the title of the first concept\nvar conceptTitle;\ncy.get('[data-testid=\"concept-item\"]').first().within(function () {\n    cy.get('[data-testid=\"concept-title\"]').invoke('text').then(function (text) {\n        conceptTitle = text;\n    });\n});\n// Find the first concept and click delete\ncy.get('[data-testid=\"concept-item\"]').first().within(function () {\n    cy.get('[data-testid=\"delete-concept\"]').click();\n});\n// Confirm deletion\ncy.get('[data-testid=\"confirm-delete\"]').click();\n// Verify the concept was deleted\ncy.get('[data-testid=\"success-notification\"]').should('be.visible');\n// Verify the concept no longer appears in the list\ncy.get('[data-testid=\"concepts-list\"]').contains(conceptTitle).should('not.exist');",
              "err": {},
              "uuid": "5396efec-06d9-486d-b152-83f028c54622",
              "parentUUID": "459c4dc3-7e86-45cd-a352-4b544ed8fd7b",
              "isHook": false,
              "skipped": true
            }
          ],
          "suites": [],
          "passes": [],
          "failures": [
            "097f2d94-1f3c-4942-a5b3-148f8ebbde25"
          ],
          "pending": [],
          "skipped": [
            "07f327bf-eb43-4f0d-9482-3c1b603aeb42",
            "edb5f96f-64b1-4eb9-95f7-1cf90c43f204",
            "8087c4be-9675-4d56-97f9-e1a775cd6688",
            "43332a14-b9b1-4a5a-88c0-e5480e865863",
            "11430378-eb73-403b-9348-e93878383065",
            "5396efec-06d9-486d-b152-83f028c54622"
          ],
          "duration": 2109,
          "root": false,
          "rootEmpty": false,
          "_timeout": 2000
        }
      ],
      "passes": [],
      "failures": [],
      "pending": [],
      "skipped": [],
      "duration": 0,
      "root": true,
      "rootEmpty": true,
      "_timeout": 2000
    }
  ],
  "meta": {
    "mocha": {
      "version": "7.0.1"
    },
    "mochawesome": {
      "options": {
        "quiet": false,
        "reportFilename": "mochawesome",
        "saveHtml": false,
        "saveJson": true,
        "consoleReporter": "spec",
        "useInlineDiffs": false,
        "code": true
      },
      "version": "7.1.3"
    },
    "marge": {
      "options": {
        "id": "default",
        "reportDir": "cypress/reports/.jsons",
        "charts": true,
        "reportPageTitle": "Learning Platform E2E Tests",
        "embeddedScreenshots": true,
        "inlineAssets": true,
        "overwrite": false,
        "html": false,
        "json": true
      },
      "version": "6.2.0"
    }
  }
}