{
  "stats": {
    "suites": 1,
    "tests": 1,
    "passes": 0,
    "pending": 0,
    "failures": 1,
    "start": "2025-03-17T16:41:00.981Z",
    "end": "2025-03-17T16:41:12.510Z",
    "duration": 11529,
    "testsRegistered": 8,
    "passPercent": 0,
    "pendingPercent": 0,
    "other": 0,
    "hasOther": false,
    "skipped": 7,
    "hasSkipped": true
  },
  "results": [
    {
      "uuid": "523161ad-9815-49cd-b947-a87ac8fee0d4",
      "title": "",
      "fullFile": "cypress/e2e/learning-path.cy.ts",
      "file": "cypress/e2e/learning-path.cy.ts",
      "beforeHooks": [],
      "afterHooks": [],
      "tests": [],
      "suites": [
        {
          "uuid": "ac097821-4d12-4d1f-a671-22e3ca4b2f6d",
          "title": "Learning Path Management",
          "fullFile": "",
          "file": "",
          "beforeHooks": [],
          "afterHooks": [],
          "tests": [
            {
              "title": "should display learning path overview",
              "fullTitle": "Learning Path Management should display learning path overview",
              "timedOut": null,
              "duration": 11387,
              "state": "failed",
              "speed": null,
              "pass": false,
              "fail": true,
              "pending": false,
              "context": "[\n  {\n    \"title\": \"cypress-mochawesome-reporter-videos-failed\",\n    \"value\": \"cypress/e2e/learning-path.cy.ts\"\n  },\n  {\n    \"title\": \"cypress-mochawesome-reporter-screenshots\",\n    \"value\": [\n      [\n        \"/learning-path.cy.ts/Learning Path Management -- should display learning path overview -- before each hook (failed).png\"\n      ]\n    ]\n  }\n]",
              "code": "// Check that learning path overview is displayed\ncy.get('[data-testid=\"learning-path-overview\"]').should('be.visible');\n// Check that goals section is displayed\ncy.get('[data-testid=\"goals-section\"]').should('be.visible');\n// Check that milestones section is displayed\ncy.get('[data-testid=\"milestones-section\"]').should('be.visible');\n// Check that roadmap section is displayed\ncy.get('[data-testid=\"roadmap-section\"]').should('be.visible');",
              "err": {
                "message": "AssertionError: Timed out retrying after 10000ms: Expected to find element: `input[name=\"email\"]`, but never found it.\n\nBecause this error occurred during a `before each` hook we are skipping the remaining tests in the current suite: `Learning Path Management`",
                "estack": "AssertionError: Timed out retrying after 10000ms: Expected to find element: `input[name=\"email\"]`, but never found it.\n\nBecause this error occurred during a `before each` hook we are skipping the remaining tests in the current suite: `Learning Path Management`\n    at Context.eval (webpack://frontend/./cypress/e2e/learning-path.cy.ts:9:0)",
                "diff": null
              },
              "uuid": "ce4e8b53-dbad-418c-880b-d2379826daf3",
              "parentUUID": "ac097821-4d12-4d1f-a671-22e3ca4b2f6d",
              "isHook": false,
              "skipped": false
            },
            {
              "title": "should allow creating a new goal",
              "fullTitle": "Learning Path Management should allow creating a new goal",
              "timedOut": null,
              "duration": 0,
              "state": "skipped",
              "speed": null,
              "pass": false,
              "fail": false,
              "pending": false,
              "context": null,
              "code": "// Click on add goal button\ncy.get('[data-testid=\"add-goal\"]').click();\n// Fill out the goal form\nvar goalTitle = \"Test Goal \".concat(Date.now());\ncy.get('input[name=\"title\"]').type(goalTitle);\ncy.get('textarea[name=\"description\"]').type('This is a test goal created by Cypress');\n// Set target date (1 month from now)\nvar targetDate = new Date();\ntargetDate.setMonth(targetDate.getMonth() + 1);\nvar formattedDate = targetDate.toISOString().split('T')[0]; // YYYY-MM-DD\ncy.get('input[name=\"target_date\"]').type(formattedDate);\ncy.get('input[name=\"priority\"]').clear().type('8');\ncy.get('input[name=\"category\"]').type('Testing');\n// Submit the form\ncy.get('button[type=\"submit\"]').click();\n// Verify the goal was created\ncy.get('[data-testid=\"success-notification\"]').should('be.visible');\n// Verify the goal appears in the list\ncy.get('[data-testid=\"goals-list\"]').contains(goalTitle).should('be.visible');",
              "err": {},
              "uuid": "2c8d3bdc-4e09-43c7-8168-d76fcfa23c84",
              "parentUUID": "ac097821-4d12-4d1f-a671-22e3ca4b2f6d",
              "isHook": false,
              "skipped": true
            },
            {
              "title": "should allow editing an existing goal",
              "fullTitle": "Learning Path Management should allow editing an existing goal",
              "timedOut": null,
              "duration": 0,
              "state": "skipped",
              "speed": null,
              "pass": false,
              "fail": false,
              "pending": false,
              "context": null,
              "code": "// Find the first goal and click edit\ncy.get('[data-testid=\"goal-item\"]').first().within(function () {\n    cy.get('[data-testid=\"edit-goal\"]').click();\n});\n// Update the goal title\nvar updatedTitle = \"Updated Goal \".concat(Date.now());\ncy.get('input[name=\"title\"]').clear().type(updatedTitle);\n// Update the description\ncy.get('textarea[name=\"description\"]').clear().type('This goal was updated by Cypress');\n// Submit the form\ncy.get('button[type=\"submit\"]').click();\n// Verify the goal was updated\ncy.get('[data-testid=\"success-notification\"]').should('be.visible');\n// Verify the updated goal appears in the list\ncy.get('[data-testid=\"goals-list\"]').contains(updatedTitle).should('be.visible');",
              "err": {},
              "uuid": "0bc43d9c-a6e8-43b7-bf53-5b9006611b06",
              "parentUUID": "ac097821-4d12-4d1f-a671-22e3ca4b2f6d",
              "isHook": false,
              "skipped": true
            },
            {
              "title": "should allow marking a goal as completed",
              "fullTitle": "Learning Path Management should allow marking a goal as completed",
              "timedOut": null,
              "duration": 0,
              "state": "skipped",
              "speed": null,
              "pass": false,
              "fail": false,
              "pending": false,
              "context": null,
              "code": "// Find the first goal and click complete\ncy.get('[data-testid=\"goal-item\"]').first().within(function () {\n    cy.get('[data-testid=\"complete-goal\"]').click();\n});\n// Confirm completion\ncy.get('[data-testid=\"confirm-complete\"]').click();\n// Verify the goal was marked as completed\ncy.get('[data-testid=\"success-notification\"]').should('be.visible');\n// Verify the goal shows as completed in the list\ncy.get('[data-testid=\"goal-item\"]').first().within(function () {\n    cy.get('[data-testid=\"completed-badge\"]').should('be.visible');\n});",
              "err": {},
              "uuid": "801e01ce-d1c0-4d16-8154-3541c0e5b9cd",
              "parentUUID": "ac097821-4d12-4d1f-a671-22e3ca4b2f6d",
              "isHook": false,
              "skipped": true
            },
            {
              "title": "should allow creating a new milestone",
              "fullTitle": "Learning Path Management should allow creating a new milestone",
              "timedOut": null,
              "duration": 0,
              "state": "skipped",
              "speed": null,
              "pass": false,
              "fail": false,
              "pending": false,
              "context": null,
              "code": "// Click on milestones tab\ncy.get('[data-testid=\"milestones-tab\"]').click();\n// Click on add milestone button\ncy.get('[data-testid=\"add-milestone\"]').click();\n// Fill out the milestone form\nvar milestoneTitle = \"Test Milestone \".concat(Date.now());\ncy.get('input[name=\"title\"]').type(milestoneTitle);\ncy.get('textarea[name=\"description\"]').type('This is a test milestone created by Cypress');\n// Set target date (2 weeks from now)\nvar targetDate = new Date();\ntargetDate.setDate(targetDate.getDate() + 14);\nvar formattedDate = targetDate.toISOString().split('T')[0]; // YYYY-MM-DD\ncy.get('input[name=\"target_date\"]').type(formattedDate);\ncy.get('input[name=\"verification_method\"]').type('Cypress Test');\n// Add resources (assuming there are resources to select)\ncy.get('[data-testid=\"resource-selector\"]').click();\ncy.get('[data-testid=\"resource-option\"]').first().click();\n// Submit the form\ncy.get('button[type=\"submit\"]').click();\n// Verify the milestone was created\ncy.get('[data-testid=\"success-notification\"]').should('be.visible');\n// Verify the milestone appears in the list\ncy.get('[data-testid=\"milestones-list\"]').contains(milestoneTitle).should('be.visible');",
              "err": {},
              "uuid": "ef0b93b8-31fa-44df-a302-4ee30583e9b1",
              "parentUUID": "ac097821-4d12-4d1f-a671-22e3ca4b2f6d",
              "isHook": false,
              "skipped": true
            },
            {
              "title": "should allow editing the roadmap",
              "fullTitle": "Learning Path Management should allow editing the roadmap",
              "timedOut": null,
              "duration": 0,
              "state": "skipped",
              "speed": null,
              "pass": false,
              "fail": false,
              "pending": false,
              "context": null,
              "code": "// Click on roadmap tab\ncy.get('[data-testid=\"roadmap-tab\"]').click();\n// Click on edit roadmap button\ncy.get('[data-testid=\"edit-roadmap\"]').click();\n// Update the roadmap title\nvar updatedTitle = \"Updated Roadmap \".concat(Date.now());\ncy.get('input[name=\"title\"]').clear().type(updatedTitle);\n// Update the description\ncy.get('textarea[name=\"description\"]').clear().type('This roadmap was updated by Cypress');\n// Add a new phase\ncy.get('[data-testid=\"add-phase\"]').click();\ncy.get('input[name=\"phases[0].title\"]').clear().type('Phase 1: Testing');\ncy.get('textarea[name=\"phases[0].description\"]').clear().type('First phase of testing');\n// Add an item to the phase\ncy.get('[data-testid=\"add-phase-item-0\"]').click();\ncy.get('input[name=\"phases[0].items[0].title\"]').clear().type('Learn Cypress');\n// Submit the form\ncy.get('button[type=\"submit\"]').click();\n// Verify the roadmap was updated\ncy.get('[data-testid=\"success-notification\"]').should('be.visible');\n// Verify the updated roadmap appears\ncy.get('[data-testid=\"roadmap-title\"]').contains(updatedTitle).should('be.visible');",
              "err": {},
              "uuid": "6e6503e7-5179-4cb1-adf0-54e18963c03f",
              "parentUUID": "ac097821-4d12-4d1f-a671-22e3ca4b2f6d",
              "isHook": false,
              "skipped": true
            },
            {
              "title": "should display learning path progress",
              "fullTitle": "Learning Path Management should display learning path progress",
              "timedOut": null,
              "duration": 0,
              "state": "skipped",
              "speed": null,
              "pass": false,
              "fail": false,
              "pending": false,
              "context": null,
              "code": "// Click on progress tab\ncy.get('[data-testid=\"progress-tab\"]').click();\n// Verify progress charts are displayed\ncy.get('[data-testid=\"goals-progress-chart\"]').should('be.visible');\ncy.get('[data-testid=\"milestones-progress-chart\"]').should('be.visible');\ncy.get('[data-testid=\"roadmap-progress-chart\"]').should('be.visible');\n// Test date range filter\ncy.get('[data-testid=\"date-range-selector\"]').click();\ncy.get('[data-testid=\"date-range-last-month\"]').click();\n// Verify charts are updated\ncy.get('[data-testid=\"goals-progress-chart\"]').should('be.visible');",
              "err": {},
              "uuid": "d5cb483b-f870-4105-b41a-7c7a46c35539",
              "parentUUID": "ac097821-4d12-4d1f-a671-22e3ca4b2f6d",
              "isHook": false,
              "skipped": true
            },
            {
              "title": "should allow deleting a goal",
              "fullTitle": "Learning Path Management should allow deleting a goal",
              "timedOut": null,
              "duration": 0,
              "state": "skipped",
              "speed": null,
              "pass": false,
              "fail": false,
              "pending": false,
              "context": null,
              "code": "// Get the title of the first goal\nvar goalTitle;\ncy.get('[data-testid=\"goal-item\"]').first().within(function () {\n    cy.get('[data-testid=\"goal-title\"]').invoke('text').then(function (text) {\n        goalTitle = text;\n    });\n});\n// Find the first goal and click delete\ncy.get('[data-testid=\"goal-item\"]').first().within(function () {\n    cy.get('[data-testid=\"delete-goal\"]').click();\n});\n// Confirm deletion\ncy.get('[data-testid=\"confirm-delete\"]').click();\n// Verify the goal was deleted\ncy.get('[data-testid=\"success-notification\"]').should('be.visible');\n// Verify the goal no longer appears in the list\ncy.get('[data-testid=\"goals-list\"]').contains(goalTitle).should('not.exist');",
              "err": {},
              "uuid": "9ce81ed0-89b7-4c54-9705-af38b7c1bae4",
              "parentUUID": "ac097821-4d12-4d1f-a671-22e3ca4b2f6d",
              "isHook": false,
              "skipped": true
            }
          ],
          "suites": [],
          "passes": [],
          "failures": [
            "ce4e8b53-dbad-418c-880b-d2379826daf3"
          ],
          "pending": [],
          "skipped": [
            "2c8d3bdc-4e09-43c7-8168-d76fcfa23c84",
            "0bc43d9c-a6e8-43b7-bf53-5b9006611b06",
            "801e01ce-d1c0-4d16-8154-3541c0e5b9cd",
            "ef0b93b8-31fa-44df-a302-4ee30583e9b1",
            "6e6503e7-5179-4cb1-adf0-54e18963c03f",
            "d5cb483b-f870-4105-b41a-7c7a46c35539",
            "9ce81ed0-89b7-4c54-9705-af38b7c1bae4"
          ],
          "duration": 11387,
          "root": false,
          "rootEmpty": false,
          "_timeout": 2000
        }
      ],
      "passes": [],
      "failures": [],
      "pending": [],
      "skipped": [],
      "duration": 0,
      "root": true,
      "rootEmpty": true,
      "_timeout": 2000
    }
  ],
  "meta": {
    "mocha": {
      "version": "7.0.1"
    },
    "mochawesome": {
      "options": {
        "quiet": false,
        "reportFilename": "mochawesome",
        "saveHtml": false,
        "saveJson": true,
        "consoleReporter": "spec",
        "useInlineDiffs": false,
        "code": true
      },
      "version": "7.1.3"
    },
    "marge": {
      "options": {
        "id": "default",
        "reportDir": "cypress/reports/.jsons",
        "charts": true,
        "reportPageTitle": "Learning Platform E2E Tests",
        "embeddedScreenshots": true,
        "inlineAssets": true,
        "overwrite": false,
        "html": false,
        "json": true
      },
      "version": "6.2.0"
    }
  }
}