{
  "stats": {
    "suites": 1,
    "tests": 1,
    "passes": 0,
    "pending": 0,
    "failures": 1,
    "start": "2025-03-17T17:52:41.113Z",
    "end": "2025-03-17T17:52:41.664Z",
    "duration": 551,
    "testsRegistered": 7,
    "passPercent": 0,
    "pendingPercent": 0,
    "other": 0,
    "hasOther": false,
    "skipped": 6,
    "hasSkipped": true
  },
  "results": [
    {
      "uuid": "9b746298-a504-4447-a17d-eb7a2da47b1a",
      "title": "",
      "fullFile": "cypress/e2e/profile.cy.ts",
      "file": "cypress/e2e/profile.cy.ts",
      "beforeHooks": [],
      "afterHooks": [],
      "tests": [],
      "suites": [
        {
          "uuid": "3fdd3bac-4f60-4472-9216-083492d12557",
          "title": "User Profile",
          "fullFile": "",
          "file": "",
          "beforeHooks": [],
          "afterHooks": [],
          "tests": [
            {
              "title": "should display user profile information",
              "fullTitle": "User Profile should display user profile information",
              "timedOut": null,
              "duration": 421,
              "state": "failed",
              "speed": null,
              "pass": false,
              "fail": true,
              "pending": false,
              "context": "[\n  {\n    \"title\": \"cypress-mochawesome-reporter-videos-failed\",\n    \"value\": \"cypress/e2e/profile.cy.ts\"\n  },\n  {\n    \"title\": \"cypress-mochawesome-reporter-screenshots\",\n    \"value\": [\n      [\n        \"/profile.cy.ts/User Profile -- should display user profile information -- before each hook (failed).png\"\n      ]\n    ]\n  }\n]",
              "code": "// Check that profile information is displayed\ncy.get('[data-testid=\"profile-info\"]').should('be.visible');\n// Check that username is displayed\ncy.get('[data-testid=\"profile-username\"]').should('be.visible');\n// Check that email is displayed\ncy.get('[data-testid=\"profile-email\"]').should('contain', beforeEach_1.testUser.email);\n// Check that account creation date is displayed\ncy.get('[data-testid=\"profile-created-at\"]').should('be.visible');",
              "err": {
                "message": "CypressError: `cy.request()` failed on:\n\nhttp://localhost:8000/token\n\nThe response we received from your web server was:\n\n  > 401: Unauthorized\n\nThis was considered a failure because the status code was not `2xx` or `3xx`.\n\nIf you do not want status codes to cause failures pass the option: `failOnStatusCode: false`\n\n-----------------------------------------------------------\n\nThe request we sent was:\n\nMethod: POST\nURL: http://localhost:8000/token\nHeaders: {\n  \"Connection\": \"keep-alive\",\n  \"user-agent\": \"Mozilla/5.0 (Macintosh; Intel Mac OS X 10_15_7) AppleWebKit/537.36 (KHTML, like Gecko) Chrome/130.0.6723.137 Safari/537.36\",\n  \"accept\": \"*/*\",\n  \"content-type\": \"application/x-www-form-urlencoded\",\n  \"accept-encoding\": \"gzip, deflate\",\n  \"content-length\": 46\n}\nBody: username=test-user&password=TestPassword123%21\n\n-----------------------------------------------------------\n\nThe response we got was:\n\nStatus: 401 - Unauthorized\nHeaders: {\n  \"date\": \"Mon, 17 Mar 2025 17:52:40 GMT\",\n  \"server\": \"uvicorn\",\n  \"www-authenticate\": \"Bearer\",\n  \"content-length\": \"43\",\n  \"content-type\": \"application/json\"\n}\nBody: {\n  \"detail\": \"Incorrect username or password\"\n}\n\n\nhttps://on.cypress.io/request\n\nBecause this error occurred during a `before each` hook we are skipping the remaining tests in the current suite: `User Profile`",
                "estack": "CypressError: `cy.request()` failed on:\n\nhttp://localhost:8000/token\n\nThe response we received from your web server was:\n\n  > 401: Unauthorized\n\nThis was considered a failure because the status code was not `2xx` or `3xx`.\n\nIf you do not want status codes to cause failures pass the option: `failOnStatusCode: false`\n\n-----------------------------------------------------------\n\nThe request we sent was:\n\nMethod: POST\nURL: http://localhost:8000/token\nHeaders: {\n  \"Connection\": \"keep-alive\",\n  \"user-agent\": \"Mozilla/5.0 (Macintosh; Intel Mac OS X 10_15_7) AppleWebKit/537.36 (KHTML, like Gecko) Chrome/130.0.6723.137 Safari/537.36\",\n  \"accept\": \"*/*\",\n  \"content-type\": \"application/x-www-form-urlencoded\",\n  \"accept-encoding\": \"gzip, deflate\",\n  \"content-length\": 46\n}\nBody: username=test-user&password=TestPassword123%21\n\n-----------------------------------------------------------\n\nThe response we got was:\n\nStatus: 401 - Unauthorized\nHeaders: {\n  \"date\": \"Mon, 17 Mar 2025 17:52:40 GMT\",\n  \"server\": \"uvicorn\",\n  \"www-authenticate\": \"Bearer\",\n  \"content-length\": \"43\",\n  \"content-type\": \"application/json\"\n}\nBody: {\n  \"detail\": \"Incorrect username or password\"\n}\n\n\nhttps://on.cypress.io/request\n\nBecause this error occurred during a `before each` hook we are skipping the remaining tests in the current suite: `User Profile`\n    at <unknown> (http://localhost:3000/__cypress/runner/cypress_runner.js:133638:72)\n    at tryCatcher (http://localhost:3000/__cypress/runner/cypress_runner.js:1777:23)\n    at Promise._settlePromiseFromHandler (http://localhost:3000/__cypress/runner/cypress_runner.js:1489:31)\n    at Promise._settlePromise (http://localhost:3000/__cypress/runner/cypress_runner.js:1546:18)\n    at Promise._settlePromise0 (http://localhost:3000/__cypress/runner/cypress_runner.js:1591:10)\n    at Promise._settlePromises (http://localhost:3000/__cypress/runner/cypress_runner.js:1671:18)\n    at _drainQueueStep (http://localhost:3000/__cypress/runner/cypress_runner.js:2377:12)\n    at _drainQueue (http://localhost:3000/__cypress/runner/cypress_runner.js:2370:9)\n    at Async._drainQueues (http://localhost:3000/__cypress/runner/cypress_runner.js:2386:5)\n    at Async.drainQueues (http://localhost:3000/__cypress/runner/cypress_runner.js:2256:14)\nFrom Your Spec Code:\n    at Context.eval (webpack://frontend/./cypress/support/commands.ts:16:0)\n    at wrapped (http://localhost:3000/__cypress/runner/cypress_runner.js:138854:43)",
                "diff": null
              },
              "uuid": "08bcb363-5884-42ea-abcb-5b003b87a160",
              "parentUUID": "3fdd3bac-4f60-4472-9216-083492d12557",
              "isHook": false,
              "skipped": false
            },
            {
              "title": "should allow updating profile information",
              "fullTitle": "User Profile should allow updating profile information",
              "timedOut": null,
              "duration": 0,
              "state": "skipped",
              "speed": null,
              "pass": false,
              "fail": false,
              "pending": false,
              "context": null,
              "code": "// Click on edit profile button\ncy.get('[data-testid=\"edit-profile\"]').click();\n// Update full name\nvar newFullName = \"Test User \".concat(Date.now());\ncy.get('input[name=\"full_name\"]').clear().type(newFullName);\n// Submit the form\ncy.get('button[type=\"submit\"]').click();\n// Verify the profile was updated\ncy.get('[data-testid=\"success-notification\"]').should('be.visible');\n// Verify the updated profile information is displayed\ncy.get('[data-testid=\"profile-full-name\"]').should('contain', newFullName);",
              "err": {},
              "uuid": "c3bc301b-4614-4591-8673-3f40dc10a09e",
              "parentUUID": "3fdd3bac-4f60-4472-9216-083492d12557",
              "isHook": false,
              "skipped": true
            },
            {
              "title": "should allow changing password",
              "fullTitle": "User Profile should allow changing password",
              "timedOut": null,
              "duration": 0,
              "state": "skipped",
              "speed": null,
              "pass": false,
              "fail": false,
              "pending": false,
              "context": null,
              "code": "// Click on change password tab\ncy.get('[data-testid=\"change-password-tab\"]').click();\n// Fill out the change password form\ncy.get('input[name=\"current_password\"]').type(beforeEach_1.testUser.password);\ncy.get('input[name=\"new_password\"]').type(newPassword);\ncy.get('input[name=\"confirm_password\"]').type(newPassword);\n// Submit the form\ncy.get('button[type=\"submit\"]').click();\n// Verify the password was changed\ncy.get('[data-testid=\"success-notification\"]').should('be.visible');\n// Logout\ncy.get('[data-testid=\"user-menu\"]').click();\ncy.get('[data-testid=\"logout-button\"]').click();\n// Login with new password\ncy.visit('/auth/login');\ncy.get('input[name=\"username\"]').type(beforeEach_1.testUser.username);\ncy.get('input[name=\"password\"]').type(newPassword);\ncy.get('button[type=\"submit\"]').click();\n// Verify login was successful\ncy.url().should('include', '/dashboard');\n// Change password back for future tests\ncy.get('[data-testid=\"user-menu\"]').click();\ncy.get('[data-testid=\"profile-link\"]').click();\ncy.get('[data-testid=\"change-password-tab\"]').click();\ncy.get('input[name=\"current_password\"]').type(newPassword);\ncy.get('input[name=\"new_password\"]').type(beforeEach_1.testUser.password);\ncy.get('input[name=\"confirm_password\"]').type(beforeEach_1.testUser.password);\ncy.get('button[type=\"submit\"]').click();",
              "err": {},
              "uuid": "6b94da33-dea1-4b8c-9331-9a34bd513411",
              "parentUUID": "3fdd3bac-4f60-4472-9216-083492d12557",
              "isHook": false,
              "skipped": true
            },
            {
              "title": "should display account statistics",
              "fullTitle": "User Profile should display account statistics",
              "timedOut": null,
              "duration": 0,
              "state": "skipped",
              "speed": null,
              "pass": false,
              "fail": false,
              "pending": false,
              "context": null,
              "code": "// Click on statistics tab\ncy.get('[data-testid=\"account-statistics-tab\"]').click();\n// Check that account statistics are displayed\ncy.get('[data-testid=\"account-statistics\"]').should('be.visible');\n// Check that resources count is displayed\ncy.get('[data-testid=\"resources-count\"]').should('be.visible');\n// Check that concepts count is displayed\ncy.get('[data-testid=\"concepts-count\"]').should('be.visible');\n// Check that study hours is displayed\ncy.get('[data-testid=\"study-hours\"]').should('be.visible');\n// Check that goals count is displayed\ncy.get('[data-testid=\"goals-count\"]').should('be.visible');",
              "err": {},
              "uuid": "cabad7c5-f885-41e9-b5d7-21ec426e7879",
              "parentUUID": "3fdd3bac-4f60-4472-9216-083492d12557",
              "isHook": false,
              "skipped": true
            },
            {
              "title": "should display notification preferences",
              "fullTitle": "User Profile should display notification preferences",
              "timedOut": null,
              "duration": 0,
              "state": "skipped",
              "speed": null,
              "pass": false,
              "fail": false,
              "pending": false,
              "context": null,
              "code": "// Click on notifications tab\ncy.get('[data-testid=\"notifications-tab\"]').click();\n// Check that notification preferences are displayed\ncy.get('[data-testid=\"notification-preferences\"]').should('be.visible');\n// Toggle email notifications\ncy.get('[data-testid=\"email-notifications-toggle\"]').click();\n// Toggle review reminders\ncy.get('[data-testid=\"review-reminders-toggle\"]').click();\n// Toggle goal reminders\ncy.get('[data-testid=\"goal-reminders-toggle\"]').click();\n// Save preferences\ncy.get('[data-testid=\"save-preferences\"]').click();\n// Verify preferences were saved\ncy.get('[data-testid=\"success-notification\"]').should('be.visible');",
              "err": {},
              "uuid": "18d37efb-2a6a-4402-926e-15a1eb982fa8",
              "parentUUID": "3fdd3bac-4f60-4472-9216-083492d12557",
              "isHook": false,
              "skipped": true
            },
            {
              "title": "should allow exporting user data",
              "fullTitle": "User Profile should allow exporting user data",
              "timedOut": null,
              "duration": 0,
              "state": "skipped",
              "speed": null,
              "pass": false,
              "fail": false,
              "pending": false,
              "context": null,
              "code": "// Click on data export tab\ncy.get('[data-testid=\"data-export-tab\"]').click();\n// Check that data export options are displayed\ncy.get('[data-testid=\"data-export-options\"]').should('be.visible');\n// Select export format\ncy.get('[data-testid=\"export-format-json\"]').click();\n// Select data to export\ncy.get('[data-testid=\"export-resources\"]').check();\ncy.get('[data-testid=\"export-concepts\"]').check();\ncy.get('[data-testid=\"export-metrics\"]').check();\ncy.get('[data-testid=\"export-goals\"]').check();\n// Click export button\ncy.get('[data-testid=\"export-data\"]').click();\n// Verify export was initiated\ncy.get('[data-testid=\"success-notification\"]').should('be.visible');",
              "err": {},
              "uuid": "ba2ed771-ce7a-4ff5-a23e-5c52881bca3b",
              "parentUUID": "3fdd3bac-4f60-4472-9216-083492d12557",
              "isHook": false,
              "skipped": true
            },
            {
              "title": "should display account deletion option",
              "fullTitle": "User Profile should display account deletion option",
              "timedOut": null,
              "duration": 0,
              "state": "skipped",
              "speed": null,
              "pass": false,
              "fail": false,
              "pending": false,
              "context": null,
              "code": "// Click on account tab\ncy.get('[data-testid=\"account-tab\"]').click();\n// Check that account deletion option is displayed\ncy.get('[data-testid=\"delete-account-section\"]').should('be.visible');\n// Click delete account button\ncy.get('[data-testid=\"delete-account-button\"]').click();\n// Verify confirmation dialog is displayed\ncy.get('[data-testid=\"delete-account-confirmation\"]').should('be.visible');\n// Cancel deletion\ncy.get('[data-testid=\"cancel-deletion\"]').click();\n// Verify confirmation dialog is closed\ncy.get('[data-testid=\"delete-account-confirmation\"]').should('not.exist');",
              "err": {},
              "uuid": "22ad89f2-cc69-4b03-b90d-f49882ba9ed6",
              "parentUUID": "3fdd3bac-4f60-4472-9216-083492d12557",
              "isHook": false,
              "skipped": true
            }
          ],
          "suites": [],
          "passes": [],
          "failures": [
            "08bcb363-5884-42ea-abcb-5b003b87a160"
          ],
          "pending": [],
          "skipped": [
            "c3bc301b-4614-4591-8673-3f40dc10a09e",
            "6b94da33-dea1-4b8c-9331-9a34bd513411",
            "cabad7c5-f885-41e9-b5d7-21ec426e7879",
            "18d37efb-2a6a-4402-926e-15a1eb982fa8",
            "ba2ed771-ce7a-4ff5-a23e-5c52881bca3b",
            "22ad89f2-cc69-4b03-b90d-f49882ba9ed6"
          ],
          "duration": 421,
          "root": false,
          "rootEmpty": false,
          "_timeout": 2000
        }
      ],
      "passes": [],
      "failures": [],
      "pending": [],
      "skipped": [],
      "duration": 0,
      "root": true,
      "rootEmpty": true,
      "_timeout": 2000
    }
  ],
  "meta": {
    "mocha": {
      "version": "7.0.1"
    },
    "mochawesome": {
      "options": {
        "quiet": false,
        "reportFilename": "mochawesome",
        "saveHtml": false,
        "saveJson": true,
        "consoleReporter": "spec",
        "useInlineDiffs": false,
        "code": true
      },
      "version": "7.1.3"
    },
    "marge": {
      "options": {
        "id": "default",
        "reportDir": "cypress/reports/.jsons",
        "charts": true,
        "reportPageTitle": "Learning Platform E2E Tests",
        "embeddedScreenshots": true,
        "inlineAssets": true,
        "overwrite": false,
        "html": false,
        "json": true
      },
      "version": "6.2.0"
    }
  }
}