{
  "stats": {
    "suites": 1,
    "tests": 4,
    "passes": 1,
    "pending": 0,
    "failures": 3,
    "start": "2025-03-17T17:32:49.467Z",
    "end": "2025-03-17T17:33:52.601Z",
    "duration": 63134,
    "testsRegistered": 4,
    "passPercent": 25,
    "pendingPercent": 0,
    "other": 0,
    "hasOther": false,
    "skipped": 0,
    "hasSkipped": false
  },
  "results": [
    {
      "uuid": "7989f4dd-8565-4654-87f6-c1f9bbac3790",
      "title": "",
      "fullFile": "cypress/e2e/auth.cy.ts",
      "file": "cypress/e2e/auth.cy.ts",
      "beforeHooks": [],
      "afterHooks": [],
      "tests": [],
      "suites": [
        {
          "uuid": "4dd3faac-a5ef-4ceb-940e-0ea6b08d83fd",
          "title": "Authentication Flow",
          "fullFile": "",
          "file": "",
          "beforeHooks": [],
          "afterHooks": [],
          "tests": [
            {
              "title": "should allow a user to register, login, and access protected routes",
              "fullTitle": "Authentication Flow should allow a user to register, login, and access protected routes",
              "timedOut": null,
              "duration": 14645,
              "state": "failed",
              "speed": null,
              "pass": false,
              "fail": true,
              "pending": false,
              "context": "[\n  {\n    \"title\": \"cypress-mochawesome-reporter-videos-failed\",\n    \"value\": \"cypress/e2e/auth.cy.ts\"\n  },\n  {\n    \"title\": \"cypress-mochawesome-reporter-screenshots\",\n    \"value\": [\n      [\n        \"/auth.cy.ts/Authentication Flow -- should allow a user to register, login, and access protected routes (failed).png\"\n      ]\n    ]\n  }\n]",
              "code": "// Create a test user first via API\ncy.createTestUser(testUser);\n// Visit the registration page\ncy.visit('/auth/register');\ncy.url().should('include', '/auth/register');\n// Fill out the registration form\ncy.get('#username').type(testUser.username);\ncy.get('#email').type(testUser.email);\ncy.get('#password').type(testUser.password);\ncy.get('#fullName').type(testUser.fullName);\n// Submit the form\ncy.get('button[type=\"submit\"]').click();\n// Should be redirected to dashboard after successful registration\ncy.url().should('include', '/dashboard');\n// Verify user is logged in by checking for user-specific elements\ncy.get('[data-testid=\"user-greeting\"]').should('contain', testUser.username);\n// Test navigation to protected routes\ncy.get('[data-testid=\"nav-resources\"]').click();\ncy.url().should('include', '/resources');\ncy.get('[data-testid=\"nav-learning-path\"]').click();\ncy.url().should('include', '/learning-path');\ncy.get('[data-testid=\"nav-knowledge\"]').click();\ncy.url().should('include', '/knowledge');\ncy.get('[data-testid=\"nav-analytics\"]').click();\ncy.url().should('include', '/analytics');\n// Test logout functionality\ncy.get('[data-testid=\"user-menu\"]').click();\ncy.get('[data-testid=\"logout-button\"]').click();\n// Should be redirected to login page after logout\ncy.url().should('include', '/auth/login');\n// Verify user cannot access protected routes after logout\ncy.visit('/dashboard');\ncy.url().should('include', '/auth/login');",
              "err": {
                "message": "AssertionError: Timed out retrying after 10000ms: expected 'http://localhost:3000/auth/register' to include '/dashboard'",
                "estack": "AssertionError: Timed out retrying after 10000ms: expected 'http://localhost:3000/auth/register' to include '/dashboard'\n    at Context.eval (webpack://frontend/./cypress/e2e/auth.cy.ts:27:0)",
                "diff": null
              },
              "uuid": "86f7ffdb-8113-4d13-9aa9-82775902c67f",
              "parentUUID": "4dd3faac-a5ef-4ceb-940e-0ea6b08d83fd",
              "isHook": false,
              "skipped": false
            },
            {
              "title": "should show validation errors for invalid registration",
              "fullTitle": "Authentication Flow should show validation errors for invalid registration",
              "timedOut": null,
              "duration": 2580,
              "state": "passed",
              "speed": "fast",
              "pass": true,
              "fail": false,
              "pending": false,
              "context": "{\n  \"title\": \"cypress-mochawesome-reporter-videos-passed\",\n  \"value\": \"cypress/e2e/auth.cy.ts\"\n}",
              "code": "cy.visit('/auth/register');\n// Submit empty form\ncy.get('button[type=\"submit\"]').click();\n// Should show validation errors\ncy.get('[data-testid=\"error-username\"]').should('be.visible');\ncy.get('[data-testid=\"error-email\"]').should('be.visible');\ncy.get('[data-testid=\"error-password\"]').should('be.visible');\n// Test invalid email format\ncy.get('#username').type('testuser');\ncy.get('#email').type('invalid-email');\ncy.get('#password').type('short');\ncy.get('#fullName').type('Test User');\ncy.get('button[type=\"submit\"]').click();\n// Should show specific validation errors\ncy.get('[data-testid=\"error-email\"]').should('be.visible');\ncy.get('[data-testid=\"error-password\"]').should('be.visible');",
              "err": {},
              "uuid": "f516e54d-5dac-477b-b515-d94db2aa345e",
              "parentUUID": "4dd3faac-a5ef-4ceb-940e-0ea6b08d83fd",
              "isHook": false,
              "skipped": false
            },
            {
              "title": "should show error for invalid login credentials",
              "fullTitle": "Authentication Flow should show error for invalid login credentials",
              "timedOut": null,
              "duration": 13667,
              "state": "failed",
              "speed": null,
              "pass": false,
              "fail": true,
              "pending": false,
              "context": "[\n  {\n    \"title\": \"cypress-mochawesome-reporter-videos-failed\",\n    \"value\": \"cypress/e2e/auth.cy.ts\"\n  },\n  {\n    \"title\": \"cypress-mochawesome-reporter-screenshots\",\n    \"value\": [\n      [\n        \"/auth.cy.ts/Authentication Flow -- should show error for invalid login credentials (failed).png\"\n      ]\n    ]\n  }\n]",
              "code": "cy.visit('/auth/login');\n// Try to login with invalid credentials\ncy.get('#username').type('nonexistent-user');\ncy.get('#password').type('WrongPassword123!');\ncy.get('button[type=\"submit\"]').click();\n// Should show error message\ncy.get('[data-testid=\"login-error\"]').should('be.visible');\n// URL should still be login page\ncy.url().should('include', '/auth/login');",
              "err": {
                "message": "AssertionError: Timed out retrying after 10000ms: Expected to find element: `[data-testid=\"login-error\"]`, but never found it.",
                "estack": "AssertionError: Timed out retrying after 10000ms: Expected to find element: `[data-testid=\"login-error\"]`, but never found it.\n    at Context.eval (webpack://frontend/./cypress/e2e/auth.cy.ts:73:0)",
                "diff": null
              },
              "uuid": "f75d6aa0-e142-4aba-bf34-8bf4d0a3ac24",
              "parentUUID": "4dd3faac-a5ef-4ceb-940e-0ea6b08d83fd",
              "isHook": false,
              "skipped": false
            },
            {
              "title": "should support programmatic login via custom command",
              "fullTitle": "Authentication Flow should support programmatic login via custom command",
              "timedOut": null,
              "duration": 32041,
              "state": "failed",
              "speed": null,
              "pass": false,
              "fail": true,
              "pending": false,
              "context": "[\n  {\n    \"title\": \"cypress-mochawesome-reporter-videos-failed\",\n    \"value\": \"cypress/e2e/auth.cy.ts\"\n  },\n  {\n    \"title\": \"cypress-mochawesome-reporter-screenshots\",\n    \"value\": [\n      [\n        \"/auth.cy.ts/Authentication Flow -- should support programmatic login via custom command (failed).png\"\n      ]\n    ]\n  }\n]",
              "code": "// Create a test user first via API\ncy.createTestUser(testUser);\n// Use the custom login command\ncy.login(testUser.username, testUser.password);\n// Visit the dashboard\ncy.visit('/dashboard');\n// Should be on dashboard page (not redirected to login)\ncy.url().should('include', '/dashboard');\n// Verify user is logged in\ncy.get('[data-testid=\"user-greeting\"]').should('contain', testUser.username);",
              "err": {
                "message": "CypressError: The application redirected to `http://localhost:3000/login` more than 20 times. Please check if it's an intended behavior.\n\nIf so, increase `redirectionLimit` value in configuration.",
                "estack": "CypressError: The application redirected to `http://localhost:3000/login` more than 20 times. Please check if it's an intended behavior.\n\nIf so, increase `redirectionLimit` value in configuration.\n    at onWindowLoad (http://localhost:3000/__cypress/runner/cypress_runner.js:131639:72)\n    at $Cy.onInternalWindowLoad (http://localhost:3000/__cypress/runner/cypress_runner.js:131674:20)\n    at $Cy.listener (http://localhost:3000/__cypress/runner/cypress_runner.js:141886:17)\n    at EventEmitter.emit (http://localhost:3000/__cypress/runner/cypress_runner.js:141966:19)\n    at parent.<computed> [as emit] (http://localhost:3000/__cypress/runner/cypress_runner.js:140879:32)\n    at $Cypress.action (http://localhost:3000/__cypress/runner/cypress_runner.js:41686:14)\n    at HTMLIFrameElement.<anonymous> (http://localhost:3000/__cypress/runner/cypress_runner.js:138745:24)\nFrom Your Spec Code:\n    at Context.eval (webpack://frontend/./cypress/e2e/auth.cy.ts:86:0)",
                "diff": null
              },
              "uuid": "8fbff82a-882c-44e4-a33f-7621b99e04e6",
              "parentUUID": "4dd3faac-a5ef-4ceb-940e-0ea6b08d83fd",
              "isHook": false,
              "skipped": false
            }
          ],
          "suites": [],
          "passes": [
            "f516e54d-5dac-477b-b515-d94db2aa345e"
          ],
          "failures": [
            "86f7ffdb-8113-4d13-9aa9-82775902c67f",
            "f75d6aa0-e142-4aba-bf34-8bf4d0a3ac24",
            "8fbff82a-882c-44e4-a33f-7621b99e04e6"
          ],
          "pending": [],
          "skipped": [],
          "duration": 62933,
          "root": false,
          "rootEmpty": false,
          "_timeout": 2000
        }
      ],
      "passes": [],
      "failures": [],
      "pending": [],
      "skipped": [],
      "duration": 0,
      "root": true,
      "rootEmpty": true,
      "_timeout": 2000
    }
  ],
  "meta": {
    "mocha": {
      "version": "7.0.1"
    },
    "mochawesome": {
      "options": {
        "quiet": false,
        "reportFilename": "mochawesome",
        "saveHtml": false,
        "saveJson": true,
        "consoleReporter": "spec",
        "useInlineDiffs": false,
        "code": true
      },
      "version": "7.1.3"
    },
    "marge": {
      "options": {
        "id": "default",
        "reportDir": "cypress/reports/.jsons",
        "charts": true,
        "reportPageTitle": "Learning Platform E2E Tests",
        "embeddedScreenshots": true,
        "inlineAssets": true,
        "overwrite": false,
        "html": false,
        "json": true
      },
      "version": "6.2.0"
    }
  }
}