{
  "stats": {
    "suites": 1,
    "tests": 9,
    "passes": 0,
    "pending": 0,
    "failures": 9,
    "start": "2025-03-17T19:55:15.433Z",
    "end": "2025-03-17T20:00:43.367Z",
    "duration": 327934,
    "testsRegistered": 9,
    "passPercent": 0,
    "pendingPercent": 0,
    "other": 0,
    "hasOther": false,
    "skipped": 0,
    "hasSkipped": false
  },
  "results": [
    {
      "uuid": "2196ec4f-7b48-48ed-8464-3fdb025a17ec",
      "title": "",
      "fullFile": "cypress/e2e/analytics.cy.ts",
      "file": "cypress/e2e/analytics.cy.ts",
      "beforeHooks": [],
      "afterHooks": [],
      "tests": [],
      "suites": [
        {
          "uuid": "47558465-16c6-45b4-b94e-38e617e65b17",
          "title": "Progress Analytics",
          "fullFile": "",
          "file": "",
          "beforeHooks": [],
          "afterHooks": [],
          "tests": [
            {
              "title": "should display analytics overview",
              "fullTitle": "Progress Analytics should display analytics overview",
              "timedOut": null,
              "duration": 12045,
              "state": "failed",
              "speed": null,
              "pass": false,
              "fail": true,
              "pending": false,
              "context": null,
              "code": "// Check that analytics overview is displayed\ncy.get('[data-testid=\"analytics-overview\"]').should('be.visible');\n// Check that study time section is displayed\ncy.get('[data-testid=\"study-time-section\"]').should('be.visible');\n// Check that resource completion section is displayed\ncy.get('[data-testid=\"resource-completion-section\"]').should('be.visible');\n// Check that knowledge retention section is displayed\ncy.get('[data-testid=\"knowledge-retention-section\"]').should('be.visible');\n// Check that learning path progress section is displayed\ncy.get('[data-testid=\"learning-path-progress-section\"]').should('be.visible');",
              "err": {
                "message": "AssertionError: Timed out retrying after 10000ms: Expected to find element: `[data-testid=\"analytics-overview\"]`, but never found it.",
                "estack": "AssertionError: Timed out retrying after 10000ms: Expected to find element: `[data-testid=\"analytics-overview\"]`, but never found it.\n    at Context.eval (webpack://frontend/./cypress/e2e/analytics.cy.ts:14:0)",
                "diff": null
              },
              "uuid": "35be295d-8a78-4128-8b2b-9ed242455de5",
              "parentUUID": "47558465-16c6-45b4-b94e-38e617e65b17",
              "isHook": false,
              "skipped": false
            },
            {
              "title": "should allow filtering analytics by date range",
              "fullTitle": "Progress Analytics should allow filtering analytics by date range",
              "timedOut": null,
              "duration": 12574,
              "state": "failed",
              "speed": null,
              "pass": false,
              "fail": true,
              "pending": false,
              "context": null,
              "code": "// Test date range filter\ncy.get('[data-testid=\"date-range-selector\"]').click();\n// Select last week\ncy.get('[data-testid=\"date-range-last-week\"]').click();\n// Verify charts are updated\ncy.get('[data-testid=\"study-time-chart\"]').should('be.visible');\ncy.get('[data-testid=\"resource-completion-chart\"]').should('be.visible');\n// Select last month\ncy.get('[data-testid=\"date-range-selector\"]').click();\ncy.get('[data-testid=\"date-range-last-month\"]').click();\n// Verify charts are updated\ncy.get('[data-testid=\"study-time-chart\"]').should('be.visible');\ncy.get('[data-testid=\"resource-completion-chart\"]').should('be.visible');\n// Select custom range\ncy.get('[data-testid=\"date-range-selector\"]').click();\ncy.get('[data-testid=\"date-range-custom\"]').click();\n// Set custom date range (last 3 months)\nvar endDate = new Date();\nvar startDate = new Date();\nstartDate.setMonth(startDate.getMonth() - 3);\nvar formattedStartDate = startDate.toISOString().split('T')[0]; // YYYY-MM-DD\nvar formattedEndDate = endDate.toISOString().split('T')[0]; // YYYY-MM-DD\ncy.get('[data-testid=\"custom-start-date\"]').type(formattedStartDate);\ncy.get('[data-testid=\"custom-end-date\"]').type(formattedEndDate);\ncy.get('[data-testid=\"apply-custom-range\"]').click();\n// Verify charts are updated\ncy.get('[data-testid=\"study-time-chart\"]').should('be.visible');\ncy.get('[data-testid=\"resource-completion-chart\"]').should('be.visible');",
              "err": {
                "message": "AssertionError: Timed out retrying after 10000ms: Expected to find element: `[data-testid=\"date-range-selector\"]`, but never found it.",
                "estack": "AssertionError: Timed out retrying after 10000ms: Expected to find element: `[data-testid=\"date-range-selector\"]`, but never found it.\n    at Context.eval (webpack://frontend/./cypress/e2e/analytics.cy.ts:26:0)",
                "diff": null
              },
              "uuid": "8b2c7a41-c64b-418c-80fd-68ea60f029a5",
              "parentUUID": "47558465-16c6-45b4-b94e-38e617e65b17",
              "isHook": false,
              "skipped": false
            },
            {
              "title": "should allow adding a new study metric",
              "fullTitle": "Progress Analytics should allow adding a new study metric",
              "timedOut": null,
              "duration": 11861,
              "state": "failed",
              "speed": null,
              "pass": false,
              "fail": true,
              "pending": false,
              "context": null,
              "code": "// Click on add metric button\ncy.get('[data-testid=\"add-metric\"]').click();\n// Fill out the metric form\nvar today = new Date().toISOString().split('T')[0]; // YYYY-MM-DD\ncy.get('input[name=\"date\"]').type(today);\ncy.get('input[name=\"study_hours\"]').type('2.5');\ncy.get('input[name=\"topics\"]').type('python,testing,cypress');\ncy.get('input[name=\"focus_score\"]').type('8');\ncy.get('textarea[name=\"notes\"]').type('Study session during Cypress testing');\n// Submit the form\ncy.get('button[type=\"submit\"]').click();\n// Verify the metric was added\ncy.get('[data-testid=\"success-notification\"]').should('be.visible');\n// Verify the charts are updated\ncy.get('[data-testid=\"study-time-chart\"]').should('be.visible');",
              "err": {
                "message": "AssertionError: Timed out retrying after 10000ms: Expected to find element: `[data-testid=\"add-metric\"]`, but never found it.",
                "estack": "AssertionError: Timed out retrying after 10000ms: Expected to find element: `[data-testid=\"add-metric\"]`, but never found it.\n    at Context.eval (webpack://frontend/./cypress/e2e/analytics.cy.ts:56:0)",
                "diff": null
              },
              "uuid": "455d1e73-5158-4585-8ccf-4a9e07870b4d",
              "parentUUID": "47558465-16c6-45b4-b94e-38e617e65b17",
              "isHook": false,
              "skipped": false
            },
            {
              "title": "should display study time analytics",
              "fullTitle": "Progress Analytics should display study time analytics",
              "timedOut": null,
              "duration": 12085,
              "state": "failed",
              "speed": null,
              "pass": false,
              "fail": true,
              "pending": false,
              "context": null,
              "code": "// Click on study time tab\ncy.get('[data-testid=\"study-time-tab\"]').click();\n// Verify study time charts are displayed\ncy.get('[data-testid=\"study-time-chart\"]').should('be.visible');\ncy.get('[data-testid=\"focus-score-chart\"]').should('be.visible');\ncy.get('[data-testid=\"topics-distribution-chart\"]').should('be.visible');\n// Test chart type toggle\ncy.get('[data-testid=\"chart-type-selector\"]').click();\ncy.get('[data-testid=\"chart-type-bar\"]').click();\n// Verify chart type changed\ncy.get('[data-testid=\"study-time-chart\"]').should('be.visible');",
              "err": {
                "message": "AssertionError: Timed out retrying after 10000ms: Expected to find element: `[data-testid=\"study-time-tab\"]`, but never found it.",
                "estack": "AssertionError: Timed out retrying after 10000ms: Expected to find element: `[data-testid=\"study-time-tab\"]`, but never found it.\n    at Context.eval (webpack://frontend/./cypress/e2e/analytics.cy.ts:73:0)",
                "diff": null
              },
              "uuid": "fd0da9d9-4070-48ef-a118-f169b3d72641",
              "parentUUID": "47558465-16c6-45b4-b94e-38e617e65b17",
              "isHook": false,
              "skipped": false
            },
            {
              "title": "should display resource completion analytics",
              "fullTitle": "Progress Analytics should display resource completion analytics",
              "timedOut": null,
              "duration": 11970,
              "state": "failed",
              "speed": null,
              "pass": false,
              "fail": true,
              "pending": false,
              "context": null,
              "code": "// Click on resource completion tab\ncy.get('[data-testid=\"resource-completion-tab\"]').click();\n// Verify resource completion charts are displayed\ncy.get('[data-testid=\"resource-completion-chart\"]').should('be.visible');\ncy.get('[data-testid=\"resource-type-distribution-chart\"]').should('be.visible');\ncy.get('[data-testid=\"resource-difficulty-distribution-chart\"]').should('be.visible');\n// Test chart type toggle\ncy.get('[data-testid=\"chart-type-selector\"]').click();\ncy.get('[data-testid=\"chart-type-doughnut\"]').click();\n// Verify chart type changed\ncy.get('[data-testid=\"resource-type-distribution-chart\"]').should('be.visible');",
              "err": {
                "message": "AssertionError: Timed out retrying after 10000ms: Expected to find element: `[data-testid=\"resource-completion-tab\"]`, but never found it.",
                "estack": "AssertionError: Timed out retrying after 10000ms: Expected to find element: `[data-testid=\"resource-completion-tab\"]`, but never found it.\n    at Context.eval (webpack://frontend/./cypress/e2e/analytics.cy.ts:86:0)",
                "diff": null
              },
              "uuid": "424ef4bc-4b95-41d3-8e62-cc54dbd70647",
              "parentUUID": "47558465-16c6-45b4-b94e-38e617e65b17",
              "isHook": false,
              "skipped": false
            },
            {
              "title": "should display knowledge retention analytics",
              "fullTitle": "Progress Analytics should display knowledge retention analytics",
              "timedOut": null,
              "duration": 12138,
              "state": "failed",
              "speed": null,
              "pass": false,
              "fail": true,
              "pending": false,
              "context": null,
              "code": "// Click on knowledge retention tab\ncy.get('[data-testid=\"knowledge-retention-tab\"]').click();\n// Verify knowledge retention charts are displayed\ncy.get('[data-testid=\"review-history-chart\"]').should('be.visible');\ncy.get('[data-testid=\"confidence-trend-chart\"]').should('be.visible');\ncy.get('[data-testid=\"concepts-by-topic-chart\"]').should('be.visible');\n// Test chart type toggle\ncy.get('[data-testid=\"chart-type-selector\"]').click();\ncy.get('[data-testid=\"chart-type-line\"]').click();\n// Verify chart type changed\ncy.get('[data-testid=\"confidence-trend-chart\"]').should('be.visible');",
              "err": {
                "message": "AssertionError: Timed out retrying after 10000ms: Expected to find element: `[data-testid=\"knowledge-retention-tab\"]`, but never found it.",
                "estack": "AssertionError: Timed out retrying after 10000ms: Expected to find element: `[data-testid=\"knowledge-retention-tab\"]`, but never found it.\n    at Context.eval (webpack://frontend/./cypress/e2e/analytics.cy.ts:99:0)",
                "diff": null
              },
              "uuid": "d68c6c45-647b-48e3-8542-a8a49832c03d",
              "parentUUID": "47558465-16c6-45b4-b94e-38e617e65b17",
              "isHook": false,
              "skipped": false
            },
            {
              "title": "should display learning path progress analytics",
              "fullTitle": "Progress Analytics should display learning path progress analytics",
              "timedOut": null,
              "duration": 12942,
              "state": "failed",
              "speed": null,
              "pass": false,
              "fail": true,
              "pending": false,
              "context": null,
              "code": "// Click on learning path progress tab\ncy.get('[data-testid=\"learning-path-tab\"]').click();\n// Verify learning path progress charts are displayed\ncy.get('[data-testid=\"goals-progress-chart\"]').should('be.visible');\ncy.get('[data-testid=\"milestones-progress-chart\"]').should('be.visible');\ncy.get('[data-testid=\"roadmap-progress-chart\"]').should('be.visible');\n// Test chart type toggle\ncy.get('[data-testid=\"chart-type-selector\"]').click();\ncy.get('[data-testid=\"chart-type-pie\"]').click();\n// Verify chart type changed\ncy.get('[data-testid=\"goals-progress-chart\"]').should('be.visible');",
              "err": {
                "message": "AssertionError: Timed out retrying after 10000ms: Expected to find element: `[data-testid=\"learning-path-tab\"]`, but never found it.",
                "estack": "AssertionError: Timed out retrying after 10000ms: Expected to find element: `[data-testid=\"learning-path-tab\"]`, but never found it.\n    at Context.eval (webpack://frontend/./cypress/e2e/analytics.cy.ts:112:0)",
                "diff": null
              },
              "uuid": "1f113717-c55b-4a3f-8fd8-7e0555ce878e",
              "parentUUID": "47558465-16c6-45b4-b94e-38e617e65b17",
              "isHook": false,
              "skipped": false
            },
            {
              "title": "should generate and display weekly report",
              "fullTitle": "Progress Analytics should generate and display weekly report",
              "timedOut": null,
              "duration": 14839,
              "state": "failed",
              "speed": null,
              "pass": false,
              "fail": true,
              "pending": false,
              "context": null,
              "code": "// Click on reports tab\ncy.get('[data-testid=\"reports-tab\"]').click();\n// Click on generate report button\ncy.get('[data-testid=\"generate-report\"]').click();\n// Select weekly report\ncy.get('[data-testid=\"report-type-weekly\"]').click();\n// Select week\nvar today = new Date();\nvar weekStart = new Date(today);\nweekStart.setDate(today.getDate() - today.getDay());\nvar formattedWeekStart = weekStart.toISOString().split('T')[0]; // YYYY-MM-DD\n// Type the formatted date string\ncy.get('input[name=\"week_start\"]').clear().type(formattedWeekStart);\n// Generate report\ncy.get('[data-testid=\"generate-report-button\"]').click();\n// Verify report is displayed\ncy.get('[data-testid=\"weekly-report\"]').should('be.visible');\ncy.get('[data-testid=\"report-study-time\"]').should('be.visible');\ncy.get('[data-testid=\"report-resources-completed\"]').should('be.visible');\ncy.get('[data-testid=\"report-concepts-reviewed\"]').should('be.visible');\ncy.get('[data-testid=\"report-goals-progress\"]').should('be.visible');",
              "err": {
                "message": "AssertionError: Timed out retrying after 10000ms: Expected to find element: `[data-testid=\"reports-tab\"]`, but never found it.",
                "estack": "AssertionError: Timed out retrying after 10000ms: Expected to find element: `[data-testid=\"reports-tab\"]`, but never found it.\n    at Context.eval (webpack://frontend/./cypress/e2e/analytics.cy.ts:125:0)",
                "diff": null
              },
              "uuid": "e1824713-ce6c-4aec-a020-602000bd13ec",
              "parentUUID": "47558465-16c6-45b4-b94e-38e617e65b17",
              "isHook": false,
              "skipped": false
            },
            {
              "title": "should allow exporting analytics data",
              "fullTitle": "Progress Analytics should allow exporting analytics data",
              "timedOut": null,
              "duration": 13117,
              "state": "failed",
              "speed": null,
              "pass": false,
              "fail": true,
              "pending": false,
              "context": null,
              "code": "// Click on export button\ncy.get('[data-testid=\"export-data\"]').click();\n// Select export format\ncy.get('[data-testid=\"export-format-csv\"]').click();\n// Select data to export\ncy.get('[data-testid=\"export-study-time\"]').check();\ncy.get('[data-testid=\"export-resource-completion\"]').check();\ncy.get('[data-testid=\"export-knowledge-retention\"]').check();\n// Click export button\ncy.get('[data-testid=\"confirm-export\"]').click();\n// Verify export was successful\ncy.get('[data-testid=\"success-notification\"]').should('be.visible');",
              "err": {
                "message": "AssertionError: Timed out retrying after 10000ms: Expected to find element: `[data-testid=\"export-data\"]`, but never found it.",
                "estack": "AssertionError: Timed out retrying after 10000ms: Expected to find element: `[data-testid=\"export-data\"]`, but never found it.\n    at Context.eval (webpack://frontend/./cypress/e2e/analytics.cy.ts:148:0)",
                "diff": null
              },
              "uuid": "37b9cea3-b23b-40b3-91c8-1b13e58a67d4",
              "parentUUID": "47558465-16c6-45b4-b94e-38e617e65b17",
              "isHook": false,
              "skipped": false
            }
          ],
          "suites": [],
          "passes": [],
          "failures": [
            "35be295d-8a78-4128-8b2b-9ed242455de5",
            "8b2c7a41-c64b-418c-80fd-68ea60f029a5",
            "455d1e73-5158-4585-8ccf-4a9e07870b4d",
            "fd0da9d9-4070-48ef-a118-f169b3d72641",
            "424ef4bc-4b95-41d3-8e62-cc54dbd70647",
            "d68c6c45-647b-48e3-8542-a8a49832c03d",
            "1f113717-c55b-4a3f-8fd8-7e0555ce878e",
            "e1824713-ce6c-4aec-a020-602000bd13ec",
            "37b9cea3-b23b-40b3-91c8-1b13e58a67d4"
          ],
          "pending": [],
          "skipped": [],
          "duration": 113571,
          "root": false,
          "rootEmpty": false,
          "_timeout": 2000
        }
      ],
      "passes": [],
      "failures": [],
      "pending": [],
      "skipped": [],
      "duration": 0,
      "root": true,
      "rootEmpty": true,
      "_timeout": 2000
    }
  ],
  "meta": {
    "mocha": {
      "version": "7.0.1"
    },
    "mochawesome": {
      "options": {
        "quiet": false,
        "reportFilename": "mochawesome",
        "saveHtml": false,
        "saveJson": true,
        "consoleReporter": "spec",
        "useInlineDiffs": false,
        "code": true
      },
      "version": "7.1.3"
    },
    "marge": {
      "options": {
        "id": "default",
        "reportDir": "cypress/reports/.jsons",
        "charts": true,
        "reportPageTitle": "Learning Platform E2E Tests",
        "embeddedScreenshots": true,
        "inlineAssets": true,
        "overwrite": false,
        "html": false,
        "json": true
      },
      "version": "6.2.0"
    }
  }
}