{
  "stats": {
    "suites": 1,
    "tests": 1,
    "passes": 0,
    "pending": 0,
    "failures": 1,
    "start": "2025-03-17T18:12:03.319Z",
    "end": "2025-03-17T18:12:05.525Z",
    "duration": 2206,
    "testsRegistered": 9,
    "passPercent": 0,
    "pendingPercent": 0,
    "other": 0,
    "hasOther": false,
    "skipped": 8,
    "hasSkipped": true
  },
  "results": [
    {
      "uuid": "abdb838b-4005-42f1-8b49-1c52e33df730",
      "title": "",
      "fullFile": "cypress/e2e/analytics.cy.ts",
      "file": "cypress/e2e/analytics.cy.ts",
      "beforeHooks": [],
      "afterHooks": [],
      "tests": [],
      "suites": [
        {
          "uuid": "293be1f9-5a9d-40f8-9a24-35b067b58419",
          "title": "Progress Analytics",
          "fullFile": "",
          "file": "",
          "beforeHooks": [],
          "afterHooks": [],
          "tests": [
            {
              "title": "should display analytics overview",
              "fullTitle": "Progress Analytics should display analytics overview",
              "timedOut": null,
              "duration": 2058,
              "state": "failed",
              "speed": null,
              "pass": false,
              "fail": true,
              "pending": false,
              "context": "[\n  {\n    \"title\": \"cypress-mochawesome-reporter-videos-failed\",\n    \"value\": \"cypress/e2e/analytics.cy.ts\"\n  },\n  {\n    \"title\": \"cypress-mochawesome-reporter-screenshots\",\n    \"value\": [\n      [\n        \"/analytics.cy.ts/Progress Analytics -- should display analytics overview -- before each hook (failed).png\"\n      ]\n    ]\n  }\n]",
              "code": "// Check that analytics overview is displayed\ncy.get('[data-testid=\"analytics-overview\"]').should('be.visible');\n// Check that study time section is displayed\ncy.get('[data-testid=\"study-time-section\"]').should('be.visible');\n// Check that resource completion section is displayed\ncy.get('[data-testid=\"resource-completion-section\"]').should('be.visible');\n// Check that knowledge retention section is displayed\ncy.get('[data-testid=\"knowledge-retention-section\"]').should('be.visible');\n// Check that learning path progress section is displayed\ncy.get('[data-testid=\"learning-path-progress-section\"]').should('be.visible');",
              "err": {
                "message": "CypressError: `cy.request()` failed on:\n\nhttp://localhost:3000/api/metrics/batch\n\nThe response we received from your web server was:\n\n  > 404: Not Found\n\nThis was considered a failure because the status code was not `2xx` or `3xx`.\n\nIf you do not want status codes to cause failures pass the option: `failOnStatusCode: false`\n\n-----------------------------------------------------------\n\nThe request we sent was:\n\nMethod: POST\nURL: http://localhost:3000/api/metrics/batch\nHeaders: {\n  \"Connection\": \"keep-alive\",\n  \"Authorization\": \"Bearer null\",\n  \"user-agent\": \"Mozilla/5.0 (Macintosh; Intel Mac OS X 10_15_7) AppleWebKit/537.36 (KHTML, like Gecko) Chrome/130.0.6723.137 Safari/537.36\",\n  \"accept\": \"*/*\",\n  \"cookie\": \"token=eyJhbGciOiJIUzI1NiIsInR5cCI6IkpXVCJ9.eyJzdWIiOiJ0ZXN0LXVzZXItY3lwcmVzcyIsImV4cCI6MTc0MjIzNjkyM30.z-z_ZCYrHT6Yi_RhyGjqTdZn-71JU_OVz6EY5Te4jAI\",\n  \"accept-encoding\": \"gzip, deflate\",\n  \"content-type\": \"application/json\",\n  \"content-length\": 1156\n}\nBody: {\"metrics\":[{\"date\":\"2025-03-17\",\"studyTime\":130,\"resourcesCompleted\":1,\"conceptsReviewed\":4},{\"date\":\"2025-03-16\",\"studyTime\":132,\"resourcesCompleted\":0,\"conceptsReviewed\":5},{\"date\":\"2025-03-15\",\"studyTime\":119,\"resourcesCompleted\":0,\"conceptsReviewed\":3},{\"date\":\"2025-03-14\",\"studyTime\":45,\"resourcesCompleted\":2,\"conceptsReviewed\":5},{\"date\":\"2025-03-13\",\"studyTime\":123,\"resourcesCompleted\":1,\"conceptsReviewed\":4},{\"date\":\"2025-03-12\",\"studyTime\":82,\"resourcesCompleted\":2,\"conceptsReviewed\":3},{\"date\":\"2025-03-11\",\"studyTime\":90,\"resourcesCompleted\":0,\"conceptsReviewed\":4},{\"date\":\"2025-03-10\",\"studyTime\":109,\"resourcesCompleted\":0,\"conceptsReviewed\":4},{\"date\":\"2025-03-09\",\"studyTime\":98,\"resourcesCompleted\":2,\"conceptsReviewed\":1},{\"date\":\"2025-03-08\",\"studyTime\":128,\"resourcesCompleted\":2,\"conceptsReviewed\":3},{\"date\":\"2025-03-07\",\"studyTime\":127,\"resourcesCompleted\":0,\"conceptsReviewed\":3},{\"date\":\"2025-03-06\",\"studyTime\":52,\"resourcesCompleted\":2,\"conceptsReviewed\":3},{\"date\":\"2025-03-05\",\"studyTime\":140,\"resourcesCompleted\":0,\"conceptsReviewed\":2},{\"date\":\"2025-03-04\",\"studyTime\":133,\"resourcesCompleted\":1,\"conceptsReviewed\":4}]}\n\n-----------------------------------------------------------\n\nThe response we got was:\n\nStatus: 404 - Not Found\nHeaders: {\n  \"cache-control\": \"no-store, must-revalidate\",\n  \"vary\": \"RSC, Next-Router-State-Tree, Next-Router-Prefetch, Next-Router-Segment-Prefetch, Accept-Encoding\",\n  \"link\": \"</_next/static/chunks/%5Broot%20of%20the%20server%5D__08514339._.css>; rel=preload; as=\\\"style\\\"\",\n  \"x-powered-by\": \"Next.js\",\n  \"content-type\": \"text/html; charset=utf-8\",\n  \"content-encoding\": \"gzip\",\n  \"date\": \"Mon, 17 Mar 2025 18:12:04 GMT\",\n  \"connection\": \"keep-alive\",\n  \"keep-alive\": \"timeout=5\",\n  \"transfer-encoding\": \"chunked\"\n}\nBody: <!DOCTYPE html><html lang=\"en\"><head><meta charSet=\"utf-8\"/><meta name=\"viewport\" content=\"width=device-width, initial-scale=1\"/><link rel=\"stylesheet\" href=\"/_next/static/chunks/%5Broot%20of%20the%20server%5D__08514339._.css\" data-precedence=\"next_static/chunks/[root of the server]__08514339._.css\"/><link rel=\"preload\" as=\"script\" fetchPriority=\"low\" href=\"/_next/static/chunks/%5Bturbopack%5D_browser_dev_hmr-client_hmr-client_ts_49a6ea35._.js\"/><script src=\"/_next/static/chunks/node_modules_next_dist_compiled_2ce9398a._.js\" async=\"\"></script><script src=\"/_next/static/chunks/node_modules_next_dist_client_43e3ffb8._.js\" async=\"\"></script><script src=\"/_next/static/chunks/node_modules_next_dist_3bfaed20._.js\" async=\"\"></script><script src=\"/_next/static/chunks/node_modules_%40swc_helpers_cjs_00636ac3._.js\" async=\"\"></script><script src=\"/_next/static/chunks/_e69f0d32._.js\" async=\"\"></script><script src=\"/_next/static/chunks/_be317ff2._.js\" async=\"\"></script><script src=\"/_next/static/chunks/node_modules_next_dist_1a6ee436._.js\" async=\"\"></script><script src=\"/_next/static/chunks/src_app_favicon_ico_mjs_79b6a596._.js\" async=\"\"></script><script src=\"/_next/static/chunks/[turbopack]_browser_dev_hmr-client_hmr-client_ts_f2322ef7._.js\" async=\"\"></script><script src=\"/_next/static/chunks/node_modules_axios_lib_99999129._.js\" async=\"\"></script><script src=\"/_next/static/chunks/node_modules_@headlessui_react_dist_306b8882._.js\" async=\"\"></script><script src=\"/_next/static/chunks/node_modules_@floating-ui_react_dist_c1a64d8e._.js\" async=\"\"></script><script src=\"/_next/static/chunks/node_modules_8535f519._.js\" async=\"\"></script><script src=\"/_next/static/chunks/src_8227d2ef._.js\" async=\"\"></script><script src=\"/_next/static/chunks/src_app_layout_tsx_f0e4c1a2._.js\" async=\"\"></script><script src=\"/_next/static/chunks/%5Bturbopack%5D_browser_dev_hmr-client_hmr-client_ts_f2322ef7._.js\" async=\"\"></script><script src=\"/_next/static/chunks/node_modules_%40headlessui_react_dist_306...\n\n\nhttps://on.cypress.io/request\n\nBecause this error occurred during a `before each` hook we are skipping the remaining tests in the current suite: `Progress Analytics`",
                "estack": "CypressError: `cy.request()` failed on:\n\nhttp://localhost:3000/api/metrics/batch\n\nThe response we received from your web server was:\n\n  > 404: Not Found\n\nThis was considered a failure because the status code was not `2xx` or `3xx`.\n\nIf you do not want status codes to cause failures pass the option: `failOnStatusCode: false`\n\n-----------------------------------------------------------\n\nThe request we sent was:\n\nMethod: POST\nURL: http://localhost:3000/api/metrics/batch\nHeaders: {\n  \"Connection\": \"keep-alive\",\n  \"Authorization\": \"Bearer null\",\n  \"user-agent\": \"Mozilla/5.0 (Macintosh; Intel Mac OS X 10_15_7) AppleWebKit/537.36 (KHTML, like Gecko) Chrome/130.0.6723.137 Safari/537.36\",\n  \"accept\": \"*/*\",\n  \"cookie\": \"token=eyJhbGciOiJIUzI1NiIsInR5cCI6IkpXVCJ9.eyJzdWIiOiJ0ZXN0LXVzZXItY3lwcmVzcyIsImV4cCI6MTc0MjIzNjkyM30.z-z_ZCYrHT6Yi_RhyGjqTdZn-71JU_OVz6EY5Te4jAI\",\n  \"accept-encoding\": \"gzip, deflate\",\n  \"content-type\": \"application/json\",\n  \"content-length\": 1156\n}\nBody: {\"metrics\":[{\"date\":\"2025-03-17\",\"studyTime\":130,\"resourcesCompleted\":1,\"conceptsReviewed\":4},{\"date\":\"2025-03-16\",\"studyTime\":132,\"resourcesCompleted\":0,\"conceptsReviewed\":5},{\"date\":\"2025-03-15\",\"studyTime\":119,\"resourcesCompleted\":0,\"conceptsReviewed\":3},{\"date\":\"2025-03-14\",\"studyTime\":45,\"resourcesCompleted\":2,\"conceptsReviewed\":5},{\"date\":\"2025-03-13\",\"studyTime\":123,\"resourcesCompleted\":1,\"conceptsReviewed\":4},{\"date\":\"2025-03-12\",\"studyTime\":82,\"resourcesCompleted\":2,\"conceptsReviewed\":3},{\"date\":\"2025-03-11\",\"studyTime\":90,\"resourcesCompleted\":0,\"conceptsReviewed\":4},{\"date\":\"2025-03-10\",\"studyTime\":109,\"resourcesCompleted\":0,\"conceptsReviewed\":4},{\"date\":\"2025-03-09\",\"studyTime\":98,\"resourcesCompleted\":2,\"conceptsReviewed\":1},{\"date\":\"2025-03-08\",\"studyTime\":128,\"resourcesCompleted\":2,\"conceptsReviewed\":3},{\"date\":\"2025-03-07\",\"studyTime\":127,\"resourcesCompleted\":0,\"conceptsReviewed\":3},{\"date\":\"2025-03-06\",\"studyTime\":52,\"resourcesCompleted\":2,\"conceptsReviewed\":3},{\"date\":\"2025-03-05\",\"studyTime\":140,\"resourcesCompleted\":0,\"conceptsReviewed\":2},{\"date\":\"2025-03-04\",\"studyTime\":133,\"resourcesCompleted\":1,\"conceptsReviewed\":4}]}\n\n-----------------------------------------------------------\n\nThe response we got was:\n\nStatus: 404 - Not Found\nHeaders: {\n  \"cache-control\": \"no-store, must-revalidate\",\n  \"vary\": \"RSC, Next-Router-State-Tree, Next-Router-Prefetch, Next-Router-Segment-Prefetch, Accept-Encoding\",\n  \"link\": \"</_next/static/chunks/%5Broot%20of%20the%20server%5D__08514339._.css>; rel=preload; as=\\\"style\\\"\",\n  \"x-powered-by\": \"Next.js\",\n  \"content-type\": \"text/html; charset=utf-8\",\n  \"content-encoding\": \"gzip\",\n  \"date\": \"Mon, 17 Mar 2025 18:12:04 GMT\",\n  \"connection\": \"keep-alive\",\n  \"keep-alive\": \"timeout=5\",\n  \"transfer-encoding\": \"chunked\"\n}\nBody: <!DOCTYPE html><html lang=\"en\"><head><meta charSet=\"utf-8\"/><meta name=\"viewport\" content=\"width=device-width, initial-scale=1\"/><link rel=\"stylesheet\" href=\"/_next/static/chunks/%5Broot%20of%20the%20server%5D__08514339._.css\" data-precedence=\"next_static/chunks/[root of the server]__08514339._.css\"/><link rel=\"preload\" as=\"script\" fetchPriority=\"low\" href=\"/_next/static/chunks/%5Bturbopack%5D_browser_dev_hmr-client_hmr-client_ts_49a6ea35._.js\"/><script src=\"/_next/static/chunks/node_modules_next_dist_compiled_2ce9398a._.js\" async=\"\"></script><script src=\"/_next/static/chunks/node_modules_next_dist_client_43e3ffb8._.js\" async=\"\"></script><script src=\"/_next/static/chunks/node_modules_next_dist_3bfaed20._.js\" async=\"\"></script><script src=\"/_next/static/chunks/node_modules_%40swc_helpers_cjs_00636ac3._.js\" async=\"\"></script><script src=\"/_next/static/chunks/_e69f0d32._.js\" async=\"\"></script><script src=\"/_next/static/chunks/_be317ff2._.js\" async=\"\"></script><script src=\"/_next/static/chunks/node_modules_next_dist_1a6ee436._.js\" async=\"\"></script><script src=\"/_next/static/chunks/src_app_favicon_ico_mjs_79b6a596._.js\" async=\"\"></script><script src=\"/_next/static/chunks/[turbopack]_browser_dev_hmr-client_hmr-client_ts_f2322ef7._.js\" async=\"\"></script><script src=\"/_next/static/chunks/node_modules_axios_lib_99999129._.js\" async=\"\"></script><script src=\"/_next/static/chunks/node_modules_@headlessui_react_dist_306b8882._.js\" async=\"\"></script><script src=\"/_next/static/chunks/node_modules_@floating-ui_react_dist_c1a64d8e._.js\" async=\"\"></script><script src=\"/_next/static/chunks/node_modules_8535f519._.js\" async=\"\"></script><script src=\"/_next/static/chunks/src_8227d2ef._.js\" async=\"\"></script><script src=\"/_next/static/chunks/src_app_layout_tsx_f0e4c1a2._.js\" async=\"\"></script><script src=\"/_next/static/chunks/%5Bturbopack%5D_browser_dev_hmr-client_hmr-client_ts_f2322ef7._.js\" async=\"\"></script><script src=\"/_next/static/chunks/node_modules_%40headlessui_react_dist_306...\n\n\nhttps://on.cypress.io/request\n\nBecause this error occurred during a `before each` hook we are skipping the remaining tests in the current suite: `Progress Analytics`\n    at <unknown> (http://localhost:3000/__cypress/runner/cypress_runner.js:133638:72)\n    at tryCatcher (http://localhost:3000/__cypress/runner/cypress_runner.js:1777:23)\n    at Promise._settlePromiseFromHandler (http://localhost:3000/__cypress/runner/cypress_runner.js:1489:31)\n    at Promise._settlePromise (http://localhost:3000/__cypress/runner/cypress_runner.js:1546:18)\n    at Promise._settlePromise0 (http://localhost:3000/__cypress/runner/cypress_runner.js:1591:10)\n    at Promise._settlePromises (http://localhost:3000/__cypress/runner/cypress_runner.js:1671:18)\n    at _drainQueueStep (http://localhost:3000/__cypress/runner/cypress_runner.js:2377:12)\n    at _drainQueue (http://localhost:3000/__cypress/runner/cypress_runner.js:2370:9)\n    at Async._drainQueues (http://localhost:3000/__cypress/runner/cypress_runner.js:2386:5)\n    at Async.drainQueues (http://localhost:3000/__cypress/runner/cypress_runner.js:2256:14)",
                "diff": null
              },
              "uuid": "a3f6249f-b441-4333-b25a-8dd0abe6aece",
              "parentUUID": "293be1f9-5a9d-40f8-9a24-35b067b58419",
              "isHook": false,
              "skipped": false
            },
            {
              "title": "should allow filtering analytics by date range",
              "fullTitle": "Progress Analytics should allow filtering analytics by date range",
              "timedOut": null,
              "duration": 0,
              "state": "skipped",
              "speed": null,
              "pass": false,
              "fail": false,
              "pending": false,
              "context": null,
              "code": "// Test date range filter\ncy.get('[data-testid=\"date-range-selector\"]').click();\n// Select last week\ncy.get('[data-testid=\"date-range-last-week\"]').click();\n// Verify charts are updated\ncy.get('[data-testid=\"study-time-chart\"]').should('be.visible');\ncy.get('[data-testid=\"resource-completion-chart\"]').should('be.visible');\n// Select last month\ncy.get('[data-testid=\"date-range-selector\"]').click();\ncy.get('[data-testid=\"date-range-last-month\"]').click();\n// Verify charts are updated\ncy.get('[data-testid=\"study-time-chart\"]').should('be.visible');\ncy.get('[data-testid=\"resource-completion-chart\"]').should('be.visible');\n// Select custom range\ncy.get('[data-testid=\"date-range-selector\"]').click();\ncy.get('[data-testid=\"date-range-custom\"]').click();\n// Set custom date range (last 3 months)\nvar endDate = new Date();\nvar startDate = new Date();\nstartDate.setMonth(startDate.getMonth() - 3);\nvar formattedStartDate = startDate.toISOString().split('T')[0]; // YYYY-MM-DD\nvar formattedEndDate = endDate.toISOString().split('T')[0]; // YYYY-MM-DD\ncy.get('[data-testid=\"custom-start-date\"]').type(formattedStartDate);\ncy.get('[data-testid=\"custom-end-date\"]').type(formattedEndDate);\ncy.get('[data-testid=\"apply-custom-range\"]').click();\n// Verify charts are updated\ncy.get('[data-testid=\"study-time-chart\"]').should('be.visible');\ncy.get('[data-testid=\"resource-completion-chart\"]').should('be.visible');",
              "err": {},
              "uuid": "6bcda377-436d-44a3-81b5-6b3a3394e773",
              "parentUUID": "293be1f9-5a9d-40f8-9a24-35b067b58419",
              "isHook": false,
              "skipped": true
            },
            {
              "title": "should allow adding a new study metric",
              "fullTitle": "Progress Analytics should allow adding a new study metric",
              "timedOut": null,
              "duration": 0,
              "state": "skipped",
              "speed": null,
              "pass": false,
              "fail": false,
              "pending": false,
              "context": null,
              "code": "// Click on add metric button\ncy.get('[data-testid=\"add-metric\"]').click();\n// Fill out the metric form\nvar today = new Date().toISOString().split('T')[0]; // YYYY-MM-DD\ncy.get('input[name=\"date\"]').type(today);\ncy.get('input[name=\"study_hours\"]').type('2.5');\ncy.get('input[name=\"topics\"]').type('python,testing,cypress');\ncy.get('input[name=\"focus_score\"]').type('8');\ncy.get('textarea[name=\"notes\"]').type('Study session during Cypress testing');\n// Submit the form\ncy.get('button[type=\"submit\"]').click();\n// Verify the metric was added\ncy.get('[data-testid=\"success-notification\"]').should('be.visible');\n// Verify the charts are updated\ncy.get('[data-testid=\"study-time-chart\"]').should('be.visible');",
              "err": {},
              "uuid": "8429d30d-ec61-47d6-b11b-83a2b31e7914",
              "parentUUID": "293be1f9-5a9d-40f8-9a24-35b067b58419",
              "isHook": false,
              "skipped": true
            },
            {
              "title": "should display study time analytics",
              "fullTitle": "Progress Analytics should display study time analytics",
              "timedOut": null,
              "duration": 0,
              "state": "skipped",
              "speed": null,
              "pass": false,
              "fail": false,
              "pending": false,
              "context": null,
              "code": "// Click on study time tab\ncy.get('[data-testid=\"study-time-tab\"]').click();\n// Verify study time charts are displayed\ncy.get('[data-testid=\"study-time-chart\"]').should('be.visible');\ncy.get('[data-testid=\"focus-score-chart\"]').should('be.visible');\ncy.get('[data-testid=\"topics-distribution-chart\"]').should('be.visible');\n// Test chart type toggle\ncy.get('[data-testid=\"chart-type-selector\"]').click();\ncy.get('[data-testid=\"chart-type-bar\"]').click();\n// Verify chart type changed\ncy.get('[data-testid=\"study-time-chart\"]').should('be.visible');",
              "err": {},
              "uuid": "f36927e3-66cc-435b-9e6c-08a35944ca7d",
              "parentUUID": "293be1f9-5a9d-40f8-9a24-35b067b58419",
              "isHook": false,
              "skipped": true
            },
            {
              "title": "should display resource completion analytics",
              "fullTitle": "Progress Analytics should display resource completion analytics",
              "timedOut": null,
              "duration": 0,
              "state": "skipped",
              "speed": null,
              "pass": false,
              "fail": false,
              "pending": false,
              "context": null,
              "code": "// Click on resource completion tab\ncy.get('[data-testid=\"resource-completion-tab\"]').click();\n// Verify resource completion charts are displayed\ncy.get('[data-testid=\"resource-completion-chart\"]').should('be.visible');\ncy.get('[data-testid=\"resource-type-distribution-chart\"]').should('be.visible');\ncy.get('[data-testid=\"resource-difficulty-distribution-chart\"]').should('be.visible');\n// Test chart type toggle\ncy.get('[data-testid=\"chart-type-selector\"]').click();\ncy.get('[data-testid=\"chart-type-doughnut\"]').click();\n// Verify chart type changed\ncy.get('[data-testid=\"resource-type-distribution-chart\"]').should('be.visible');",
              "err": {},
              "uuid": "38445bb6-b7c5-4836-990f-02c9c933e36e",
              "parentUUID": "293be1f9-5a9d-40f8-9a24-35b067b58419",
              "isHook": false,
              "skipped": true
            },
            {
              "title": "should display knowledge retention analytics",
              "fullTitle": "Progress Analytics should display knowledge retention analytics",
              "timedOut": null,
              "duration": 0,
              "state": "skipped",
              "speed": null,
              "pass": false,
              "fail": false,
              "pending": false,
              "context": null,
              "code": "// Click on knowledge retention tab\ncy.get('[data-testid=\"knowledge-retention-tab\"]').click();\n// Verify knowledge retention charts are displayed\ncy.get('[data-testid=\"review-history-chart\"]').should('be.visible');\ncy.get('[data-testid=\"confidence-trend-chart\"]').should('be.visible');\ncy.get('[data-testid=\"concepts-by-topic-chart\"]').should('be.visible');\n// Test chart type toggle\ncy.get('[data-testid=\"chart-type-selector\"]').click();\ncy.get('[data-testid=\"chart-type-line\"]').click();\n// Verify chart type changed\ncy.get('[data-testid=\"confidence-trend-chart\"]').should('be.visible');",
              "err": {},
              "uuid": "9e95af5d-9d13-44f9-960e-39b6b1f90c76",
              "parentUUID": "293be1f9-5a9d-40f8-9a24-35b067b58419",
              "isHook": false,
              "skipped": true
            },
            {
              "title": "should display learning path progress analytics",
              "fullTitle": "Progress Analytics should display learning path progress analytics",
              "timedOut": null,
              "duration": 0,
              "state": "skipped",
              "speed": null,
              "pass": false,
              "fail": false,
              "pending": false,
              "context": null,
              "code": "// Click on learning path progress tab\ncy.get('[data-testid=\"learning-path-tab\"]').click();\n// Verify learning path progress charts are displayed\ncy.get('[data-testid=\"goals-progress-chart\"]').should('be.visible');\ncy.get('[data-testid=\"milestones-progress-chart\"]').should('be.visible');\ncy.get('[data-testid=\"roadmap-progress-chart\"]').should('be.visible');\n// Test chart type toggle\ncy.get('[data-testid=\"chart-type-selector\"]').click();\ncy.get('[data-testid=\"chart-type-pie\"]').click();\n// Verify chart type changed\ncy.get('[data-testid=\"goals-progress-chart\"]').should('be.visible');",
              "err": {},
              "uuid": "192e0997-133b-44d2-91ac-c7ea7c1c7707",
              "parentUUID": "293be1f9-5a9d-40f8-9a24-35b067b58419",
              "isHook": false,
              "skipped": true
            },
            {
              "title": "should generate and display weekly report",
              "fullTitle": "Progress Analytics should generate and display weekly report",
              "timedOut": null,
              "duration": 0,
              "state": "skipped",
              "speed": null,
              "pass": false,
              "fail": false,
              "pending": false,
              "context": null,
              "code": "// Click on reports tab\ncy.get('[data-testid=\"reports-tab\"]').click();\n// Click on generate report button\ncy.get('[data-testid=\"generate-report\"]').click();\n// Select weekly report\ncy.get('[data-testid=\"report-type-weekly\"]').click();\n// Select week\nvar today = new Date();\nvar weekStart = new Date(today);\nweekStart.setDate(today.getDate() - today.getDay());\nvar formattedWeekStart = weekStart.toISOString().split('T')[0]; // YYYY-MM-DD\n// Type the formatted date string\ncy.get('input[name=\"week_start\"]').clear().type(formattedWeekStart);\n// Generate report\ncy.get('[data-testid=\"generate-report-button\"]').click();\n// Verify report is displayed\ncy.get('[data-testid=\"weekly-report\"]').should('be.visible');\ncy.get('[data-testid=\"report-study-time\"]').should('be.visible');\ncy.get('[data-testid=\"report-resources-completed\"]').should('be.visible');\ncy.get('[data-testid=\"report-concepts-reviewed\"]').should('be.visible');\ncy.get('[data-testid=\"report-goals-progress\"]').should('be.visible');",
              "err": {},
              "uuid": "3cdb7a12-68c4-437e-a7a1-621bf14f6f5c",
              "parentUUID": "293be1f9-5a9d-40f8-9a24-35b067b58419",
              "isHook": false,
              "skipped": true
            },
            {
              "title": "should allow exporting analytics data",
              "fullTitle": "Progress Analytics should allow exporting analytics data",
              "timedOut": null,
              "duration": 0,
              "state": "skipped",
              "speed": null,
              "pass": false,
              "fail": false,
              "pending": false,
              "context": null,
              "code": "// Click on export button\ncy.get('[data-testid=\"export-data\"]').click();\n// Select export format\ncy.get('[data-testid=\"export-format-csv\"]').click();\n// Select data to export\ncy.get('[data-testid=\"export-study-time\"]').check();\ncy.get('[data-testid=\"export-resource-completion\"]').check();\ncy.get('[data-testid=\"export-knowledge-retention\"]').check();\n// Click export button\ncy.get('[data-testid=\"confirm-export\"]').click();\n// Verify export was successful\ncy.get('[data-testid=\"success-notification\"]').should('be.visible');",
              "err": {},
              "uuid": "f39a3343-3bd6-4a8d-9653-8850152631ea",
              "parentUUID": "293be1f9-5a9d-40f8-9a24-35b067b58419",
              "isHook": false,
              "skipped": true
            }
          ],
          "suites": [],
          "passes": [],
          "failures": [
            "a3f6249f-b441-4333-b25a-8dd0abe6aece"
          ],
          "pending": [],
          "skipped": [
            "6bcda377-436d-44a3-81b5-6b3a3394e773",
            "8429d30d-ec61-47d6-b11b-83a2b31e7914",
            "f36927e3-66cc-435b-9e6c-08a35944ca7d",
            "38445bb6-b7c5-4836-990f-02c9c933e36e",
            "9e95af5d-9d13-44f9-960e-39b6b1f90c76",
            "192e0997-133b-44d2-91ac-c7ea7c1c7707",
            "3cdb7a12-68c4-437e-a7a1-621bf14f6f5c",
            "f39a3343-3bd6-4a8d-9653-8850152631ea"
          ],
          "duration": 2058,
          "root": false,
          "rootEmpty": false,
          "_timeout": 2000
        }
      ],
      "passes": [],
      "failures": [],
      "pending": [],
      "skipped": [],
      "duration": 0,
      "root": true,
      "rootEmpty": true,
      "_timeout": 2000
    }
  ],
  "meta": {
    "mocha": {
      "version": "7.0.1"
    },
    "mochawesome": {
      "options": {
        "quiet": false,
        "reportFilename": "mochawesome",
        "saveHtml": false,
        "saveJson": true,
        "consoleReporter": "spec",
        "useInlineDiffs": false,
        "code": true
      },
      "version": "7.1.3"
    },
    "marge": {
      "options": {
        "id": "default",
        "reportDir": "cypress/reports/.jsons",
        "charts": true,
        "reportPageTitle": "Learning Platform E2E Tests",
        "embeddedScreenshots": true,
        "inlineAssets": true,
        "overwrite": false,
        "html": false,
        "json": true
      },
      "version": "6.2.0"
    }
  }
}