{
  "stats": {
    "suites": 1,
    "tests": 2,
    "passes": 1,
    "pending": 5,
    "failures": -4,
    "start": "2025-03-20T10:25:07.487Z",
    "end": "2025-03-20T10:25:11.977Z",
    "duration": 4490,
    "testsRegistered": 6,
    "passPercent": 100,
    "pendingPercent": 83.33333333333334,
    "other": 4,
    "hasOther": true,
    "skipped": 0,
    "hasSkipped": false
  },
  "results": [
    {
      "uuid": "5d3a7ad1-82d6-484d-88aa-0d718820743f",
      "title": "",
      "fullFile": "e2e-testing/cypress/e2e/resources.cy.ts",
      "file": "e2e-testing/cypress/e2e/resources.cy.ts",
      "beforeHooks": [],
      "afterHooks": [],
      "tests": [],
      "suites": [
        {
          "uuid": "d8413734-9bc5-469a-be8e-c2304c0e49f7",
          "title": "Resources Management",
          "fullFile": "",
          "file": "",
          "beforeHooks": [],
          "afterHooks": [],
          "tests": [
            {
              "title": "should display the resources test page",
              "fullTitle": "Resources Management should display the resources test page",
              "timedOut": null,
              "duration": 4267,
              "state": "passed",
              "speed": "fast",
              "pass": true,
              "fail": false,
              "pending": false,
              "context": null,
              "code": "// Check the current URL\ncy.url().then(function (url) {\n    cy.log(\"Current URL: \".concat(url));\n    // Take a screenshot for evidence\n    cy.screenshot('resources-page-test');\n    // Check for the page heading to confirm we're on the right page\n    cy.contains('Test Resources Page').should('be.visible');\n    // Add a simple test for the add resource button\n    cy.get('[data-testid=\"add-resource\"]').should('be.visible');\n    // Log success\n    cy.log('✅ Successfully loaded the resources test page');\n});",
              "err": {},
              "uuid": "b975983d-3fca-4ca6-aee3-73d1308ddf80",
              "parentUUID": "d8413734-9bc5-469a-be8e-c2304c0e49f7",
              "isHook": false,
              "skipped": false
            },
            {
              "title": "should allow creating a new resource",
              "fullTitle": "Resources Management should allow creating a new resource",
              "timedOut": null,
              "duration": 0,
              "state": "pending",
              "speed": null,
              "pass": false,
              "fail": false,
              "pending": true,
              "context": null,
              "code": "// To be implemented when the form functionality is fixed",
              "err": {},
              "uuid": "38df8ffd-2882-459b-ad81-6d3061b41e52",
              "parentUUID": "d8413734-9bc5-469a-be8e-c2304c0e49f7",
              "isHook": false,
              "skipped": false
            },
            {
              "title": "should allow editing an existing resource",
              "fullTitle": "Resources Management should allow editing an existing resource",
              "timedOut": null,
              "duration": 0,
              "state": "pending",
              "speed": null,
              "pass": false,
              "fail": false,
              "pending": true,
              "context": null,
              "code": "// To be implemented",
              "err": {},
              "uuid": "235e0ae1-81ff-4d89-b054-0f1594af3847",
              "parentUUID": "d8413734-9bc5-469a-be8e-c2304c0e49f7",
              "isHook": false,
              "skipped": false
            },
            {
              "title": "should allow marking a resource as completed",
              "fullTitle": "Resources Management should allow marking a resource as completed",
              "timedOut": null,
              "duration": 0,
              "state": "pending",
              "speed": null,
              "pass": false,
              "fail": false,
              "pending": true,
              "context": null,
              "code": "// To be implemented",
              "err": {},
              "uuid": "016166d0-34eb-4522-8022-58a6b443308b",
              "parentUUID": "d8413734-9bc5-469a-be8e-c2304c0e49f7",
              "isHook": false,
              "skipped": false
            },
            {
              "title": "should allow deleting a resource",
              "fullTitle": "Resources Management should allow deleting a resource",
              "timedOut": null,
              "duration": 0,
              "state": "pending",
              "speed": null,
              "pass": false,
              "fail": false,
              "pending": true,
              "context": null,
              "code": "// To be implemented",
              "err": {},
              "uuid": "79ea187d-6c30-4760-8297-ea4bf71cac24",
              "parentUUID": "d8413734-9bc5-469a-be8e-c2304c0e49f7",
              "isHook": false,
              "skipped": false
            },
            {
              "title": "should extract metadata from URL",
              "fullTitle": "Resources Management should extract metadata from URL",
              "timedOut": null,
              "duration": 0,
              "state": "pending",
              "speed": null,
              "pass": false,
              "fail": false,
              "pending": true,
              "context": null,
              "code": "// To be implemented",
              "err": {},
              "uuid": "384c2f55-bd08-480a-8cb1-60b60780b8d4",
              "parentUUID": "d8413734-9bc5-469a-be8e-c2304c0e49f7",
              "isHook": false,
              "skipped": false
            }
          ],
          "suites": [],
          "passes": [
            "b975983d-3fca-4ca6-aee3-73d1308ddf80"
          ],
          "failures": [],
          "pending": [
            "38df8ffd-2882-459b-ad81-6d3061b41e52",
            "235e0ae1-81ff-4d89-b054-0f1594af3847",
            "016166d0-34eb-4522-8022-58a6b443308b",
            "79ea187d-6c30-4760-8297-ea4bf71cac24",
            "384c2f55-bd08-480a-8cb1-60b60780b8d4"
          ],
          "skipped": [],
          "duration": 4267,
          "root": false,
          "rootEmpty": false,
          "_timeout": 2000
        }
      ],
      "passes": [],
      "failures": [],
      "pending": [],
      "skipped": [],
      "duration": 0,
      "root": true,
      "rootEmpty": true,
      "_timeout": 2000
    }
  ],
  "meta": {
    "mocha": {
      "version": "7.0.1"
    },
    "mochawesome": {
      "options": {
        "quiet": false,
        "reportFilename": "mochawesome",
        "saveHtml": false,
        "saveJson": true,
        "consoleReporter": "spec",
        "useInlineDiffs": false,
        "code": true
      },
      "version": "7.1.3"
    },
    "marge": {
      "options": {
        "reporterEnabled": "cypress-mochawesome-reporter",
        "cypressMochawesomeReporterReporterOptions": {
          "reportDir": "e2e-testing/reports",
          "charts": true,
          "reportPageTitle": "Learning Platform E2E Tests",
          "embeddedScreenshots": true,
          "inlineAssets": true
        },
        "reportDir": "./e2e-testing/cypress/reports/resilient",
        "overwrite": false,
        "html": false,
        "json": true
      },
      "version": "6.2.0"
    }
  }
}