{
  "stats": {
    "suites": 1,
    "tests": 1,
    "passes": 0,
    "pending": 0,
    "failures": 1,
    "start": "2025-03-20T12:54:45.773Z",
    "end": "2025-03-20T12:54:47.250Z",
    "duration": 1477,
    "testsRegistered": 4,
    "passPercent": 0,
    "pendingPercent": 0,
    "other": 0,
    "hasOther": false,
    "skipped": 3,
    "hasSkipped": true
  },
  "results": [
    {
      "uuid": "57b35015-0fe2-423d-8cce-6843ccda0824",
      "title": "",
      "fullFile": "e2e-testing/cypress/e2e/url-metadata.cy.ts",
      "file": "e2e-testing/cypress/e2e/url-metadata.cy.ts",
      "beforeHooks": [],
      "afterHooks": [],
      "tests": [],
      "suites": [
        {
          "uuid": "d29e476e-5c04-4c11-bcc7-99b32108f3e8",
          "title": "URL Metadata Extraction",
          "fullFile": "",
          "file": "",
          "beforeHooks": [],
          "afterHooks": [],
          "tests": [
            {
              "title": "should extract metadata from a valid URL",
              "fullTitle": "URL Metadata Extraction should extract metadata from a valid URL",
              "timedOut": null,
              "duration": 408,
              "state": "failed",
              "speed": null,
              "pass": false,
              "fail": true,
              "pending": false,
              "context": "{\n  \"title\": \"cypress-mochawesome-reporter-screenshots\",\n  \"value\": [\n    [\n      \"/url-metadata.cy.ts/URL Metadata Extraction -- should extract metadata from a valid URL (failed).png\"\n    ],\n    [\n      \"/url-metadata.cy.ts/URL Metadata Extraction -- should extract metadata from a valid URL (failed) (attempt 2).png\"\n    ],\n    [\n      \"/url-metadata.cy.ts/URL Metadata Extraction -- should extract metadata from a valid URL -- before each hook (failed) (attempt 3).png\"\n    ]\n  ]\n}",
              "code": "// Verify we have a token at minimum\ncy.window().its('localStorage').invoke('getItem', 'token').should('not.be.null');\n// Check if URL input exists\npage_objects_1.resourcesPage.isUrlInputAvailable().then(function (exists) {\n    if (!exists) {\n        cy.log('URL input not found - likely 404 page or feature not implemented');\n        return;\n    }\n    // Enter URL and extract metadata\n    page_objects_1.resourcesPage.enterUrlAndExtractMetadata('https://example.com');\n    // Check if metadata was populated\n    cy.wait(1000); // Wait briefly for any UI updates\n    page_objects_1.resourcesPage.isMetadataPopulated().then(function (isPopulated) {\n        if (isPopulated) {\n            cy.log('Metadata successfully extracted and populated');\n        }\n        else {\n            cy.log('Metadata extraction may have failed or feature not fully implemented');\n        }\n    });\n});",
              "err": {
                "message": "CypressError: Cypress detected that you returned a promise from a command while also invoking one or more cy commands in that promise.\n\nThe command that returned the promise was:\n\n  > `cy.request()`\n\nThe cy command you invoked inside the promise was:\n\n  > `cy.log()`\n\nBecause Cypress commands are already promise-like, you don't need to wrap them or return your own promise.\n\nCypress will resolve your command with whatever the final Cypress command yields.\n\nThe reason this is an error instead of a warning is because Cypress internally queues commands serially whereas Promises execute as soon as they are invoked. Attempting to reconcile this would prevent Cypress from ever resolving.\n\nhttps://on.cypress.io/returning-promise-and-commands-in-another-command\n\nBecause this error occurred during a `before each` hook we are skipping the remaining tests in the current suite: `URL Metadata Extraction`",
                "estack": "CypressError: Cypress detected that you returned a promise from a command while also invoking one or more cy commands in that promise.\n\nThe command that returned the promise was:\n\n  > `cy.request()`\n\nThe cy command you invoked inside the promise was:\n\n  > `cy.log()`\n\nBecause Cypress commands are already promise-like, you don't need to wrap them or return your own promise.\n\nCypress will resolve your command with whatever the final Cypress command yields.\n\nThe reason this is an error instead of a warning is because Cypress internally queues commands serially whereas Promises execute as soon as they are invoked. Attempting to reconcile this would prevent Cypress from ever resolving.\n\nhttps://on.cypress.io/returning-promise-and-commands-in-another-command\n\nBecause this error occurred during a `before each` hook we are skipping the remaining tests in the current suite: `URL Metadata Extraction`\n    at cy.<computed> [as log] (http://localhost:3000/__cypress/runner/cypress_runner.js:138922:64)\n    at eval (webpack:///../cypress/support/e2e.js:157:11)\n    at tryCatcher (http://localhost:3000/__cypress/runner/cypress_runner.js:1777:23)\n    at Promise._settlePromiseFromHandler (http://localhost:3000/__cypress/runner/cypress_runner.js:1489:31)\n    at Promise._settlePromise (http://localhost:3000/__cypress/runner/cypress_runner.js:1546:18)\n    at Promise._settlePromise0 (http://localhost:3000/__cypress/runner/cypress_runner.js:1591:10)\n    at Promise._settlePromises (http://localhost:3000/__cypress/runner/cypress_runner.js:1671:18)\n    at _drainQueueStep (http://localhost:3000/__cypress/runner/cypress_runner.js:2377:12)\n    at _drainQueue (http://localhost:3000/__cypress/runner/cypress_runner.js:2370:9)\n    at Async._drainQueues (http://localhost:3000/__cypress/runner/cypress_runner.js:2386:5)\n    at Async.drainQueues (http://localhost:3000/__cypress/runner/cypress_runner.js:2256:14)\nFrom Your Spec Code:\n    at tryCreateUser (webpack:///../cypress/support/commands.ts:130:0)\n    at Context.eval (webpack:///../cypress/support/commands.ts:160:0)\n    at wrapped (http://localhost:3000/__cypress/runner/cypress_runner.js:138854:43)",
                "diff": null
              },
              "uuid": "7e30d1ba-8b93-4c9f-9ce8-ddcaf093014a",
              "parentUUID": "d29e476e-5c04-4c11-bcc7-99b32108f3e8",
              "isHook": false,
              "skipped": false
            },
            {
              "title": "should show an error message for invalid URLs",
              "fullTitle": "URL Metadata Extraction should show an error message for invalid URLs",
              "timedOut": null,
              "duration": 0,
              "state": "skipped",
              "speed": null,
              "pass": false,
              "fail": false,
              "pending": false,
              "context": null,
              "code": "// Check if URL input exists\npage_objects_1.resourcesPage.isUrlInputAvailable().then(function (exists) {\n    if (!exists) {\n        cy.log('URL input not found - skipping test');\n        return;\n    }\n    // Enter an invalid URL and try to extract metadata\n    page_objects_1.resourcesPage.enterUrl('invalid-url');\n    page_objects_1.resourcesPage.clickExtractMetadata();\n    // Wait briefly for any error to appear\n    cy.wait(1000);\n    // Check for error message\n    page_objects_1.resourcesPage.hasMetadataError().then(function (hasError) {\n        if (hasError) {\n            cy.log('Error message displayed correctly for invalid URL');\n        }\n        else {\n            cy.log('No error message found - validation may not be implemented');\n        }\n    });\n});",
              "err": {},
              "uuid": "88330314-e17e-419d-a231-bb8e434f2dad",
              "parentUUID": "d29e476e-5c04-4c11-bcc7-99b32108f3e8",
              "isHook": false,
              "skipped": true
            },
            {
              "title": "should show an error message when metadata extraction fails",
              "fullTitle": "URL Metadata Extraction should show an error message when metadata extraction fails",
              "timedOut": null,
              "duration": 0,
              "state": "skipped",
              "speed": null,
              "pass": false,
              "fail": false,
              "pending": false,
              "context": null,
              "code": "// Check if URL input exists\npage_objects_1.resourcesPage.isUrlInputAvailable().then(function (exists) {\n    if (!exists) {\n        cy.log('URL input not found - skipping test');\n        return;\n    }\n    // Enter a URL that will likely fail metadata extraction\n    page_objects_1.resourcesPage.enterUrlAndExtractMetadata('https://example.com/nonexistent');\n    // Check for error message\n    page_objects_1.resourcesPage.hasMetadataError().then(function (hasError) {\n        if (hasError) {\n            cy.log('Error message displayed correctly for failed extraction');\n        }\n        else {\n            cy.log('No error message found - error handling may not be implemented');\n        }\n    });\n});",
              "err": {},
              "uuid": "7269c6c4-3006-4471-b327-43bb57bc23bb",
              "parentUUID": "d29e476e-5c04-4c11-bcc7-99b32108f3e8",
              "isHook": false,
              "skipped": true
            },
            {
              "title": "should allow manual entry after failed metadata extraction",
              "fullTitle": "URL Metadata Extraction should allow manual entry after failed metadata extraction",
              "timedOut": null,
              "duration": 0,
              "state": "skipped",
              "speed": null,
              "pass": false,
              "fail": false,
              "pending": false,
              "context": null,
              "code": "// Check if URL input exists\npage_objects_1.resourcesPage.isUrlInputAvailable().then(function (exists) {\n    if (!exists) {\n        cy.log('URL input not found - skipping test');\n        return;\n    }\n    // Enter a URL and attempt metadata extraction\n    page_objects_1.resourcesPage.enterUrlAndExtractMetadata('https://example.com/test');\n    // Enter manual details\n    page_objects_1.resourcesPage.enterManualDetails('Manual Title', 'Manual description');\n    // Try to select a resource type\n    page_objects_1.resourcesPage.selectResourceType('article');\n    cy.log('Successfully entered manual details');\n});",
              "err": {},
              "uuid": "3d14d0f1-f538-4831-a720-a839dbe4ec0c",
              "parentUUID": "d29e476e-5c04-4c11-bcc7-99b32108f3e8",
              "isHook": false,
              "skipped": true
            }
          ],
          "suites": [],
          "passes": [],
          "failures": [
            "7e30d1ba-8b93-4c9f-9ce8-ddcaf093014a"
          ],
          "pending": [],
          "skipped": [
            "88330314-e17e-419d-a231-bb8e434f2dad",
            "7269c6c4-3006-4471-b327-43bb57bc23bb",
            "3d14d0f1-f538-4831-a720-a839dbe4ec0c"
          ],
          "duration": 408,
          "root": false,
          "rootEmpty": false,
          "_timeout": 2000
        }
      ],
      "passes": [],
      "failures": [],
      "pending": [],
      "skipped": [],
      "duration": 0,
      "root": true,
      "rootEmpty": true,
      "_timeout": 2000
    }
  ],
  "meta": {
    "mocha": {
      "version": "7.0.1"
    },
    "mochawesome": {
      "options": {
        "quiet": false,
        "reportFilename": "mochawesome",
        "saveHtml": false,
        "saveJson": true,
        "consoleReporter": "spec",
        "useInlineDiffs": false,
        "code": true
      },
      "version": "7.1.3"
    },
    "marge": {
      "options": {
        "reporterEnabled": "cypress-mochawesome-reporter",
        "cypressMochawesomeReporterReporterOptions": {
          "reportDir": "e2e-testing/reports",
          "charts": true,
          "reportPageTitle": "Learning Platform E2E Tests",
          "embeddedScreenshots": true,
          "inlineAssets": true
        },
        "reportDir": "./e2e-testing/cypress/reports/resilient",
        "overwrite": false,
        "html": false,
        "json": true
      },
      "version": "6.2.0"
    }
  }
}