{
  "stats": {
    "suites": 1,
    "tests": 7,
    "passes": 7,
    "pending": 0,
    "failures": 0,
    "start": "2025-03-20T10:21:39.153Z",
    "end": "2025-03-20T10:22:00.379Z",
    "duration": 21226,
    "testsRegistered": 7,
    "passPercent": 100,
    "pendingPercent": 0,
    "other": 0,
    "hasOther": false,
    "skipped": 0,
    "hasSkipped": false
  },
  "results": [
    {
      "uuid": "1a266329-34ec-4092-bd91-5419c48a8b76",
      "title": "",
      "fullFile": "e2e-testing/cypress/e2e/learning-path-roadmap.cy.ts",
      "file": "e2e-testing/cypress/e2e/learning-path-roadmap.cy.ts",
      "beforeHooks": [],
      "afterHooks": [],
      "tests": [],
      "suites": [
        {
          "uuid": "4016d566-e714-42d8-a0c7-f9a47decc4e2",
          "title": "Learning Path - Roadmap Visualization",
          "fullFile": "",
          "file": "",
          "beforeHooks": [],
          "afterHooks": [],
          "tests": [
            {
              "title": "should display the learning path roadmap",
              "fullTitle": "Learning Path - Roadmap Visualization should display the learning path roadmap",
              "timedOut": null,
              "duration": 3260,
              "state": "passed",
              "speed": "fast",
              "pass": true,
              "fail": false,
              "pending": false,
              "context": null,
              "code": "// Check if learning path page loaded properly\npage_objects_1.learningPathPage.isLearningPathLoaded().then(function (isLoaded) {\n    if (!isLoaded) {\n        cy.log('Learning Path page not loaded properly, skipping test');\n        page_objects_1.learningPathPage.takeScreenshot('learning-path-not-loaded');\n        return;\n    }\n    // Check that the roadmap visualization is displayed\n    page_objects_1.learningPathPage.isRoadmapVisualizationVisible().then(function (isVisible) {\n        if (isVisible) {\n            cy.log('Roadmap visualization is visible');\n        }\n        else {\n            cy.log('Roadmap visualization is not visible');\n            return;\n        }\n    });\n    // Check that the goals are displayed on the roadmap\n    page_objects_1.learningPathPage.getRoadmapGoalsCount().then(function (count) {\n        cy.wrap(count).should('be.at.least', 1);\n    });\n});",
              "err": {},
              "uuid": "3c330f61-77d1-4a92-adae-d49caea377fc",
              "parentUUID": "4016d566-e714-42d8-a0c7-f9a47decc4e2",
              "isHook": false,
              "skipped": false
            },
            {
              "title": "should allow viewing goal details from the roadmap",
              "fullTitle": "Learning Path - Roadmap Visualization should allow viewing goal details from the roadmap",
              "timedOut": null,
              "duration": 3076,
              "state": "passed",
              "speed": "fast",
              "pass": true,
              "fail": false,
              "pending": false,
              "context": null,
              "code": "// Check if learning path page loaded properly\npage_objects_1.learningPathPage.isLearningPathLoaded().then(function (isLoaded) {\n    if (!isLoaded) {\n        cy.log('Learning Path page not loaded properly, skipping test');\n        page_objects_1.learningPathPage.takeScreenshot('learning-path-not-loaded');\n        return;\n    }\n    // Check if roadmap visualization is visible\n    page_objects_1.learningPathPage.isRoadmapVisualizationVisible().then(function (isVisible) {\n        if (!isVisible) {\n            cy.log('Roadmap visualization is not visible, skipping test');\n            page_objects_1.learningPathPage.takeScreenshot('roadmap-visualization-not-visible');\n            return;\n        }\n        // Check if there are any goals in the roadmap\n        page_objects_1.learningPathPage.getRoadmapGoalsCount().then(function (count) {\n            if (count === 0) {\n                cy.log('No goals found in the roadmap, skipping test');\n                page_objects_1.learningPathPage.takeScreenshot('no-roadmap-goals');\n                return;\n            }\n            // Click on a goal in the roadmap\n            page_objects_1.learningPathPage.clickFirstRoadmapGoal();\n            // Check that the goal details modal is displayed\n            page_objects_1.learningPathPage.isGoalDetailsModalVisible().then(function (isModalVisible) {\n                cy.wrap(isModalVisible).should('be.true');\n                // Check that all goal details are displayed\n                page_objects_1.learningPathPage.areGoalDetailsDisplayed().then(function (areDetailsDisplayed) {\n                    cy.wrap(areDetailsDisplayed).should('be.true');\n                });\n                // Close the modal\n                page_objects_1.learningPathPage.closeGoalDetailsModal();\n                // Verify the modal is closed\n                page_objects_1.learningPathPage.isGoalDetailsModalVisible().then(function (isStillVisible) {\n                    cy.wrap(isStillVisible).should('be.false');\n                });\n            });\n        });\n    });\n});",
              "err": {},
              "uuid": "128f0947-e193-4b3c-99df-b9700b5e718c",
              "parentUUID": "4016d566-e714-42d8-a0c7-f9a47decc4e2",
              "isHook": false,
              "skipped": false
            },
            {
              "title": "should allow updating goal status from the roadmap",
              "fullTitle": "Learning Path - Roadmap Visualization should allow updating goal status from the roadmap",
              "timedOut": null,
              "duration": 3050,
              "state": "passed",
              "speed": "fast",
              "pass": true,
              "fail": false,
              "pending": false,
              "context": null,
              "code": "// Check if learning path page loaded properly\npage_objects_1.learningPathPage.isLearningPathLoaded().then(function (isLoaded) {\n    if (!isLoaded) {\n        cy.log('Learning Path page not loaded properly, skipping test');\n        page_objects_1.learningPathPage.takeScreenshot('learning-path-not-loaded');\n        return;\n    }\n    // Check if roadmap visualization is visible\n    page_objects_1.learningPathPage.isRoadmapVisualizationVisible().then(function (isVisible) {\n        if (!isVisible) {\n            cy.log('Roadmap visualization is not visible, skipping test');\n            page_objects_1.learningPathPage.takeScreenshot('roadmap-visualization-not-visible');\n            return;\n        }\n        // Check if there are any goals in the roadmap\n        page_objects_1.learningPathPage.getRoadmapGoalsCount().then(function (count) {\n            if (count === 0) {\n                cy.log('No goals found in the roadmap, skipping test');\n                page_objects_1.learningPathPage.takeScreenshot('no-roadmap-goals');\n                return;\n            }\n            // Click on a goal in the roadmap\n            page_objects_1.learningPathPage.clickFirstRoadmapGoal();\n            // Check that the goal details modal is displayed\n            page_objects_1.learningPathPage.isGoalDetailsModalVisible().then(function (isModalVisible) {\n                if (!isModalVisible) {\n                    cy.log('Goal details modal is not visible, skipping test');\n                    page_objects_1.learningPathPage.takeScreenshot('goal-details-modal-not-visible');\n                    return;\n                }\n                // Update the goal status to in-progress\n                page_objects_1.learningPathPage.updateGoalStatusToInProgress();\n                // Verify the modal is closed after updating\n                page_objects_1.learningPathPage.isGoalDetailsModalVisible().then(function (isStillVisible) {\n                    cy.wrap(isStillVisible).should('be.false');\n                });\n                // Check that the goal status is updated in the roadmap\n                page_objects_1.learningPathPage.firstRoadmapGoalHasStatus('in_progress').then(function (hasCorrectStatus) {\n                    cy.wrap(hasCorrectStatus).should('be.true');\n                });\n            });\n        });\n    });\n});",
              "err": {},
              "uuid": "ff931b46-51ae-4eef-893f-92075215be35",
              "parentUUID": "4016d566-e714-42d8-a0c7-f9a47decc4e2",
              "isHook": false,
              "skipped": false
            },
            {
              "title": "should allow adding milestones to a goal",
              "fullTitle": "Learning Path - Roadmap Visualization should allow adding milestones to a goal",
              "timedOut": null,
              "duration": 2965,
              "state": "passed",
              "speed": "fast",
              "pass": true,
              "fail": false,
              "pending": false,
              "context": null,
              "code": "// Check if learning path page loaded properly\npage_objects_1.learningPathPage.isLearningPathLoaded().then(function (isLoaded) {\n    if (!isLoaded) {\n        cy.log('Learning Path page not loaded properly, skipping test');\n        page_objects_1.learningPathPage.takeScreenshot('learning-path-not-loaded');\n        return;\n    }\n    // Check if roadmap visualization is visible\n    page_objects_1.learningPathPage.isRoadmapVisualizationVisible().then(function (isVisible) {\n        if (!isVisible) {\n            cy.log('Roadmap visualization is not visible, skipping test');\n            page_objects_1.learningPathPage.takeScreenshot('roadmap-visualization-not-visible');\n            return;\n        }\n        // Check if there are any goals in the roadmap\n        page_objects_1.learningPathPage.getRoadmapGoalsCount().then(function (count) {\n            if (count === 0) {\n                cy.log('No goals found in the roadmap, skipping test');\n                page_objects_1.learningPathPage.takeScreenshot('no-roadmap-goals');\n                return;\n            }\n            // Click on a goal in the roadmap\n            page_objects_1.learningPathPage.clickFirstRoadmapGoal();\n            // Check that the goal details modal is displayed\n            page_objects_1.learningPathPage.isGoalDetailsModalVisible().then(function (isModalVisible) {\n                if (!isModalVisible) {\n                    cy.log('Goal details modal is not visible, skipping test');\n                    page_objects_1.learningPathPage.takeScreenshot('goal-details-modal-not-visible');\n                    return;\n                }\n                // Create a unique milestone title\n                var milestoneTitle = \"Test Milestone \".concat(Date.now());\n                // Add a milestone to the goal\n                page_objects_1.learningPathPage.addMilestoneToGoal({\n                    title: milestoneTitle,\n                    description: 'Test milestone description',\n                    deadline: '2023-12-31'\n                });\n                // Check that the milestone is added to the goal\n                page_objects_1.learningPathPage.milestoneExists(milestoneTitle).then(function (exists) {\n                    cy.wrap(exists).should('be.true');\n                });\n            });\n        });\n    });\n});",
              "err": {},
              "uuid": "f0099cb4-b54a-49d0-a171-43ef2da7d95d",
              "parentUUID": "4016d566-e714-42d8-a0c7-f9a47decc4e2",
              "isHook": false,
              "skipped": false
            },
            {
              "title": "should allow filtering the roadmap by status",
              "fullTitle": "Learning Path - Roadmap Visualization should allow filtering the roadmap by status",
              "timedOut": null,
              "duration": 2973,
              "state": "passed",
              "speed": "fast",
              "pass": true,
              "fail": false,
              "pending": false,
              "context": null,
              "code": "// Check if learning path page loaded properly\npage_objects_1.learningPathPage.isLearningPathLoaded().then(function (isLoaded) {\n    if (!isLoaded) {\n        cy.log('Learning Path page not loaded properly, skipping test');\n        page_objects_1.learningPathPage.takeScreenshot('learning-path-not-loaded');\n        return;\n    }\n    // Check if roadmap visualization is visible\n    page_objects_1.learningPathPage.isRoadmapVisualizationVisible().then(function (isVisible) {\n        if (!isVisible) {\n            cy.log('Roadmap visualization is not visible, skipping test');\n            page_objects_1.learningPathPage.takeScreenshot('roadmap-visualization-not-visible');\n            return;\n        }\n        // Check if roadmap filters are available\n        cy.get('body').then(function ($body) {\n            var hasFilters = $body.find('[data-testid=\"roadmap-filters\"]').length > 0;\n            if (!hasFilters) {\n                cy.log('Roadmap filters are not available, skipping test');\n                page_objects_1.learningPathPage.takeScreenshot('roadmap-filters-not-available');\n                return;\n            }\n            // Filter by status\n            page_objects_1.learningPathPage.filterRoadmapByInProgressStatus();\n            // Check that the URL includes the filter parameter\n            cy.url().should('include', 'status=in_progress');\n            // Check that the roadmap visualization is still visible after filtering\n            page_objects_1.learningPathPage.isRoadmapVisualizationVisible().then(function (isStillVisible) {\n                cy.wrap(isStillVisible).should('be.true');\n            });\n        });\n    });\n});",
              "err": {},
              "uuid": "5a7ef146-acad-4878-bacb-5524a0eda4e1",
              "parentUUID": "4016d566-e714-42d8-a0c7-f9a47decc4e2",
              "isHook": false,
              "skipped": false
            },
            {
              "title": "should allow filtering the roadmap by priority",
              "fullTitle": "Learning Path - Roadmap Visualization should allow filtering the roadmap by priority",
              "timedOut": null,
              "duration": 3063,
              "state": "passed",
              "speed": "fast",
              "pass": true,
              "fail": false,
              "pending": false,
              "context": null,
              "code": "// Check if learning path page loaded properly\npage_objects_1.learningPathPage.isLearningPathLoaded().then(function (isLoaded) {\n    if (!isLoaded) {\n        cy.log('Learning Path page not loaded properly, skipping test');\n        page_objects_1.learningPathPage.takeScreenshot('learning-path-not-loaded');\n        return;\n    }\n    // Check if roadmap visualization is visible\n    page_objects_1.learningPathPage.isRoadmapVisualizationVisible().then(function (isVisible) {\n        if (!isVisible) {\n            cy.log('Roadmap visualization is not visible, skipping test');\n            page_objects_1.learningPathPage.takeScreenshot('roadmap-visualization-not-visible');\n            return;\n        }\n        // Check if roadmap filters are available\n        cy.get('body').then(function ($body) {\n            var hasFilters = $body.find('[data-testid=\"roadmap-filters\"]').length > 0;\n            if (!hasFilters) {\n                cy.log('Roadmap filters are not available, skipping test');\n                page_objects_1.learningPathPage.takeScreenshot('roadmap-filters-not-available');\n                return;\n            }\n            // Filter by priority\n            page_objects_1.learningPathPage.filterRoadmapByHighPriority();\n            // Check that the URL includes the filter parameter\n            cy.url().should('include', 'priority=high');\n            // Check that the roadmap visualization is still visible after filtering\n            page_objects_1.learningPathPage.isRoadmapVisualizationVisible().then(function (isStillVisible) {\n                cy.wrap(isStillVisible).should('be.true');\n            });\n        });\n    });\n});",
              "err": {},
              "uuid": "f76691a2-4b72-4ce1-943b-92346499d373",
              "parentUUID": "4016d566-e714-42d8-a0c7-f9a47decc4e2",
              "isHook": false,
              "skipped": false
            },
            {
              "title": "should allow viewing the roadmap in timeline view",
              "fullTitle": "Learning Path - Roadmap Visualization should allow viewing the roadmap in timeline view",
              "timedOut": null,
              "duration": 2384,
              "state": "passed",
              "speed": "fast",
              "pass": true,
              "fail": false,
              "pending": false,
              "context": null,
              "code": "// Check if learning path page loaded properly\npage_objects_1.learningPathPage.isLearningPathLoaded().then(function (isLoaded) {\n    if (!isLoaded) {\n        cy.log('Learning Path page not loaded properly, skipping test');\n        page_objects_1.learningPathPage.takeScreenshot('learning-path-not-loaded');\n        return;\n    }\n    // Check if roadmap visualization is visible\n    page_objects_1.learningPathPage.isRoadmapVisualizationVisible().then(function (isVisible) {\n        if (!isVisible) {\n            cy.log('Roadmap visualization is not visible, skipping test');\n            page_objects_1.learningPathPage.takeScreenshot('roadmap-visualization-not-visible');\n            return;\n        }\n        // Check if view controls are available\n        cy.get('body').then(function ($body) {\n            var hasViewControls = $body.find('[data-testid=\"roadmap-view-controls\"]').length > 0;\n            if (!hasViewControls) {\n                cy.log('Roadmap view controls are not available, skipping test');\n                page_objects_1.learningPathPage.takeScreenshot('roadmap-view-controls-not-available');\n                return;\n            }\n            // Switch to timeline view\n            page_objects_1.learningPathPage.switchToTimelineView();\n            // Check that the URL includes the view parameter\n            cy.url().should('include', 'view=timeline');\n            // Check that the timeline visualization is visible\n            page_objects_1.learningPathPage.isTimelineVisualizationVisible().then(function (isTimelineVisible) {\n                cy.wrap(isTimelineVisible).should('be.true');\n                // Check that the goals are displayed on the timeline\n                page_objects_1.learningPathPage.getTimelineGoalsCount().then(function (count) {\n                    cy.wrap(count).should('be.at.least', 1);\n                });\n            });\n        });\n    });\n});",
              "err": {},
              "uuid": "da857d58-93bb-4f77-91db-c24fd2adaf5f",
              "parentUUID": "4016d566-e714-42d8-a0c7-f9a47decc4e2",
              "isHook": false,
              "skipped": false
            }
          ],
          "suites": [],
          "passes": [
            "3c330f61-77d1-4a92-adae-d49caea377fc",
            "128f0947-e193-4b3c-99df-b9700b5e718c",
            "ff931b46-51ae-4eef-893f-92075215be35",
            "f0099cb4-b54a-49d0-a171-43ef2da7d95d",
            "5a7ef146-acad-4878-bacb-5524a0eda4e1",
            "f76691a2-4b72-4ce1-943b-92346499d373",
            "da857d58-93bb-4f77-91db-c24fd2adaf5f"
          ],
          "failures": [],
          "pending": [],
          "skipped": [],
          "duration": 20771,
          "root": false,
          "rootEmpty": false,
          "_timeout": 2000
        }
      ],
      "passes": [],
      "failures": [],
      "pending": [],
      "skipped": [],
      "duration": 0,
      "root": true,
      "rootEmpty": true,
      "_timeout": 2000
    }
  ],
  "meta": {
    "mocha": {
      "version": "7.0.1"
    },
    "mochawesome": {
      "options": {
        "quiet": false,
        "reportFilename": "mochawesome",
        "saveHtml": false,
        "saveJson": true,
        "consoleReporter": "spec",
        "useInlineDiffs": false,
        "code": true
      },
      "version": "7.1.3"
    },
    "marge": {
      "options": {
        "reporterEnabled": "cypress-mochawesome-reporter",
        "cypressMochawesomeReporterReporterOptions": {
          "reportDir": "e2e-testing/reports",
          "charts": true,
          "reportPageTitle": "Learning Platform E2E Tests",
          "embeddedScreenshots": true,
          "inlineAssets": true
        },
        "reportDir": "./e2e-testing/cypress/reports/resilient",
        "overwrite": false,
        "html": false,
        "json": true
      },
      "version": "6.2.0"
    }
  }
}