{
  "stats": {
    "suites": 1,
    "tests": 10,
    "passes": 5,
    "pending": 0,
    "failures": 5,
    "start": "2025-03-20T12:59:56.983Z",
    "end": "2025-03-20T13:03:09.023Z",
    "duration": 192040,
    "testsRegistered": 10,
    "passPercent": 50,
    "pendingPercent": 0,
    "other": 0,
    "hasOther": false,
    "skipped": 0,
    "hasSkipped": false
  },
  "results": [
    {
      "uuid": "d3693af8-fba0-4288-ab0e-0bf5d2f2821c",
      "title": "",
      "fullFile": "e2e-testing/cypress/e2e/profile.cy.ts",
      "file": "e2e-testing/cypress/e2e/profile.cy.ts",
      "beforeHooks": [],
      "afterHooks": [],
      "tests": [],
      "suites": [
        {
          "uuid": "d4baf66b-7990-41fe-a2c2-2ecdc2356d8a",
          "title": "User Profile",
          "fullFile": "",
          "file": "",
          "beforeHooks": [],
          "afterHooks": [],
          "tests": [
            {
              "title": "should display user profile information",
              "fullTitle": "User Profile should display user profile information",
              "timedOut": null,
              "duration": 3138,
              "state": "passed",
              "speed": "fast",
              "pass": true,
              "fail": false,
              "pending": false,
              "context": "{\n  \"title\": \"cypress-mochawesome-reporter-screenshots\",\n  \"value\": [\n    [\n      \"/profile.cy.ts/User Profile-should display user profile information-profile-not-loaded.png\"\n    ]\n  ]\n}",
              "code": "// Check if profile page loaded properly\npage_objects_1.profilePage.isProfilePageLoaded().then(function (isLoaded) {\n    if (!isLoaded) {\n        cy.log('Profile page not loaded properly, skipping test');\n        page_objects_1.profilePage.takeScreenshot('profile-not-loaded');\n        return;\n    }\n    // Take screenshot of profile page\n    page_objects_1.profilePage.takeScreenshot('profile-information');\n    // Check if profile info elements exist\n    cy.get('body').then(function ($body) {\n        var hasProfileInfo = $body.find('[data-testid=\"profile-info\"]').length > 0;\n        var hasUsername = $body.find('[data-testid=\"profile-username\"]').length > 0;\n        var hasEmail = $body.find('[data-testid=\"profile-email\"]').length > 0;\n        if (hasProfileInfo && hasUsername && hasEmail) {\n            cy.log('Profile information is displayed correctly');\n        }\n        else {\n            cy.log('Some profile information elements are missing');\n        }\n    });\n});",
              "err": {},
              "uuid": "010f787f-17d7-4a18-b0c7-010276146600",
              "parentUUID": "d4baf66b-7990-41fe-a2c2-2ecdc2356d8a",
              "isHook": false,
              "skipped": false
            },
            {
              "title": "should allow updating profile information if editable",
              "fullTitle": "User Profile should allow updating profile information if editable",
              "timedOut": null,
              "duration": 2807,
              "state": "passed",
              "speed": "fast",
              "pass": true,
              "fail": false,
              "pending": false,
              "context": "{\n  \"title\": \"cypress-mochawesome-reporter-screenshots\",\n  \"value\": [\n    [\n      \"/profile.cy.ts/User Profile-should allow updating profile information if editable-profile-not-loaded.png\"\n    ]\n  ]\n}",
              "code": "// Check if profile page loaded properly\npage_objects_1.profilePage.isProfilePageLoaded().then(function (isLoaded) {\n    if (!isLoaded) {\n        cy.log('Profile page not loaded properly, skipping test');\n        page_objects_1.profilePage.takeScreenshot('profile-not-loaded');\n        return;\n    }\n    // Check if edit profile button exists\n    cy.get('body').then(function ($body) {\n        var hasEditButton = $body.find('[data-testid=\"edit-profile-button\"]').length > 0 ||\n            $body.find('[data-testid=\"edit-profile\"]').length > 0;\n        if (hasEditButton) {\n            // Click edit profile\n            page_objects_1.profilePage.clickEditProfile();\n            page_objects_1.profilePage.takeScreenshot('edit-profile-form');\n            // Update profile info with unique name\n            var newName = \"Test User \".concat(Date.now());\n            page_objects_1.profilePage.updateProfileInfo(newName, 'This is an updated bio from Cypress test');\n            // Check for success message\n            page_objects_1.profilePage.hasSuccessMessage().then(function (hasSuccess) {\n                if (hasSuccess) {\n                    cy.log('Profile updated successfully');\n                    page_objects_1.profilePage.takeScreenshot('profile-update-success');\n                }\n                else {\n                    cy.log('No success message displayed after profile update');\n                    page_objects_1.profilePage.takeScreenshot('profile-update-no-success');\n                }\n            });\n        }\n        else {\n            cy.log('Edit profile button not found, skipping profile update test');\n            page_objects_1.profilePage.takeScreenshot('no-edit-profile-button');\n        }\n    });\n});",
              "err": {},
              "uuid": "118d65db-5423-4f24-b7fb-4703a607fa37",
              "parentUUID": "d4baf66b-7990-41fe-a2c2-2ecdc2356d8a",
              "isHook": false,
              "skipped": false
            },
            {
              "title": "should allow changing password if feature available",
              "fullTitle": "User Profile should allow changing password if feature available",
              "timedOut": null,
              "duration": 2725,
              "state": "passed",
              "speed": "fast",
              "pass": true,
              "fail": false,
              "pending": false,
              "context": "{\n  \"title\": \"cypress-mochawesome-reporter-screenshots\",\n  \"value\": [\n    [\n      \"/profile.cy.ts/User Profile-should allow changing password if feature available-profile-not-loaded.png\"\n    ]\n  ]\n}",
              "code": "// Check if profile page loaded properly\npage_objects_1.profilePage.isProfilePageLoaded().then(function (isLoaded) {\n    if (!isLoaded) {\n        cy.log('Profile page not loaded properly, skipping test');\n        page_objects_1.profilePage.takeScreenshot('profile-not-loaded');\n        return;\n    }\n    // Check if change password button/section exists\n    cy.get('body').then(function ($body) {\n        var hasChangePasswordButton = $body.find('[data-testid=\"change-password-button\"]').length > 0 ||\n            $body.find('[data-testid=\"change-password-tab\"]').length > 0;\n        if (hasChangePasswordButton) {\n            // If it's a tab rather than a button\n            if ($body.find('[data-testid=\"change-password-tab\"]').length > 0) {\n                cy.get('[data-testid=\"change-password-tab\"]').click();\n            }\n            else {\n                page_objects_1.profilePage.click(page_objects_1.profilePage['selectors'].changePasswordButton);\n            }\n            page_objects_1.profilePage.takeScreenshot('change-password-form');\n            // Check if password form fields exist before proceeding\n            cy.get('body').then(function ($updatedBody) {\n                var hasPasswordFields = $updatedBody.find('input[name=\"current_password\"]').length > 0 ||\n                    $updatedBody.find('[data-testid=\"current-password-input\"]').length > 0;\n                if (hasPasswordFields) {\n                    // Get the current password field selector\n                    var currentPasswordSelector = $updatedBody.find('input[name=\"current_password\"]').length > 0\n                        ? 'input[name=\"current_password\"]'\n                        : '[data-testid=\"current-password-input\"]';\n                    var newPasswordSelector = $updatedBody.find('input[name=\"new_password\"]').length > 0\n                        ? 'input[name=\"new_password\"]'\n                        : '[data-testid=\"new-password-input\"]';\n                    var confirmPasswordSelector = $updatedBody.find('input[name=\"confirm_password\"]').length > 0\n                        ? 'input[name=\"confirm_password\"]'\n                        : '[data-testid=\"confirm-password-input\"]';\n                    // Fill password form\n                    cy.get(currentPasswordSelector).type(testUser.password);\n                    cy.get(newPasswordSelector).type(newPassword);\n                    cy.get(confirmPasswordSelector).type(newPassword);\n                    // Submit form - find the submit button\n                    cy.get('button[type=\"submit\"]').click();\n                    // Check for success message\n                    page_objects_1.profilePage.hasSuccessMessage().then(function (hasSuccess) {\n                        if (hasSuccess) {\n                            cy.log('Password changed successfully');\n                            page_objects_1.profilePage.takeScreenshot('password-change-success');\n                            // Skip login verification for simplicity in this test migration\n                        }\n                        else {\n                            cy.log('No success message displayed after password change');\n                            page_objects_1.profilePage.takeScreenshot('password-change-no-success');\n                        }\n                    });\n                }\n                else {\n                    cy.log('Password form fields not found, skipping password change test');\n                    page_objects_1.profilePage.takeScreenshot('no-password-form-fields');\n                }\n            });\n        }\n        else {\n            cy.log('Change password button/tab not found, skipping password change test');\n            page_objects_1.profilePage.takeScreenshot('no-change-password-button');\n        }\n    });\n});",
              "err": {},
              "uuid": "c17c41fe-948c-46cc-bef7-47fa3c8365b5",
              "parentUUID": "d4baf66b-7990-41fe-a2c2-2ecdc2356d8a",
              "isHook": false,
              "skipped": false
            },
            {
              "title": "should display account statistics if available",
              "fullTitle": "User Profile should display account statistics if available",
              "timedOut": null,
              "duration": 2673,
              "state": "passed",
              "speed": "fast",
              "pass": true,
              "fail": false,
              "pending": false,
              "context": "{\n  \"title\": \"cypress-mochawesome-reporter-screenshots\",\n  \"value\": [\n    [\n      \"/profile.cy.ts/User Profile-should display account statistics if available-profile-not-loaded.png\"\n    ]\n  ]\n}",
              "code": "// Check if profile page loaded properly\npage_objects_1.profilePage.isProfilePageLoaded().then(function (isLoaded) {\n    if (!isLoaded) {\n        cy.log('Profile page not loaded properly, skipping test');\n        page_objects_1.profilePage.takeScreenshot('profile-not-loaded');\n        return;\n    }\n    // Check if account statistics tab exists\n    cy.get('body').then(function ($body) {\n        var hasStatsTab = $body.find('[data-testid=\"account-statistics-tab\"]').length > 0;\n        if (hasStatsTab) {\n            cy.get('[data-testid=\"account-statistics-tab\"]').click();\n            page_objects_1.profilePage.takeScreenshot('account-statistics');\n            // Check if stats are displayed\n            cy.get('body').then(function ($updatedBody) {\n                var hasStats = $updatedBody.find('[data-testid=\"account-statistics\"]').length > 0;\n                if (hasStats) {\n                    cy.log('Account statistics are displayed');\n                }\n                else {\n                    cy.log('Account statistics section not found after clicking tab');\n                }\n            });\n        }\n        else {\n            cy.log('Account statistics tab not found, skipping statistics test');\n            page_objects_1.profilePage.takeScreenshot('no-statistics-tab');\n        }\n    });\n});",
              "err": {},
              "uuid": "cae0cd80-dcce-4a12-ade0-0d6ee6aaecd8",
              "parentUUID": "d4baf66b-7990-41fe-a2c2-2ecdc2356d8a",
              "isHook": false,
              "skipped": false
            },
            {
              "title": "should display notification preferences if available",
              "fullTitle": "User Profile should display notification preferences if available",
              "timedOut": null,
              "duration": 2676,
              "state": "passed",
              "speed": "fast",
              "pass": true,
              "fail": false,
              "pending": false,
              "context": "{\n  \"title\": \"cypress-mochawesome-reporter-screenshots\",\n  \"value\": [\n    [\n      \"/profile.cy.ts/User Profile-should display notification preferences if available-profile-not-loaded.png\"\n    ]\n  ]\n}",
              "code": "// Check if profile page loaded properly\npage_objects_1.profilePage.isProfilePageLoaded().then(function (isLoaded) {\n    if (!isLoaded) {\n        cy.log('Profile page not loaded properly, skipping test');\n        page_objects_1.profilePage.takeScreenshot('profile-not-loaded');\n        return;\n    }\n    // Check if notifications tab exists\n    cy.get('body').then(function ($body) {\n        var hasNotificationsTab = $body.find('[data-testid=\"notifications-tab\"]').length > 0;\n        if (hasNotificationsTab) {\n            cy.get('[data-testid=\"notifications-tab\"]').click();\n            page_objects_1.profilePage.takeScreenshot('notification-preferences');\n            // Check if notification toggles exist\n            cy.get('body').then(function ($updatedBody) {\n                var hasEmailToggle = $updatedBody.find('[data-testid=\"email-notifications-toggle\"]').length > 0;\n                if (hasEmailToggle) {\n                    // Toggle email notifications using the page object\n                    page_objects_1.profilePage.toggleEmailNotifications(true);\n                    page_objects_1.profilePage.takeScreenshot('notification-toggled');\n                    // Check for save button and click it\n                    if ($updatedBody.find('[data-testid=\"save-preferences\"]').length > 0) {\n                        cy.get('[data-testid=\"save-preferences\"]').click();\n                        // Check for success message\n                        page_objects_1.profilePage.hasSuccessMessage().then(function (hasSuccess) {\n                            if (hasSuccess) {\n                                cy.log('Notification preferences saved successfully');\n                            }\n                            else {\n                                cy.log('No success message displayed after saving preferences');\n                            }\n                        });\n                    }\n                }\n                else {\n                    cy.log('Email notifications toggle not found');\n                }\n            });\n        }\n        else {\n            cy.log('Notifications tab not found, skipping preferences test');\n            page_objects_1.profilePage.takeScreenshot('no-notifications-tab');\n        }\n    });\n});",
              "err": {},
              "uuid": "c761dc4c-ae9b-44b2-8f7a-f8a913c92154",
              "parentUUID": "d4baf66b-7990-41fe-a2c2-2ecdc2356d8a",
              "isHook": false,
              "skipped": false
            },
            {
              "title": "should allow changing password",
              "fullTitle": "User Profile should allow changing password",
              "timedOut": null,
              "duration": 11789,
              "state": "failed",
              "speed": null,
              "pass": false,
              "fail": true,
              "pending": false,
              "context": "{\n  \"title\": \"cypress-mochawesome-reporter-screenshots\",\n  \"value\": [\n    [\n      \"/profile.cy.ts/User Profile -- should allow changing password (failed).png\"\n    ],\n    [\n      \"/profile.cy.ts/User Profile -- should allow changing password (failed) (attempt 2).png\"\n    ],\n    [\n      \"/profile.cy.ts/User Profile -- should allow changing password (failed) (attempt 3).png\"\n    ]\n  ]\n}",
              "code": "// Click on change password tab\ncy.get('[data-testid=\"change-password-tab\"]').click();\n// Fill out the change password form\ncy.get('input[name=\"current_password\"]').type(testUser.password);\ncy.get('input[name=\"new_password\"]').type(newPassword);\ncy.get('input[name=\"confirm_password\"]').type(newPassword);\n// Submit the form\ncy.get('button[type=\"submit\"]').click();\n// Verify the password was changed\ncy.get('[data-testid=\"success-notification\"]').should('be.visible');\n// Logout\ncy.get('[data-testid=\"user-menu\"]').click();\ncy.get('[data-testid=\"logout-button\"]').click();\n// Login with new password\ncy.visit('/auth/login');\ncy.get('input[name=\"username\"]').type(testUser.username);\ncy.get('input[name=\"password\"]').type(newPassword);\ncy.get('button[type=\"submit\"]').click();\n// Verify login was successful\ncy.url().should('include', '/dashboard');\n// Change password back for future tests\ncy.get('[data-testid=\"user-menu\"]').click();\ncy.get('[data-testid=\"profile-link\"]').click();\ncy.get('[data-testid=\"change-password-tab\"]').click();\ncy.get('input[name=\"current_password\"]').type(newPassword);\ncy.get('input[name=\"new_password\"]').type(testUser.password);\ncy.get('input[name=\"confirm_password\"]').type(testUser.password);\ncy.get('button[type=\"submit\"]').click();",
              "err": {
                "message": "AssertionError: Timed out retrying after 10000ms: Expected to find element: `[data-testid=\"change-password-tab\"]`, but never found it.",
                "estack": "AssertionError: Timed out retrying after 10000ms: Expected to find element: `[data-testid=\"change-password-tab\"]`, but never found it.\n    at Context.eval (webpack:///../cypress/e2e/profile.cy.ts:239:0)",
                "diff": null
              },
              "uuid": "d0c916f2-22c0-47a8-abf4-101be530977c",
              "parentUUID": "d4baf66b-7990-41fe-a2c2-2ecdc2356d8a",
              "isHook": false,
              "skipped": false
            },
            {
              "title": "should display account statistics",
              "fullTitle": "User Profile should display account statistics",
              "timedOut": null,
              "duration": 11799,
              "state": "failed",
              "speed": null,
              "pass": false,
              "fail": true,
              "pending": false,
              "context": "{\n  \"title\": \"cypress-mochawesome-reporter-screenshots\",\n  \"value\": [\n    [\n      \"/profile.cy.ts/User Profile -- should display account statistics (failed).png\"\n    ],\n    [\n      \"/profile.cy.ts/User Profile -- should display account statistics (failed) (attempt 2).png\"\n    ],\n    [\n      \"/profile.cy.ts/User Profile -- should display account statistics (failed) (attempt 3).png\"\n    ]\n  ]\n}",
              "code": "// Click on statistics tab\ncy.get('[data-testid=\"account-statistics-tab\"]').click();\n// Check that account statistics are displayed\ncy.get('[data-testid=\"account-statistics\"]').should('be.visible');\n// Check that resources count is displayed\ncy.get('[data-testid=\"resources-count\"]').should('be.visible');\n// Check that concepts count is displayed\ncy.get('[data-testid=\"concepts-count\"]').should('be.visible');\n// Check that study hours is displayed\ncy.get('[data-testid=\"study-hours\"]').should('be.visible');\n// Check that goals count is displayed\ncy.get('[data-testid=\"goals-count\"]').should('be.visible');",
              "err": {
                "message": "AssertionError: Timed out retrying after 10000ms: Expected to find element: `[data-testid=\"account-statistics-tab\"]`, but never found it.",
                "estack": "AssertionError: Timed out retrying after 10000ms: Expected to find element: `[data-testid=\"account-statistics-tab\"]`, but never found it.\n    at Context.eval (webpack:///../cypress/e2e/profile.cy.ts:269:0)",
                "diff": null
              },
              "uuid": "9b46c44e-cd95-4de2-b0bf-cf74c9e64ec6",
              "parentUUID": "d4baf66b-7990-41fe-a2c2-2ecdc2356d8a",
              "isHook": false,
              "skipped": false
            },
            {
              "title": "should display notification preferences",
              "fullTitle": "User Profile should display notification preferences",
              "timedOut": null,
              "duration": 11921,
              "state": "failed",
              "speed": null,
              "pass": false,
              "fail": true,
              "pending": false,
              "context": "{\n  \"title\": \"cypress-mochawesome-reporter-screenshots\",\n  \"value\": [\n    [\n      \"/profile.cy.ts/User Profile -- should display notification preferences (failed).png\"\n    ],\n    [\n      \"/profile.cy.ts/User Profile -- should display notification preferences (failed) (attempt 2).png\"\n    ],\n    [\n      \"/profile.cy.ts/User Profile -- should display notification preferences (failed) (attempt 3).png\"\n    ]\n  ]\n}",
              "code": "// Click on notifications tab\ncy.get('[data-testid=\"notifications-tab\"]').click();\n// Check that notification preferences are displayed\ncy.get('[data-testid=\"notification-preferences\"]').should('be.visible');\n// Toggle email notifications\ncy.get('[data-testid=\"email-notifications-toggle\"]').click();\n// Toggle review reminders\ncy.get('[data-testid=\"review-reminders-toggle\"]').click();\n// Toggle goal reminders\ncy.get('[data-testid=\"goal-reminders-toggle\"]').click();\n// Save preferences\ncy.get('[data-testid=\"save-preferences\"]').click();\n// Verify preferences were saved\ncy.get('[data-testid=\"success-notification\"]').should('be.visible');",
              "err": {
                "message": "AssertionError: Timed out retrying after 10000ms: Expected to find element: `[data-testid=\"notifications-tab\"]`, but never found it.",
                "estack": "AssertionError: Timed out retrying after 10000ms: Expected to find element: `[data-testid=\"notifications-tab\"]`, but never found it.\n    at Context.eval (webpack:///../cypress/e2e/profile.cy.ts:283:0)",
                "diff": null
              },
              "uuid": "31578cb0-c9b3-4141-b65d-78c5b758b09b",
              "parentUUID": "d4baf66b-7990-41fe-a2c2-2ecdc2356d8a",
              "isHook": false,
              "skipped": false
            },
            {
              "title": "should allow exporting user data",
              "fullTitle": "User Profile should allow exporting user data",
              "timedOut": null,
              "duration": 11816,
              "state": "failed",
              "speed": null,
              "pass": false,
              "fail": true,
              "pending": false,
              "context": "{\n  \"title\": \"cypress-mochawesome-reporter-screenshots\",\n  \"value\": [\n    [\n      \"/profile.cy.ts/User Profile -- should allow exporting user data (failed).png\"\n    ],\n    [\n      \"/profile.cy.ts/User Profile -- should allow exporting user data (failed) (attempt 2).png\"\n    ],\n    [\n      \"/profile.cy.ts/User Profile -- should allow exporting user data (failed) (attempt 3).png\"\n    ]\n  ]\n}",
              "code": "// Click on data export tab\ncy.get('[data-testid=\"data-export-tab\"]').click();\n// Check that data export options are displayed\ncy.get('[data-testid=\"data-export-options\"]').should('be.visible');\n// Select export format\ncy.get('[data-testid=\"export-format-json\"]').click();\n// Select data to export\ncy.get('[data-testid=\"export-resources\"]').check();\ncy.get('[data-testid=\"export-concepts\"]').check();\ncy.get('[data-testid=\"export-metrics\"]').check();\ncy.get('[data-testid=\"export-goals\"]').check();\n// Click export button\ncy.get('[data-testid=\"export-data\"]').click();\n// Verify export was initiated\ncy.get('[data-testid=\"success-notification\"]').should('be.visible');",
              "err": {
                "message": "AssertionError: Timed out retrying after 10000ms: Expected to find element: `[data-testid=\"data-export-tab\"]`, but never found it.",
                "estack": "AssertionError: Timed out retrying after 10000ms: Expected to find element: `[data-testid=\"data-export-tab\"]`, but never found it.\n    at Context.eval (webpack:///../cypress/e2e/profile.cy.ts:299:0)",
                "diff": null
              },
              "uuid": "f01eaec9-9528-42ed-955e-dd773ba4a54f",
              "parentUUID": "d4baf66b-7990-41fe-a2c2-2ecdc2356d8a",
              "isHook": false,
              "skipped": false
            },
            {
              "title": "should display account deletion option",
              "fullTitle": "User Profile should display account deletion option",
              "timedOut": null,
              "duration": 11798,
              "state": "failed",
              "speed": null,
              "pass": false,
              "fail": true,
              "pending": false,
              "context": "{\n  \"title\": \"cypress-mochawesome-reporter-screenshots\",\n  \"value\": [\n    [\n      \"/profile.cy.ts/User Profile -- should display account deletion option (failed).png\"\n    ],\n    [\n      \"/profile.cy.ts/User Profile -- should display account deletion option (failed) (attempt 2).png\"\n    ],\n    [\n      \"/profile.cy.ts/User Profile -- should display account deletion option (failed) (attempt 3).png\"\n    ]\n  ]\n}",
              "code": "// Click on account tab\ncy.get('[data-testid=\"account-tab\"]').click();\n// Check that account deletion option is displayed\ncy.get('[data-testid=\"delete-account-section\"]').should('be.visible');\n// Click delete account button\ncy.get('[data-testid=\"delete-account-button\"]').click();\n// Verify confirmation dialog is displayed\ncy.get('[data-testid=\"delete-account-confirmation\"]').should('be.visible');\n// Cancel deletion\ncy.get('[data-testid=\"cancel-deletion\"]').click();\n// Verify confirmation dialog is closed\ncy.get('[data-testid=\"delete-account-confirmation\"]').should('not.exist');",
              "err": {
                "message": "AssertionError: Timed out retrying after 10000ms: Expected to find element: `[data-testid=\"account-tab\"]`, but never found it.",
                "estack": "AssertionError: Timed out retrying after 10000ms: Expected to find element: `[data-testid=\"account-tab\"]`, but never found it.\n    at Context.eval (webpack:///../cypress/e2e/profile.cy.ts:316:0)",
                "diff": null
              },
              "uuid": "8fdeb7ba-1549-47f2-91b6-81e7e753a16c",
              "parentUUID": "d4baf66b-7990-41fe-a2c2-2ecdc2356d8a",
              "isHook": false,
              "skipped": false
            }
          ],
          "suites": [],
          "passes": [
            "010f787f-17d7-4a18-b0c7-010276146600",
            "118d65db-5423-4f24-b7fb-4703a607fa37",
            "c17c41fe-948c-46cc-bef7-47fa3c8365b5",
            "cae0cd80-dcce-4a12-ade0-0d6ee6aaecd8",
            "c761dc4c-ae9b-44b2-8f7a-f8a913c92154"
          ],
          "failures": [
            "d0c916f2-22c0-47a8-abf4-101be530977c",
            "9b46c44e-cd95-4de2-b0bf-cf74c9e64ec6",
            "31578cb0-c9b3-4141-b65d-78c5b758b09b",
            "f01eaec9-9528-42ed-955e-dd773ba4a54f",
            "8fdeb7ba-1549-47f2-91b6-81e7e753a16c"
          ],
          "pending": [],
          "skipped": [],
          "duration": 73142,
          "root": false,
          "rootEmpty": false,
          "_timeout": 2000
        }
      ],
      "passes": [],
      "failures": [],
      "pending": [],
      "skipped": [],
      "duration": 0,
      "root": true,
      "rootEmpty": true,
      "_timeout": 2000
    }
  ],
  "meta": {
    "mocha": {
      "version": "7.0.1"
    },
    "mochawesome": {
      "options": {
        "quiet": false,
        "reportFilename": "mochawesome",
        "saveHtml": false,
        "saveJson": true,
        "consoleReporter": "spec",
        "useInlineDiffs": false,
        "code": true
      },
      "version": "7.1.3"
    },
    "marge": {
      "options": {
        "reporterEnabled": "cypress-mochawesome-reporter",
        "cypressMochawesomeReporterReporterOptions": {
          "reportDir": "e2e-testing/reports",
          "charts": true,
          "reportPageTitle": "Learning Platform E2E Tests",
          "embeddedScreenshots": true,
          "inlineAssets": true
        },
        "reportDir": "./e2e-testing/cypress/reports/resilient",
        "overwrite": false,
        "html": false,
        "json": true
      },
      "version": "6.2.0"
    }
  }
}