{
  "stats": {
    "suites": 1,
    "tests": 5,
    "passes": 0,
    "pending": 0,
    "failures": 5,
    "start": "2025-03-20T12:48:44.923Z",
    "end": "2025-03-20T12:50:46.192Z",
    "duration": 121269,
    "testsRegistered": 5,
    "passPercent": 0,
    "pendingPercent": 0,
    "other": 0,
    "hasOther": false,
    "skipped": 0,
    "hasSkipped": false
  },
  "results": [
    {
      "uuid": "400dbaa1-941d-484a-8194-6d9414d8ac7e",
      "title": "",
      "fullFile": "e2e-testing/cypress/e2e/knowledge-spaced-repetition.cy.ts",
      "file": "e2e-testing/cypress/e2e/knowledge-spaced-repetition.cy.ts",
      "beforeHooks": [],
      "afterHooks": [],
      "tests": [],
      "suites": [
        {
          "uuid": "6b9e3d2f-4b9d-4c8a-b633-579ebed7d318",
          "title": "Knowledge Management - Spaced Repetition",
          "fullFile": "",
          "file": "",
          "beforeHooks": [],
          "afterHooks": [],
          "tests": [
            {
              "title": "should display concepts due for review",
              "fullTitle": "Knowledge Management - Spaced Repetition should display concepts due for review",
              "timedOut": null,
              "duration": 9225,
              "state": "failed",
              "speed": null,
              "pass": false,
              "fail": true,
              "pending": false,
              "context": "{\n  \"title\": \"cypress-mochawesome-reporter-screenshots\",\n  \"value\": [\n    [\n      \"/knowledge-spaced-repetition.cy.ts/Knowledge Management - Spaced Repetition -- should display concepts due for review (failed).png\"\n    ],\n    [\n      \"/knowledge-spaced-repetition.cy.ts/Knowledge Management - Spaced Repetition -- should display concepts due for review (failed) (attempt 2).png\"\n    ],\n    [\n      \"/knowledge-spaced-repetition.cy.ts/Knowledge Management - Spaced Repetition -- should display concepts due for review (failed) (attempt 3).png\"\n    ]\n  ]\n}",
              "code": "// Navigate to review section\npage_objects_1.conceptsPage.navigateToReview();\n// Wait for the mocked data to load\ncy.wait('@getDueConcepts');\n// Check review dashboard is displayed\npage_objects_1.conceptsPage.isReviewDashboardVisible().should('be.true');\n// Validate that concepts are displayed\ncy.contains('Machine Learning Fundamentals').should('be.visible');\ncy.contains('Neural Networks').should('be.visible');",
              "err": {
                "message": "AssertionError: Timed out retrying after 8000ms: expected 'http://localhost:3000/concepts' to include '/knowledge/review'",
                "estack": "AssertionError: Timed out retrying after 8000ms: expected 'http://localhost:3000/concepts' to include '/knowledge/review'\n    at __webpack_modules__.../cypress/support/page-objects/ConceptsPage.ts.ConceptsPage.navigateToReview (webpack:///../cypress/support/page-objects/ConceptsPage.ts:500:0)\n    at Context.eval (webpack:///../cypress/e2e/knowledge-spaced-repetition.cy.ts:70:0)",
                "diff": null
              },
              "uuid": "e2a7d9ea-dc85-42e3-8041-eb28dd68f827",
              "parentUUID": "6b9e3d2f-4b9d-4c8a-b633-579ebed7d318",
              "isHook": false,
              "skipped": false
            },
            {
              "title": "should allow reviewing a concept",
              "fullTitle": "Knowledge Management - Spaced Repetition should allow reviewing a concept",
              "timedOut": null,
              "duration": 9146,
              "state": "failed",
              "speed": null,
              "pass": false,
              "fail": true,
              "pending": false,
              "context": "{\n  \"title\": \"cypress-mochawesome-reporter-screenshots\",\n  \"value\": [\n    [\n      \"/knowledge-spaced-repetition.cy.ts/Knowledge Management - Spaced Repetition -- should allow reviewing a concept (failed).png\"\n    ],\n    [\n      \"/knowledge-spaced-repetition.cy.ts/Knowledge Management - Spaced Repetition -- should allow reviewing a concept (failed) (attempt 2).png\"\n    ],\n    [\n      \"/knowledge-spaced-repetition.cy.ts/Knowledge Management - Spaced Repetition -- should allow reviewing a concept (failed) (attempt 3).png\"\n    ]\n  ]\n}",
              "code": "// Navigate to the review section using POM\npage_objects_1.conceptsPage.navigateToReview();\n// Wait for the mocked data to load\ncy.wait('@getDueConcepts');\n// Start a review session\npage_objects_1.conceptsPage.startReviewSession();\n// Check that the review session is displayed\npage_objects_1.conceptsPage.isReviewSessionVisible().should('be.true');\n// Rate the recall difficulty\npage_objects_1.conceptsPage.rateConceptRecall(3); // Medium difficulty\n// Submit the review and wait for the mock response\npage_objects_1.conceptsPage.submitReview();\ncy.wait('@submitReview');\n// Check if there are more concepts or review is complete\npage_objects_1.conceptsPage.isReviewComplete().then(function (isComplete) {\n    if (isComplete) {\n        // Review session is complete\n        page_objects_1.conceptsPage.returnToDashboard();\n        cy.url().should('include', '/knowledge');\n    }\n    else {\n        // Next concept is displayed\n        page_objects_1.conceptsPage.elementExists(page_objects_1.conceptsPage['selectors'].conceptContent).should('be.true');\n    }\n});",
              "err": {
                "message": "AssertionError: Timed out retrying after 8000ms: expected 'http://localhost:3000/concepts' to include '/knowledge/review'",
                "estack": "AssertionError: Timed out retrying after 8000ms: expected 'http://localhost:3000/concepts' to include '/knowledge/review'\n    at __webpack_modules__.../cypress/support/page-objects/ConceptsPage.ts.ConceptsPage.navigateToReview (webpack:///../cypress/support/page-objects/ConceptsPage.ts:500:0)\n    at Context.eval (webpack:///../cypress/e2e/knowledge-spaced-repetition.cy.ts:81:0)",
                "diff": null
              },
              "uuid": "cbf96d3e-47c9-4830-810d-40dec276492f",
              "parentUUID": "6b9e3d2f-4b9d-4c8a-b633-579ebed7d318",
              "isHook": false,
              "skipped": false
            },
            {
              "title": "should update concept review schedule based on recall rating",
              "fullTitle": "Knowledge Management - Spaced Repetition should update concept review schedule based on recall rating",
              "timedOut": null,
              "duration": 10588,
              "state": "failed",
              "speed": null,
              "pass": false,
              "fail": true,
              "pending": false,
              "context": "{\n  \"title\": \"cypress-mochawesome-reporter-screenshots\",\n  \"value\": [\n    [\n      \"/knowledge-spaced-repetition.cy.ts/Knowledge Management - Spaced Repetition -- should update concept review schedule based on recall rating (failed).png\"\n    ],\n    [\n      \"/knowledge-spaced-repetition.cy.ts/Knowledge Management - Spaced Repetition -- should update concept review schedule based on recall rating (failed) (attempt 2).png\"\n    ],\n    [\n      \"/knowledge-spaced-repetition.cy.ts/Knowledge Management - Spaced Repetition -- should update concept review schedule based on recall rating (failed) (attempt 3).png\"\n    ]\n  ]\n}",
              "code": "// Navigate to the review section\npage_objects_1.conceptsPage.navigateToReview();\n// Wait for the mocked data to load\ncy.wait('@getDueConcepts');\n// Start a review session\npage_objects_1.conceptsPage.startReviewSession();\n// Mock concept ID\nvar conceptId = 'mock-concept-1';\n// Rate the recall as easy\npage_objects_1.conceptsPage.rateConceptRecall(5); // Easy recall\n// Submit the review\npage_objects_1.conceptsPage.submitReview();\ncy.wait('@submitReview');\n// Navigate to the concept details page\ncy.visit(\"/knowledge/concepts/\".concat(conceptId));\n// Mock the single concept data\ncy.intercept('GET', \"**/api/concepts/\".concat(conceptId), {\n    statusCode: 200,\n    body: {\n        id: conceptId,\n        title: 'Machine Learning Fundamentals',\n        content: 'Machine learning is a subset of artificial intelligence that focuses on building systems that learn from data.',\n        status: 'reviewed',\n        lastReviewed: new Date().toISOString(),\n        nextReview: new Date(Date.now() + 3 * 24 * 60 * 60 * 1000).toISOString(),\n        difficulty: 2\n    }\n}).as('getConceptDetails');\n// Wait for the concept data\ncy.wait('@getConceptDetails');\ncy.wait('@getReviewHistory');\n// Check that the next review date is updated\npage_objects_1.conceptsPage.elementExists(page_objects_1.conceptsPage['selectors'].nextReviewDate).should('be.true');\n// Check that the review history is updated\npage_objects_1.conceptsPage.elementExists(page_objects_1.conceptsPage['selectors'].reviewHistory).then(function (exists) {\n    if (exists) {\n        cy.get(page_objects_1.conceptsPage['selectors'].reviewHistory).should('be.visible');\n    }\n});",
              "err": {
                "message": "AssertionError: Timed out retrying after 8000ms: expected 'http://localhost:3000/concepts' to include '/knowledge/review'",
                "estack": "AssertionError: Timed out retrying after 8000ms: expected 'http://localhost:3000/concepts' to include '/knowledge/review'\n    at __webpack_modules__.../cypress/support/page-objects/ConceptsPage.ts.ConceptsPage.navigateToReview (webpack:///../cypress/support/page-objects/ConceptsPage.ts:500:0)\n    at Context.eval (webpack:///../cypress/e2e/knowledge-spaced-repetition.cy.ts:108:0)",
                "diff": null
              },
              "uuid": "13510478-76e8-4875-808d-8d40149009e1",
              "parentUUID": "6b9e3d2f-4b9d-4c8a-b633-579ebed7d318",
              "isHook": false,
              "skipped": false
            },
            {
              "title": "should show review statistics",
              "fullTitle": "Knowledge Management - Spaced Repetition should show review statistics",
              "timedOut": null,
              "duration": 9178,
              "state": "failed",
              "speed": null,
              "pass": false,
              "fail": true,
              "pending": false,
              "context": "{\n  \"title\": \"cypress-mochawesome-reporter-screenshots\",\n  \"value\": [\n    [\n      \"/knowledge-spaced-repetition.cy.ts/Knowledge Management - Spaced Repetition -- should show review statistics (failed).png\"\n    ],\n    [\n      \"/knowledge-spaced-repetition.cy.ts/Knowledge Management - Spaced Repetition -- should show review statistics (failed) (attempt 2).png\"\n    ],\n    [\n      \"/knowledge-spaced-repetition.cy.ts/Knowledge Management - Spaced Repetition -- should show review statistics (failed) (attempt 3).png\"\n    ]\n  ]\n}",
              "code": "// Navigate to the statistics section\npage_objects_1.conceptsPage.navigateToStatistics();\n// Wait for the statistics data\ncy.wait('@getStatistics');\n// Check that the statistics dashboard is displayed\npage_objects_1.conceptsPage.isStatisticsDashboardVisible().should('be.true');\n// Check that the key statistics are displayed\ncy.contains('Total Concepts').should('be.visible');\ncy.contains('10').should('be.visible'); // Total concepts from mock data\ncy.contains('Due').should('be.visible');\ncy.contains('3').should('be.visible'); // Due concepts from mock data",
              "err": {
                "message": "AssertionError: Timed out retrying after 8000ms: expected 'http://localhost:3000/concepts' to include '/knowledge/statistics'",
                "estack": "AssertionError: Timed out retrying after 8000ms: expected 'http://localhost:3000/concepts' to include '/knowledge/statistics'\n    at __webpack_modules__.../cypress/support/page-objects/ConceptsPage.ts.ConceptsPage.navigateToStatistics (webpack:///../cypress/support/page-objects/ConceptsPage.ts:507:0)\n    at Context.eval (webpack:///../cypress/e2e/knowledge-spaced-repetition.cy.ts:149:0)",
                "diff": null
              },
              "uuid": "0d07e788-7c95-49ce-8d41-b6ba94b2b6c1",
              "parentUUID": "6b9e3d2f-4b9d-4c8a-b633-579ebed7d318",
              "isHook": false,
              "skipped": false
            },
            {
              "title": "should allow filtering concepts by review status",
              "fullTitle": "Knowledge Management - Spaced Repetition should allow filtering concepts by review status",
              "timedOut": null,
              "duration": 1351,
              "state": "failed",
              "speed": null,
              "pass": false,
              "fail": true,
              "pending": false,
              "context": "{\n  \"title\": \"cypress-mochawesome-reporter-screenshots\",\n  \"value\": [\n    [\n      \"/knowledge-spaced-repetition.cy.ts/Knowledge Management - Spaced Repetition -- should allow filtering concepts by review status (failed).png\"\n    ],\n    [\n      \"/knowledge-spaced-repetition.cy.ts/Knowledge Management - Spaced Repetition -- should allow filtering concepts by review status (failed) (attempt 2).png\"\n    ],\n    [\n      \"/knowledge-spaced-repetition.cy.ts/Knowledge Management - Spaced Repetition -- should allow filtering concepts by review status (failed) (attempt 3).png\"\n    ]\n  ]\n}",
              "code": "// Mock filtered concepts response\ncy.intercept('GET', '**/api/concepts?status=due', {\n    statusCode: 200,\n    body: [\n        {\n            id: 'mock-concept-1',\n            title: 'Machine Learning Fundamentals',\n            content: 'Machine learning is a subset of artificial intelligence that focuses on building systems that learn from data.',\n            status: 'due',\n            lastReviewed: new Date(Date.now() - 7 * 24 * 60 * 60 * 1000).toISOString(),\n            nextReview: new Date().toISOString(),\n            difficulty: 3\n        },\n        {\n            id: 'mock-concept-2',\n            title: 'Neural Networks',\n            content: 'Neural networks are computing systems inspired by the biological neural networks that constitute animal brains.',\n            status: 'due',\n            lastReviewed: new Date(Date.now() - 5 * 24 * 60 * 60 * 1000).toISOString(),\n            nextReview: new Date().toISOString(),\n            difficulty: 4\n        }\n    ]\n}).as('getFilteredConcepts');\n// Check that the concepts list is displayed\npage_objects_1.conceptsPage.elementExists(page_objects_1.conceptsPage['selectors'].conceptsList).should('be.true');\n// Filter by review status\npage_objects_1.conceptsPage.filterByReviewStatus('due');\n// Wait for filtered concepts\ncy.wait('@getFilteredConcepts');\n// Check that the URL includes the filter parameter\ncy.url().should('include', 'status=due');\n// Check that the filtered concepts list is displayed\npage_objects_1.conceptsPage.elementExists(page_objects_1.conceptsPage['selectors'].conceptsList).should('be.true');\ncy.contains('Machine Learning Fundamentals').should('be.visible');",
              "err": {
                "message": "AssertionError: expected false to be true",
                "estack": "AssertionError: expected false to be true\n    at applyChainer (http://localhost:3000/__cypress/runner/cypress_runner.js:117855:27)\n    at <unknown> (http://localhost:3000/__cypress/runner/cypress_runner.js:117911:16)\n    at arrayReduce (http://localhost:3000/__cypress/runner/cypress_runner.js:18675:21)\n    at Function.reduce (http://localhost:3000/__cypress/runner/cypress_runner.js:27727:14)\n    at applyChainers (http://localhost:3000/__cypress/runner/cypress_runner.js:117889:68)\n    at tryCatcher (http://localhost:3000/__cypress/runner/cypress_runner.js:1777:23)\n    at Promise.attempt.Promise.try (http://localhost:3000/__cypress/runner/cypress_runner.js:4285:29)\n    at Context.shouldFn (http://localhost:3000/__cypress/runner/cypress_runner.js:117915:66)\n    at Context.should (http://localhost:3000/__cypress/runner/cypress_runner.js:117932:23)\n    at wrapped (http://localhost:3000/__cypress/runner/cypress_runner.js:138862:19)\n    at <unknown> (http://localhost:3000/__cypress/runner/cypress_runner.js:144789:15)\n    at tryCatcher (http://localhost:3000/__cypress/runner/cypress_runner.js:1777:23)\n    at Promise._settlePromiseFromHandler (http://localhost:3000/__cypress/runner/cypress_runner.js:1489:31)\n    at Promise._settlePromise (http://localhost:3000/__cypress/runner/cypress_runner.js:1546:18)\n    at Promise._settlePromiseCtx (http://localhost:3000/__cypress/runner/cypress_runner.js:1583:10)\n    at _drainQueueStep (http://localhost:3000/__cypress/runner/cypress_runner.js:2381:12)\n    at _drainQueue (http://localhost:3000/__cypress/runner/cypress_runner.js:2370:9)\n    at Async._drainQueues (http://localhost:3000/__cypress/runner/cypress_runner.js:2386:5)\n    at Async.drainQueues (http://localhost:3000/__cypress/runner/cypress_runner.js:2256:14)",
                "diff": null
              },
              "uuid": "9baea83b-0fd7-4d33-8961-e076d69ce8d2",
              "parentUUID": "6b9e3d2f-4b9d-4c8a-b633-579ebed7d318",
              "isHook": false,
              "skipped": false
            }
          ],
          "suites": [],
          "passes": [],
          "failures": [
            "e2a7d9ea-dc85-42e3-8041-eb28dd68f827",
            "cbf96d3e-47c9-4830-810d-40dec276492f",
            "13510478-76e8-4875-808d-8d40149009e1",
            "0d07e788-7c95-49ce-8d41-b6ba94b2b6c1",
            "9baea83b-0fd7-4d33-8961-e076d69ce8d2"
          ],
          "pending": [],
          "skipped": [],
          "duration": 39488,
          "root": false,
          "rootEmpty": false,
          "_timeout": 2000
        }
      ],
      "passes": [],
      "failures": [],
      "pending": [],
      "skipped": [],
      "duration": 0,
      "root": true,
      "rootEmpty": true,
      "_timeout": 2000
    }
  ],
  "meta": {
    "mocha": {
      "version": "7.0.1"
    },
    "mochawesome": {
      "options": {
        "quiet": false,
        "reportFilename": "mochawesome",
        "saveHtml": false,
        "saveJson": true,
        "consoleReporter": "spec",
        "useInlineDiffs": false,
        "code": true
      },
      "version": "7.1.3"
    },
    "marge": {
      "options": {
        "reporterEnabled": "cypress-mochawesome-reporter",
        "cypressMochawesomeReporterReporterOptions": {
          "reportDir": "e2e-testing/reports",
          "charts": true,
          "reportPageTitle": "Learning Platform E2E Tests",
          "embeddedScreenshots": true,
          "inlineAssets": true
        },
        "reportDir": "./e2e-testing/cypress/reports/resilient",
        "overwrite": false,
        "html": false,
        "json": true
      },
      "version": "6.2.0"
    }
  }
}