{
  "stats": {
    "suites": 1,
    "tests": 1,
    "passes": 1,
    "pending": 0,
    "failures": 0,
    "start": "2025-03-20T10:25:13.712Z",
    "end": "2025-03-20T10:25:16.717Z",
    "duration": 3005,
    "testsRegistered": 1,
    "passPercent": 100,
    "pendingPercent": 0,
    "other": 0,
    "hasOther": false,
    "skipped": 0,
    "hasSkipped": false
  },
  "results": [
    {
      "uuid": "15183570-0098-4aec-ac3f-df6b3da47823",
      "title": "",
      "fullFile": "e2e-testing/cypress/e2e/test-page.cy.ts",
      "file": "e2e-testing/cypress/e2e/test-page.cy.ts",
      "beforeHooks": [],
      "afterHooks": [],
      "tests": [],
      "suites": [
        {
          "uuid": "5d544290-68fa-48d8-9243-ba8bf8a5cd03",
          "title": "E2E Test Page",
          "fullFile": "",
          "file": "",
          "beforeHooks": [],
          "afterHooks": [],
          "tests": [
            {
              "title": "should show the test page content",
              "fullTitle": "E2E Test Page should show the test page content",
              "timedOut": null,
              "duration": 2945,
              "state": "passed",
              "speed": "fast",
              "pass": true,
              "fail": false,
              "pending": false,
              "context": null,
              "code": "// Check the current URL\ncy.url().then(function (url) {\n    cy.log(\"Current URL: \".concat(url));\n    // Take another screenshot showing the page content\n    cy.screenshot('test-page-content');\n    // Check for basic elements on the page\n    cy.get('body').then(function ($body) {\n        // Log the HTML content for debugging\n        cy.log(\"Body HTML: \".concat($body.html().substring(0, 300), \"...\"));\n    });\n});",
              "err": {},
              "uuid": "ef99b415-c5d3-4603-897e-f998d8b8b017",
              "parentUUID": "5d544290-68fa-48d8-9243-ba8bf8a5cd03",
              "isHook": false,
              "skipped": false
            }
          ],
          "suites": [],
          "passes": [
            "ef99b415-c5d3-4603-897e-f998d8b8b017"
          ],
          "failures": [],
          "pending": [],
          "skipped": [],
          "duration": 2945,
          "root": false,
          "rootEmpty": false,
          "_timeout": 2000
        }
      ],
      "passes": [],
      "failures": [],
      "pending": [],
      "skipped": [],
      "duration": 0,
      "root": true,
      "rootEmpty": true,
      "_timeout": 2000
    }
  ],
  "meta": {
    "mocha": {
      "version": "7.0.1"
    },
    "mochawesome": {
      "options": {
        "quiet": false,
        "reportFilename": "mochawesome",
        "saveHtml": false,
        "saveJson": true,
        "consoleReporter": "spec",
        "useInlineDiffs": false,
        "code": true
      },
      "version": "7.1.3"
    },
    "marge": {
      "options": {
        "reporterEnabled": "cypress-mochawesome-reporter",
        "cypressMochawesomeReporterReporterOptions": {
          "reportDir": "e2e-testing/reports",
          "charts": true,
          "reportPageTitle": "Learning Platform E2E Tests",
          "embeddedScreenshots": true,
          "inlineAssets": true
        },
        "reportDir": "./e2e-testing/cypress/reports/resilient",
        "overwrite": false,
        "html": false,
        "json": true
      },
      "version": "6.2.0"
    }
  }
}