{
  "stats": {
    "suites": 1,
    "tests": 9,
    "passes": 9,
    "pending": 0,
    "failures": 0,
    "start": "2025-03-20T13:22:03.322Z",
    "end": "2025-03-20T13:22:33.240Z",
    "duration": 29918,
    "testsRegistered": 9,
    "passPercent": 100,
    "pendingPercent": 0,
    "other": 0,
    "hasOther": false,
    "skipped": 0,
    "hasSkipped": false
  },
  "results": [
    {
      "uuid": "ca8b65fd-06e0-49ca-88c6-8ca69003b8de",
      "title": "",
      "fullFile": "e2e-testing/cypress/e2e/dashboard.cy.ts",
      "file": "e2e-testing/cypress/e2e/dashboard.cy.ts",
      "beforeHooks": [],
      "afterHooks": [],
      "tests": [],
      "suites": [
        {
          "uuid": "788b5da3-a636-44aa-be75-cf78a18c15ea",
          "title": "Dashboard",
          "fullFile": "",
          "file": "",
          "beforeHooks": [],
          "afterHooks": [],
          "tests": [
            {
              "title": "should display dashboard overview with all sections",
              "fullTitle": "Dashboard should display dashboard overview with all sections",
              "timedOut": null,
              "duration": 3989,
              "state": "passed",
              "speed": "fast",
              "pass": true,
              "fail": false,
              "pending": false,
              "context": "{\n  \"title\": \"cypress-mochawesome-reporter-screenshots\",\n  \"value\": [\n    [\n      \"/dashboard.cy.ts/Dashboard-should display dashboard overview with all sections-dashboard-not-loaded.png\"\n    ]\n  ]\n}",
              "code": "// Check that the dashboard has loaded\npage_objects_1.dashboardPage.isDashboardLoaded().then(function (isLoaded) {\n    if (!isLoaded) {\n        cy.log('Dashboard not loaded properly, skipping test');\n        page_objects_1.dashboardPage.takeScreenshot('dashboard-not-loaded');\n        return;\n    }\n    // Take screenshot of dashboard overview\n    page_objects_1.dashboardPage.takeScreenshot('dashboard-overview');\n    // Verify token is present to confirm successful login\n    cy.window().its('localStorage').invoke('getItem', 'token').should('not.be.null');\n    cy.log('Login successful, token verified');\n});",
              "err": {},
              "uuid": "871aebf5-243b-4d55-801c-8bbf5200cd05",
              "parentUUID": "788b5da3-a636-44aa-be75-cf78a18c15ea",
              "isHook": false,
              "skipped": false
            },
            {
              "title": "should display user-specific greeting if available",
              "fullTitle": "Dashboard should display user-specific greeting if available",
              "timedOut": null,
              "duration": 3101,
              "state": "passed",
              "speed": "fast",
              "pass": true,
              "fail": false,
              "pending": false,
              "context": "{\n  \"title\": \"cypress-mochawesome-reporter-screenshots\",\n  \"value\": [\n    [\n      \"/dashboard.cy.ts/Dashboard-should display user-specific greeting if available-dashboard-not-loaded.png\"\n    ]\n  ]\n}",
              "code": "// Check if the dashboard is loaded\npage_objects_1.dashboardPage.isDashboardLoaded().then(function (isLoaded) {\n    if (!isLoaded) {\n        cy.log('Dashboard not loaded properly, skipping test');\n        page_objects_1.dashboardPage.takeScreenshot('dashboard-not-loaded');\n        return;\n    }\n    // Check for user greeting\n    cy.get('body').then(function ($body) {\n        var hasUserGreeting = $body.find('[data-testid=\"user-greeting\"]').length > 0;\n        if (hasUserGreeting) {\n            cy.get('[data-testid=\"user-greeting\"]').should('be.visible');\n            page_objects_1.dashboardPage.takeScreenshot('user-greeting');\n        }\n        else {\n            cy.log('User greeting not found - may not be implemented yet');\n            page_objects_1.dashboardPage.takeScreenshot('no-user-greeting');\n        }\n    });\n});",
              "err": {},
              "uuid": "fcdc4ceb-ea04-4f6e-8a47-c0275c2d1e79",
              "parentUUID": "788b5da3-a636-44aa-be75-cf78a18c15ea",
              "isHook": false,
              "skipped": false
            },
            {
              "title": "should allow quick navigation to main sections",
              "fullTitle": "Dashboard should allow quick navigation to main sections",
              "timedOut": null,
              "duration": 3350,
              "state": "passed",
              "speed": "fast",
              "pass": true,
              "fail": false,
              "pending": false,
              "context": "{\n  \"title\": \"cypress-mochawesome-reporter-screenshots\",\n  \"value\": [\n    [\n      \"/dashboard.cy.ts/Dashboard-should allow quick navigation to main sections-dashboard-not-loaded.png\"\n    ]\n  ]\n}",
              "code": "// Check if the dashboard is loaded\npage_objects_1.dashboardPage.isDashboardLoaded().then(function (isLoaded) {\n    if (!isLoaded) {\n        cy.log('Dashboard not loaded properly, skipping test');\n        page_objects_1.dashboardPage.takeScreenshot('dashboard-not-loaded');\n        return;\n    }\n    // Try to navigate to resources if available\n    cy.get('body').then(function ($body) {\n        var hasResourcesNav = $body.find('[data-testid=\"nav-resources\"]').length > 0;\n        if (hasResourcesNav) {\n            page_objects_1.dashboardPage.goToResources();\n            page_objects_1.dashboardPage.takeScreenshot('resources-section');\n            cy.go('back');\n        }\n    });\n    // Try to navigate to concepts if available\n    cy.get('body').then(function ($body) {\n        var hasConceptsNav = $body.find('[data-testid=\"nav-concepts\"]').length > 0;\n        if (hasConceptsNav) {\n            page_objects_1.dashboardPage.goToConcepts();\n            page_objects_1.dashboardPage.takeScreenshot('concepts-section');\n            cy.go('back');\n        }\n    });\n    // Try to navigate to learning path if available\n    cy.get('body').then(function ($body) {\n        var hasLearningPathNav = $body.find('[data-testid=\"nav-learning-path\"]').length > 0;\n        if (hasLearningPathNav) {\n            page_objects_1.dashboardPage.goToLearningPath();\n            page_objects_1.dashboardPage.takeScreenshot('learning-path-section');\n            cy.go('back');\n        }\n    });\n    // Try to navigate to analytics if available\n    cy.get('body').then(function ($body) {\n        var hasAnalyticsNav = $body.find('[data-testid=\"nav-analytics\"]').length > 0;\n        if (hasAnalyticsNav) {\n            page_objects_1.dashboardPage.goToAnalytics();\n            page_objects_1.dashboardPage.takeScreenshot('analytics-section');\n            cy.go('back');\n        }\n    });\n});",
              "err": {},
              "uuid": "e3b7e8d7-8cff-4243-9e82-5793562a94fd",
              "parentUUID": "788b5da3-a636-44aa-be75-cf78a18c15ea",
              "isHook": false,
              "skipped": false
            },
            {
              "title": "should display recent activity feed if available",
              "fullTitle": "Dashboard should display recent activity feed if available",
              "timedOut": null,
              "duration": 3202,
              "state": "passed",
              "speed": "fast",
              "pass": true,
              "fail": false,
              "pending": false,
              "context": "{\n  \"title\": \"cypress-mochawesome-reporter-screenshots\",\n  \"value\": [\n    [\n      \"/dashboard.cy.ts/Dashboard-should display recent activity feed if available-dashboard-not-loaded.png\"\n    ]\n  ]\n}",
              "code": "// Check if the dashboard is loaded\npage_objects_1.dashboardPage.isDashboardLoaded().then(function (isLoaded) {\n    if (!isLoaded) {\n        cy.log('Dashboard not loaded properly, skipping test');\n        page_objects_1.dashboardPage.takeScreenshot('dashboard-not-loaded');\n        return;\n    }\n    // Check for activity feed\n    cy.get('body').then(function ($body) {\n        var hasActivityItems = $body.find('[data-testid=\"activity-item\"]').length > 0;\n        if (hasActivityItems) {\n            cy.get('[data-testid=\"activity-item\"]').should('have.length.at.least', 1);\n            page_objects_1.dashboardPage.takeScreenshot('activity-feed');\n        }\n        else {\n            cy.log('No activity items found - they may not be implemented yet');\n            page_objects_1.dashboardPage.takeScreenshot('no-activity-feed');\n        }\n    });\n});",
              "err": {},
              "uuid": "b6294f1b-6f39-406c-8a58-0e0693d42a9a",
              "parentUUID": "788b5da3-a636-44aa-be75-cf78a18c15ea",
              "isHook": false,
              "skipped": false
            },
            {
              "title": "should display quick stats with correct data if available",
              "fullTitle": "Dashboard should display quick stats with correct data if available",
              "timedOut": null,
              "duration": 3075,
              "state": "passed",
              "speed": "fast",
              "pass": true,
              "fail": false,
              "pending": false,
              "context": "{\n  \"title\": \"cypress-mochawesome-reporter-screenshots\",\n  \"value\": [\n    [\n      \"/dashboard.cy.ts/Dashboard-should display quick stats with correct data if available-dashboard-not-loaded.png\"\n    ]\n  ]\n}",
              "code": "// Check if the dashboard is loaded\npage_objects_1.dashboardPage.isDashboardLoaded().then(function (isLoaded) {\n    if (!isLoaded) {\n        cy.log('Dashboard not loaded properly, skipping test');\n        page_objects_1.dashboardPage.takeScreenshot('dashboard-not-loaded');\n        return;\n    }\n    // Check for quick stats section\n    cy.get('body').then(function ($body) {\n        var hasQuickStats = $body.find('[data-testid=\"stat-study-time\"]').length > 0 ||\n            $body.find('[data-testid=\"stat-resources-completed\"]').length > 0 ||\n            $body.find('[data-testid=\"stat-concepts-reviewed\"]').length > 0 ||\n            $body.find('[data-testid=\"stat-goals-completed\"]').length > 0;\n        if (hasQuickStats) {\n            page_objects_1.dashboardPage.takeScreenshot('quick-stats');\n        }\n        else {\n            cy.log('No quick stats found - they may not be implemented yet');\n            page_objects_1.dashboardPage.takeScreenshot('no-quick-stats');\n        }\n    });\n});",
              "err": {},
              "uuid": "2d8cb7f7-0591-4641-aec9-4ed201217914",
              "parentUUID": "788b5da3-a636-44aa-be75-cf78a18c15ea",
              "isHook": false,
              "skipped": false
            },
            {
              "title": "should display upcoming reviews if available",
              "fullTitle": "Dashboard should display upcoming reviews if available",
              "timedOut": null,
              "duration": 3090,
              "state": "passed",
              "speed": "fast",
              "pass": true,
              "fail": false,
              "pending": false,
              "context": "{\n  \"title\": \"cypress-mochawesome-reporter-screenshots\",\n  \"value\": [\n    [\n      \"/dashboard.cy.ts/Dashboard-should display upcoming reviews if available-dashboard-not-loaded.png\"\n    ]\n  ]\n}",
              "code": "// Check if the dashboard is loaded\npage_objects_1.dashboardPage.isDashboardLoaded().then(function (isLoaded) {\n    if (!isLoaded) {\n        cy.log('Dashboard not loaded properly, skipping test');\n        page_objects_1.dashboardPage.takeScreenshot('dashboard-not-loaded');\n        return;\n    }\n    // Check for upcoming reviews section\n    cy.get('body').then(function ($body) {\n        var hasUpcomingReviews = $body.find('[data-testid=\"upcoming-reviews-section\"]').length > 0;\n        if (hasUpcomingReviews) {\n            page_objects_1.dashboardPage.takeScreenshot('upcoming-reviews');\n            // Check if there are reviews or a \"no reviews\" message\n            if ($body.find('[data-testid=\"review-item\"]').length > 0) {\n                cy.get('[data-testid=\"review-item\"]').should('have.length.at.least', 1);\n            }\n            else if ($body.find('[data-testid=\"no-upcoming-reviews\"]').length > 0) {\n                cy.get('[data-testid=\"no-upcoming-reviews\"]').should('be.visible');\n            }\n        }\n        else {\n            cy.log('Upcoming reviews section not found - it may not be implemented yet');\n            page_objects_1.dashboardPage.takeScreenshot('no-upcoming-reviews-section');\n        }\n    });\n});",
              "err": {},
              "uuid": "8be78ceb-966d-4a53-becc-ef9ab719c76b",
              "parentUUID": "788b5da3-a636-44aa-be75-cf78a18c15ea",
              "isHook": false,
              "skipped": false
            },
            {
              "title": "should display learning progress if available",
              "fullTitle": "Dashboard should display learning progress if available",
              "timedOut": null,
              "duration": 3131,
              "state": "passed",
              "speed": "fast",
              "pass": true,
              "fail": false,
              "pending": false,
              "context": "{\n  \"title\": \"cypress-mochawesome-reporter-screenshots\",\n  \"value\": [\n    [\n      \"/dashboard.cy.ts/Dashboard-should display learning progress if available-dashboard-not-loaded.png\"\n    ]\n  ]\n}",
              "code": "// Check if the dashboard is loaded\npage_objects_1.dashboardPage.isDashboardLoaded().then(function (isLoaded) {\n    if (!isLoaded) {\n        cy.log('Dashboard not loaded properly, skipping test');\n        page_objects_1.dashboardPage.takeScreenshot('dashboard-not-loaded');\n        return;\n    }\n    // Check for learning progress section\n    cy.get('body').then(function ($body) {\n        var hasProgressSection = $body.find('[data-testid=\"learning-progress-section\"]').length > 0;\n        if (hasProgressSection) {\n            page_objects_1.dashboardPage.takeScreenshot('learning-progress');\n        }\n        else {\n            cy.log('Learning progress section not found - it may not be implemented yet');\n            page_objects_1.dashboardPage.takeScreenshot('no-learning-progress');\n        }\n    });\n});",
              "err": {},
              "uuid": "a2c7e462-0e77-4e28-bb71-a07eda89abac",
              "parentUUID": "788b5da3-a636-44aa-be75-cf78a18c15ea",
              "isHook": false,
              "skipped": false
            },
            {
              "title": "should display recent resources if available",
              "fullTitle": "Dashboard should display recent resources if available",
              "timedOut": null,
              "duration": 3195,
              "state": "passed",
              "speed": "fast",
              "pass": true,
              "fail": false,
              "pending": false,
              "context": "{\n  \"title\": \"cypress-mochawesome-reporter-screenshots\",\n  \"value\": [\n    [\n      \"/dashboard.cy.ts/Dashboard-should display recent resources if available-dashboard-not-loaded.png\"\n    ]\n  ]\n}",
              "code": "// Check if the dashboard is loaded\npage_objects_1.dashboardPage.isDashboardLoaded().then(function (isLoaded) {\n    if (!isLoaded) {\n        cy.log('Dashboard not loaded properly, skipping test');\n        page_objects_1.dashboardPage.takeScreenshot('dashboard-not-loaded');\n        return;\n    }\n    // Check if dashboard has content using hasContent method\n    page_objects_1.dashboardPage.hasContent().then(function (hasContent) {\n        if (hasContent) {\n            page_objects_1.dashboardPage.takeScreenshot('dashboard-with-content');\n        }\n        else {\n            cy.log('No resources or concepts found on dashboard');\n            page_objects_1.dashboardPage.takeScreenshot('empty-dashboard');\n        }\n    });\n    // Get resource count to see if there are any\n    page_objects_1.dashboardPage.getResourceCount().then(function (count) {\n        if (count > 0) {\n            cy.log(\"Found \".concat(count, \" resources on dashboard\"));\n        }\n        else {\n            cy.log('No resources found on dashboard');\n        }\n    });\n});",
              "err": {},
              "uuid": "4aef136d-c911-46d0-a9e9-7a7afae355b2",
              "parentUUID": "788b5da3-a636-44aa-be75-cf78a18c15ea",
              "isHook": false,
              "skipped": false
            },
            {
              "title": "should allow searching if implemented",
              "fullTitle": "Dashboard should allow searching if implemented",
              "timedOut": null,
              "duration": 3119,
              "state": "passed",
              "speed": "fast",
              "pass": true,
              "fail": false,
              "pending": false,
              "context": "{\n  \"title\": \"cypress-mochawesome-reporter-screenshots\",\n  \"value\": [\n    [\n      \"/dashboard.cy.ts/Dashboard-should allow searching if implemented-dashboard-not-loaded.png\"\n    ]\n  ]\n}",
              "code": "// Check if the dashboard is loaded\npage_objects_1.dashboardPage.isDashboardLoaded().then(function (isLoaded) {\n    if (!isLoaded) {\n        cy.log('Dashboard not loaded properly, skipping test');\n        page_objects_1.dashboardPage.takeScreenshot('dashboard-not-loaded');\n        return;\n    }\n    // Check if search input exists\n    cy.get('body').then(function ($body) {\n        var hasSearchInput = $body.find('[data-testid=\"search-input\"]').length > 0;\n        if (hasSearchInput) {\n            // Perform a test search\n            page_objects_1.dashboardPage.search('test');\n            page_objects_1.dashboardPage.takeScreenshot('search-results');\n        }\n        else {\n            cy.log('Search functionality not found - it may not be implemented yet');\n            page_objects_1.dashboardPage.takeScreenshot('no-search-functionality');\n        }\n    });\n});",
              "err": {},
              "uuid": "1a44dbbe-b080-48a8-8b15-06cc89573d25",
              "parentUUID": "788b5da3-a636-44aa-be75-cf78a18c15ea",
              "isHook": false,
              "skipped": false
            }
          ],
          "suites": [],
          "passes": [
            "871aebf5-243b-4d55-801c-8bbf5200cd05",
            "fcdc4ceb-ea04-4f6e-8a47-c0275c2d1e79",
            "e3b7e8d7-8cff-4243-9e82-5793562a94fd",
            "b6294f1b-6f39-406c-8a58-0e0693d42a9a",
            "2d8cb7f7-0591-4641-aec9-4ed201217914",
            "8be78ceb-966d-4a53-becc-ef9ab719c76b",
            "a2c7e462-0e77-4e28-bb71-a07eda89abac",
            "4aef136d-c911-46d0-a9e9-7a7afae355b2",
            "1a44dbbe-b080-48a8-8b15-06cc89573d25"
          ],
          "failures": [],
          "pending": [],
          "skipped": [],
          "duration": 29252,
          "root": false,
          "rootEmpty": false,
          "_timeout": 2000
        }
      ],
      "passes": [],
      "failures": [],
      "pending": [],
      "skipped": [],
      "duration": 0,
      "root": true,
      "rootEmpty": true,
      "_timeout": 2000
    }
  ],
  "meta": {
    "mocha": {
      "version": "7.0.1"
    },
    "mochawesome": {
      "options": {
        "quiet": false,
        "reportFilename": "mochawesome",
        "saveHtml": false,
        "saveJson": true,
        "consoleReporter": "spec",
        "useInlineDiffs": false,
        "code": true
      },
      "version": "7.1.3"
    },
    "marge": {
      "options": {
        "reporterEnabled": "cypress-mochawesome-reporter",
        "cypressMochawesomeReporterReporterOptions": {
          "reportDir": "e2e-testing/reports",
          "charts": true,
          "reportPageTitle": "Learning Platform E2E Tests",
          "embeddedScreenshots": true,
          "inlineAssets": true
        },
        "reportDir": "./e2e-testing/cypress/reports/resilient",
        "overwrite": false,
        "html": false,
        "json": true
      },
      "version": "6.2.0"
    }
  }
}