{
  "stats": {
    "suites": 1,
    "tests": 5,
    "passes": 5,
    "pending": 0,
    "failures": 0,
    "start": "2025-03-20T10:25:51.719Z",
    "end": "2025-03-20T10:26:04.102Z",
    "duration": 12383,
    "testsRegistered": 5,
    "passPercent": 100,
    "pendingPercent": 0,
    "other": 0,
    "hasOther": false,
    "skipped": 0,
    "hasSkipped": false
  },
  "results": [
    {
      "uuid": "774c6b37-05b5-4b8d-8153-fa40b57cfaef",
      "title": "",
      "fullFile": "e2e-testing/cypress/e2e/analytics.cy.ts",
      "file": "e2e-testing/cypress/e2e/analytics.cy.ts",
      "beforeHooks": [],
      "afterHooks": [],
      "tests": [],
      "suites": [
        {
          "uuid": "7383282b-476c-44fc-be0f-bae46ddb0aaf",
          "title": "Progress Analytics",
          "fullFile": "",
          "file": "",
          "beforeHooks": [],
          "afterHooks": [],
          "tests": [
            {
              "title": "should display analytics overview",
              "fullTitle": "Progress Analytics should display analytics overview",
              "timedOut": null,
              "duration": 2392,
              "state": "passed",
              "speed": "fast",
              "pass": true,
              "fail": false,
              "pending": false,
              "context": null,
              "code": "// Check if analytics page loaded properly\npage_objects_1.analyticsPage.isAnalyticsPageLoaded().then(function (isLoaded) {\n    if (!isLoaded) {\n        cy.log('Analytics page not loaded properly, skipping test');\n        page_objects_1.analyticsPage.takeScreenshot('analytics-not-loaded');\n        return;\n    }\n    // Take screenshot for documentation\n    page_objects_1.analyticsPage.takeScreenshot('analytics-overview');\n    // Verify overview charts are visible\n    page_objects_1.analyticsPage.verifyOverviewChartVisible().then(function (isVisible) {\n        expect(isVisible).to.be.true;\n    });\n    page_objects_1.analyticsPage.verifyUsageChartVisible().then(function (isVisible) {\n        if (!isVisible) {\n            cy.log('Usage chart not visible, could be a feature in development');\n        }\n    });\n    page_objects_1.analyticsPage.verifyProgressChartVisible().then(function (isVisible) {\n        if (!isVisible) {\n            cy.log('Progress chart not visible, could be a feature in development');\n        }\n    });\n});",
              "err": {},
              "uuid": "72f7355a-3f84-4961-999b-989e9da5b4b2",
              "parentUUID": "7383282b-476c-44fc-be0f-bae46ddb0aaf",
              "isHook": false,
              "skipped": false
            },
            {
              "title": "should allow filtering analytics by date range",
              "fullTitle": "Progress Analytics should allow filtering analytics by date range",
              "timedOut": null,
              "duration": 2598,
              "state": "passed",
              "speed": "fast",
              "pass": true,
              "fail": false,
              "pending": false,
              "context": null,
              "code": "// Check if analytics page loaded properly\npage_objects_1.analyticsPage.isAnalyticsPageLoaded().then(function (isLoaded) {\n    if (!isLoaded) {\n        cy.log('Analytics page not loaded properly, skipping test');\n        page_objects_1.analyticsPage.takeScreenshot('analytics-not-loaded');\n        return;\n    }\n    // Set custom date range\n    var endDate = new Date().toISOString().split('T')[0];\n    var startDate = new Date();\n    startDate.setMonth(startDate.getMonth() - 3);\n    var formattedStartDate = startDate.toISOString().split('T')[0];\n    // Set date range using page object\n    page_objects_1.analyticsPage.setDateRange(formattedStartDate, endDate);\n    // Take screenshot after filter applied\n    page_objects_1.analyticsPage.takeScreenshot('analytics-filtered');\n    // Verify charts are updated after filtering\n    page_objects_1.analyticsPage.verifyOverviewChartVisible().then(function (isVisible) {\n        expect(isVisible).to.be.true;\n    });\n    // Reset filters\n    page_objects_1.analyticsPage.resetFilters();\n    page_objects_1.analyticsPage.takeScreenshot('analytics-filters-reset');\n});",
              "err": {},
              "uuid": "f9768807-0c36-417c-b30a-8be781bce140",
              "parentUUID": "7383282b-476c-44fc-be0f-bae46ddb0aaf",
              "isHook": false,
              "skipped": false
            },
            {
              "title": "should display various analytics tabs",
              "fullTitle": "Progress Analytics should display various analytics tabs",
              "timedOut": null,
              "duration": 2361,
              "state": "passed",
              "speed": "fast",
              "pass": true,
              "fail": false,
              "pending": false,
              "context": null,
              "code": "// Check if analytics page loaded properly\npage_objects_1.analyticsPage.isAnalyticsPageLoaded().then(function (isLoaded) {\n    if (!isLoaded) {\n        cy.log('Analytics page not loaded properly, skipping test');\n        page_objects_1.analyticsPage.takeScreenshot('analytics-not-loaded');\n        return;\n    }\n    // Switch to resources tab\n    page_objects_1.analyticsPage.switchToTab('resources');\n    page_objects_1.analyticsPage.verifyResourceStatsVisible().then(function (isVisible) {\n        if (isVisible) {\n            page_objects_1.analyticsPage.takeScreenshot('resources-analytics');\n        }\n        else {\n            cy.log('Resource stats not visible, could be a feature in development');\n        }\n    });\n    // Switch to concepts tab\n    page_objects_1.analyticsPage.switchToTab('concepts');\n    page_objects_1.analyticsPage.verifyConceptStatsVisible().then(function (isVisible) {\n        if (isVisible) {\n            page_objects_1.analyticsPage.takeScreenshot('concepts-analytics');\n        }\n        else {\n            cy.log('Concept stats not visible, could be a feature in development');\n        }\n    });\n    // Switch back to overview tab\n    page_objects_1.analyticsPage.switchToTab('overview');\n    page_objects_1.analyticsPage.verifyOverviewChartVisible().then(function (isVisible) {\n        expect(isVisible).to.be.true;\n    });\n});",
              "err": {},
              "uuid": "102942ae-cf54-4ec1-ac4c-cb50ae594bb7",
              "parentUUID": "7383282b-476c-44fc-be0f-bae46ddb0aaf",
              "isHook": false,
              "skipped": false
            },
            {
              "title": "should allow exporting analytics data",
              "fullTitle": "Progress Analytics should allow exporting analytics data",
              "timedOut": null,
              "duration": 2368,
              "state": "passed",
              "speed": "fast",
              "pass": true,
              "fail": false,
              "pending": false,
              "context": null,
              "code": "// Check if analytics page loaded properly\npage_objects_1.analyticsPage.isAnalyticsPageLoaded().then(function (isLoaded) {\n    if (!isLoaded) {\n        cy.log('Analytics page not loaded properly, skipping test');\n        page_objects_1.analyticsPage.takeScreenshot('analytics-not-loaded');\n        return;\n    }\n    // Try exporting as CSV if available\n    cy.get('body').then(function ($body) {\n        var hasExportButton = $body.find('[data-testid=\"export-button\"]').length > 0;\n        if (hasExportButton) {\n            page_objects_1.analyticsPage.exportAsCSV();\n            page_objects_1.analyticsPage.takeScreenshot('export-csv-attempted');\n        }\n        else {\n            cy.log('Export functionality not available');\n            page_objects_1.analyticsPage.takeScreenshot('export-not-available');\n        }\n    });\n});",
              "err": {},
              "uuid": "e4ba87f0-85db-4134-aaed-964f9fa282ce",
              "parentUUID": "7383282b-476c-44fc-be0f-bae46ddb0aaf",
              "isHook": false,
              "skipped": false
            },
            {
              "title": "should capture all analytics charts for documentation",
              "fullTitle": "Progress Analytics should capture all analytics charts for documentation",
              "timedOut": null,
              "duration": 2349,
              "state": "passed",
              "speed": "fast",
              "pass": true,
              "fail": false,
              "pending": false,
              "context": null,
              "code": "// Check if analytics page loaded properly\npage_objects_1.analyticsPage.isAnalyticsPageLoaded().then(function (isLoaded) {\n    if (!isLoaded) {\n        cy.log('Analytics page not loaded properly, skipping test');\n        page_objects_1.analyticsPage.takeScreenshot('analytics-not-loaded');\n        return;\n    }\n    // Capture all charts\n    page_objects_1.analyticsPage.captureAllCharts();\n    // Return to dashboard to verify navigation\n    page_objects_1.dashboardPage.visitDashboard();\n    page_objects_1.dashboardPage.isDashboardLoaded().then(function (isDashboardLoaded) {\n        expect(isDashboardLoaded).to.be.true;\n        page_objects_1.dashboardPage.takeScreenshot('return-to-dashboard');\n    });\n});",
              "err": {},
              "uuid": "41164154-01dd-40c8-8d9c-0cd4dbde8361",
              "parentUUID": "7383282b-476c-44fc-be0f-bae46ddb0aaf",
              "isHook": false,
              "skipped": false
            }
          ],
          "suites": [],
          "passes": [
            "72f7355a-3f84-4961-999b-989e9da5b4b2",
            "f9768807-0c36-417c-b30a-8be781bce140",
            "102942ae-cf54-4ec1-ac4c-cb50ae594bb7",
            "e4ba87f0-85db-4134-aaed-964f9fa282ce",
            "41164154-01dd-40c8-8d9c-0cd4dbde8361"
          ],
          "failures": [],
          "pending": [],
          "skipped": [],
          "duration": 12068,
          "root": false,
          "rootEmpty": false,
          "_timeout": 2000
        }
      ],
      "passes": [],
      "failures": [],
      "pending": [],
      "skipped": [],
      "duration": 0,
      "root": true,
      "rootEmpty": true,
      "_timeout": 2000
    }
  ],
  "meta": {
    "mocha": {
      "version": "7.0.1"
    },
    "mochawesome": {
      "options": {
        "quiet": false,
        "reportFilename": "mochawesome",
        "saveHtml": false,
        "saveJson": true,
        "consoleReporter": "spec",
        "useInlineDiffs": false,
        "code": true
      },
      "version": "7.1.3"
    },
    "marge": {
      "options": {
        "reporterEnabled": "cypress-mochawesome-reporter",
        "cypressMochawesomeReporterReporterOptions": {
          "reportDir": "e2e-testing/reports",
          "charts": true,
          "reportPageTitle": "Learning Platform E2E Tests",
          "embeddedScreenshots": true,
          "inlineAssets": true
        },
        "reportDir": "./e2e-testing/cypress/reports/resilient",
        "overwrite": false,
        "html": false,
        "json": true
      },
      "version": "6.2.0"
    }
  }
}