{
  "stats": {
    "suites": 1,
    "tests": 4,
    "passes": 1,
    "pending": 0,
    "failures": 3,
    "start": "2025-03-17T17:51:16.767Z",
    "end": "2025-03-17T17:52:01.874Z",
    "duration": 45107,
    "testsRegistered": 4,
    "passPercent": 25,
    "pendingPercent": 0,
    "other": 0,
    "hasOther": false,
    "skipped": 0,
    "hasSkipped": false
  },
  "results": [
    {
      "uuid": "6330f95f-c93c-4a9d-b7d0-fc9c10643bef",
      "title": "",
      "fullFile": "cypress/e2e/auth.cy.ts",
      "file": "cypress/e2e/auth.cy.ts",
      "beforeHooks": [],
      "afterHooks": [],
      "tests": [],
      "suites": [
        {
          "uuid": "e79350bb-7bc1-4812-8c62-5e2452ffe2d3",
          "title": "Authentication Flow",
          "fullFile": "",
          "file": "",
          "beforeHooks": [],
          "afterHooks": [],
          "tests": [
            {
              "title": "should show validation errors for invalid registration",
              "fullTitle": "Authentication Flow should show validation errors for invalid registration",
              "timedOut": null,
              "duration": 3019,
              "state": "passed",
              "speed": "fast",
              "pass": true,
              "fail": false,
              "pending": false,
              "context": "{\n  \"title\": \"cypress-mochawesome-reporter-videos-passed\",\n  \"value\": \"cypress/e2e/auth.cy.ts\"\n}",
              "code": "cy.visit('/auth/register');\n// Submit empty form\ncy.get('button[type=\"submit\"]').click();\n// Should show validation errors\ncy.get('[data-testid=\"error-username\"]').should('be.visible');\ncy.get('[data-testid=\"error-email\"]').should('be.visible');\ncy.get('[data-testid=\"error-password\"]').should('be.visible');\n// Test invalid email format\ncy.get('#username').type('testuser');\ncy.get('#email').type('invalid-email');\ncy.get('#password').type('short');\ncy.get('#fullName').type('Test User');\ncy.get('button[type=\"submit\"]').click();\n// Should show specific validation errors\ncy.get('[data-testid=\"error-email\"]').should('be.visible');\ncy.get('[data-testid=\"error-password\"]').should('be.visible');",
              "err": {},
              "uuid": "496cfd99-48af-4eb2-9fe3-b50cd517031a",
              "parentUUID": "e79350bb-7bc1-4812-8c62-5e2452ffe2d3",
              "isHook": false,
              "skipped": false
            },
            {
              "title": "should allow a user to register and login",
              "fullTitle": "Authentication Flow should allow a user to register and login",
              "timedOut": null,
              "duration": 14544,
              "state": "failed",
              "speed": null,
              "pass": false,
              "fail": true,
              "pending": false,
              "context": "[\n  {\n    \"title\": \"cypress-mochawesome-reporter-videos-failed\",\n    \"value\": \"cypress/e2e/auth.cy.ts\"\n  },\n  {\n    \"title\": \"cypress-mochawesome-reporter-screenshots\",\n    \"value\": [\n      [\n        \"/auth.cy.ts/Authentication Flow -- should allow a user to register and login (failed).png\"\n      ]\n    ]\n  }\n]",
              "code": "// Visit the registration page\ncy.visit('/auth/register');\ncy.url().should('include', '/auth/register');\n// Fill out the registration form\ncy.get('#username').type(testUser.username);\ncy.get('#email').type(testUser.email);\ncy.get('#password').type(testUser.password);\ncy.get('#confirmPassword').type(testUser.password);\ncy.get('#fullName').type(testUser.fullName);\n// Submit the form\ncy.get('button[type=\"submit\"]').click();\n// The app might redirect to login first or directly to dashboard\n// Handle both cases\ncy.url().then(function (url) {\n    if (url.includes('/auth/login')) {\n        // If redirected to login, log in with the newly created account\n        cy.get('#username').type(testUser.username);\n        cy.get('#password').type(testUser.password);\n        cy.get('button[type=\"submit\"]').click();\n    }\n    // Should eventually end up at dashboard\n    cy.url().should('include', '/dashboard', { timeout: 10000 });\n    // Verify user is logged in by checking for user-specific elements\n    cy.get('[data-testid=\"user-greeting\"]').should('contain', testUser.username);\n});",
              "err": {
                "message": "AssertionError: Timed out retrying after 10000ms: [object Object]: expected 'http://localhost:3000/auth/login?callbackUrl=%2Fdashboard' to include '/dashboard'",
                "estack": "AssertionError: Timed out retrying after 10000ms: [object Object]: expected 'http://localhost:3000/auth/login?callbackUrl=%2Fdashboard' to include '/dashboard'\n    at Context.eval (webpack://frontend/./cypress/e2e/auth.cy.ts:53:0)\n    at getRet (http://localhost:3000/__cypress/runner/cypress_runner.js:118349:20)\n    at tryCatcher (http://localhost:3000/__cypress/runner/cypress_runner.js:1777:23)\n    at Promise.attempt.Promise.try (http://localhost:3000/__cypress/runner/cypress_runner.js:4285:29)\n    at Context.thenFn (http://localhost:3000/__cypress/runner/cypress_runner.js:118360:66)\n    at Context.then (http://localhost:3000/__cypress/runner/cypress_runner.js:118611:21)\n    at wrapped (http://localhost:3000/__cypress/runner/cypress_runner.js:138862:19)",
                "diff": null
              },
              "uuid": "6cc00cd0-74f9-4812-b005-0ba2ae542d80",
              "parentUUID": "e79350bb-7bc1-4812-8c62-5e2452ffe2d3",
              "isHook": false,
              "skipped": false
            },
            {
              "title": "should show error for invalid login credentials",
              "fullTitle": "Authentication Flow should show error for invalid login credentials",
              "timedOut": null,
              "duration": 14783,
              "state": "failed",
              "speed": null,
              "pass": false,
              "fail": true,
              "pending": false,
              "context": "[\n  {\n    \"title\": \"cypress-mochawesome-reporter-videos-failed\",\n    \"value\": \"cypress/e2e/auth.cy.ts\"\n  },\n  {\n    \"title\": \"cypress-mochawesome-reporter-screenshots\",\n    \"value\": [\n      [\n        \"/auth.cy.ts/Authentication Flow -- should show error for invalid login credentials (failed).png\"\n      ]\n    ]\n  }\n]",
              "code": "cy.visit('/auth/login');\n// Try to login with invalid credentials\ncy.get('#username').type('nonexistent-user');\ncy.get('#password').type('WrongPassword123!');\ncy.get('button[type=\"submit\"]').click();\n// Should show some kind of error message\n// Look for either a specific data-testid or error text content\ncy.get('div').contains(/error|failed|incorrect/i, { timeout: 10000 }).should('be.visible');\n// URL should still be login page\ncy.url().should('include', '/auth/login');",
              "err": {
                "message": "AssertionError: Timed out retrying after 10000ms: Expected to find content: '/error|failed|incorrect/i' within the element: <div.text-center> but never did.",
                "estack": "AssertionError: Timed out retrying after 10000ms: Expected to find content: '/error|failed|incorrect/i' within the element: <div.text-center> but never did.\n    at Context.eval (webpack://frontend/./cypress/e2e/auth.cy.ts:66:76)",
                "diff": null
              },
              "uuid": "7122950a-8232-4d98-af20-3228f180b609",
              "parentUUID": "e79350bb-7bc1-4812-8c62-5e2452ffe2d3",
              "isHook": false,
              "skipped": false
            },
            {
              "title": "should support programmatic login via custom command",
              "fullTitle": "Authentication Flow should support programmatic login via custom command",
              "timedOut": null,
              "duration": 12559,
              "state": "failed",
              "speed": null,
              "pass": false,
              "fail": true,
              "pending": false,
              "context": "[\n  {\n    \"title\": \"cypress-mochawesome-reporter-videos-failed\",\n    \"value\": \"cypress/e2e/auth.cy.ts\"\n  },\n  {\n    \"title\": \"cypress-mochawesome-reporter-screenshots\",\n    \"value\": [\n      [\n        \"/auth.cy.ts/Authentication Flow -- should support programmatic login via custom command (failed).png\"\n      ]\n    ]\n  }\n]",
              "code": "// Create a test user first via API\ncy.createTestUser(testUser);\n// Use the custom login command\ncy.login(testUser.username, testUser.password);\n// Verify token was set in localStorage\ncy.window().its('localStorage').invoke('getItem', 'token').should('not.be.null');\n// Visit the dashboard\ncy.visit('/dashboard');\n// Should be on dashboard page (not redirected to login)\ncy.url().should('include', '/dashboard');\n// Verify user is logged in\ncy.get('[data-testid=\"user-greeting\"]').should('contain', testUser.username);",
              "err": {
                "message": "AssertionError: Timed out retrying after 10000ms: Expected to find element: `[data-testid=\"user-greeting\"]`, but never found it.",
                "estack": "AssertionError: Timed out retrying after 10000ms: Expected to find element: `[data-testid=\"user-greeting\"]`, but never found it.\n    at Context.eval (webpack://frontend/./cypress/e2e/auth.cy.ts:82:0)",
                "diff": null
              },
              "uuid": "0e14c34c-6d22-4ddb-8a8e-20f9ac551e18",
              "parentUUID": "e79350bb-7bc1-4812-8c62-5e2452ffe2d3",
              "isHook": false,
              "skipped": false
            }
          ],
          "suites": [],
          "passes": [
            "496cfd99-48af-4eb2-9fe3-b50cd517031a"
          ],
          "failures": [
            "6cc00cd0-74f9-4812-b005-0ba2ae542d80",
            "7122950a-8232-4d98-af20-3228f180b609",
            "0e14c34c-6d22-4ddb-8a8e-20f9ac551e18"
          ],
          "pending": [],
          "skipped": [],
          "duration": 44905,
          "root": false,
          "rootEmpty": false,
          "_timeout": 2000
        }
      ],
      "passes": [],
      "failures": [],
      "pending": [],
      "skipped": [],
      "duration": 0,
      "root": true,
      "rootEmpty": true,
      "_timeout": 2000
    }
  ],
  "meta": {
    "mocha": {
      "version": "7.0.1"
    },
    "mochawesome": {
      "options": {
        "quiet": false,
        "reportFilename": "mochawesome",
        "saveHtml": false,
        "saveJson": true,
        "consoleReporter": "spec",
        "useInlineDiffs": false,
        "code": true
      },
      "version": "7.1.3"
    },
    "marge": {
      "options": {
        "id": "default",
        "reportDir": "cypress/reports/.jsons",
        "charts": true,
        "reportPageTitle": "Learning Platform E2E Tests",
        "embeddedScreenshots": true,
        "inlineAssets": true,
        "overwrite": false,
        "html": false,
        "json": true
      },
      "version": "6.2.0"
    }
  }
}