{
  "stats": {
    "suites": 1,
    "tests": 1,
    "passes": 0,
    "pending": 0,
    "failures": 1,
    "start": "2025-03-17T16:39:13.321Z",
    "end": "2025-03-17T16:39:26.416Z",
    "duration": 13095,
    "testsRegistered": 9,
    "passPercent": 0,
    "pendingPercent": 0,
    "other": 0,
    "hasOther": false,
    "skipped": 8,
    "hasSkipped": true
  },
  "results": [
    {
      "uuid": "99d964f1-f203-4eb6-a1b4-09f29b627fcb",
      "title": "",
      "fullFile": "cypress/e2e/analytics.cy.ts",
      "file": "cypress/e2e/analytics.cy.ts",
      "beforeHooks": [],
      "afterHooks": [],
      "tests": [],
      "suites": [
        {
          "uuid": "475b9ca0-e0b1-4f3d-8d92-7db46eec66d6",
          "title": "Progress Analytics",
          "fullFile": "",
          "file": "",
          "beforeHooks": [],
          "afterHooks": [],
          "tests": [
            {
              "title": "should display analytics overview",
              "fullTitle": "Progress Analytics should display analytics overview",
              "timedOut": null,
              "duration": 12933,
              "state": "failed",
              "speed": null,
              "pass": false,
              "fail": true,
              "pending": false,
              "context": "[\n  {\n    \"title\": \"cypress-mochawesome-reporter-videos-failed\",\n    \"value\": \"cypress/e2e/analytics.cy.ts\"\n  },\n  {\n    \"title\": \"cypress-mochawesome-reporter-screenshots\",\n    \"value\": [\n      [\n        \"/analytics.cy.ts/Progress Analytics -- should display analytics overview -- before each hook (failed).png\"\n      ]\n    ]\n  }\n]",
              "code": "// Check that analytics overview is displayed\ncy.get('[data-testid=\"analytics-overview\"]').should('be.visible');\n// Check that study time section is displayed\ncy.get('[data-testid=\"study-time-section\"]').should('be.visible');\n// Check that resource completion section is displayed\ncy.get('[data-testid=\"resource-completion-section\"]').should('be.visible');\n// Check that knowledge retention section is displayed\ncy.get('[data-testid=\"knowledge-retention-section\"]').should('be.visible');\n// Check that learning path progress section is displayed\ncy.get('[data-testid=\"learning-path-progress-section\"]').should('be.visible');",
              "err": {
                "message": "AssertionError: Timed out retrying after 10000ms: Expected to find element: `input[name=\"email\"]`, but never found it.\n\nBecause this error occurred during a `before each` hook we are skipping the remaining tests in the current suite: `Progress Analytics`",
                "estack": "AssertionError: Timed out retrying after 10000ms: Expected to find element: `input[name=\"email\"]`, but never found it.\n\nBecause this error occurred during a `before each` hook we are skipping the remaining tests in the current suite: `Progress Analytics`\n    at Context.eval (webpack://frontend/./cypress/e2e/analytics.cy.ts:9:0)",
                "diff": null
              },
              "uuid": "1dc17a38-f2c5-4663-a8b9-e60fdbc88e14",
              "parentUUID": "475b9ca0-e0b1-4f3d-8d92-7db46eec66d6",
              "isHook": false,
              "skipped": false
            },
            {
              "title": "should allow filtering analytics by date range",
              "fullTitle": "Progress Analytics should allow filtering analytics by date range",
              "timedOut": null,
              "duration": 0,
              "state": "skipped",
              "speed": null,
              "pass": false,
              "fail": false,
              "pending": false,
              "context": null,
              "code": "// Test date range filter\ncy.get('[data-testid=\"date-range-selector\"]').click();\n// Select last week\ncy.get('[data-testid=\"date-range-last-week\"]').click();\n// Verify charts are updated\ncy.get('[data-testid=\"study-time-chart\"]').should('be.visible');\ncy.get('[data-testid=\"resource-completion-chart\"]').should('be.visible');\n// Select last month\ncy.get('[data-testid=\"date-range-selector\"]').click();\ncy.get('[data-testid=\"date-range-last-month\"]').click();\n// Verify charts are updated\ncy.get('[data-testid=\"study-time-chart\"]').should('be.visible');\ncy.get('[data-testid=\"resource-completion-chart\"]').should('be.visible');\n// Select custom range\ncy.get('[data-testid=\"date-range-selector\"]').click();\ncy.get('[data-testid=\"date-range-custom\"]').click();\n// Set custom date range (last 3 months)\nvar endDate = new Date();\nvar startDate = new Date();\nstartDate.setMonth(startDate.getMonth() - 3);\nvar formattedStartDate = startDate.toISOString().split('T')[0]; // YYYY-MM-DD\nvar formattedEndDate = endDate.toISOString().split('T')[0]; // YYYY-MM-DD\ncy.get('[data-testid=\"custom-start-date\"]').type(formattedStartDate);\ncy.get('[data-testid=\"custom-end-date\"]').type(formattedEndDate);\ncy.get('[data-testid=\"apply-custom-range\"]').click();\n// Verify charts are updated\ncy.get('[data-testid=\"study-time-chart\"]').should('be.visible');\ncy.get('[data-testid=\"resource-completion-chart\"]').should('be.visible');",
              "err": {},
              "uuid": "f1e7af79-6e2d-415a-8362-16eee2595b01",
              "parentUUID": "475b9ca0-e0b1-4f3d-8d92-7db46eec66d6",
              "isHook": false,
              "skipped": true
            },
            {
              "title": "should allow adding a new study metric",
              "fullTitle": "Progress Analytics should allow adding a new study metric",
              "timedOut": null,
              "duration": 0,
              "state": "skipped",
              "speed": null,
              "pass": false,
              "fail": false,
              "pending": false,
              "context": null,
              "code": "// Click on add metric button\ncy.get('[data-testid=\"add-metric\"]').click();\n// Fill out the metric form\nvar today = new Date().toISOString().split('T')[0]; // YYYY-MM-DD\ncy.get('input[name=\"date\"]').type(today);\ncy.get('input[name=\"study_hours\"]').type('2.5');\ncy.get('input[name=\"topics\"]').type('python,testing,cypress');\ncy.get('input[name=\"focus_score\"]').type('8');\ncy.get('textarea[name=\"notes\"]').type('Study session during Cypress testing');\n// Submit the form\ncy.get('button[type=\"submit\"]').click();\n// Verify the metric was added\ncy.get('[data-testid=\"success-notification\"]').should('be.visible');\n// Verify the charts are updated\ncy.get('[data-testid=\"study-time-chart\"]').should('be.visible');",
              "err": {},
              "uuid": "943d7777-0146-4036-bb9d-11677fa5134a",
              "parentUUID": "475b9ca0-e0b1-4f3d-8d92-7db46eec66d6",
              "isHook": false,
              "skipped": true
            },
            {
              "title": "should display study time analytics",
              "fullTitle": "Progress Analytics should display study time analytics",
              "timedOut": null,
              "duration": 0,
              "state": "skipped",
              "speed": null,
              "pass": false,
              "fail": false,
              "pending": false,
              "context": null,
              "code": "// Click on study time tab\ncy.get('[data-testid=\"study-time-tab\"]').click();\n// Verify study time charts are displayed\ncy.get('[data-testid=\"study-time-chart\"]').should('be.visible');\ncy.get('[data-testid=\"focus-score-chart\"]').should('be.visible');\ncy.get('[data-testid=\"topics-distribution-chart\"]').should('be.visible');\n// Test chart type toggle\ncy.get('[data-testid=\"chart-type-selector\"]').click();\ncy.get('[data-testid=\"chart-type-bar\"]').click();\n// Verify chart type changed\ncy.get('[data-testid=\"study-time-chart\"]').should('be.visible');",
              "err": {},
              "uuid": "e33902b4-701c-4825-b285-cd536baa8d7a",
              "parentUUID": "475b9ca0-e0b1-4f3d-8d92-7db46eec66d6",
              "isHook": false,
              "skipped": true
            },
            {
              "title": "should display resource completion analytics",
              "fullTitle": "Progress Analytics should display resource completion analytics",
              "timedOut": null,
              "duration": 0,
              "state": "skipped",
              "speed": null,
              "pass": false,
              "fail": false,
              "pending": false,
              "context": null,
              "code": "// Click on resource completion tab\ncy.get('[data-testid=\"resource-completion-tab\"]').click();\n// Verify resource completion charts are displayed\ncy.get('[data-testid=\"resource-completion-chart\"]').should('be.visible');\ncy.get('[data-testid=\"resource-type-distribution-chart\"]').should('be.visible');\ncy.get('[data-testid=\"resource-difficulty-distribution-chart\"]').should('be.visible');\n// Test chart type toggle\ncy.get('[data-testid=\"chart-type-selector\"]').click();\ncy.get('[data-testid=\"chart-type-doughnut\"]').click();\n// Verify chart type changed\ncy.get('[data-testid=\"resource-type-distribution-chart\"]').should('be.visible');",
              "err": {},
              "uuid": "af89b890-71a5-4f47-a401-854a4a21ba0a",
              "parentUUID": "475b9ca0-e0b1-4f3d-8d92-7db46eec66d6",
              "isHook": false,
              "skipped": true
            },
            {
              "title": "should display knowledge retention analytics",
              "fullTitle": "Progress Analytics should display knowledge retention analytics",
              "timedOut": null,
              "duration": 0,
              "state": "skipped",
              "speed": null,
              "pass": false,
              "fail": false,
              "pending": false,
              "context": null,
              "code": "// Click on knowledge retention tab\ncy.get('[data-testid=\"knowledge-retention-tab\"]').click();\n// Verify knowledge retention charts are displayed\ncy.get('[data-testid=\"review-history-chart\"]').should('be.visible');\ncy.get('[data-testid=\"confidence-trend-chart\"]').should('be.visible');\ncy.get('[data-testid=\"concepts-by-topic-chart\"]').should('be.visible');\n// Test chart type toggle\ncy.get('[data-testid=\"chart-type-selector\"]').click();\ncy.get('[data-testid=\"chart-type-line\"]').click();\n// Verify chart type changed\ncy.get('[data-testid=\"confidence-trend-chart\"]').should('be.visible');",
              "err": {},
              "uuid": "a0530409-fa76-482b-a732-79af65d84ebc",
              "parentUUID": "475b9ca0-e0b1-4f3d-8d92-7db46eec66d6",
              "isHook": false,
              "skipped": true
            },
            {
              "title": "should display learning path progress analytics",
              "fullTitle": "Progress Analytics should display learning path progress analytics",
              "timedOut": null,
              "duration": 0,
              "state": "skipped",
              "speed": null,
              "pass": false,
              "fail": false,
              "pending": false,
              "context": null,
              "code": "// Click on learning path progress tab\ncy.get('[data-testid=\"learning-path-tab\"]').click();\n// Verify learning path progress charts are displayed\ncy.get('[data-testid=\"goals-progress-chart\"]').should('be.visible');\ncy.get('[data-testid=\"milestones-progress-chart\"]').should('be.visible');\ncy.get('[data-testid=\"roadmap-progress-chart\"]').should('be.visible');\n// Test chart type toggle\ncy.get('[data-testid=\"chart-type-selector\"]').click();\ncy.get('[data-testid=\"chart-type-pie\"]').click();\n// Verify chart type changed\ncy.get('[data-testid=\"goals-progress-chart\"]').should('be.visible');",
              "err": {},
              "uuid": "cc874b21-cd80-4642-90e5-bf8366c88b0e",
              "parentUUID": "475b9ca0-e0b1-4f3d-8d92-7db46eec66d6",
              "isHook": false,
              "skipped": true
            },
            {
              "title": "should generate and display weekly report",
              "fullTitle": "Progress Analytics should generate and display weekly report",
              "timedOut": null,
              "duration": 0,
              "state": "skipped",
              "speed": null,
              "pass": false,
              "fail": false,
              "pending": false,
              "context": null,
              "code": "// Click on reports tab\ncy.get('[data-testid=\"reports-tab\"]').click();\n// Click on generate report button\ncy.get('[data-testid=\"generate-report\"]').click();\n// Select weekly report\ncy.get('[data-testid=\"report-type-weekly\"]').click();\n// Select week\nvar today = new Date();\nvar weekStart = new Date(today);\nweekStart.setDate(today.getDate() - today.getDay());\nvar formattedWeekStart = weekStart.toISOString().split('T')[0]; // YYYY-MM-DD\ncy.get('input[name=\"week_start\"]').type(formattedWeekStart);\n// Generate report\ncy.get('[data-testid=\"generate-report-button\"]').click();\n// Verify report is displayed\ncy.get('[data-testid=\"weekly-report\"]').should('be.visible');\ncy.get('[data-testid=\"report-study-time\"]').should('be.visible');\ncy.get('[data-testid=\"report-resources-completed\"]').should('be.visible');\ncy.get('[data-testid=\"report-concepts-reviewed\"]').should('be.visible');\ncy.get('[data-testid=\"report-goals-progress\"]').should('be.visible');",
              "err": {},
              "uuid": "e06213c2-9e8d-472b-a2db-16bf79543593",
              "parentUUID": "475b9ca0-e0b1-4f3d-8d92-7db46eec66d6",
              "isHook": false,
              "skipped": true
            },
            {
              "title": "should allow exporting analytics data",
              "fullTitle": "Progress Analytics should allow exporting analytics data",
              "timedOut": null,
              "duration": 0,
              "state": "skipped",
              "speed": null,
              "pass": false,
              "fail": false,
              "pending": false,
              "context": null,
              "code": "// Click on export button\ncy.get('[data-testid=\"export-data\"]').click();\n// Select export format\ncy.get('[data-testid=\"export-format-csv\"]').click();\n// Select data to export\ncy.get('[data-testid=\"export-study-time\"]').check();\ncy.get('[data-testid=\"export-resource-completion\"]').check();\ncy.get('[data-testid=\"export-knowledge-retention\"]').check();\n// Click export button\ncy.get('[data-testid=\"confirm-export\"]').click();\n// Verify export was successful\ncy.get('[data-testid=\"success-notification\"]').should('be.visible');",
              "err": {},
              "uuid": "723a7c45-47b5-4a69-8197-fb63f4e0379e",
              "parentUUID": "475b9ca0-e0b1-4f3d-8d92-7db46eec66d6",
              "isHook": false,
              "skipped": true
            }
          ],
          "suites": [],
          "passes": [],
          "failures": [
            "1dc17a38-f2c5-4663-a8b9-e60fdbc88e14"
          ],
          "pending": [],
          "skipped": [
            "f1e7af79-6e2d-415a-8362-16eee2595b01",
            "943d7777-0146-4036-bb9d-11677fa5134a",
            "e33902b4-701c-4825-b285-cd536baa8d7a",
            "af89b890-71a5-4f47-a401-854a4a21ba0a",
            "a0530409-fa76-482b-a732-79af65d84ebc",
            "cc874b21-cd80-4642-90e5-bf8366c88b0e",
            "e06213c2-9e8d-472b-a2db-16bf79543593",
            "723a7c45-47b5-4a69-8197-fb63f4e0379e"
          ],
          "duration": 12933,
          "root": false,
          "rootEmpty": false,
          "_timeout": 2000
        }
      ],
      "passes": [],
      "failures": [],
      "pending": [],
      "skipped": [],
      "duration": 0,
      "root": true,
      "rootEmpty": true,
      "_timeout": 2000
    }
  ],
  "meta": {
    "mocha": {
      "version": "7.0.1"
    },
    "mochawesome": {
      "options": {
        "quiet": false,
        "reportFilename": "mochawesome",
        "saveHtml": false,
        "saveJson": true,
        "consoleReporter": "spec",
        "useInlineDiffs": false,
        "code": true
      },
      "version": "7.1.3"
    },
    "marge": {
      "options": {
        "id": "default",
        "reportDir": "cypress/reports/.jsons",
        "charts": true,
        "reportPageTitle": "Learning Platform E2E Tests",
        "embeddedScreenshots": true,
        "inlineAssets": true,
        "overwrite": false,
        "html": false,
        "json": true
      },
      "version": "6.2.0"
    }
  }
}