{
  "stats": {
    "suites": 1,
    "tests": 1,
    "passes": 0,
    "pending": 0,
    "failures": 1,
    "start": "2025-03-17T17:51:05.740Z",
    "end": "2025-03-17T17:51:06.465Z",
    "duration": 725,
    "testsRegistered": 7,
    "passPercent": 0,
    "pendingPercent": 0,
    "other": 0,
    "hasOther": false,
    "skipped": 6,
    "hasSkipped": true
  },
  "results": [
    {
      "uuid": "ea6d2074-eaec-4fb3-8fdb-1c9fd8b2d721",
      "title": "",
      "fullFile": "cypress/e2e/analytics-visualization.cy.ts",
      "file": "cypress/e2e/analytics-visualization.cy.ts",
      "beforeHooks": [],
      "afterHooks": [],
      "tests": [],
      "suites": [
        {
          "uuid": "c7eae099-f1cf-4302-bd74-9efd05eedd95",
          "title": "Progress Analytics - Data Visualization",
          "fullFile": "",
          "file": "",
          "beforeHooks": [],
          "afterHooks": [],
          "tests": [
            {
              "title": "should display the analytics dashboard with charts",
              "fullTitle": "Progress Analytics - Data Visualization should display the analytics dashboard with charts",
              "timedOut": null,
              "duration": 573,
              "state": "failed",
              "speed": null,
              "pass": false,
              "fail": true,
              "pending": false,
              "context": "[\n  {\n    \"title\": \"cypress-mochawesome-reporter-videos-failed\",\n    \"value\": \"cypress/e2e/analytics-visualization.cy.ts\"\n  },\n  {\n    \"title\": \"cypress-mochawesome-reporter-screenshots\",\n    \"value\": [\n      [\n        \"/analytics-visualization.cy.ts/Progress Analytics - Data Visualization -- should display the analytics dashboard with charts -- before each hook (failed).png\"\n      ]\n    ]\n  }\n]",
              "code": "// Check that the analytics dashboard is displayed\ncy.get('[data-testid=\"analytics-dashboard\"]').should('be.visible');\n// Check that the study time chart is displayed\ncy.get('[data-testid=\"study-time-chart\"]').should('be.visible');\n// Check that the resources completed chart is displayed\ncy.get('[data-testid=\"resources-completed-chart\"]').should('be.visible');\n// Check that the concepts reviewed chart is displayed\ncy.get('[data-testid=\"concepts-reviewed-chart\"]').should('be.visible');",
              "err": {
                "message": "CypressError: `cy.request()` failed on:\n\nhttp://localhost:8000/token\n\nThe response we received from your web server was:\n\n  > 401: Unauthorized\n\nThis was considered a failure because the status code was not `2xx` or `3xx`.\n\nIf you do not want status codes to cause failures pass the option: `failOnStatusCode: false`\n\n-----------------------------------------------------------\n\nThe request we sent was:\n\nMethod: POST\nURL: http://localhost:8000/token\nHeaders: {\n  \"Connection\": \"keep-alive\",\n  \"user-agent\": \"Mozilla/5.0 (Macintosh; Intel Mac OS X 10_15_7) AppleWebKit/537.36 (KHTML, like Gecko) Chrome/130.0.6723.137 Safari/537.36\",\n  \"accept\": \"*/*\",\n  \"content-type\": \"application/x-www-form-urlencoded\",\n  \"accept-encoding\": \"gzip, deflate\",\n  \"content-length\": 46\n}\nBody: username=test-user&password=TestPassword123%21\n\n-----------------------------------------------------------\n\nThe response we got was:\n\nStatus: 401 - Unauthorized\nHeaders: {\n  \"date\": \"Mon, 17 Mar 2025 17:51:05 GMT\",\n  \"server\": \"uvicorn\",\n  \"www-authenticate\": \"Bearer\",\n  \"content-length\": \"43\",\n  \"content-type\": \"application/json\"\n}\nBody: {\n  \"detail\": \"Incorrect username or password\"\n}\n\n\nhttps://on.cypress.io/request\n\nBecause this error occurred during a `before each` hook we are skipping the remaining tests in the current suite: `Progress Analytics - Data V...`",
                "estack": "CypressError: `cy.request()` failed on:\n\nhttp://localhost:8000/token\n\nThe response we received from your web server was:\n\n  > 401: Unauthorized\n\nThis was considered a failure because the status code was not `2xx` or `3xx`.\n\nIf you do not want status codes to cause failures pass the option: `failOnStatusCode: false`\n\n-----------------------------------------------------------\n\nThe request we sent was:\n\nMethod: POST\nURL: http://localhost:8000/token\nHeaders: {\n  \"Connection\": \"keep-alive\",\n  \"user-agent\": \"Mozilla/5.0 (Macintosh; Intel Mac OS X 10_15_7) AppleWebKit/537.36 (KHTML, like Gecko) Chrome/130.0.6723.137 Safari/537.36\",\n  \"accept\": \"*/*\",\n  \"content-type\": \"application/x-www-form-urlencoded\",\n  \"accept-encoding\": \"gzip, deflate\",\n  \"content-length\": 46\n}\nBody: username=test-user&password=TestPassword123%21\n\n-----------------------------------------------------------\n\nThe response we got was:\n\nStatus: 401 - Unauthorized\nHeaders: {\n  \"date\": \"Mon, 17 Mar 2025 17:51:05 GMT\",\n  \"server\": \"uvicorn\",\n  \"www-authenticate\": \"Bearer\",\n  \"content-length\": \"43\",\n  \"content-type\": \"application/json\"\n}\nBody: {\n  \"detail\": \"Incorrect username or password\"\n}\n\n\nhttps://on.cypress.io/request\n\nBecause this error occurred during a `before each` hook we are skipping the remaining tests in the current suite: `Progress Analytics - Data V...`\n    at <unknown> (http://localhost:3000/__cypress/runner/cypress_runner.js:133638:72)\n    at tryCatcher (http://localhost:3000/__cypress/runner/cypress_runner.js:1777:23)\n    at Promise._settlePromiseFromHandler (http://localhost:3000/__cypress/runner/cypress_runner.js:1489:31)\n    at Promise._settlePromise (http://localhost:3000/__cypress/runner/cypress_runner.js:1546:18)\n    at Promise._settlePromise0 (http://localhost:3000/__cypress/runner/cypress_runner.js:1591:10)\n    at Promise._settlePromises (http://localhost:3000/__cypress/runner/cypress_runner.js:1671:18)\n    at _drainQueueStep (http://localhost:3000/__cypress/runner/cypress_runner.js:2377:12)\n    at _drainQueue (http://localhost:3000/__cypress/runner/cypress_runner.js:2370:9)\n    at Async._drainQueues (http://localhost:3000/__cypress/runner/cypress_runner.js:2386:5)\n    at Async.drainQueues (http://localhost:3000/__cypress/runner/cypress_runner.js:2256:14)\nFrom Your Spec Code:\n    at Context.eval (webpack://frontend/./cypress/support/commands.ts:16:0)\n    at wrapped (http://localhost:3000/__cypress/runner/cypress_runner.js:138854:43)",
                "diff": null
              },
              "uuid": "2a7640ee-dd6e-40a7-90e8-811272857a16",
              "parentUUID": "c7eae099-f1cf-4302-bd74-9efd05eedd95",
              "isHook": false,
              "skipped": false
            },
            {
              "title": "should allow filtering analytics by date range",
              "fullTitle": "Progress Analytics - Data Visualization should allow filtering analytics by date range",
              "timedOut": null,
              "duration": 0,
              "state": "skipped",
              "speed": null,
              "pass": false,
              "fail": false,
              "pending": false,
              "context": null,
              "code": "// Check that the date range filter is displayed\ncy.get('[data-testid=\"date-range-filter\"]').should('be.visible');\n// Open the date range picker\ncy.get('[data-testid=\"date-range-filter\"]').click();\n// Select the last 7 days\ncy.get('[data-testid=\"range-last-7-days\"]').click();\n// Check that the URL includes the date range parameter\ncy.url().should('include', 'range=7');\n// Check that the charts are updated\ncy.get('[data-testid=\"study-time-chart\"]').should('be.visible');\ncy.get('[data-testid=\"chart-period-label\"]').should('contain', '7 days');",
              "err": {},
              "uuid": "146837f0-35d4-4c60-b0ca-00e0e0e5fbc6",
              "parentUUID": "c7eae099-f1cf-4302-bd74-9efd05eedd95",
              "isHook": false,
              "skipped": true
            },
            {
              "title": "should allow selecting custom date range",
              "fullTitle": "Progress Analytics - Data Visualization should allow selecting custom date range",
              "timedOut": null,
              "duration": 0,
              "state": "skipped",
              "speed": null,
              "pass": false,
              "fail": false,
              "pending": false,
              "context": null,
              "code": "// Check that the date range filter is displayed\ncy.get('[data-testid=\"date-range-filter\"]').click();\n// Select custom range option\ncy.get('[data-testid=\"range-custom\"]').click();\n// Set start date (7 days ago)\nvar startDate = new Date();\nstartDate.setDate(startDate.getDate() - 7);\nvar startDateString = startDate.toISOString().split('T')[0];\ncy.get('[data-testid=\"custom-start-date\"]').type(startDateString);\n// Set end date (today)\nvar endDate = new Date();\nvar endDateString = endDate.toISOString().split('T')[0];\ncy.get('[data-testid=\"custom-end-date\"]').type(endDateString);\n// Apply the custom range\ncy.get('[data-testid=\"apply-custom-range\"]').click();\n// Check that the URL includes the date range parameters\ncy.url().should('include', \"start=\".concat(startDateString));\ncy.url().should('include', \"end=\".concat(endDateString));\n// Check that the charts are updated\ncy.get('[data-testid=\"study-time-chart\"]').should('be.visible');",
              "err": {},
              "uuid": "071d2b07-4ca3-4b15-8c48-12f33725aabe",
              "parentUUID": "c7eae099-f1cf-4302-bd74-9efd05eedd95",
              "isHook": false,
              "skipped": true
            },
            {
              "title": "should allow toggling between different chart types",
              "fullTitle": "Progress Analytics - Data Visualization should allow toggling between different chart types",
              "timedOut": null,
              "duration": 0,
              "state": "skipped",
              "speed": null,
              "pass": false,
              "fail": false,
              "pending": false,
              "context": null,
              "code": "// Check that the chart type toggle is displayed\ncy.get('[data-testid=\"chart-type-toggle\"]').should('be.visible');\n// Switch to bar chart\ncy.get('[data-testid=\"chart-type-bar\"]').click();\n// Check that the URL includes the chart type parameter\ncy.url().should('include', 'chartType=bar');\n// Check that the bar chart is displayed\ncy.get('[data-testid=\"study-time-chart\"]').should('have.attr', 'data-chart-type', 'bar');\n// Switch to line chart\ncy.get('[data-testid=\"chart-type-line\"]').click();\n// Check that the URL includes the chart type parameter\ncy.url().should('include', 'chartType=line');\n// Check that the line chart is displayed\ncy.get('[data-testid=\"study-time-chart\"]').should('have.attr', 'data-chart-type', 'line');",
              "err": {},
              "uuid": "70230522-c4d7-45de-81d5-e515bf2bf354",
              "parentUUID": "c7eae099-f1cf-4302-bd74-9efd05eedd95",
              "isHook": false,
              "skipped": true
            },
            {
              "title": "should allow exporting analytics data",
              "fullTitle": "Progress Analytics - Data Visualization should allow exporting analytics data",
              "timedOut": null,
              "duration": 0,
              "state": "skipped",
              "speed": null,
              "pass": false,
              "fail": false,
              "pending": false,
              "context": null,
              "code": "// Check that the export button is displayed\ncy.get('[data-testid=\"export-data-button\"]').should('be.visible');\n// Click the export button\ncy.get('[data-testid=\"export-data-button\"]').click();\n// Check that the export options are displayed\ncy.get('[data-testid=\"export-options\"]').should('be.visible');\n// Select CSV export\ncy.get('[data-testid=\"export-csv\"]').click();\n// Check that the download starts\n// Note: We can't directly test file downloads in Cypress, but we can check that the request is made\ncy.intercept('GET', '/api/analytics/export?format=csv').as('exportCsv');\ncy.wait('@exportCsv').its('response.statusCode').should('eq', 200);",
              "err": {},
              "uuid": "692e76bd-6da4-4e57-bdb9-783798c6b2a3",
              "parentUUID": "c7eae099-f1cf-4302-bd74-9efd05eedd95",
              "isHook": false,
              "skipped": true
            },
            {
              "title": "should allow adding a new study metric",
              "fullTitle": "Progress Analytics - Data Visualization should allow adding a new study metric",
              "timedOut": null,
              "duration": 0,
              "state": "skipped",
              "speed": null,
              "pass": false,
              "fail": false,
              "pending": false,
              "context": null,
              "code": "// Check that the add metric button is displayed\ncy.get('[data-testid=\"add-metric-button\"]').should('be.visible');\n// Click the add metric button\ncy.get('[data-testid=\"add-metric-button\"]').click();\n// Check that the add metric form is displayed\ncy.get('[data-testid=\"add-metric-form\"]').should('be.visible');\n// Fill out the form\nvar today = new Date().toISOString().split('T')[0];\ncy.get('[data-testid=\"metric-date-input\"]').type(today);\ncy.get('[data-testid=\"study-time-input\"]').type('60');\ncy.get('[data-testid=\"resources-completed-input\"]').type('2');\ncy.get('[data-testid=\"concepts-reviewed-input\"]').type('5');\n// Submit the form\ncy.get('[data-testid=\"save-metric-button\"]').click();\n// Check that the form is closed\ncy.get('[data-testid=\"add-metric-form\"]').should('not.exist');\n// Check that the charts are updated\ncy.get('[data-testid=\"study-time-chart\"]').should('be.visible');",
              "err": {},
              "uuid": "0bc618de-421e-4659-a03f-7d176e61943a",
              "parentUUID": "c7eae099-f1cf-4302-bd74-9efd05eedd95",
              "isHook": false,
              "skipped": true
            },
            {
              "title": "should generate a weekly report",
              "fullTitle": "Progress Analytics - Data Visualization should generate a weekly report",
              "timedOut": null,
              "duration": 0,
              "state": "skipped",
              "speed": null,
              "pass": false,
              "fail": false,
              "pending": false,
              "context": null,
              "code": "// Check that the generate report button is displayed\ncy.get('[data-testid=\"generate-report-button\"]').should('be.visible');\n// Click the generate report button\ncy.get('[data-testid=\"generate-report-button\"]').click();\n// Check that the report options are displayed\ncy.get('[data-testid=\"report-options\"]').should('be.visible');\n// Select weekly report\ncy.get('[data-testid=\"weekly-report\"]').click();\n// Check that the report is generated\ncy.get('[data-testid=\"report-content\"]', { timeout: 10000 }).should('be.visible');\n// Check that the report contains the expected sections\ncy.get('[data-testid=\"report-summary\"]').should('be.visible');\ncy.get('[data-testid=\"report-charts\"]').should('be.visible');\ncy.get('[data-testid=\"report-recommendations\"]').should('be.visible');",
              "err": {},
              "uuid": "76f7d215-1d07-41af-90e7-a9c8107dbdef",
              "parentUUID": "c7eae099-f1cf-4302-bd74-9efd05eedd95",
              "isHook": false,
              "skipped": true
            }
          ],
          "suites": [],
          "passes": [],
          "failures": [
            "2a7640ee-dd6e-40a7-90e8-811272857a16"
          ],
          "pending": [],
          "skipped": [
            "146837f0-35d4-4c60-b0ca-00e0e0e5fbc6",
            "071d2b07-4ca3-4b15-8c48-12f33725aabe",
            "70230522-c4d7-45de-81d5-e515bf2bf354",
            "692e76bd-6da4-4e57-bdb9-783798c6b2a3",
            "0bc618de-421e-4659-a03f-7d176e61943a",
            "76f7d215-1d07-41af-90e7-a9c8107dbdef"
          ],
          "duration": 573,
          "root": false,
          "rootEmpty": false,
          "_timeout": 2000
        }
      ],
      "passes": [],
      "failures": [],
      "pending": [],
      "skipped": [],
      "duration": 0,
      "root": true,
      "rootEmpty": true,
      "_timeout": 2000
    }
  ],
  "meta": {
    "mocha": {
      "version": "7.0.1"
    },
    "mochawesome": {
      "options": {
        "quiet": false,
        "reportFilename": "mochawesome",
        "saveHtml": false,
        "saveJson": true,
        "consoleReporter": "spec",
        "useInlineDiffs": false,
        "code": true
      },
      "version": "7.1.3"
    },
    "marge": {
      "options": {
        "id": "default",
        "reportDir": "cypress/reports/.jsons",
        "charts": true,
        "reportPageTitle": "Learning Platform E2E Tests",
        "embeddedScreenshots": true,
        "inlineAssets": true,
        "overwrite": false,
        "html": false,
        "json": true
      },
      "version": "6.2.0"
    }
  }
}